<testsuites id="" name="" tests="725" failures="128" skipped="0" errors="0" time="4036.3463370000004">
<testsuite name="ai-identity-flows.spec.ts" timestamp="2026-03-22T13:31:33.877Z" hostname="chromium" tests="12" failures="0" skipped="0" time="53.191" errors="0">
<testcase name="AI Identity Flows - Navigation &amp; UI › AI Identity Architectures › loads AI Identity Architectures page with V9 styling" classname="ai-identity-flows.spec.ts" time="5.003">
</testcase>
<testcase name="AI Identity Flows - Navigation &amp; UI › AI Identity Architectures › displays collapsible sections properly" classname="ai-identity-flows.spec.ts" time="5.218">
</testcase>
<testcase name="AI Identity Flows - Navigation &amp; UI › OIDC for AI › loads OIDC for AI page with V9 styling" classname="ai-identity-flows.spec.ts" time="3.193">
</testcase>
<testcase name="AI Identity Flows - Navigation &amp; UI › OIDC for AI › shows proper OIDC content and links" classname="ai-identity-flows.spec.ts" time="3.827">
</testcase>
<testcase name="AI Identity Flows - Navigation &amp; UI › OAuth for AI › loads OAuth for AI page with V9 styling" classname="ai-identity-flows.spec.ts" time="8.108">
</testcase>
<testcase name="AI Identity Flows - Navigation &amp; UI › OAuth for AI › displays OAuth compatibility table" classname="ai-identity-flows.spec.ts" time="2.706">
</testcase>
<testcase name="AI Identity Flows - Navigation &amp; UI › PingOne AI Perspective › loads PingOne AI Perspective page with V9 styling" classname="ai-identity-flows.spec.ts" time="1.973">
</testcase>
<testcase name="AI Identity Flows - Navigation &amp; UI › PingOne AI Perspective › shows PingOne-specific content" classname="ai-identity-flows.spec.ts" time="2.793">
</testcase>
<testcase name="AI Identity Flows - Navigation &amp; UI › Ping AI Resources › loads Ping AI Resources page with V9 styling" classname="ai-identity-flows.spec.ts" time="3.424">
</testcase>
<testcase name="AI Identity Flows - Navigation &amp; UI › Ping AI Resources › displays resource cards and links" classname="ai-identity-flows.spec.ts" time="3.418">
</testcase>
<testcase name="AI Identity Flows - Navigation &amp; UI › Cross-navigation between AI flows › can navigate between all AI flows" classname="ai-identity-flows.spec.ts" time="8.379">
</testcase>
<testcase name="AI Identity Flows - Navigation &amp; UI › Cross-navigation between AI flows › all AI flows have proper V9 fluid layout" classname="ai-identity-flows.spec.ts" time="5.149">
</testcase>
</testsuite>
<testsuite name="dashboard-groups-simple.spec.ts" timestamp="2026-03-22T13:31:33.877Z" hostname="chromium" tests="13" failures="0" skipped="0" time="92.714" errors="0">
<testcase name="Dashboard Groups - Simple Tests › dashboard loads with all section headers" classname="dashboard-groups-simple.spec.ts" time="7.667">
<system-out>
<![CDATA[✅ Found 6 elements with selector: button[id^="header-"]
✅ Found 1 elements with selector: h3:has-text("Dashboard")
✅ Found 1 elements with selector: h3:has-text("API Status")
✅ Found 1 elements with selector: h3:has-text("Custom Domain")
✅ Found 1 elements with selector: h3:has-text("API Endpoints")
✅ Found 1 elements with selector: h3:has-text("Quick Access")
✅ Found 1 elements with selector: h3:has-text("Recent Activity")
Total dashboard sections found: 12
]]>
</system-out>
</testcase>
<testcase name="Dashboard Groups - Simple Tests › can find and interact with Dashboard section" classname="dashboard-groups-simple.spec.ts" time="7.429">
<system-out>
<![CDATA[Found Dashboard header by ID
✅ Dashboard section header is visible
]]>
</system-out>
</testcase>
<testcase name="Dashboard Groups - Simple Tests › can find API Status section" classname="dashboard-groups-simple.spec.ts" time="6.124">
<system-out>
<![CDATA[✅ Found API Status with selector: #header-api-status
]]>
</system-out>
</testcase>
<testcase name="Dashboard Groups - Simple Tests › can find Custom Domain Config section" classname="dashboard-groups-simple.spec.ts" time="6.188">
<system-out>
<![CDATA[✅ Found Custom Domain Config with selector: #header-custom-domain-config
]]>
</system-out>
</testcase>
<testcase name="Dashboard Groups - Simple Tests › can find API Endpoints section" classname="dashboard-groups-simple.spec.ts" time="7.161">
<system-out>
<![CDATA[✅ Found API Endpoints with selector: #header-available-api-endpoints
]]>
</system-out>
</testcase>
<testcase name="Dashboard Groups - Simple Tests › can find Quick Access Flows section" classname="dashboard-groups-simple.spec.ts" time="7.143">
<system-out>
<![CDATA[✅ Found Quick Access Flows with selector: #header-quick-access-flows
]]>
</system-out>
</testcase>
<testcase name="Dashboard Groups - Simple Tests › can find Recent Activity section" classname="dashboard-groups-simple.spec.ts" time="6.175">
<system-out>
<![CDATA[✅ Found Recent Activity with selector: #header-recent-activity
]]>
</system-out>
</testcase>
<testcase name="Dashboard Groups - Simple Tests › sections have proper structure with titles and subtitles" classname="dashboard-groups-simple.spec.ts" time="7.876">
<system-out>
<![CDATA[✅ Found title: Dashboard
✅ Found title: API Status
✅ Found title: Custom Domain Config
✅ Found title: Available API Endpoints
✅ Found title: Quick Access Flows
✅ Found title: Recent Activity
Found 6 out of 6 expected titles
]]>
</system-out>
</testcase>
<testcase name="Dashboard Groups - Simple Tests › page contains dashboard-related content" classname="dashboard-groups-simple.spec.ts" time="7.243">
<system-out>
<![CDATA[✅ Found content: text=Monitor system status
✅ Found content: text=explore OAuth flows
✅ Found content: text=track recent activity
✅ Found content: text=Server health
✅ Found content: text=API endpoints
✅ Found content: text=OAuth 2.0
✅ Found content: text=OpenID Connect
Found 7 dashboard content elements
]]>
</system-out>
</testcase>
<testcase name="Dashboard Groups - Simple Tests › sections have interactive elements" classname="dashboard-groups-simple.spec.ts" time="8.126">
<system-out>
<![CDATA[✅ Found 27 button elements
✅ Found 131 a[href] elements
✅ Found 14 .btn elements
Total interactive elements found: 172
]]>
</system-out>
</testcase>
<testcase name="Dashboard Groups - Simple Tests › dashboard has proper visual structure" classname="dashboard-groups-simple.spec.ts" time="7.3">
<system-out>
<![CDATA[✅ Found 6 .section-wrap elements
✅ Found 6 [class*="section"] elements
✅ Found 19 [class*="header"] elements
✅ Found 2 .card elements
Total visual structure elements found: 33
]]>
</system-out>
</testcase>
<testcase name="Dashboard Groups - Simple Tests › dashboard contains status indicators or badges" classname="dashboard-groups-simple.spec.ts" time="6.64">
<system-out>
<![CDATA[✅ Found 3 .badge elements
✅ Found 94 .version-badge elements
✅ Found 4 [class*="success"] elements
✅ Found 1 [class*="danger"] elements
Found 102 status indicators
]]>
</system-out>
</testcase>
<testcase name="Dashboard Groups - Simple Tests › dashboard is accessible and keyboard navigable" classname="dashboard-groups-simple.spec.ts" time="7.642">
<system-out>
<![CDATA[✅ Found 27 keyboard-navigable button:not([disabled]) elements
✅ Found 131 keyboard-navigable a[href] elements
✅ Found 2 keyboard-navigable input:not([disabled]) elements
✅ Found 1 keyboard-navigable select:not([disabled]) elements
Total keyboard-navigable elements found: 161
]]>
</system-out>
</testcase>
</testsuite>
<testsuite name="dashboard-groups-targeted.spec.ts" timestamp="2026-03-22T13:31:33.877Z" hostname="chromium" tests="12" failures="2" skipped="0" time="99.954" errors="0">
<testcase name="Dashboard Groups - Targeted Tests › dashboard page loads with all six main sections" classname="dashboard-groups-targeted.spec.ts" time="3.016">
<failure message="dashboard-groups-targeted.spec.ts:15:2 dashboard page loads with all six main sections" type="FAILURE">
<![CDATA[  [chromium] › dashboard-groups-targeted.spec.ts:15:2 › Dashboard Groups - Targeted Tests › dashboard page loads with all six main sections 

    Error: expect(received).toBe(expected) // Object.is equality

    Expected: 6
    Received: 0

      21 | 		const headerCount = await sectionHeaders.count();
      22 |
    > 23 | 		expect(headerCount).toBe(6); // Should have exactly 6 sections
         | 		                    ^
      24 | 		console.log(`Found ${headerCount} dashboard sections`);
      25 |
      26 | 		// Verify specific section titles
        at /Users/cmuir/P1Import-apps/oauth-playground/tests/e2e/dashboard-groups-targeted.spec.ts:23:23

    attachment #1: screenshot (image/png) ──────────────────────────────────────────────────────────
    ../../test-results/dashboard-groups-targeted--6b2d3--with-all-six-main-sections-chromium/test-failed-1.png
    ────────────────────────────────────────────────────────────────────────────────────────────────

    attachment #2: video (video/webm) ──────────────────────────────────────────────────────────────
    ../../test-results/dashboard-groups-targeted--6b2d3--with-all-six-main-sections-chromium/video.webm
    ────────────────────────────────────────────────────────────────────────────────────────────────

    Error Context: ../../test-results/dashboard-groups-targeted--6b2d3--with-all-six-main-sections-chromium/error-context.md
]]>
</failure>
<system-out>
<![CDATA[
[[ATTACHMENT|dashboard-groups-targeted--6b2d3--with-all-six-main-sections-chromium/test-failed-1.png]]

[[ATTACHMENT|dashboard-groups-targeted--6b2d3--with-all-six-main-sections-chromium/video.webm]]

[[ATTACHMENT|dashboard-groups-targeted--6b2d3--with-all-six-main-sections-chromium/error-context.md]]
]]>
</system-out>
</testcase>
<testcase name="Dashboard Groups - Targeted Tests › each section has proper CollapsibleHeader structure" classname="dashboard-groups-targeted.spec.ts" time="3.651">
</testcase>
<testcase name="Dashboard Groups - Targeted Tests › all sections are collapsible and expandable" classname="dashboard-groups-targeted.spec.ts" time="3.401">
</testcase>
<testcase name="Dashboard Groups - Targeted Tests › Dashboard section content validation" classname="dashboard-groups-targeted.spec.ts" time="2.246">
<system-out>
<![CDATA[✅ Dashboard section has icon
]]>
</system-out>
</testcase>
<testcase name="Dashboard Groups - Targeted Tests › API Status section functionality" classname="dashboard-groups-targeted.spec.ts" time="4.034">
<system-out>
<![CDATA[Found 3 status indicators in API Status
]]>
</system-out>
</testcase>
<testcase name="Dashboard Groups - Targeted Tests › Custom Domain Config section" classname="dashboard-groups-targeted.spec.ts" time="2.547">
<system-out>
<![CDATA[Found 2 configuration inputs
✅ Custom Domain Config has action buttons
]]>
</system-out>
</testcase>
<testcase name="Dashboard Groups - Targeted Tests › API Endpoints section displays endpoints" classname="dashboard-groups-targeted.spec.ts" time="4.49">
<system-out>
<![CDATA[Found 22 method badges
✅ Found GET method
✅ Found POST method
Found 22 API endpoints
]]>
</system-out>
</testcase>
<testcase name="Dashboard Groups - Targeted Tests › Quick Access Flows section" classname="dashboard-groups-targeted.spec.ts" time="3.398">
<system-out>
<![CDATA[Found 11 flow links/buttons
✅ Found Authorization Code flow
✅ Found Client Credentials flow
✅ Found Implicit flow
✅ Found Device flow
]]>
</system-out>
</testcase>
<testcase name="Dashboard Groups - Targeted Tests › Recent Activity section" classname="dashboard-groups-targeted.spec.ts" time="2.795">
<system-out>
<![CDATA[Found 2 activity items
]]>
</system-out>
</testcase>
<testcase name="Dashboard Groups - Targeted Tests › section independence - toggling one doesn&apos;t affect others" classname="dashboard-groups-targeted.spec.ts" time="5.831">
<system-out>
<![CDATA[✅ Section independence verified
]]>
</system-out>
</testcase>
<testcase name="Dashboard Groups - Targeted Tests › keyboard navigation works for all sections" classname="dashboard-groups-targeted.spec.ts" time="3.338">
<system-out>
<![CDATA[✅ Keyboard navigation works for all sections
]]>
</system-out>
</testcase>
<testcase name="Dashboard Groups - Targeted Tests › responsive behavior across screen sizes" classname="dashboard-groups-targeted.spec.ts" time="61.207">
<failure message="dashboard-groups-targeted.spec.ts:387:2 responsive behavior across screen sizes" type="FAILURE">
<![CDATA[  [chromium] › dashboard-groups-targeted.spec.ts:387:2 › Dashboard Groups - Targeted Tests › responsive behavior across screen sizes 

    Test timeout of 60000ms exceeded.

    Error: locator.click: Test timeout of 60000ms exceeded.
    Call log:
      - waiting for locator('button[id^="header-"]').first()
        - locator resolved to <button aria-expanded="true" id="header-dashboard" class="sc-eBwKMo jQesht" aria-controls="content-dashboard">…</button>
      - attempting click action
        - waiting for element to be visible, enabled and stable
        - element is visible, enabled and stable
        - scrolling into view if needed
        - done scrolling
        - element is outside of the viewport
      - retrying click action
        - waiting for element to be visible, enabled and stable
        - element is visible, enabled and stable
        - scrolling into view if needed
        - done scrolling
        - <span class="version-badge" title="V9 Modern Messaging + Ping UI v9.16.23">V9 v9.16.23</span> from <div class="sc-ggpjZP cFafLi sidebar--ping sidebar--ping-admin">…</div> subtree intercepts pointer events
      - retrying click action
        - waiting 20ms
        - waiting for element to be visible, enabled and stable
        - element is visible, enabled and stable
        - scrolling into view if needed
        - done scrolling
        - <div class="sc-cmaqme jAwPgd" title="Drag to resize sidebar"></div> from <div class="sc-ggpjZP cFafLi sidebar--ping sidebar--ping-admin">…</div> subtree intercepts pointer events
      2 × retrying click action
          - waiting 100ms
          - waiting for element to be visible, enabled and stable
          - element is visible, enabled and stable
          - scrolling into view if needed
          - done scrolling
          - element is outside of the viewport
      24 × retrying click action
           - waiting 500ms
           - waiting for element to be visible, enabled and stable
           - element is visible, enabled and stable
           - scrolling into view if needed
           - done scrolling
           - <span class="version-badge" title="V9 Modern Messaging + Ping UI v9.16.23">V9 v9.16.23</span> from <div class="sc-ggpjZP cFafLi sidebar--ping sidebar--ping-admin">…</div> subtree intercepts pointer events
         - retrying click action
           - waiting 500ms
           - waiting for element to be visible, enabled and stable
           - element is visible, enabled and stable
           - scrolling into view if needed
           - done scrolling
           - <div class="sc-cmaqme jAwPgd" title="Drag to resize sidebar"></div> from <div class="sc-ggpjZP cFafLi sidebar--ping sidebar--ping-admin">…</div> subtree intercepts pointer events
         - retrying click action
           - waiting 500ms
           - waiting for element to be visible, enabled and stable
           - element is visible, enabled and stable
           - scrolling into view if needed
           - done scrolling
           - element is outside of the viewport
         - retrying click action
           - waiting 500ms
           - waiting for element to be visible, enabled and stable
           - element is visible, enabled and stable
           - scrolling into view if needed
           - done scrolling
           - element is outside of the viewport
      - retrying click action
        - waiting 500ms
        - waiting for element to be visible, enabled and stable
        - element is visible, enabled and stable
        - scrolling into view if needed
        - done scrolling
        - <span class="version-badge" title="V9 Modern Messaging + Ping UI v9.16.23">V9 v9.16.23</span> from <div class="sc-ggpjZP cFafLi sidebar--ping sidebar--ping-admin">…</div> subtree intercepts pointer events
      - retrying click action
        - waiting 500ms
        - waiting for element to be visible, enabled and stable
        - element is visible, enabled and stable
        - scrolling into view if needed
        - done scrolling
        - <div class="sc-cmaqme jAwPgd" title="Drag to resize sidebar"></div> from <div class="sc-ggpjZP cFafLi sidebar--ping sidebar--ping-admin">…</div> subtree intercepts pointer events
      - retrying click action
        - waiting 500ms
        - waiting for element to be visible, enabled and stable
        - element is visible, enabled and stable
        - scrolling into view if needed
        - done scrolling


      415 | 		const firstHeader = sectionHeaders.first();
      416 | 		const initialExpanded = await firstHeader.getAttribute('aria-expanded');
    > 417 | 		await firstHeader.click();
          | 		                  ^
      418 | 		await page.waitForTimeout(500);
      419 | 		const newExpanded = await firstHeader.getAttribute('aria-expanded');
      420 | 		expect(newExpanded).not.toBe(initialExpanded);
        at /Users/cmuir/P1Import-apps/oauth-playground/tests/e2e/dashboard-groups-targeted.spec.ts:417:21

    attachment #1: screenshot (image/png) ──────────────────────────────────────────────────────────
    ../../test-results/dashboard-groups-targeted--7d0bd-ehavior-across-screen-sizes-chromium/test-failed-1.png
    ────────────────────────────────────────────────────────────────────────────────────────────────

    attachment #2: video (video/webm) ──────────────────────────────────────────────────────────────
    ../../test-results/dashboard-groups-targeted--7d0bd-ehavior-across-screen-sizes-chromium/video.webm
    ────────────────────────────────────────────────────────────────────────────────────────────────

    Error Context: ../../test-results/dashboard-groups-targeted--7d0bd-ehavior-across-screen-sizes-chromium/error-context.md
]]>
</failure>
<system-out>
<![CDATA[✅ Responsive: Desktop(6), Tablet(6), Mobile(6)

[[ATTACHMENT|dashboard-groups-targeted--7d0bd-ehavior-across-screen-sizes-chromium/test-failed-1.png]]

[[ATTACHMENT|dashboard-groups-targeted--7d0bd-ehavior-across-screen-sizes-chromium/video.webm]]

[[ATTACHMENT|dashboard-groups-targeted--7d0bd-ehavior-across-screen-sizes-chromium/error-context.md]]
]]>
</system-out>
</testcase>
</testsuite>
<testsuite name="dashboard-groups.spec.ts" timestamp="2026-03-22T13:31:33.877Z" hostname="chromium" tests="15" failures="11" skipped="0" time="233.541" errors="0">
<testcase name="Dashboard Groups - Core Functionality › dashboard page loads with all sections" classname="dashboard-groups.spec.ts" time="4.895">
<system-out>
<![CDATA[✅ Found section: Dashboard
✅ Found section: API Status
✅ Found section: Custom Domain Config
✅ Found section: Available API Endpoints
✅ Found section: Quick Access Flows
✅ Found section: Recent Activity
]]>
</system-out>
</testcase>
<testcase name="Dashboard Groups - Core Functionality › all dashboard groups are collapsible" classname="dashboard-groups.spec.ts" time="3.505">
<failure message="dashboard-groups.spec.ts:39:2 all dashboard groups are collapsible" type="FAILURE">
<![CDATA[  [chromium] › dashboard-groups.spec.ts:39:2 › Dashboard Groups - Core Functionality › all dashboard groups are collapsible 

    Error: expect(received).toBeGreaterThan(expected)

    Expected: > 0
    Received:   0

      44 | 		const headerCount = await collapsibleHeaders.count();
      45 |
    > 46 | 		expect(headerCount).toBeGreaterThan(0);
         | 		                    ^
      47 | 		console.log(`Found ${headerCount} collapsible headers`);
      48 |
      49 | 		// Test each collapsible section
        at /Users/cmuir/P1Import-apps/oauth-playground/tests/e2e/dashboard-groups.spec.ts:46:23

    attachment #1: screenshot (image/png) ──────────────────────────────────────────────────────────
    ../../test-results/dashboard-groups-Dashboard-37e98-oard-groups-are-collapsible-chromium/test-failed-1.png
    ────────────────────────────────────────────────────────────────────────────────────────────────

    attachment #2: video (video/webm) ──────────────────────────────────────────────────────────────
    ../../test-results/dashboard-groups-Dashboard-37e98-oard-groups-are-collapsible-chromium/video.webm
    ────────────────────────────────────────────────────────────────────────────────────────────────

    Error Context: ../../test-results/dashboard-groups-Dashboard-37e98-oard-groups-are-collapsible-chromium/error-context.md
]]>
</failure>
<system-out>
<![CDATA[
[[ATTACHMENT|dashboard-groups-Dashboard-37e98-oard-groups-are-collapsible-chromium/test-failed-1.png]]

[[ATTACHMENT|dashboard-groups-Dashboard-37e98-oard-groups-are-collapsible-chromium/video.webm]]

[[ATTACHMENT|dashboard-groups-Dashboard-37e98-oard-groups-are-collapsible-chromium/error-context.md]]
]]>
</system-out>
</testcase>
<testcase name="Dashboard Groups - Core Functionality › dashboard header section content" classname="dashboard-groups.spec.ts" time="3.682">
</testcase>
<testcase name="Dashboard Groups - Core Functionality › API Status section functionality" classname="dashboard-groups.spec.ts" time="3.324">
<failure message="dashboard-groups.spec.ts:94:2 API Status section functionality" type="FAILURE">
<![CDATA[  [chromium] › dashboard-groups.spec.ts:94:2 › Dashboard Groups - Core Functionality › API Status section functionality 

    Error: expect(locator).toBeVisible() failed

    Locator: getByText(/Server health|Backend health|Global Configuration/i)
    Expected: visible
    Error: strict mode violation: getByText(/Server health|Backend health|Global Configuration/i) resolved to 2 elements:
        1) <p class="sc-duAPiq lcTxkG">Server health (shared with API Status page)</p> aka getByRole('button', { name: 'API Status Server health (' })
        2) <p class="text-small text-muted mb-1">Backend health check</p> aka getByText('Backend health check')

    Call log:
      - Expect "toBeVisible" with timeout 5000ms
      - waiting for getByText(/Server health|Backend health|Global Configuration/i)


      105 |
      106 | 		// Check for API status content
    > 107 | 		await expect(page.getByText(/Server health|Backend health|Global Configuration/i)).toBeVisible({
          | 		                                                                                   ^
      108 | 			timeout: 5000,
      109 | 		});
      110 |
        at /Users/cmuir/P1Import-apps/oauth-playground/tests/e2e/dashboard-groups.spec.ts:107:86

    attachment #1: screenshot (image/png) ──────────────────────────────────────────────────────────
    ../../test-results/dashboard-groups-Dashboard-24af3-tatus-section-functionality-chromium/test-failed-1.png
    ────────────────────────────────────────────────────────────────────────────────────────────────

    attachment #2: video (video/webm) ──────────────────────────────────────────────────────────────
    ../../test-results/dashboard-groups-Dashboard-24af3-tatus-section-functionality-chromium/video.webm
    ────────────────────────────────────────────────────────────────────────────────────────────────

    Error Context: ../../test-results/dashboard-groups-Dashboard-24af3-tatus-section-functionality-chromium/error-context.md
]]>
</failure>
<system-out>
<![CDATA[
[[ATTACHMENT|dashboard-groups-Dashboard-24af3-tatus-section-functionality-chromium/test-failed-1.png]]

[[ATTACHMENT|dashboard-groups-Dashboard-24af3-tatus-section-functionality-chromium/video.webm]]

[[ATTACHMENT|dashboard-groups-Dashboard-24af3-tatus-section-functionality-chromium/error-context.md]]
]]>
</system-out>
</testcase>
<testcase name="Dashboard Groups - Core Functionality › Custom Domain Config section" classname="dashboard-groups.spec.ts" time="3.415">
<failure message="dashboard-groups.spec.ts:124:2 Custom Domain Config section" type="FAILURE">
<![CDATA[  [chromium] › dashboard-groups.spec.ts:124:2 › Dashboard Groups - Core Functionality › Custom Domain Config section 

    Error: expect(locator).toBeVisible() failed

    Locator: getByText(/App URL and custom domain|HTTPS|domain/i)
    Expected: visible
    Error: strict mode violation: getByText(/App URL and custom domain|HTTPS|domain/i) resolved to 13 elements:
        1) <span class="sidebar-ping__item-label">Custom Domain & API Test</span> aka getByRole('link', { name: 'Custom Domain & API Test ADMIN' })
        2) <span>3000 (HTTPS)</span> aka getByText('3000 (HTTPS)')
        3) <span>3001 (HTTPS)</span> aka getByText('3001 (HTTPS)')
        4) <h3 class="sc-lgjHQT bCIGuJ">Custom Domain Config</h3> aka getByRole('button', { name: 'Custom Domain Config App URL' })
        5) <p class="sc-fatcLE dMpeTv">App URL and custom domain (always HTTPS)</p> aka getByRole('button', { name: 'Custom Domain Config App URL' })
        6) <span class="fw-600 text-muted">App URL (HTTPS):</span> aka getByText('App URL (HTTPS):')
        7) <code class="text-small fw-600">https://api.pingdemo.com:3000</code> aka getByText('https://api.pingdemo.com:')
        8) <label for="dashboard-custom-domain" class="fw-600 text-muted text-small">Custom domain (hostname only)</label> aka getByText('Custom domain (hostname only)')
        9) <button type="button" class="btn btn-oauth align-self-start" aria-label="Save custom domain and open app at new URL">…</button> aka getByRole('button', { name: 'Save custom domain and open' })
        10) <code class="text-small fw-600">/api/settings/custom-domain</code> aka getByText('/api/settings/custom-domain').first()
        ...

    Call log:
      - Expect "toBeVisible" with timeout 5000ms
      - waiting for getByText(/App URL and custom domain|HTTPS|domain/i)


      135 |
      136 | 		// Check for domain configuration content
    > 137 | 		await expect(page.getByText(/App URL and custom domain|HTTPS|domain/i)).toBeVisible({
          | 		                                                                        ^
      138 | 			timeout: 5000,
      139 | 		});
      140 |
        at /Users/cmuir/P1Import-apps/oauth-playground/tests/e2e/dashboard-groups.spec.ts:137:75

    attachment #1: screenshot (image/png) ──────────────────────────────────────────────────────────
    ../../test-results/dashboard-groups-Dashboard-1dd9f-ustom-Domain-Config-section-chromium/test-failed-1.png
    ────────────────────────────────────────────────────────────────────────────────────────────────

    attachment #2: video (video/webm) ──────────────────────────────────────────────────────────────
    ../../test-results/dashboard-groups-Dashboard-1dd9f-ustom-Domain-Config-section-chromium/video.webm
    ────────────────────────────────────────────────────────────────────────────────────────────────

    Error Context: ../../test-results/dashboard-groups-Dashboard-1dd9f-ustom-Domain-Config-section-chromium/error-context.md
]]>
</failure>
<system-out>
<![CDATA[
[[ATTACHMENT|dashboard-groups-Dashboard-1dd9f-ustom-Domain-Config-section-chromium/test-failed-1.png]]

[[ATTACHMENT|dashboard-groups-Dashboard-1dd9f-ustom-Domain-Config-section-chromium/video.webm]]

[[ATTACHMENT|dashboard-groups-Dashboard-1dd9f-ustom-Domain-Config-section-chromium/error-context.md]]
]]>
</system-out>
</testcase>
<testcase name="Dashboard Groups - Core Functionality › API Endpoints section displays endpoints" classname="dashboard-groups.spec.ts" time="4.112">
<failure message="dashboard-groups.spec.ts:156:2 API Endpoints section displays endpoints" type="FAILURE">
<![CDATA[  [chromium] › dashboard-groups.spec.ts:156:2 › Dashboard Groups - Core Functionality › API Endpoints section displays endpoints 

    Error: expect(locator).toBeVisible() failed

    Locator: getByText(/Backend API endpoints|OAuth|OIDC/i)
    Expected: visible
    Error: strict mode violation: getByText(/Backend API endpoints|OAuth|OIDC/i) resolved to 26 elements:
        1) <span>OIDC Discovery</span> aka getByRole('link', { name: 'OIDC Discovery tool' })
        2) <span class="sidebar-ping__item-label">OIDC Discovery</span> aka getByRole('link', { name: 'OIDC Discovery V9 v9.16.23' })
        3) <span class="sidebar-ping__item-label">Unified OAuth & OIDC</span> aka getByRole('link', { name: 'Unified OAuth & OIDC LIVE' })
        4) <span class="sidebar-ping__item-label">OIDC Overview</span> aka getByRole('link', { name: 'OIDC Overview DOCS' })
        5) <span class="sidebar-ping__item-label">OAuth 2.1 Specification</span> aka getByRole('link', { name: 'OAuth 2.1 Specification DOCS' })
        6) <span class="sidebar-ping__item-label">OAuth 2.0 Security Best Practices</span> aka getByRole('link', { name: 'OAuth 2.0 Security Best' })
        7) <span class="sidebar-ping__item-label">OAuth Education</span> aka getByRole('link', { name: 'OAuth Education DOCS' })
        8) <span class="sidebar-ping__item-label">Advanced OAuth Parameters Demo</span> aka getByRole('link', { name: 'Advanced OAuth Parameters' })
        9) <span class="sidebar-ping__item-label">OAuth Scopes Reference</span> aka getByRole('link', { name: 'OAuth Scopes Reference DOCS' })
        10) <span class="sidebar-ping__item-label">OIDC Specifications</span> aka getByRole('link', { name: 'OIDC Specifications DOCS' })
        ...

    Call log:
      - Expect "toBeVisible" with timeout 5000ms
      - waiting for getByText(/Backend API endpoints|OAuth|OIDC/i)


      167 |
      168 | 		// Check for API endpoints content
    > 169 | 		await expect(page.getByText(/Backend API endpoints|OAuth|OIDC/i)).toBeVisible({
          | 		                                                                  ^
      170 | 			timeout: 5000,
      171 | 		});
      172 |
        at /Users/cmuir/P1Import-apps/oauth-playground/tests/e2e/dashboard-groups.spec.ts:169:69

    attachment #1: screenshot (image/png) ──────────────────────────────────────────────────────────
    ../../test-results/dashboard-groups-Dashboard-8d65a--section-displays-endpoints-chromium/test-failed-1.png
    ────────────────────────────────────────────────────────────────────────────────────────────────

    attachment #2: video (video/webm) ──────────────────────────────────────────────────────────────
    ../../test-results/dashboard-groups-Dashboard-8d65a--section-displays-endpoints-chromium/video.webm
    ────────────────────────────────────────────────────────────────────────────────────────────────

    Error Context: ../../test-results/dashboard-groups-Dashboard-8d65a--section-displays-endpoints-chromium/error-context.md
]]>
</failure>
<system-out>
<![CDATA[
[[ATTACHMENT|dashboard-groups-Dashboard-8d65a--section-displays-endpoints-chromium/test-failed-1.png]]

[[ATTACHMENT|dashboard-groups-Dashboard-8d65a--section-displays-endpoints-chromium/video.webm]]

[[ATTACHMENT|dashboard-groups-Dashboard-8d65a--section-displays-endpoints-chromium/error-context.md]]
]]>
</system-out>
</testcase>
<testcase name="Dashboard Groups - Core Functionality › Quick Access Flows section" classname="dashboard-groups.spec.ts" time="2.908">
<failure message="dashboard-groups.spec.ts:195:2 Quick Access Flows section" type="FAILURE">
<![CDATA[  [chromium] › dashboard-groups.spec.ts:195:2 › Dashboard Groups - Core Functionality › Quick Access Flows section 

    Error: expect(locator).toBeVisible() failed

    Locator: getByText(/OAuth 2\.0|OpenID Connect|flows/i)
    Expected: visible
    Error: strict mode violation: getByText(/OAuth 2\.0|OpenID Connect|flows/i) resolved to 12 elements:
        1) <span>…</span> aka getByRole('button', { name: 'Mock Flows' })
        2) <span class="sidebar-ping__item-label">OAuth 2.0 Security Best Practices</span> aka getByRole('link', { name: 'OAuth 2.0 Security Best' })
        3) <p class="sc-duAPiq lcTxkG">Monitor system status, explore OAuth flows, and t…</p> aka getByRole('button', { name: 'Dashboard Monitor system' })
        4) <h3 class="sc-hLwbit bHZzOJ">Quick Access Flows</h3> aka getByRole('button', { name: 'Quick Access Flows Explore' })
        5) <p class="sc-duAPiq lcTxkG">Explore OAuth 2.0 and OpenID Connect flows</p> aka getByRole('button', { name: 'Quick Access Flows Explore' })
        6) <p class="text-muted mb-3">Explore OAuth 2.0 and OpenID Connect flows. Defau…</p> aka getByText('Explore OAuth 2.0 and OpenID Connect flows. Defaults are secure-by-default (')
        7) <h3>OAuth 2.0</h3> aka getByRole('heading', { name: 'OAuth' })
        8) <p>Standards-based authorization flows. Recommended:…</p> aka getByText('Standards-based authorization')
        9) <h3>OpenID Connect</h3> aka getByRole('heading', { name: 'OpenID Connect' })
        10) <p>Identity layer on top of OAuth 2.0.</p> aka getByText('Identity layer on top of OAuth')
        ...

    Call log:
      - Expect "toBeVisible" with timeout 5000ms
      - waiting for getByText(/OAuth 2\.0|OpenID Connect|flows/i)


      206 |
      207 | 		// Check for flows content
    > 208 | 		await expect(page.getByText(/OAuth 2\.0|OpenID Connect|flows/i)).toBeVisible({ timeout: 5000 });
          | 		                                                                 ^
      209 |
      210 | 		// Look for flow links or buttons
      211 | 		const flowLinks = page.locator(
        at /Users/cmuir/P1Import-apps/oauth-playground/tests/e2e/dashboard-groups.spec.ts:208:68

    attachment #1: screenshot (image/png) ──────────────────────────────────────────────────────────
    ../../test-results/dashboard-groups-Dashboard-1dc4e--Quick-Access-Flows-section-chromium/test-failed-1.png
    ────────────────────────────────────────────────────────────────────────────────────────────────

    attachment #2: video (video/webm) ──────────────────────────────────────────────────────────────
    ../../test-results/dashboard-groups-Dashboard-1dc4e--Quick-Access-Flows-section-chromium/video.webm
    ────────────────────────────────────────────────────────────────────────────────────────────────

    Error Context: ../../test-results/dashboard-groups-Dashboard-1dc4e--Quick-Access-Flows-section-chromium/error-context.md
]]>
</failure>
<system-out>
<![CDATA[
[[ATTACHMENT|dashboard-groups-Dashboard-1dc4e--Quick-Access-Flows-section-chromium/test-failed-1.png]]

[[ATTACHMENT|dashboard-groups-Dashboard-1dc4e--Quick-Access-Flows-section-chromium/video.webm]]

[[ATTACHMENT|dashboard-groups-Dashboard-1dc4e--Quick-Access-Flows-section-chromium/error-context.md]]
]]>
</system-out>
</testcase>
<testcase name="Dashboard Groups - Core Functionality › Recent Activity section" classname="dashboard-groups.spec.ts" time="2.444">
<system-out>
<![CDATA[Found 4 activity items
✅ Refresh button found
]]>
</system-out>
</testcase>
<testcase name="Dashboard Groups - Interaction Tests › can toggle multiple sections independently" classname="dashboard-groups.spec.ts" time="60.636">
<failure message="dashboard-groups.spec.ts:277:2 can toggle multiple sections independently" type="FAILURE">
<![CDATA[  [chromium] › dashboard-groups.spec.ts:277:2 › Dashboard Groups - Interaction Tests › can toggle multiple sections independently 

    Test timeout of 60000ms exceeded.

    Error: locator.click: Test timeout of 60000ms exceeded.
    Call log:
      - waiting for locator('text=Dashboard').first()
        - locator resolved to <span>Dashboard</span>
      - attempting click action
        2 × waiting for element to be visible, enabled and stable
          - element is visible, enabled and stable
          - scrolling into view if needed
          - done scrolling
          - element is outside of the viewport
        - retrying click action
        - waiting 20ms
        2 × waiting for element to be visible, enabled and stable
          - element is visible, enabled and stable
          - scrolling into view if needed
          - done scrolling
          - element is outside of the viewport
        - retrying click action
          - waiting 100ms
        110 × waiting for element to be visible, enabled and stable
            - element is visible, enabled and stable
            - scrolling into view if needed
            - done scrolling
            - element is outside of the viewport
          - retrying click action
            - waiting 500ms


      295 |
      296 | 			// Toggle
    > 297 | 			await sectionHeader.click();
          | 			                    ^
      298 | 			await page.waitForTimeout(300);
      299 |
      300 | 			// Verify state changed
        at /Users/cmuir/P1Import-apps/oauth-playground/tests/e2e/dashboard-groups.spec.ts:297:24

    attachment #1: screenshot (image/png) ──────────────────────────────────────────────────────────
    ../../test-results/dashboard-groups-Dashboard-88950-iple-sections-independently-chromium/test-failed-1.png
    ────────────────────────────────────────────────────────────────────────────────────────────────

    attachment #2: video (video/webm) ──────────────────────────────────────────────────────────────
    ../../test-results/dashboard-groups-Dashboard-88950-iple-sections-independently-chromium/video.webm
    ────────────────────────────────────────────────────────────────────────────────────────────────

    Error Context: ../../test-results/dashboard-groups-Dashboard-88950-iple-sections-independently-chromium/error-context.md
]]>
</failure>
<system-out>
<![CDATA[
[[ATTACHMENT|dashboard-groups-Dashboard-88950-iple-sections-independently-chromium/test-failed-1.png]]

[[ATTACHMENT|dashboard-groups-Dashboard-88950-iple-sections-independently-chromium/video.webm]]

[[ATTACHMENT|dashboard-groups-Dashboard-88950-iple-sections-independently-chromium/error-context.md]]
]]>
</system-out>
</testcase>
<testcase name="Dashboard Groups - Interaction Tests › section states persist during page interactions" classname="dashboard-groups.spec.ts" time="61.34">
<failure message="dashboard-groups.spec.ts:308:2 section states persist during page interactions" type="FAILURE">
<![CDATA[  [chromium] › dashboard-groups.spec.ts:308:2 › Dashboard Groups - Interaction Tests › section states persist during page interactions 

    Test timeout of 60000ms exceeded.

    Error: locator.click: Test timeout of 60000ms exceeded.
    Call log:
      - waiting for locator('text=API Status').first()
        - locator resolved to <span>API Status</span>
      - attempting click action
        2 × waiting for element to be visible, enabled and stable
          - element is visible, enabled and stable
          - scrolling into view if needed
          - done scrolling
          - element is outside of the viewport
        - retrying click action
        - waiting 20ms
        2 × waiting for element to be visible, enabled and stable
          - element is visible, enabled and stable
          - scrolling into view if needed
          - done scrolling
          - element is outside of the viewport
        - retrying click action
          - waiting 100ms
        105 × waiting for element to be visible, enabled and stable
            - element is visible, enabled and stable
            - scrolling into view if needed
            - done scrolling
            - element is outside of the viewport
          - retrying click action
            - waiting 500ms


      309 | 		// Expand API Status section
      310 | 		const apiStatusHeader = page.locator('text=API Status').first();
    > 311 | 		await apiStatusHeader.click();
          | 		                      ^
      312 | 		await page.waitForTimeout(500);
      313 |
      314 | 		// Verify it's expanded
        at /Users/cmuir/P1Import-apps/oauth-playground/tests/e2e/dashboard-groups.spec.ts:311:25

    attachment #1: screenshot (image/png) ──────────────────────────────────────────────────────────
    ../../test-results/dashboard-groups-Dashboard-d52a5-st-during-page-interactions-chromium/test-failed-1.png
    ────────────────────────────────────────────────────────────────────────────────────────────────

    attachment #2: video (video/webm) ──────────────────────────────────────────────────────────────
    ../../test-results/dashboard-groups-Dashboard-d52a5-st-during-page-interactions-chromium/video.webm
    ────────────────────────────────────────────────────────────────────────────────────────────────

    Error Context: ../../test-results/dashboard-groups-Dashboard-d52a5-st-during-page-interactions-chromium/error-context.md
]]>
</failure>
<system-out>
<![CDATA[
[[ATTACHMENT|dashboard-groups-Dashboard-d52a5-st-during-page-interactions-chromium/test-failed-1.png]]

[[ATTACHMENT|dashboard-groups-Dashboard-d52a5-st-during-page-interactions-chromium/video.webm]]

[[ATTACHMENT|dashboard-groups-Dashboard-d52a5-st-during-page-interactions-chromium/error-context.md]]
]]>
</system-out>
</testcase>
<testcase name="Dashboard Groups - Interaction Tests › all sections have proper accessibility attributes" classname="dashboard-groups.spec.ts" time="3.659">
<failure message="dashboard-groups.spec.ts:330:2 all sections have proper accessibility attributes" type="FAILURE">
<![CDATA[  [chromium] › dashboard-groups.spec.ts:330:2 › Dashboard Groups - Interaction Tests › all sections have proper accessibility attributes 

    TypeError: header.isTabbable is not a function

      354 |
      355 | 			// Should be keyboard navigable
    > 356 | 			const isTabbable = await header.isTabbable();
          | 			                                ^
      357 | 			if (isTabbable) {
      358 | 				console.log(`✅ Header ${i + 1} is keyboard navigable`);
      359 | 			}
        at /Users/cmuir/P1Import-apps/oauth-playground/tests/e2e/dashboard-groups.spec.ts:356:36

    attachment #1: screenshot (image/png) ──────────────────────────────────────────────────────────
    ../../test-results/dashboard-groups-Dashboard-2791d-er-accessibility-attributes-chromium/test-failed-1.png
    ────────────────────────────────────────────────────────────────────────────────────────────────

    attachment #2: video (video/webm) ──────────────────────────────────────────────────────────────
    ../../test-results/dashboard-groups-Dashboard-2791d-er-accessibility-attributes-chromium/video.webm
    ────────────────────────────────────────────────────────────────────────────────────────────────

    Error Context: ../../test-results/dashboard-groups-Dashboard-2791d-er-accessibility-attributes-chromium/error-context.md
]]>
</failure>
<system-out>
<![CDATA[✅ Header 1 has aria-expanded
✅ Header 1 has proper interactive role

[[ATTACHMENT|dashboard-groups-Dashboard-2791d-er-accessibility-attributes-chromium/test-failed-1.png]]

[[ATTACHMENT|dashboard-groups-Dashboard-2791d-er-accessibility-attributes-chromium/video.webm]]

[[ATTACHMENT|dashboard-groups-Dashboard-2791d-er-accessibility-attributes-chromium/error-context.md]]
]]>
</system-out>
</testcase>
<testcase name="Dashboard Groups - Interaction Tests › sections work with keyboard navigation" classname="dashboard-groups.spec.ts" time="2.638">
<failure message="dashboard-groups.spec.ts:363:2 sections work with keyboard navigation" type="FAILURE">
<![CDATA[  [chromium] › dashboard-groups.spec.ts:363:2 › Dashboard Groups - Interaction Tests › sections work with keyboard navigation 

    Error: expect(received).toBeTruthy()

    Received: false

      368 | 		// Verify focus
      369 | 		const isFocused = await firstHeader.evaluate((el) => document.activeElement === el);
    > 370 | 		expect(isFocused).toBeTruthy();
          | 		                  ^
      371 |
      372 | 		// Test Enter key to toggle
      373 | 		await page.keyboard.press('Enter');
        at /Users/cmuir/P1Import-apps/oauth-playground/tests/e2e/dashboard-groups.spec.ts:370:21

    attachment #1: screenshot (image/png) ──────────────────────────────────────────────────────────
    ../../test-results/dashboard-groups-Dashboard-00b73-rk-with-keyboard-navigation-chromium/test-failed-1.png
    ────────────────────────────────────────────────────────────────────────────────────────────────

    attachment #2: video (video/webm) ──────────────────────────────────────────────────────────────
    ../../test-results/dashboard-groups-Dashboard-00b73-rk-with-keyboard-navigation-chromium/video.webm
    ────────────────────────────────────────────────────────────────────────────────────────────────

    Error Context: ../../test-results/dashboard-groups-Dashboard-00b73-rk-with-keyboard-navigation-chromium/error-context.md
]]>
</failure>
<system-out>
<![CDATA[
[[ATTACHMENT|dashboard-groups-Dashboard-00b73-rk-with-keyboard-navigation-chromium/test-failed-1.png]]

[[ATTACHMENT|dashboard-groups-Dashboard-00b73-rk-with-keyboard-navigation-chromium/video.webm]]

[[ATTACHMENT|dashboard-groups-Dashboard-00b73-rk-with-keyboard-navigation-chromium/error-context.md]]
]]>
</system-out>
</testcase>
<testcase name="Dashboard Groups - Content Validation › all sections contain meaningful content" classname="dashboard-groups.spec.ts" time="61.098">
<failure message="dashboard-groups.spec.ts:405:2 all sections contain meaningful content" type="FAILURE">
<![CDATA[  [chromium] › dashboard-groups.spec.ts:405:2 › Dashboard Groups - Content Validation › all sections contain meaningful content 

    Test timeout of 60000ms exceeded.

    Error: locator.click: Test timeout of 60000ms exceeded.
    Call log:
      - waiting for locator('text=Dashboard').first()
        - locator resolved to <span>Dashboard</span>
      - attempting click action
        2 × waiting for element to be visible, enabled and stable
          - element is visible, enabled and stable
          - scrolling into view if needed
          - done scrolling
          - element is outside of the viewport
        - retrying click action
        - waiting 20ms
        2 × waiting for element to be visible, enabled and stable
          - element is visible, enabled and stable
          - scrolling into view if needed
          - done scrolling
          - element is outside of the viewport
        - retrying click action
          - waiting 100ms
        97 × waiting for element to be visible, enabled and stable
           - element is visible, enabled and stable
           - scrolling into view if needed
           - done scrolling
           - element is outside of the viewport
         - retrying click action
           - waiting 500ms


      416 | 			// Find and expand section
      417 | 			const header = page.locator(`text=${section.name}`).first();
    > 418 | 			await header.click();
          | 			             ^
      419 | 			await page.waitForTimeout(500);
      420 |
      421 | 			// Check for expected content
        at /Users/cmuir/P1Import-apps/oauth-playground/tests/e2e/dashboard-groups.spec.ts:418:17

    attachment #1: screenshot (image/png) ──────────────────────────────────────────────────────────
    ../../test-results/dashboard-groups-Dashboard-a9373--contain-meaningful-content-chromium/test-failed-1.png
    ────────────────────────────────────────────────────────────────────────────────────────────────

    attachment #2: video (video/webm) ──────────────────────────────────────────────────────────────
    ../../test-results/dashboard-groups-Dashboard-a9373--contain-meaningful-content-chromium/video.webm
    ────────────────────────────────────────────────────────────────────────────────────────────────

    Error Context: ../../test-results/dashboard-groups-Dashboard-a9373--contain-meaningful-content-chromium/error-context.md
]]>
</failure>
<system-out>
<![CDATA[
[[ATTACHMENT|dashboard-groups-Dashboard-a9373--contain-meaningful-content-chromium/test-failed-1.png]]

[[ATTACHMENT|dashboard-groups-Dashboard-a9373--contain-meaningful-content-chromium/video.webm]]

[[ATTACHMENT|dashboard-groups-Dashboard-a9373--contain-meaningful-content-chromium/error-context.md]]
]]>
</system-out>
</testcase>
<testcase name="Dashboard Groups - Content Validation › sections display appropriate icons and visual elements" classname="dashboard-groups.spec.ts" time="7.709">
<system-out>
<![CDATA[Found 118 icons in dashboard sections
✅ Found chart-box icon
✅ Found cog icon
✅ Found lightning-bolt icon
]]>
</system-out>
</testcase>
<testcase name="Dashboard Groups - Content Validation › sections are responsive and adapt to screen size" classname="dashboard-groups.spec.ts" time="8.176">
<failure message="dashboard-groups.spec.ts:455:2 sections are responsive and adapt to screen size" type="FAILURE">
<![CDATA[  [chromium] › dashboard-groups.spec.ts:455:2 › Dashboard Groups - Content Validation › sections are responsive and adapt to screen size 

    Error: expect(received).toBeGreaterThan(expected)

    Expected: > 0
    Received:   0

      475 |
      476 | 		// All sections should be visible across screen sizes
    > 477 | 		expect(desktopVisible).toBeGreaterThan(0);
          | 		                       ^
      478 | 		expect(tabletVisible).toBeGreaterThan(0);
      479 | 		expect(mobileVisible).toBeGreaterThan(0);
      480 |
        at /Users/cmuir/P1Import-apps/oauth-playground/tests/e2e/dashboard-groups.spec.ts:477:26

    attachment #1: screenshot (image/png) ──────────────────────────────────────────────────────────
    ../../test-results/dashboard-groups-Dashboard-ec111-ve-and-adapt-to-screen-size-chromium/test-failed-1.png
    ────────────────────────────────────────────────────────────────────────────────────────────────

    attachment #2: video (video/webm) ──────────────────────────────────────────────────────────────
    ../../test-results/dashboard-groups-Dashboard-ec111-ve-and-adapt-to-screen-size-chromium/video.webm
    ────────────────────────────────────────────────────────────────────────────────────────────────

    Error Context: ../../test-results/dashboard-groups-Dashboard-ec111-ve-and-adapt-to-screen-size-chromium/error-context.md
]]>
</failure>
<system-out>
<![CDATA[
[[ATTACHMENT|dashboard-groups-Dashboard-ec111-ve-and-adapt-to-screen-size-chromium/test-failed-1.png]]

[[ATTACHMENT|dashboard-groups-Dashboard-ec111-ve-and-adapt-to-screen-size-chromium/video.webm]]

[[ATTACHMENT|dashboard-groups-Dashboard-ec111-ve-and-adapt-to-screen-size-chromium/error-context.md]]
]]>
</system-out>
</testcase>
</testsuite>
<testsuite name="mock-flows-comprehensive-validation.spec.ts" timestamp="2026-03-22T13:31:33.877Z" hostname="chromium" tests="2" failures="0" skipped="0" time="42.668" errors="0">
<testcase name="Mock Flows - Comprehensive Field Validation › comprehensive field validation for all mock flows" classname="mock-flows-comprehensive-validation.spec.ts" time="30.938">
<system-out>
<![CDATA[
=== Testing: /flows/oidc-authorization-code-v9 ===
Found 1 input fields in container: body
⚠️  Empty optional: Search flows and pages... (⌘K) (text) - Search flows and pages... (⌘K)
Summary for /flows/oidc-authorization-code-v9:
  Fields found: Yes
  Total fields: 1
  Filled: 0
  Empty: 1
  Empty required: 0

=== Testing: /flows/client-credentials-v9 ===
Found 4 input fields in container: main
✅ Filled: field-0 = "v7m-client-credentials"
✅ Filled: field-1 = "topsecret"
✅ Filled: field-2 = "read write"
⚠️  Empty optional: https://api.example.com (input) - https://api.example.com
Summary for /flows/client-credentials-v9:
  Fields found: Yes
  Total fields: 4
  Filled: 3
  Empty: 1
  Empty required: 0

=== Testing: /flows/device-authorization-v9 ===
Found 4 input fields in container: main
✅ Filled: field-0 = "v7m-device-client"
✅ Filled: field-1 = "read write"
✅ Filled: field-2 = "jane.doe@example.com"
✅ Filled: field-3 = "topsecret"
Summary for /flows/device-authorization-v9:
  Fields found: Yes
  Total fields: 4
  Filled: 4
  Empty: 0
  Empty required: 0

=== Testing: /flows/implicit-v9 ===
Found 5 input fields in container: main
✅ Filled: field-0 = "v7m-client"
✅ Filled: field-1 = "/implicit-callback"
✅ Filled: field-2 = "read write"
✅ Filled: field-3 = "abc123state"
✅ Filled: field-4 = "jane.doe@example.com"
Summary for /flows/implicit-v9:
  Fields found: Yes
  Total fields: 5
  Filled: 5
  Empty: 0
  Empty required: 0

=== Testing: /flows/oidc-hybrid-v9 ===
Found 9 input fields in container: main
✅ Filled: responseType = "checked"
⚠️  Empty optional: responseType (radio) - 
⚠️  Empty optional: responseType (radio) - 
✅ Filled: field-3 = "v7m-hybrid-client"
✅ Filled: field-4 = "/hybrid-callback"
✅ Filled: field-5 = "openid profile email"
✅ Filled: field-6 = "hybrid-state-xyz"
✅ Filled: field-7 = "hybrid-nonce-abc"
✅ Filled: field-8 = "jane.doe@example.com"
Summary for /flows/oidc-hybrid-v9:
  Fields found: Yes
  Total fields: 9
  Filled: 7
  Empty: 2
  Empty required: 0

=== Testing: /flows/dpop-authorization-code-v9 ===
Found 1 input fields in container: body
⚠️  Empty optional: Search flows and pages... (⌘K) (text) - Search flows and pages... (⌘K)
Summary for /flows/dpop-authorization-code-v9:
  Fields found: Yes
  Total fields: 1
  Filled: 0
  Empty: 1
  Empty required: 0

=== Testing: /flows/mock-mcp-agent-flow ===
Found 1 input fields in container: body
⚠️  Empty optional: Search flows and pages... (⌘K) (text) - Search flows and pages... (⌘K)
Summary for /flows/mock-mcp-agent-flow:
  Fields found: Yes
  Total fields: 1
  Filled: 0
  Empty: 1
  Empty required: 0

=== COMPREHENSIVE VALIDATION SUMMARY ===
Total flows tested: 7
Flows with input fields: 7
Flows without input fields: 0
Total input fields: 25
Total filled fields: 19
Total empty fields: 6
Total empty required fields: 0

=== DETAILED BREAKDOWN ===

/flows/oidc-authorization-code-v9:
  Fields: 1 total, 0 filled, 1 empty
  Empty fields:
    - Search flows and pages... (⌘K) (text) - optional - "Search flows and pages... (⌘K)"

/flows/client-credentials-v9:
  Fields: 4 total, 3 filled, 1 empty
  Empty fields:
    - https://api.example.com (input) - optional - "https://api.example.com"

/flows/device-authorization-v9:
  Fields: 4 total, 4 filled, 0 empty

/flows/implicit-v9:
  Fields: 5 total, 5 filled, 0 empty

/flows/oidc-hybrid-v9:
  Fields: 9 total, 7 filled, 2 empty
  Empty fields:
    - responseType (radio) - optional - ""
    - responseType (radio) - optional - ""

/flows/dpop-authorization-code-v9:
  Fields: 1 total, 0 filled, 1 empty
  Empty fields:
    - Search flows and pages... (⌘K) (text) - optional - "Search flows and pages... (⌘K)"

/flows/mock-mcp-agent-flow:
  Fields: 1 total, 0 filled, 1 empty
  Empty fields:
    - Search flows and pages... (⌘K) (text) - optional - "Search flows and pages... (⌘K)"

Field fill rate: 76.0%
🎉 All required fields are filled in all mock flows!
]]>
</system-out>
</testcase>
<testcase name="Mock Flows - Comprehensive Field Validation › mock flows work without user interaction" classname="mock-flows-comprehensive-validation.spec.ts" time="11.73">
<system-out>
<![CDATA[
Testing flow without user interaction: /flows/oidc-authorization-code-v9
  ✅ Flow already shows token/results
  ✅ Flow is ready to use without user input

Testing flow without user interaction: /flows/client-credentials-v9
  ✅ Found actionable button: "Request Access Token"
  ✅ Flow already shows token/results
  ✅ Flow is ready to use without user input
]]>
</system-out>
</testcase>
</testsuite>
<testsuite name="mock-flows-field-validation.spec.ts" timestamp="2026-03-22T13:31:33.877Z" hostname="chromium" tests="2" failures="0" skipped="0" time="57.298" errors="0">
<testcase name="Mock Flows - Field Validation › all mock flows have pre-filled values in all fields" classname="mock-flows-field-validation.spec.ts" time="32.96">
<system-out>
<![CDATA[
=== Testing: /flows/oidc-authorization-code-v9 ===
Found 9 input fields
✅ Filled: ac-client-id = "v7m-client"
✅ Filled: ac-redirect-uri = "/callback"
✅ Filled: ac-scope = "openid profile email offline_a..."
✅ Filled: ac-state = "abc123state"
✅ Filled: ac-nonce = "n-0S6_WzA2Mj"
✅ Filled: ac-user = "jane.doe@example.com"
✅ Filled: ac-method = "S256 (recommended)"
✅ Filled: ac-verifier = "sample-code-verifier-123456789..."
✅ Filled: ac-secret = "topsecret"
Summary for /flows/oidc-authorization-code-v9:
  Total fields: 9
  Filled fields: 9
  Empty fields: 0
  Empty required fields: 0

=== Testing: /flows/client-credentials-v9 ===
Found 4 input fields
✅ Filled: field-0 = "v7m-client-credentials"
✅ Filled: field-1 = "topsecret"
✅ Filled: field-2 = "read write"
⚠️  Empty optional field: field-3 (input) - https://api.example.com
Summary for /flows/client-credentials-v9:
  Total fields: 4
  Filled fields: 3
  Empty fields: 1
  Empty required fields: 0

=== Testing: /flows/device-authorization-v9 ===
Found 4 input fields
✅ Filled: field-0 = "v7m-device-client"
✅ Filled: field-1 = "read write"
✅ Filled: field-2 = "jane.doe@example.com"
✅ Filled: field-3 = "topsecret"
Summary for /flows/device-authorization-v9:
  Total fields: 4
  Filled fields: 4
  Empty fields: 0
  Empty required fields: 0

=== Testing: /flows/implicit-v9 ===
Found 5 input fields
✅ Filled: field-0 = "v7m-client"
✅ Filled: field-1 = "/implicit-callback"
✅ Filled: field-2 = "read write"
✅ Filled: field-3 = "abc123state"
✅ Filled: field-4 = "jane.doe@example.com"
Summary for /flows/implicit-v9:
  Total fields: 5
  Filled fields: 5
  Empty fields: 0
  Empty required fields: 0

=== Testing: /flows/oidc-hybrid-v9 ===
Found 9 input fields
✅ Filled: responseType = "code id_token"
✅ Filled: responseType = "code token"
✅ Filled: responseType = "code id_token token"
✅ Filled: field-3 = "v7m-hybrid-client"
✅ Filled: field-4 = "/hybrid-callback"
✅ Filled: field-5 = "openid profile email"
✅ Filled: field-6 = "hybrid-state-xyz"
✅ Filled: field-7 = "hybrid-nonce-abc"
✅ Filled: field-8 = "jane.doe@example.com"
Summary for /flows/oidc-hybrid-v9:
  Total fields: 9
  Filled fields: 9
  Empty fields: 0
  Empty required fields: 0

=== Testing: /flows/dpop-authorization-code-v9 ===
Found 30 input fields
✅ Filled: field-0 = "on"
✅ Filled: specVersion = "oauth2.0"
✅ Filled: specVersion = "oidc"
✅ Filled: specVersion = "oauth2.1"
✅ Filled: flowTypeSelect = "Authorization Code"
✅ Filled: client-type = "public"
✅ Filled: client-type = "confidential"
✅ Filled: application-type = "Web Application"
✅ Filled: environment-id = "b9817c16-9910-4415-b67e-4ac687..."
✅ Filled: field-9 = "on"
✅ Filled: field-10 = "on"
⚠️  Empty optional field: client-id (text) - abc123def456...
⚠️  Empty optional field: client-secret (password) - ••••••••••••••••
✅ Filled: field-13 = "🔓 OPTIONAL - PKCE is optional..."
⚠️  Empty optional field: issuer-url (text) - Using: b9817c16-9910-4415-b67e-4ac687da74d9 (or enter custom)
✅ Filled: field-15 = "📝 Client Secret Post (Form Bo..."
✅ Filled: field-16 = "🔐 code (Recommended)"
✅ Filled: redirect-uris = "https://api.pingdemo.com:3000/..."
✅ Filled: field-18 = "🔗 Query String (Recommended)"
✅ Filled: field-19 = "openid"
✅ Filled: field-20 = "on"
✅ Filled: field-21 = "🟡 Optional"
✅ Filled: field-22 = "🔗 Query String (Recommended)"
✅ Filled: field-23 = "on"
⚠️  Empty optional field: field-24 (text) - https://auth.example.com
⚠️  Empty optional field: login-hint-dropdown (text) - Worker token required
✅ Filled: field-26 = "✏️ Custom value..."
⚠️  Empty optional field: field-27 (number) - Enter seconds (e.g., 300 for 5 minutes)
✅ Filled: display-mode-select = "Default (page)"
✅ Filled: field-29 = "Default (server decides)"
Summary for /flows/dpop-authorization-code-v9:
  Total fields: 30
  Filled fields: 24
  Empty fields: 6
  Empty required fields: 0

=== Testing: /flows/mock-mcp-agent-flow ===
Found 0 input fields
Summary for /flows/mock-mcp-agent-flow:
  Total fields: 0
  Filled fields: 0
  Empty fields: 0
  Empty required fields: 0

=== OVERALL VALIDATION SUMMARY ===
Total fields across all flows: 61
Total filled fields: 54
Total empty fields: 7
Total empty required fields: 0

⚠️  Found 7 empty optional fields (this may be acceptable)

/flows/client-credentials-v9 - 1 empty optional fields:
  - field-3 (input)

/flows/dpop-authorization-code-v9 - 6 empty optional fields:
  - client-id (text)
  - client-secret (password)
  - issuer-url (text)
  - field-24 (text)
  - login-hint-dropdown (text)
  - field-27 (number)
]]>
</system-out>
</testcase>
<testcase name="Mock Flows - Field Validation › mock flows display educational/mock indicators" classname="mock-flows-field-validation.spec.ts" time="24.338">
<system-out>
<![CDATA[
Checking mock indicators for: /flows/oidc-authorization-code-v9
✅ Found mock indicator: "Educational Mock Mode"

Checking mock indicators for: /flows/client-credentials-v9
✅ Found mock indicator: "Educational Mock Mode"

Checking mock indicators for: /flows/device-authorization-v9
✅ Found mock indicator: "Educational Mock Mode"

Checking mock indicators for: /flows/implicit-v9
✅ Found mock indicator: "Educational Mock Mode"

Checking mock indicators for: /flows/oidc-hybrid-v9
✅ Found mock indicator: "Educational Mock Mode"

Checking mock indicators for: /flows/dpop-authorization-code-v9
✅ Found mock indicator: "EDUCATIONAL"

Checking mock indicators for: /flows/mock-mcp-agent-flow
✅ Found mock indicator: "Educational Mock Mode"
]]>
</system-out>
</testcase>
</testsuite>
<testsuite name="mock-flows-final.spec.ts" timestamp="2026-03-22T13:31:33.877Z" hostname="chromium" tests="4" failures="1" skipped="0" time="39.941" errors="0">
<testcase name="Mock Flows - Core Functionality › all mock flows load successfully" classname="mock-flows-final.spec.ts" time="18.875">
<system-out>
<![CDATA[Testing: /flows/oidc-authorization-code-v9
✓ /flows/oidc-authorization-code-v9 loaded successfully
Testing: /flows/client-credentials-v9
✓ /flows/client-credentials-v9 loaded successfully
Testing: /flows/device-authorization-v9
✓ /flows/device-authorization-v9 loaded successfully
Testing: /flows/implicit-v9
✓ /flows/implicit-v9 loaded successfully
Testing: /flows/oidc-hybrid-v9
✓ /flows/oidc-hybrid-v9 loaded successfully
Testing: /flows/dpop-authorization-code-v9
✓ /flows/dpop-authorization-code-v9 loaded successfully
Testing: /flows/mock-mcp-agent-flow
✓ /flows/mock-mcp-agent-flow loaded successfully
]]>
</system-out>
</testcase>
<testcase name="Mock Flows - Core Functionality › mock flows have pre-filled form data" classname="mock-flows-final.spec.ts" time="9.594">
<system-out>
<![CDATA[✓ /flows/oidc-authorization-code-v9 has pre-filled data: v7m-client...
✓ /flows/oidc-authorization-code-v9 - Form data check completed
✓ /flows/client-credentials-v9 has pre-filled data: v7m-client-credentia...
✓ /flows/client-credentials-v9 - Form data check completed
]]>
</system-out>
</testcase>
<testcase name="Mock Flows - Core Functionality › mock flows do not require user credentials" classname="mock-flows-final.spec.ts" time="5.272">
<failure message="mock-flows-final.spec.ts:80:2 mock flows do not require user credentials" type="FAILURE">
<![CDATA[  [chromium] › mock-flows-final.spec.ts:80:2 › Mock Flows - Core Functionality › mock flows do not require user credentials 

    Error: locator.isVisible: Error: strict mode violation: getByText(/access_token|id_token|code=/) resolved to 3 elements:
        1) <pre class="sc-itktkX iKlOV">{↵  "redirect_uri": "https://api.pingdemo.com/cal…</pre> aka getByText('{ "redirect_uri": "https://')
        2) <pre class="sc-itktkX iKlOV">{↵  "access_token": "eyJhbGciOiJSUzI1NiIsImtpZCI6…</pre> aka getByText('{ "access_token": "')
        3) <li>The response includes <ParameterHighlight>access_…</li> aka getByText('The response includes <')

    Call log:
        - checking visibility of getByText(/access_token|id_token|code=/)


      105 | 		} else {
      106 | 			// Check if flow already shows results/tokens
    > 107 | 			const hasTokens = await page.getByText(/access_token|id_token|code=/).isVisible();
          | 			                                                                      ^
      108 | 			if (hasTokens) {
      109 | 				console.log('✓ Flow already shows token results');
      110 | 			} else {
        at /Users/cmuir/P1Import-apps/oauth-playground/tests/e2e/mock-flows-final.spec.ts:107:74

    attachment #1: screenshot (image/png) ──────────────────────────────────────────────────────────
    ../../test-results/mock-flows-final-Mock-Flow-06f7d-ot-require-user-credentials-chromium/test-failed-1.png
    ────────────────────────────────────────────────────────────────────────────────────────────────

    attachment #2: video (video/webm) ──────────────────────────────────────────────────────────────
    ../../test-results/mock-flows-final-Mock-Flow-06f7d-ot-require-user-credentials-chromium/video.webm
    ────────────────────────────────────────────────────────────────────────────────────────────────

    Error Context: ../../test-results/mock-flows-final-Mock-Flow-06f7d-ot-require-user-credentials-chromium/error-context.md
]]>
</failure>
<system-out>
<![CDATA[
[[ATTACHMENT|mock-flows-final-Mock-Flow-06f7d-ot-require-user-credentials-chromium/test-failed-1.png]]

[[ATTACHMENT|mock-flows-final-Mock-Flow-06f7d-ot-require-user-credentials-chromium/video.webm]]

[[ATTACHMENT|mock-flows-final-Mock-Flow-06f7d-ot-require-user-credentials-chromium/error-context.md]]
]]>
</system-out>
</testcase>
<testcase name="Mock Flows - Core Functionality › mock flows handle navigation gracefully" classname="mock-flows-final.spec.ts" time="6.2">
<system-out>
<![CDATA[✓ /flows/client-credentials-v9 navigation handled gracefully
]]>
</system-out>
</testcase>
</testsuite>
<testsuite name="mock-flows-simple.spec.ts" timestamp="2026-03-22T13:31:33.877Z" hostname="chromium" tests="3" failures="0" skipped="0" time="16.925" errors="0">
<testcase name="Mock Flows - Basic Connectivity › can access frontend server" classname="mock-flows-simple.spec.ts" time="1.42">
</testcase>
<testcase name="Mock Flows - Basic Connectivity › can access a mock flow route" classname="mock-flows-simple.spec.ts" time="6.356">
<system-out>
<![CDATA[Page content length: [33m958523[39m
Has mock content: [33mtrue[39m
Has inputs/buttons: [33mtrue[39m
]]>
</system-out>
</testcase>
<testcase name="Mock Flows - Basic Connectivity › test multiple mock flow routes for basic loading" classname="mock-flows-simple.spec.ts" time="9.149">
<system-out>
<![CDATA[Testing: /flows/oidc-authorization-code-v9
  Title: MasterFlow API - PingOne Integration Platform
  Has errors: true
  ✓ Page loaded successfully
Testing: /flows/client-credentials-v9
  Title: MasterFlow API - PingOne Integration Platform
  Has errors: true
  ✓ Page loaded successfully
Testing: /flows/device-authorization-v9
  Title: MasterFlow API - PingOne Integration Platform
  Has errors: true
  ✓ Page loaded successfully
]]>
</system-out>
</testcase>
</testsuite>
<testsuite name="mock-flows.spec.ts" timestamp="2026-03-22T13:31:33.877Z" hostname="chromium" tests="9" failures="1" skipped="0" time="107.396" errors="0">
<testcase name="Mock Flows - OIDC › Authorization Code Flow › loads and displays pre-filled mock data" classname="mock-flows.spec.ts" time="7.435">
</testcase>
<testcase name="Mock Flows - OIDC › Authorization Code Flow › can navigate to authorization endpoint" classname="mock-flows.spec.ts" time="4.367">
</testcase>
<testcase name="Mock Flows - OIDC › Hybrid Flow › loads with pre-filled mock credentials" classname="mock-flows.spec.ts" time="7.529">
<system-out>
<![CDATA[Empty input found: Search flows and pages... (⌘K)
]]>
</system-out>
</testcase>
<testcase name="Mock Flows - OIDC › Implicit Flow › loads implicit grant flow with mock data" classname="mock-flows.spec.ts" time="6.55">
</testcase>
<testcase name="Mock Flows - OIDC › DPoP Flow › loads DPoP Authorization Code flow" classname="mock-flows.spec.ts" time="6.834">
</testcase>
<testcase name="Mock Flows - MCP &amp; Agent › Mock MCP Agent Flow › loads MCP agent flow with mock data" classname="mock-flows.spec.ts" time="7.569">
</testcase>
<testcase name="Mock Flows - Error Handling › all mock flows handle navigation gracefully" classname="mock-flows.spec.ts" time="52.465">
<system-out>
<![CDATA[✗ /flows/oidc-authorization-code-v9 - Error: Error: locator.isVisible: Error: strict mode violation: locator('main, .main-content, .flow-container, .container').first().getByText(/OAuth|OIDC|Authorization|Client|Token|Flow|Mock|Educational/i) resolved to 51 elements:
    1) <strong>📚 Educational Mock Mode</strong> aka getByText('📚 Educational Mock Mode')
    2) <p>This flow is a simulated sandbox — no real networ…</p> aka getByText('This flow is a simulated')
    3) <h1 class="sc-gHCuMo gaKhVK">Authorization Code Flow (V9)</h1> aka getByRole('heading', { name: 'Authorization Code Flow (V9)' })
    4) <p class="sc-dkkA-Db iMQAPf">🔐 V9: Production-grade Authorization Code Flow wi…</p> aka getByText('🔐 V9: Production-grade')
    5) <div class="sc-eRdibq dgqIrI">PingOne MasterFlow API v9.16.23</div> aka getByText('PingOne MasterFlow API v9.16.')
    6) <button type="button" title="Reset flow">↻ Reset Flow</button> aka getByRole('button', { name: '↻ Reset Flow' })
    7) <h2>How Authorization Code Flow Works</h2> aka getByRole('heading', { name: 'How Authorization Code Flow' })
    8) <strong>authorization server</strong> aka getByText('authorization server')
    9) <div>Step 1 — Build the Authorization URL</div> aka getByText('Step 1 — Build the')
    10) <div>Your app redirects the user to PingOne with param…</div> aka getByText('Your app redirects the user')
    ...

Call log:
[2m    - checking visibility of locator('main, .main-content, .flow-container, .container').first().getByText(/OAuth|OIDC|Authorization|Client|Token|Flow|Mock|Educational/i)[22m

✗ /flows/oidc-hybrid-v9 - Error: Error: locator.isVisible: Error: strict mode violation: locator('main, .main-content, .flow-container, .container').first().getByText(/OAuth|OIDC|Authorization|Client|Token|Flow|Mock|Educational/i) resolved to 47 elements:
    1) <strong>📚 Educational Mock Mode</strong> aka getByText('📚 Educational Mock Mode')
    2) <p>Simulates OIDC Hybrid Flow in-browser. No externa…</p> aka getByText('Simulates OIDC Hybrid Flow in')
    3) <p>…</p> aka getByText('OIDC Hybrid Flow is')
    4) <h1 class="sc-gVcfYx jOAyXA">Hybrid Flow - Unified OAuth/OIDC</h1> aka getByRole('heading', { name: 'Hybrid Flow - Unified OAuth/' })
    5) <p class="sc-iBUNwM dikIpr">🔄 Unified OAuth/OIDC hybrid flow implementation -…</p> aka getByText('🔄 Unified OAuth/OIDC hybrid')
    6) <div class="sc-bguTAo gvuZNz">PingOne MasterFlow API v9.16.23</div> aka getByText('PingOne MasterFlow API v9.16.')
    7) <button type="button" title="Reset flow">↻ Reset Flow</button> aka getByRole('button', { name: '↻ Reset Flow' })
    8) <header>…</header> aka getByText('ℹ️ About this flow')
    9) <p>OIDC Hybrid flow returns both an authorization co…</p> aka getByText('OIDC Hybrid flow returns both')
    10) <p>The id_token in the front-channel response includ…</p> aka getByText('The id_token in the front-channel response includes a c_hash binding it to the')
    ...

Call log:
[2m    - checking visibility of locator('main, .main-content, .flow-container, .container').first().getByText(/OAuth|OIDC|Authorization|Client|Token|Flow|Mock|Educational/i)[22m

✗ /flows/ciba-v9 - Error: Error: locator.isVisible: Error: strict mode violation: locator('main, .main-content, .flow-container, .container').first().getByText(/OAuth|OIDC|Authorization|Client|Token|Flow|Mock|Educational/i) resolved to 17 elements:
    1) <strong>📚 Educational Mock Mode</strong> aka getByText('📚 Educational Mock Mode')
    2) <p>Simulates OIDC CIBA Core 1.0 in-browser. No exter…</p> aka getByText('Simulates OIDC CIBA Core 1.0')
    3) <h1 class="sc-cKccrY krYSpS">CIBA Flow (V9) — Client Initiated Backchannel Aut…</h1> aka getByRole('heading', { name: 'CIBA Flow (V9) — Client' })
    4) <p class="sc-cheYLD llesBS">🛡️ V9: Backchannel authentication flow for decoup…</p> aka getByText('🛡️ V9: Backchannel')
    5) <div class="sc-ebjlnS dKtRzF">PingOne MasterFlow API v9.16.23</div> aka getByText('PingOne MasterFlow API v9.16.')
    6) <button type="button" title="Reset flow">↻ Reset Flow</button> aka getByRole('button', { name: '↻ Reset Flow' })
    7) <header>…</header> aka getByText('ℹ️ About this flow')
    8) <p>CIBA (Client-Initiated Backchannel Authentication…</p> aka getByText('CIBA (Client-Initiated')
    9) <p>No browser redirect in the requesting app. The us…</p> aka getByText('No browser redirect in the requesting app. The user approves or denies on their')
    10) <p>OpenID Connect CIBA Core 1.0 (Client-Initiated Ba…</p> aka getByText('OpenID Connect CIBA Core 1.0')
    ...

Call log:
[2m    - checking visibility of locator('main, .main-content, .flow-container, .container').first().getByText(/OAuth|OIDC|Authorization|Client|Token|Flow|Mock|Educational/i)[22m

✗ /flows/client-credentials-v9 - Error: Error: locator.isVisible: Error: strict mode violation: locator('main, .main-content, .flow-container, .container').first().getByText(/OAuth|OIDC|Authorization|Client|Token|Flow|Mock|Educational/i) resolved to 33 elements:
    1) <strong>📚 Educational Mock Mode</strong> aka getByText('📚 Educational Mock Mode')
    2) <p>This flow simulates OAuth Client Credentials (RFC…</p> aka getByText('This flow simulates OAuth')
    3) <h1 class="sc-gHCuMo gaKhVK">Client Credentials Flow (V9)</h1> aka getByRole('heading', { name: 'Client Credentials Flow (V9)' })
    4) <p class="sc-dkkA-Db iMQAPf">🔑 V9: Machine-to-machine authentication for backe…</p> aka getByText('🔑 V9: Machine-to-machine')
    5) <div class="sc-eRdibq dgqIrI">PingOne MasterFlow API v9.16.23</div> aka getByText('PingOne MasterFlow API v9.16.')
    6) <button type="button" title="Reset flow">↻ Reset Flow</button> aka getByRole('button', { name: '↻ Reset Flow' })
    7) <header>…</header> aka getByText('ℹ️ About this flow')
    8) <p>The client credentials grant is used when the cli…</p> aka getByText('The client credentials grant')
    9) <p>No user is present; the client is the resource ow…</p> aka getByText('No user is present; the')
    10) <p>OAuth 2.0 Client Credentials Grant (RFC 6749 §4.4…</p> aka getByText('OAuth 2.0 Client Credentials')
    ...

Call log:
[2m    - checking visibility of locator('main, .main-content, .flow-container, .container').first().getByText(/OAuth|OIDC|Authorization|Client|Token|Flow|Mock|Educational/i)[22m

✗ /flows/device-authorization-v9 - Error: Error: locator.isVisible: Error: strict mode violation: locator('main, .main-content, .flow-container, .container').first().getByText(/OAuth|OIDC|Authorization|Client|Token|Flow|Mock|Educational/i) resolved to 20 elements:
    1) <strong>📚 Educational Mock Mode</strong> aka getByText('📚 Educational Mock Mode')
    2) <p>This flow simulates OAuth Device Authorization (R…</p> aka getByText('This flow simulates OAuth')
    3) <h1 class="sc-gHCuMo gaKhVK">Device Authorization Flow (V9)</h1> aka getByRole('heading', { name: 'Device Authorization Flow (V9)' })
    4) <p class="sc-dkkA-Db iMQAPf">📱 V9: Device Authorization Grant for TVs, IoT dev…</p> aka getByText('📱 V9: Device Authorization')
    5) <div class="sc-eRdibq dgqIrI">PingOne MasterFlow API v9.16.23</div> aka getByText('PingOne MasterFlow API v9.16.')
    6) <button type="button" title="Reset flow">↻ Reset Flow</button> aka getByRole('button', { name: '↻ Reset Flow' })
    7) <header>…</header> aka getByText('ℹ️ About this flow')
    8) <p>Device authorization is designed for input-constr…</p> aka getByText('Device authorization is')
    9) <p>Two steps: (1) device requests a user_code and ve…</p> aka getByText('Two steps: (1) device')
    10) <p>OAuth 2.0 Device Authorization Grant (RFC 8628).</p> aka getByText('OAuth 2.0 Device')
    ...

Call log:
[2m    - checking visibility of locator('main, .main-content, .flow-container, .container').first().getByText(/OAuth|OIDC|Authorization|Client|Token|Flow|Mock|Educational/i)[22m

✓ /flows/ropc-v9 loaded with content
✗ /flows/implicit-v9 - Error: Error: locator.isVisible: Error: strict mode violation: locator('main, .main-content, .flow-container, .container').first().getByText(/OAuth|OIDC|Authorization|Client|Token|Flow|Mock|Educational/i) resolved to 22 elements:
    1) <strong>📚 Educational Mock Mode</strong> aka getByText('📚 Educational Mock Mode')
    2) <p>This flow simulates OAuth/OIDC endpoints for lear…</p> aka getByText('This flow simulates OAuth/')
    3) <p>…</p> aka getByText('The Implicit Flow is')
    4) <h1 class="sc-fCmSaN dFHpUh">Implicit Flow (V9)</h1> aka getByRole('heading', { name: 'Implicit Flow (V9)' })
    5) <p class="sc-hKosrq gwnpvx">⚡ V9: Implicit Flow with OAuth 2.0 and OIDC varia…</p> aka getByText('⚡ V9: Implicit Flow with')
    6) <div class="sc-QKHsT gVmDGA">PingOne MasterFlow API v9.16.23</div> aka getByText('PingOne MasterFlow API v9.16.')
    7) <button type="button" title="Reset flow">↻ Reset Flow</button> aka getByRole('button', { name: '↻ Reset Flow' })
    8) <header>…</header> aka getByText('ℹ️ About this flow')
    9) <p>Implicit flow returns access tokens (and optional…</p> aka getByText('Implicit flow returns access')
    10) <p>Tokens appear in the redirect URL fragment (#...)…</p> aka getByText('Tokens appear in the redirect')
    ...

Call log:
[2m    - checking visibility of locator('main, .main-content, .flow-container, .container').first().getByText(/OAuth|OIDC|Authorization|Client|Token|Flow|Mock|Educational/i)[22m

✗ /flows/jwt-bearer-token-v9 - Error: Error: page.goto: net::ERR_TOO_MANY_RETRIES at https://localhost:3000/flows/jwt-bearer-token-v9
Call log:
[2m  - navigating to "https://localhost:3000/flows/jwt-bearer-token-v9", waiting until "load"[22m

✗ /flows/saml-bearer-assertion-v9 - Error: Error: page.goto: Navigation to "https://localhost:3000/flows/saml-bearer-assertion-v9" is interrupted by another navigation to "chrome-error://chromewebdata/"
Call log:
[2m  - navigating to "https://localhost:3000/flows/saml-bearer-assertion-v9", waiting until "load"[22m

✗ /flows/par-v9 - Error: Error: page.goto: Navigation to "https://localhost:3000/flows/par-v9" is interrupted by another navigation to "https://localhost:3000/flows/saml-bearer-assertion-v9"
Call log:
[2m  - navigating to "https://localhost:3000/flows/par-v9", waiting until "load"[22m

✗ /flows/rar-v9 - Error: Error: page.goto: Navigation to "https://localhost:3000/flows/rar-v9" is interrupted by another navigation to "https://localhost:3000/flows/par-v9"
Call log:
[2m  - navigating to "https://localhost:3000/flows/rar-v9", waiting until "load"[22m

✗ /flows/dpop-authorization-code-v9 - Error: Error: locator.isVisible: Error: strict mode violation: locator('main, .main-content, .flow-container, .container').first().getByText(/OAuth|OIDC|Authorization|Client|Token|Flow|Mock|Educational/i) resolved to 201 elements:
    1) <div>Worker Token Missing — API calls will fail until …</div> aka getByText('Worker Token Missing — API')
    2) <div>No worker token found.</div> aka locator('div').filter({ hasText: /^No worker token found\.$/ })
    3) <button type="button">🔑 Fix Token</button> aka getByRole('button', { name: '🔑 Fix Token' })
    4) <h1 class="sc-iBBJcU gqErUg">Unified OAuth/OIDC Flow</h1> aka getByRole('heading', { name: 'Unified OAuth/OIDC Flow' })
    5) <p class="sc-fHsjtB eNqpvI">Single UI for all OAuth 2.0, OAuth 2.1 / OIDC 2.1…</p> aka getByText('Single UI for all OAuth 2.0,')
    6) <div class="sc-behkuy exEuPd">PingOne MasterFlow API v9.16.23</div> aka getByText('PingOne MasterFlow API v9.16.')
    7) <button type="button" title="View comprehensive comparison guide for OAuth/OIDC specifications and flow types">…</button> aka getByRole('button', { name: '📖 📚 Flow & Spec Comparison' })
    8) <button type="button" title="Download comprehensive Postman collection for all Unified flows (Authorization Code, Implicit, Client Credentials, Device Code, Hybrid) grouped by Registration and Authentication">…</button> aka getByRole('button', { name: '📦 Postman Unified Flows' })
    9) <div class="sc-fnLEGL hNVabM">Show all educational content with detailed explan…</div> aka getByText('Show all educational content')
[...]

    Call log:
      - Expect "toBeVisible" with timeout 10000ms
      - waiting for getByText(/Unified OAuth|OAuth Flow|Authorization/i)


      35 |
      36 | 		// Look for main unified flow elements
    > 37 | 		await expect(page.getByText(/Unified OAuth|OAuth Flow|Authorization/i)).toBeVisible({
         | 		                                                                        ^
      38 | 			timeout: 10000,
      39 | 		});
      40 |
        at /Users/cmuir/P1Import-apps/oauth-playground/tests/e2e/unified-oauth-comprehensive.spec.ts:37:75

    attachment #1: screenshot (image/png) ──────────────────────────────────────────────────────────
    ../../test-results/unified-oauth-comprehensiv-0bf31-uth-page-loads-successfully-Mobile-Safari/test-failed-1.png
    ────────────────────────────────────────────────────────────────────────────────────────────────

    attachment #2: video (video/webm) ──────────────────────────────────────────────────────────────
    ../../test-results/unified-oauth-comprehensiv-0bf31-uth-page-loads-successfully-Mobile-Safari/video.webm
    ────────────────────────────────────────────────────────────────────────────────────────────────

    Error Context: ../../test-results/unified-oauth-comprehensiv-0bf31-uth-page-loads-successfully-Mobile-Safari/error-context.md
]]>
</failure>
<system-out>
<![CDATA[
[[ATTACHMENT|unified-oauth-comprehensiv-0bf31-uth-page-loads-successfully-Mobile-Safari/test-failed-1.png]]

[[ATTACHMENT|unified-oauth-comprehensiv-0bf31-uth-page-loads-successfully-Mobile-Safari/video.webm]]

[[ATTACHMENT|unified-oauth-comprehensiv-0bf31-uth-page-loads-successfully-Mobile-Safari/error-context.md]]
]]>
</system-out>
</testcase>
<testcase name="Unified OAuth - Core Functionality › all flow types are available in selector" classname="unified-oauth-comprehensive.spec.ts" time="3.077">
</testcase>
<testcase name="Unified OAuth - Core Functionality › all spec versions are available in selector" classname="unified-oauth-comprehensive.spec.ts" time="8.491">
</testcase>
<testcase name="Unified OAuth - Core Functionality › can navigate to different flow types via URL" classname="unified-oauth-comprehensive.spec.ts" time="9.798">
<system-out>
<![CDATA[Testing flow type: oauth-authz
⚠️  oauth-authz content not immediately visible
Testing flow type: implicit
⚠️  implicit content not immediately visible
Testing flow type: client-credentials
⚠️  client-credentials content not immediately visible
Testing flow type: device-code
⚠️  device-code content not immediately visible
Testing flow type: hybrid
⚠️  hybrid content not immediately visible
]]>
</system-out>
</testcase>
<testcase name="Unified OAuth - Core Functionality › authorization code flow loads with proper components" classname="unified-oauth-comprehensive.spec.ts" time="7.862">
<system-out>
<![CDATA[⚠️  Element not found: text=Authorization Code Flow
⚠️  Element not found: text=Client ID
⚠️  Element not found: text=Client Secret
⚠️  Element not found: text=Redirect URI
⚠️  Element not found: text=Scope
⚠️  Element not found: text=PKCE
Found 1 input fields
Found 0 action buttons
]]>
</system-out>
</testcase>
<testcase name="Unified OAuth - Core Functionality › client credentials flow loads with proper components" classname="unified-oauth-comprehensive.spec.ts" time="7.14">
<system-out>
<![CDATA[⚠️  Element not found: text=Client Credentials Flow
⚠️  Element not found: text=Client ID
⚠️  Element not found: text=Client Secret
⚠️  Element not found: text=Scope
⚠️  Element not found: text=Token Endpoint
✅ Redirect URI correctly absent in client credentials flow
]]>
</system-out>
</testcase>
<testcase name="Unified OAuth - Core Functionality › implicit flow loads with proper components" classname="unified-oauth-comprehensive.spec.ts" time="6.563">
<system-out>
<![CDATA[⚠️  Element not found: text=Implicit Flow
⚠️  Element not found: text=Client ID
⚠️  Element not found: text=Redirect URI
⚠️  Element not found: text=Response Type
⚠️  Element not found: text=token
]]>
</system-out>
</testcase>
<testcase name="Unified OAuth - Core Functionality › device code flow loads with proper components" classname="unified-oauth-comprehensive.spec.ts" time="6.625">
<system-out>
<![CDATA[⚠️  Element not found: text=Device Code Flow
⚠️  Element not found: text=Device Code
⚠️  Element not found: text=User Code
⚠️  Element not found: text=Verification URI
⚠️  Element not found: text=Poll
]]>
</system-out>
</testcase>
<testcase name="Unified OAuth - Core Functionality › hybrid flow loads with proper components" classname="unified-oauth-comprehensive.spec.ts" time="5.651">
<system-out>
<![CDATA[⚠️  Element not found: text=Hybrid Flow
⚠️  Element not found: text=Authorization Code
⚠️  Element not found: text=ID Token
⚠️  Element not found: text=Response Type
⚠️  Element not found: text=code id_token
]]>
</system-out>
</testcase>
<testcase name="Unified OAuth - Core Functionality › spec version filtering works correctly" classname="unified-oauth-comprehensive.spec.ts" time="6.188">
</testcase>
<testcase name="Unified OAuth - Flow Type Changes › can switch between flow types" classname="unified-oauth-comprehensive.spec.ts" time="2.455">
</testcase>
<testcase name="Unified OAuth - Flow Type Changes › can change spec versions" classname="unified-oauth-comprehensive.spec.ts" time="2.071">
</testcase>
<testcase name="Unified OAuth - Form Interactions › authorization code form accepts input" classname="unified-oauth-comprehensive.spec.ts" time="1.941">
</testcase>
<testcase name="Unified OAuth - Form Interactions › form validation works" classname="unified-oauth-comprehensive.spec.ts" time="4.11">
</testcase>
<testcase name="Unified OAuth - Token Display › token display area exists" classname="unified-oauth-comprehensive.spec.ts" time="4.092">
</testcase>
<testcase name="Unified OAuth - Token Display › can copy token to clipboard" classname="unified-oauth-comprehensive.spec.ts" time="2.956">
</testcase>
</testsuite>
<testsuite name="unified-oauth-simple.spec.ts" timestamp="2026-03-22T13:31:33.877Z" hostname="Mobile Safari" tests="17" failures="2" skipped="0" time="112.521" errors="0">
<testcase name="Unified OAuth - Simple Tests › unified oauth page loads" classname="unified-oauth-simple.spec.ts" time="2.6">
<failure message="unified-oauth-simple.spec.ts:17:2 unified oauth page loads" type="FAILURE">
<![CDATA[  [Mobile Safari] › unified-oauth-simple.spec.ts:17:2 › Unified OAuth - Simple Tests › unified oauth page loads 

    Error: expect(received).toBeGreaterThan(expected)

    Expected: > 0
    Received:   0

      28 | 		const forms = page.locator('form, input, select, button');
      29 | 		const formCount = await forms.count();
    > 30 | 		expect(formCount).toBeGreaterThan(0);
         | 		                  ^
      31 | 		console.log(`Found ${formCount} form elements`);
      32 | 	});
      33 |
        at /Users/cmuir/P1Import-apps/oauth-playground/tests/e2e/unified-oauth-simple.spec.ts:30:21

    attachment #1: screenshot (image/png) ──────────────────────────────────────────────────────────
    ../../test-results/unified-oauth-simple-Unifi-a0108-ts-unified-oauth-page-loads-Mobile-Safari/test-failed-1.png
    ────────────────────────────────────────────────────────────────────────────────────────────────

    attachment #2: video (video/webm) ──────────────────────────────────────────────────────────────
    ../../test-results/unified-oauth-simple-Unifi-a0108-ts-unified-oauth-page-loads-Mobile-Safari/video.webm
    ────────────────────────────────────────────────────────────────────────────────────────────────
]]>
</failure>
<system-out>
<![CDATA[
[[ATTACHMENT|unified-oauth-simple-Unifi-a0108-ts-unified-oauth-page-loads-Mobile-Safari/test-failed-1.png]]

[[ATTACHMENT|unified-oauth-simple-Unifi-a0108-ts-unified-oauth-page-loads-Mobile-Safari/video.webm]]
]]>
</system-out>
</testcase>
<testcase name="Unified OAuth - Simple Tests › can navigate to authorization code flow" classname="unified-oauth-simple.spec.ts" time="4.999">
</testcase>
<testcase name="Unified OAuth - Simple Tests › can navigate to client credentials flow" classname="unified-oauth-simple.spec.ts" time="3.416">
</testcase>
<testcase name="Unified OAuth - Simple Tests › can navigate to implicit flow" classname="unified-oauth-simple.spec.ts" time="2.77">
</testcase>
<testcase name="Unified OAuth - Simple Tests › can navigate to device code flow" classname="unified-oauth-simple.spec.ts" time="5.111">
</testcase>
<testcase name="Unified OAuth - Simple Tests › can navigate to hybrid flow" classname="unified-oauth-simple.spec.ts" time="4.219">
</testcase>
<testcase name="Unified OAuth - Simple Tests › can navigate with spec versions" classname="unified-oauth-simple.spec.ts" time="5.695">
</testcase>
<testcase name="Unified OAuth - Simple Tests › forms have input fields" classname="unified-oauth-simple.spec.ts" time="4.769">
<failure message="unified-oauth-simple.spec.ts:149:2 forms have input fields" type="FAILURE">
<![CDATA[  [Mobile Safari] › unified-oauth-simple.spec.ts:149:2 › Unified OAuth - Simple Tests › forms have input fields 

    Error: expect(received).toBeGreaterThan(expected)

    Expected: > 0
    Received:   0

      168 | 		// Should have at least some input fields
      169 | 		const totalInputs = textCount + passwordCount + textareaCount + selectCount;
    > 170 | 		expect(totalInputs).toBeGreaterThan(0);
          | 		                    ^
      171 | 	});
      172 |
      173 | 	test('has action buttons', async ({ page }) => {
        at /Users/cmuir/P1Import-apps/oauth-playground/tests/e2e/unified-oauth-simple.spec.ts:170:23

    attachment #1: screenshot (image/png) ──────────────────────────────────────────────────────────
    ../../test-results/unified-oauth-simple-Unifi-c8abf-sts-forms-have-input-fields-Mobile-Safari/test-failed-1.png
    ────────────────────────────────────────────────────────────────────────────────────────────────

    attachment #2: video (video/webm) ──────────────────────────────────────────────────────────────
    ../../test-results/unified-oauth-simple-Unifi-c8abf-sts-forms-have-input-fields-Mobile-Safari/video.webm
    ────────────────────────────────────────────────────────────────────────────────────────────────

    Error Context: ../../test-results/unified-oauth-simple-Unifi-c8abf-sts-forms-have-input-fields-Mobile-Safari/error-context.md
]]>
</failure>
<system-out>
<![CDATA[Found: 0 text inputs, 0 password inputs, 0 textareas, 0 selects

[[ATTACHMENT|unified-oauth-simple-Unifi-c8abf-sts-forms-have-input-fields-Mobile-Safari/test-failed-1.png]]

[[ATTACHMENT|unified-oauth-simple-Unifi-c8abf-sts-forms-have-input-fields-Mobile-Safari/video.webm]]

[[ATTACHMENT|unified-oauth-simple-Unifi-c8abf-sts-forms-have-input-fields-Mobile-Safari/error-context.md]]
]]>
</system-out>
</testcase>
<testcase name="Unified OAuth - Simple Tests › has action buttons" classname="unified-oauth-simple.spec.ts" time="25.845">
</testcase>
<testcase name="Unified OAuth - Simple Tests › has flow type selection mechanism" classname="unified-oauth-simple.spec.ts" time="9.214">
</testcase>
<testcase name="Unified OAuth - Simple Tests › has spec version selection mechanism" classname="unified-oauth-simple.spec.ts" time="5.914">
</testcase>
<testcase name="Unified OAuth - Simple Tests › handles invalid URLs gracefully" classname="unified-oauth-simple.spec.ts" time="8.8">
</testcase>
<testcase name="Unified OAuth - Simple Tests › page is responsive" classname="unified-oauth-simple.spec.ts" time="13.267">
<system-out>
<![CDATA[✅ Desktop size: 1200x800 - page loads
✅ Tablet size: 768x1024 - page loads
✅ Mobile size: 375x667 - page loads
]]>
</system-out>
</testcase>
<testcase name="Unified OAuth - Simple Tests › has token display area" classname="unified-oauth-simple.spec.ts" time="4.271">
</testcase>
<testcase name="Unified OAuth - Simple Tests › has help or documentation elements" classname="unified-oauth-simple.spec.ts" time="3.216">
</testcase>
<testcase name="Unified OAuth - Simple Tests › has navigation elements" classname="unified-oauth-simple.spec.ts" time="3.858">
</testcase>
<testcase name="Unified OAuth - Simple Tests › has status or feedback elements" classname="unified-oauth-simple.spec.ts" time="4.557">
</testcase>
</testsuite>
<testsuite name="unified-oauth.spec.ts" timestamp="2026-03-22T13:31:33.877Z" hostname="Mobile Safari" tests="7" failures="2" skipped="0" time="43.971" errors="0">
<testcase name="Unified OAuth - Navigation &amp; UI › loads Unified OAuth page and shows flow content" classname="unified-oauth.spec.ts" time="4.542">
<failure message="unified-oauth.spec.ts:14:2 loads Unified OAuth page and shows flow content" type="FAILURE">
<![CDATA[  [Mobile Safari] › unified-oauth.spec.ts:14:2 › Unified OAuth - Navigation & UI › loads Unified OAuth page and shows flow content 

    Error: expect(locator).toBeVisible() failed

    Locator: getByRole('combobox', { name: /Flow Type|Grant type/i }).or(getByText(/Unified OAuth|Configure Credentials|Authorization Code/i))
    Expected: visible
    Error: strict mode violation: getByRole('combobox', { name: /Flow Type|Grant type/i }).or(getByText(/Unified OAuth|Configure Credentials|Authorization Code/i)) resolved to 2 elements:
        1) <span class="sidebar-ping__item-label">Unified OAuth & OIDC</span> aka getByRole('link', { name: 'Unified OAuth & OIDC LIVE' })
        2) <div class="sc-gEkIjA jTVGlF">Loading Unified OAuth Flow...</div> aka getByText('Loading Unified OAuth Flow...')

    Call log:
      - Expect "toBeVisible" with timeout 10000ms
      - waiting for getByRole('combobox', { name: /Flow Type|Grant type/i }).or(getByText(/Unified OAuth|Configure Credentials|Authorization Code/i))


      19 | 				page.getByText(/Unified OAuth|Configure Credentials|Authorization Code/i)
      20 | 			)
    > 21 | 		).toBeVisible({ timeout: 10000 });
         | 		  ^
      22 | 	});
      23 |
      24 | 	test('navigates to Authorization Code flow', async ({ page }) => {
        at /Users/cmuir/P1Import-apps/oauth-playground/tests/e2e/unified-oauth.spec.ts:21:5

    attachment #1: screenshot (image/png) ──────────────────────────────────────────────────────────
    ../../test-results/unified-oauth-Unified-OAut-12899-page-and-shows-flow-content-Mobile-Safari/test-failed-1.png
    ────────────────────────────────────────────────────────────────────────────────────────────────

    attachment #2: video (video/webm) ──────────────────────────────────────────────────────────────
    ../../test-results/unified-oauth-Unified-OAut-12899-page-and-shows-flow-content-Mobile-Safari/video.webm
    ────────────────────────────────────────────────────────────────────────────────────────────────

    Error Context: ../../test-results/unified-oauth-Unified-OAut-12899-page-and-shows-flow-content-Mobile-Safari/error-context.md
]]>
</failure>
<system-out>
<![CDATA[
[[ATTACHMENT|unified-oauth-Unified-OAut-12899-page-and-shows-flow-content-Mobile-Safari/test-failed-1.png]]

[[ATTACHMENT|unified-oauth-Unified-OAut-12899-page-and-shows-flow-content-Mobile-Safari/video.webm]]

[[ATTACHMENT|unified-oauth-Unified-OAut-12899-page-and-shows-flow-content-Mobile-Safari/error-context.md]]
]]>
</system-out>
</testcase>
<testcase name="Unified OAuth - Navigation &amp; UI › navigates to Authorization Code flow" classname="unified-oauth.spec.ts" time="6.99">
<failure message="unified-oauth.spec.ts:24:2 navigates to Authorization Code flow" type="FAILURE">
<![CDATA[  [Mobile Safari] › unified-oauth.spec.ts:24:2 › Unified OAuth - Navigation & UI › navigates to Authorization Code flow 

    Error: expect(locator).toBeVisible() failed

    Locator: getByText(/Authorization Code|Configure|Credentials/i)
    Expected: visible
    Error: strict mode violation: getByText(/Authorization Code|Configure|Credentials/i) resolved to 34 elements:
        1) <strong>Authorization Code Flow</strong> aka getByRole('strong').filter({ hasText: /^Authorization Code Flow$/ })
        2) <strong>Client Credentials Flow</strong> aka getByText('Client Credentials Flow')
        3) <button type="button" class="nav-link-btn nav-btn-authz active" title="OAuth 2.0 Authorization Code Flow">🔐 Authorization Code</button> aka getByRole('button', { name: '🔐 Authorization Code' })
        4) <button type="button" title="OAuth 2.0 Client Credentials Flow" class="nav-link-btn nav-btn-client-creds ">🔑 Client Credentials</button> aka getByRole('button', { name: '🔑 Client Credentials' })
        5) <option value="oauth-authz">Authorization Code</option> aka getByLabel('Flow Type (Grant type)')
        6) <option value="client-credentials">Client Credentials</option> aka getByLabel('Flow Type (Grant type)')
        7) <a target="_blank" rel="noopener noreferrer" href="https://apidocs.pingidentity.com/pingone/platform/v1/api/#authorization-and-authentication-apis-authorize-authorization-code">View PingOne API Docs for Authorization Code Flow</a> aka getByRole('link', { name: 'View PingOne API Docs for' })
        8) <a target="_blank" rel="noopener noreferrer" href="https://datatracker.ietf.org/doc/html/rfc6749#section-4.1">Section 4.1 - Authorization Code Grant</a> aka getByRole('link', { name: 'Section 4.1 - Authorization' })
        9) <span>…</span> aka getByText('Flow Type Security: Authorization code flow is secure')
        10) <span>Configuration & Credentials</span> aka getByRole('button', { name: '🔧 Configuration &' })
        ...

    Call log:
      - Expect "toBeVisible" with timeout 5000ms
      - waiting for getByText(/Authorization Code|Configure|Credentials/i)


      27 | 		await expect(
      28 | 			page.getByText(/Authorization Code|Configure|Credentials/i)
    > 29 | 		).toBeVisible({ timeout: 5000 });
         | 		  ^
      30 | 	});
      31 |
      32 | 	test('navigates to Implicit flow', async ({ page }) => {
        at /Users/cmuir/P1Import-apps/oauth-playground/tests/e2e/unified-oauth.spec.ts:29:5

    attachment #1: screenshot (image/png) ──────────────────────────────────────────────────────────
    ../../test-results/unified-oauth-Unified-OAut-7a777--to-Authorization-Code-flow-Mobile-Safari/test-failed-1.png
    ────────────────────────────────────────────────────────────────────────────────────────────────

    attachment #2: video (video/webm) ──────────────────────────────────────────────────────────────
    ../../test-results/unified-oauth-Unified-OAut-7a777--to-Authorization-Code-flow-Mobile-Safari/video.webm
    ────────────────────────────────────────────────────────────────────────────────────────────────

    Error Context: ../../test-results/unified-oauth-Unified-OAut-7a777--to-Authorization-Code-flow-Mobile-Safari/error-context.md
]]>
</failure>
<system-out>
<![CDATA[
[[ATTACHMENT|unified-oauth-Unified-OAut-7a777--to-Authorization-Code-flow-Mobile-Safari/test-failed-1.png]]

[[ATTACHMENT|unified-oauth-Unified-OAut-7a777--to-Authorization-Code-flow-Mobile-Safari/video.webm]]

[[ATTACHMENT|unified-oauth-Unified-OAut-7a777--to-Authorization-Code-flow-Mobile-Safari/error-context.md]]
]]>
</system-out>
</testcase>
<testcase name="Unified OAuth - Navigation &amp; UI › navigates to Implicit flow" classname="unified-oauth.spec.ts" time="6.038">
</testcase>
<testcase name="Unified OAuth - Navigation &amp; UI › navigates to Client Credentials flow" classname="unified-oauth.spec.ts" time="4.602">
</testcase>
<testcase name="Unified OAuth - Navigation &amp; UI › navigates to Device Code flow" classname="unified-oauth.spec.ts" time="5.662">
</testcase>
<testcase name="Unified OAuth - Navigation &amp; UI › sidebar link to Unified OAuth works" classname="unified-oauth.spec.ts" time="7.514">
</testcase>
<testcase name="Unified OAuth - Flow Type Selector › changing flow type updates URL" classname="unified-oauth.spec.ts" time="8.623">
</testcase>
</testsuite>
</testsuites>