<?xml version="1.0" encoding="UTF-8"?>
<coverage generated="1760129233022" clover="3.2.0">
  <project timestamp="1760129233022" name="All files">
    <metrics statements="453" coveredstatements="172" conditionals="242" coveredconditionals="93" methods="38" coveredmethods="12" elements="733" coveredelements="277" complexity="0" loc="453" ncloc="453" packages="1" files="1" classes="1"/>
    <file name="server.js" path="/Users/cmuir/P1Import-apps/oauth-playground/server.js">
      <metrics statements="453" coveredstatements="172" conditionals="242" coveredconditionals="93" methods="38" coveredmethods="12"/>
      <line num="2" count="3" type="stmt"/>
      <line num="16" count="3" type="stmt"/>
      <line num="18" count="3" type="stmt"/>
      <line num="19" count="3" type="stmt"/>
      <line num="21" count="3" type="stmt"/>
      <line num="22" count="3" type="cond" truecount="1" falsecount="1"/>
      <line num="23" count="3" type="stmt"/>
      <line num="24" count="3" type="stmt"/>
      <line num="32" count="3" type="stmt"/>
      <line num="48" count="3" type="stmt"/>
      <line num="49" count="19" type="stmt"/>
      <line num="60" count="19" type="stmt"/>
      <line num="63" count="3" type="stmt"/>
      <line num="64" count="3" type="stmt"/>
      <line num="67" count="3" type="stmt"/>
      <line num="68" count="19" type="stmt"/>
      <line num="69" count="19" type="stmt"/>
      <line num="70" count="19" type="stmt"/>
      <line num="71" count="19" type="stmt"/>
      <line num="73" count="19" type="cond" truecount="1" falsecount="0"/>
      <line num="74" count="38" type="cond" truecount="2" falsecount="0"/>
      <line num="75" count="19" type="stmt"/>
      <line num="77" count="19" type="stmt"/>
      <line num="78" count="19" type="stmt"/>
      <line num="79" count="19" type="stmt"/>
      <line num="80" count="19" type="stmt"/>
      <line num="81" count="19" type="cond" truecount="1" falsecount="1"/>
      <line num="82" count="19" type="stmt"/>
      <line num="84" count="19" type="cond" truecount="4" falsecount="0"/>
      <line num="85" count="15" type="stmt"/>
      <line num="89" count="19" type="stmt"/>
      <line num="90" count="19" type="stmt"/>
      <line num="91" count="19" type="stmt"/>
      <line num="93" count="19" type="stmt"/>
      <line num="97" count="3" type="stmt"/>
      <line num="100" count="3" type="stmt"/>
      <line num="101" count="3" type="stmt"/>
      <line num="102" count="3" type="stmt"/>
      <line num="103" count="3" type="stmt"/>
      <line num="104" count="3" type="cond" truecount="1" falsecount="1"/>
      <line num="105" count="3" type="stmt"/>
      <line num="106" count="3" type="stmt"/>
      <line num="107" count="3" type="cond" truecount="1" falsecount="1"/>
      <line num="108" count="3" type="stmt"/>
      <line num="109" count="3" type="stmt"/>
      <line num="114" count="3" type="cond" truecount="1" falsecount="1"/>
      <line num="117" count="3" type="cond" truecount="1" falsecount="1"/>
      <line num="121" count="3" type="stmt"/>
      <line num="158" count="3" type="stmt"/>
      <line num="159" count="0" type="stmt"/>
      <line num="167" count="0" type="cond" truecount="0" falsecount="2"/>
      <line num="171" count="3" type="stmt"/>
      <line num="172" count="0" type="stmt"/>
      <line num="176" count="3" type="stmt"/>
      <line num="177" count="0" type="stmt"/>
      <line num="179" count="0" type="stmt"/>
      <line num="193" count="0" type="stmt"/>
      <line num="199" count="0" type="stmt"/>
      <line num="203" count="3" type="stmt"/>
      <line num="204" count="13" type="stmt"/>
      <line num="205" count="13" type="stmt"/>
      <line num="219" count="13" type="stmt"/>
      <line num="230" count="13" type="stmt"/>
      <line num="233" count="13" type="cond" truecount="5" falsecount="0"/>
      <line num="234" count="2" type="stmt"/>
      <line num="241" count="2" type="stmt"/>
      <line num="248" count="11" type="cond" truecount="2" falsecount="0"/>
      <line num="249" count="2" type="cond" truecount="4" falsecount="0"/>
      <line num="250" count="1" type="stmt"/>
      <line num="251" count="1" type="stmt"/>
      <line num="256" count="9" type="cond" truecount="1" falsecount="1"/>
      <line num="257" count="9" type="cond" truecount="4" falsecount="0"/>
      <line num="258" count="1" type="stmt"/>
      <line num="259" count="1" type="stmt"/>
      <line num="267" count="9" type="cond" truecount="3" falsecount="1"/>
      <line num="268" count="9" type="cond" truecount="2" falsecount="0"/>
      <line num="269" count="1" type="stmt"/>
      <line num="276" count="8" type="stmt"/>
      <line num="278" count="8" type="stmt"/>
      <line num="293" count="8" type="cond" truecount="2" falsecount="0"/>
      <line num="295" count="1" type="stmt"/>
      <line num="296" count="1" type="stmt"/>
      <line num="304" count="7" type="stmt"/>
      <line num="305" count="7" type="stmt"/>
      <line num="314" count="7" type="cond" truecount="4" falsecount="0"/>
      <line num="315" count="1" type="stmt"/>
      <line num="316" count="1" type="stmt"/>
      <line num="318" count="6" type="stmt"/>
      <line num="322" count="7" type="cond" truecount="3" falsecount="1"/>
      <line num="323" count="0" type="stmt"/>
      <line num="324" count="0" type="stmt"/>
      <line num="327" count="7" type="stmt"/>
      <line num="331" count="8" type="stmt"/>
      <line num="337" count="8" type="cond" truecount="2" falsecount="0"/>
      <line num="339" count="8" type="cond" truecount="4" falsecount="0"/>
      <line num="341" count="1" type="stmt"/>
      <line num="343" count="1" type="cond" truecount="3" falsecount="1"/>
      <line num="344" count="1" type="stmt"/>
      <line num="350" count="1" type="stmt"/>
      <line num="351" count="1" type="stmt"/>
      <line num="354" count="0" type="stmt"/>
      <line num="355" count="0" type="stmt"/>
      <line num="360" count="7" type="cond" truecount="4" falsecount="0"/>
      <line num="361" count="3" type="cond" truecount="2" falsecount="0"/>
      <line num="363" count="1" type="stmt"/>
      <line num="364" count="1" type="stmt"/>
      <line num="365" count="1" type="stmt"/>
      <line num="375" count="2" type="stmt"/>
      <line num="376" count="2" type="stmt"/>
      <line num="385" count="4" type="stmt"/>
      <line num="393" count="8" type="stmt"/>
      <line num="405" count="8" type="stmt"/>
      <line num="411" count="8" type="stmt"/>
      <line num="418" count="8" type="stmt"/>
      <line num="420" count="8" type="cond" truecount="1" falsecount="1"/>
      <line num="421" count="8" type="stmt"/>
      <line num="427" count="8" type="stmt"/>
      <line num="430" count="0" type="stmt"/>
      <line num="441" count="0" type="stmt"/>
      <line num="442" count="0" type="stmt"/>
      <line num="444" count="0" type="stmt"/>
      <line num="445" count="0" type="stmt"/>
      <line num="447" count="0" type="stmt"/>
      <line num="452" count="0" type="stmt"/>
      <line num="460" count="3" type="stmt"/>
      <line num="461" count="3" type="stmt"/>
      <line num="462" count="3" type="stmt"/>
      <line num="470" count="3" type="stmt"/>
      <line num="472" count="3" type="cond" truecount="2" falsecount="0"/>
      <line num="473" count="1" type="stmt"/>
      <line num="479" count="2" type="stmt"/>
      <line num="482" count="2" type="stmt"/>
      <line num="489" count="2" type="stmt"/>
      <line num="491" count="2" type="cond" truecount="1" falsecount="1"/>
      <line num="492" count="2" type="stmt"/>
      <line num="493" count="2" type="stmt"/>
      <line num="494" count="2" type="stmt"/>
      <line num="495" count="2" type="stmt"/>
      <line num="496" count="2" type="stmt"/>
      <line num="497" count="2" type="stmt"/>
      <line num="499" count="2" type="stmt"/>
      <line num="505" count="2" type="stmt"/>
      <line num="507" count="2" type="cond" truecount="2" falsecount="0"/>
      <line num="508" count="1" type="stmt"/>
      <line num="516" count="1" type="stmt"/>
      <line num="519" count="1" type="stmt"/>
      <line num="523" count="1" type="stmt"/>
      <line num="524" count="1" type="stmt"/>
      <line num="526" count="1" type="stmt"/>
      <line num="528" count="0" type="stmt"/>
      <line num="529" count="0" type="stmt"/>
      <line num="537" count="3" type="stmt"/>
      <line num="538" count="0" type="stmt"/>
      <line num="547" count="0" type="stmt"/>
      <line num="549" count="0" type="stmt"/>
      <line num="560" count="0" type="cond" truecount="0" falsecount="5"/>
      <line num="561" count="0" type="stmt"/>
      <line num="567" count="0" type="cond" truecount="0" falsecount="2"/>
      <line num="568" count="0" type="stmt"/>
      <line num="571" count="0" type="stmt"/>
      <line num="577" count="0" type="cond" truecount="0" falsecount="2"/>
      <line num="578" count="0" type="stmt"/>
      <line num="582" count="0" type="cond" truecount="0" falsecount="2"/>
      <line num="584" count="0" type="stmt"/>
      <line num="586" count="0" type="cond" truecount="0" falsecount="4"/>
      <line num="587" count="0" type="cond" truecount="0" falsecount="2"/>
      <line num="588" count="0" type="stmt"/>
      <line num="594" count="0" type="stmt"/>
      <line num="595" count="0" type="cond" truecount="0" falsecount="4"/>
      <line num="596" count="0" type="stmt"/>
      <line num="598" count="0" type="cond" truecount="0" falsecount="4"/>
      <line num="599" count="0" type="stmt"/>
      <line num="603" count="0" type="stmt"/>
      <line num="604" count="0" type="stmt"/>
      <line num="607" count="0" type="stmt"/>
      <line num="608" count="0" type="stmt"/>
      <line num="616" count="0" type="stmt"/>
      <line num="622" count="0" type="cond" truecount="0" falsecount="4"/>
      <line num="623" count="0" type="stmt"/>
      <line num="624" count="0" type="stmt"/>
      <line num="626" count="0" type="stmt"/>
      <line num="629" count="0" type="stmt"/>
      <line num="630" count="0" type="stmt"/>
      <line num="632" count="0" type="stmt"/>
      <line num="638" count="0" type="stmt"/>
      <line num="640" count="0" type="cond" truecount="0" falsecount="2"/>
      <line num="641" count="0" type="stmt"/>
      <line num="647" count="0" type="stmt"/>
      <line num="650" count="0" type="stmt"/>
      <line num="653" count="0" type="stmt"/>
      <line num="655" count="0" type="stmt"/>
      <line num="657" count="0" type="stmt"/>
      <line num="658" count="0" type="stmt"/>
      <line num="666" count="3" type="stmt"/>
      <line num="667" count="0" type="stmt"/>
      <line num="668" count="0" type="stmt"/>
      <line num="670" count="0" type="cond" truecount="0" falsecount="4"/>
      <line num="671" count="0" type="stmt"/>
      <line num="677" count="0" type="stmt"/>
      <line num="679" count="0" type="stmt"/>
      <line num="687" count="0" type="stmt"/>
      <line num="689" count="0" type="cond" truecount="0" falsecount="2"/>
      <line num="690" count="0" type="stmt"/>
      <line num="691" count="0" type="stmt"/>
      <line num="694" count="0" type="stmt"/>
      <line num="696" count="0" type="stmt"/>
      <line num="698" count="0" type="stmt"/>
      <line num="700" count="0" type="stmt"/>
      <line num="701" count="0" type="stmt"/>
      <line num="709" count="3" type="stmt"/>
      <line num="710" count="0" type="stmt"/>
      <line num="711" count="0" type="stmt"/>
      <line num="713" count="0" type="cond" truecount="0" falsecount="4"/>
      <line num="714" count="0" type="stmt"/>
      <line num="721" count="0" type="stmt"/>
      <line num="723" count="0" type="stmt"/>
      <line num="731" count="0" type="cond" truecount="0" falsecount="2"/>
      <line num="732" count="0" type="stmt"/>
      <line num="733" count="0" type="stmt"/>
      <line num="739" count="0" type="stmt"/>
      <line num="740" count="0" type="stmt"/>
      <line num="747" count="0" type="stmt"/>
      <line num="748" count="0" type="stmt"/>
      <line num="756" count="3" type="stmt"/>
      <line num="757" count="0" type="stmt"/>
      <line num="769" count="0" type="stmt"/>
      <line num="771" count="0" type="cond" truecount="0" falsecount="4"/>
      <line num="772" count="0" type="stmt"/>
      <line num="778" count="0" type="stmt"/>
      <line num="780" count="0" type="stmt"/>
      <line num="782" count="0" type="stmt"/>
      <line num="783" count="0" type="stmt"/>
      <line num="784" count="0" type="cond" truecount="0" falsecount="2"/>
      <line num="785" count="0" type="cond" truecount="0" falsecount="2"/>
      <line num="786" count="0" type="cond" truecount="0" falsecount="2"/>
      <line num="787" count="0" type="cond" truecount="0" falsecount="2"/>
      <line num="788" count="0" type="cond" truecount="0" falsecount="2"/>
      <line num="789" count="0" type="cond" truecount="0" falsecount="2"/>
      <line num="790" count="0" type="cond" truecount="0" falsecount="2"/>
      <line num="791" count="0" type="cond" truecount="0" falsecount="2"/>
      <line num="793" count="0" type="stmt"/>
      <line num="802" count="0" type="stmt"/>
      <line num="804" count="0" type="cond" truecount="0" falsecount="2"/>
      <line num="805" count="0" type="stmt"/>
      <line num="806" count="0" type="stmt"/>
      <line num="809" count="0" type="stmt"/>
      <line num="811" count="0" type="stmt"/>
      <line num="813" count="0" type="stmt"/>
      <line num="815" count="0" type="stmt"/>
      <line num="816" count="0" type="stmt"/>
      <line num="824" count="3" type="stmt"/>
      <line num="825" count="0" type="stmt"/>
      <line num="826" count="0" type="stmt"/>
      <line num="828" count="0" type="cond" truecount="0" falsecount="4"/>
      <line num="829" count="0" type="stmt"/>
      <line num="835" count="0" type="stmt"/>
      <line num="837" count="0" type="stmt"/>
      <line num="845" count="0" type="stmt"/>
      <line num="847" count="0" type="cond" truecount="0" falsecount="2"/>
      <line num="848" count="0" type="stmt"/>
      <line num="849" count="0" type="stmt"/>
      <line num="852" count="0" type="stmt"/>
      <line num="854" count="0" type="stmt"/>
      <line num="856" count="0" type="stmt"/>
      <line num="858" count="0" type="stmt"/>
      <line num="859" count="0" type="stmt"/>
      <line num="867" count="3" type="stmt"/>
      <line num="868" count="0" type="stmt"/>
      <line num="869" count="0" type="stmt"/>
      <line num="871" count="0" type="cond" truecount="0" falsecount="4"/>
      <line num="872" count="0" type="stmt"/>
      <line num="878" count="0" type="stmt"/>
      <line num="880" count="0" type="stmt"/>
      <line num="882" count="0" type="stmt"/>
      <line num="883" count="0" type="stmt"/>
      <line num="884" count="0" type="cond" truecount="0" falsecount="4"/>
      <line num="885" count="0" type="stmt"/>
      <line num="889" count="0" type="stmt"/>
      <line num="896" count="0" type="cond" truecount="0" falsecount="2"/>
      <line num="897" count="0" type="stmt"/>
      <line num="898" count="0" type="stmt"/>
      <line num="901" count="0" type="stmt"/>
      <line num="907" count="0" type="stmt"/>
      <line num="909" count="0" type="cond" truecount="0" falsecount="2"/>
      <line num="910" count="0" type="stmt"/>
      <line num="911" count="0" type="stmt"/>
      <line num="914" count="0" type="stmt"/>
      <line num="916" count="0" type="stmt"/>
      <line num="918" count="0" type="stmt"/>
      <line num="920" count="0" type="stmt"/>
      <line num="921" count="0" type="stmt"/>
      <line num="929" count="3" type="stmt"/>
      <line num="930" count="0" type="stmt"/>
      <line num="931" count="0" type="stmt"/>
      <line num="933" count="0" type="cond" truecount="0" falsecount="2"/>
      <line num="934" count="0" type="stmt"/>
      <line num="940" count="0" type="stmt"/>
      <line num="942" count="0" type="stmt"/>
      <line num="944" count="0" type="stmt"/>
      <line num="952" count="0" type="cond" truecount="0" falsecount="2"/>
      <line num="953" count="0" type="stmt"/>
      <line num="954" count="0" type="stmt"/>
      <line num="960" count="0" type="stmt"/>
      <line num="962" count="0" type="stmt"/>
      <line num="964" count="0" type="stmt"/>
      <line num="969" count="0" type="stmt"/>
      <line num="970" count="0" type="stmt"/>
      <line num="978" count="3" type="stmt"/>
      <line num="979" count="0" type="stmt"/>
      <line num="980" count="0" type="cond" truecount="0" falsecount="1"/>
      <line num="982" count="0" type="cond" truecount="0" falsecount="2"/>
      <line num="983" count="0" type="stmt"/>
      <line num="989" count="0" type="stmt"/>
      <line num="992" count="0" type="stmt"/>
      <line num="994" count="0" type="stmt"/>
      <line num="996" count="0" type="stmt"/>
      <line num="999" count="0" type="stmt"/>
      <line num="1002" count="0" type="stmt"/>
      <line num="1015" count="0" type="stmt"/>
      <line num="1016" count="0" type="stmt"/>
      <line num="1018" count="0" type="stmt"/>
      <line num="1019" count="0" type="stmt"/>
      <line num="1025" count="0" type="stmt"/>
      <line num="1026" count="0" type="stmt"/>
      <line num="1035" count="3" type="stmt"/>
      <line num="1036" count="0" type="stmt"/>
      <line num="1037" count="0" type="stmt"/>
      <line num="1040" count="0" type="stmt"/>
      <line num="1048" count="0" type="stmt"/>
      <line num="1055" count="0" type="stmt"/>
      <line num="1056" count="0" type="stmt"/>
      <line num="1060" count="0" type="stmt"/>
      <line num="1062" count="0" type="stmt"/>
      <line num="1063" count="0" type="stmt"/>
      <line num="1071" count="3" type="stmt"/>
      <line num="1072" count="0" type="stmt"/>
      <line num="1073" count="0" type="stmt"/>
      <line num="1076" count="0" type="stmt"/>
      <line num="1086" count="0" type="stmt"/>
      <line num="1088" count="0" type="stmt"/>
      <line num="1089" count="0" type="stmt"/>
      <line num="1090" count="0" type="stmt"/>
      <line num="1093" count="0" type="stmt"/>
      <line num="1096" count="0" type="stmt"/>
      <line num="1097" count="0" type="stmt"/>
      <line num="1099" count="0" type="stmt"/>
      <line num="1105" count="0" type="stmt"/>
      <line num="1107" count="0" type="stmt"/>
      <line num="1120" count="0" type="stmt"/>
      <line num="1121" count="0" type="stmt"/>
      <line num="1123" count="0" type="stmt"/>
      <line num="1124" count="0" type="stmt"/>
      <line num="1132" count="3" type="stmt"/>
      <line num="1133" count="0" type="stmt"/>
      <line num="1134" count="0" type="stmt"/>
      <line num="1137" count="0" type="stmt"/>
      <line num="1146" count="0" type="stmt"/>
      <line num="1147" count="0" type="stmt"/>
      <line num="1148" count="0" type="stmt"/>
      <line num="1149" count="0" type="stmt"/>
      <line num="1151" count="0" type="stmt"/>
      <line num="1153" count="0" type="stmt"/>
      <line num="1154" count="0" type="stmt"/>
      <line num="1156" count="0" type="stmt"/>
      <line num="1162" count="0" type="stmt"/>
      <line num="1164" count="0" type="stmt"/>
      <line num="1177" count="0" type="stmt"/>
      <line num="1178" count="0" type="stmt"/>
      <line num="1180" count="0" type="stmt"/>
      <line num="1181" count="0" type="stmt"/>
      <line num="1189" count="3" type="stmt"/>
      <line num="1190" count="0" type="stmt"/>
      <line num="1191" count="0" type="cond" truecount="0" falsecount="1"/>
      <line num="1193" count="0" type="stmt"/>
      <line num="1199" count="0" type="cond" truecount="0" falsecount="2"/>
      <line num="1200" count="0" type="stmt"/>
      <line num="1207" count="0" type="stmt"/>
      <line num="1216" count="0" type="cond" truecount="0" falsecount="2"/>
      <line num="1217" count="0" type="stmt"/>
      <line num="1219" count="0" type="stmt"/>
      <line num="1221" count="0" type="stmt"/>
      <line num="1223" count="0" type="stmt"/>
      <line num="1232" count="0" type="stmt"/>
      <line num="1234" count="0" type="cond" truecount="0" falsecount="2"/>
      <line num="1235" count="0" type="stmt"/>
      <line num="1236" count="0" type="stmt"/>
      <line num="1237" count="0" type="stmt"/>
      <line num="1240" count="0" type="stmt"/>
      <line num="1296" count="0" type="stmt"/>
      <line num="1298" count="0" type="stmt"/>
      <line num="1307" count="0" type="stmt"/>
      <line num="1310" count="0" type="cond" truecount="0" falsecount="2"/>
      <line num="1315" count="0" type="stmt"/>
      <line num="1318" count="0" type="stmt"/>
      <line num="1320" count="0" type="stmt"/>
      <line num="1327" count="0" type="stmt"/>
      <line num="1332" count="0" type="stmt"/>
      <line num="1341" count="3" type="stmt"/>
      <line num="1342" count="0" type="stmt"/>
      <line num="1350" count="3" type="stmt"/>
      <line num="1352" count="0" type="cond" truecount="0" falsecount="2"/>
      <line num="1353" count="0" type="stmt"/>
      <line num="1355" count="0" type="stmt"/>
      <line num="1359" count="3" type="stmt"/>
      <line num="1360" count="0" type="stmt"/>
      <line num="1361" count="0" type="stmt"/>
      <line num="1369" count="3" type="stmt"/>
      <line num="1372" count="3" type="cond" truecount="1" falsecount="1"/>
      <line num="1373" count="0" type="stmt"/>
      <line num="1376" count="3" type="stmt"/>
      <line num="1377" count="3" type="stmt"/>
      <line num="1380" count="3" type="cond" truecount="3" falsecount="1"/>
      <line num="1381" count="3" type="stmt"/>
      <line num="1382" count="3" type="stmt"/>
      <line num="1385" count="0" type="stmt"/>
      <line num="1386" count="0" type="stmt"/>
      <line num="1387" count="0" type="stmt"/>
      <line num="1391" count="0" type="stmt"/>
      <line num="1392" count="0" type="stmt"/>
      <line num="1394" count="0" type="stmt"/>
      <line num="1395" count="0" type="stmt"/>
      <line num="1396" count="0" type="stmt"/>
      <line num="1401" count="3" type="stmt"/>
      <line num="1406" count="3" type="stmt"/>
      <line num="1407" count="3" type="stmt"/>
      <line num="1408" count="3" type="stmt"/>
      <line num="1409" count="3" type="stmt"/>
      <line num="1410" count="3" type="stmt"/>
      <line num="1411" count="3" type="stmt"/>
      <line num="1412" count="3" type="stmt"/>
      <line num="1416" count="3" type="cond" truecount="1" falsecount="1"/>
      <line num="1417" count="3" type="stmt"/>
      <line num="1418" count="3" type="stmt"/>
      <line num="1423" count="3" type="stmt"/>
      <line num="1424" count="0" type="stmt"/>
      <line num="1425" count="0" type="stmt"/>
      <line num="1426" count="0" type="stmt"/>
      <line num="1427" count="0" type="stmt"/>
      <line num="1428" count="0" type="stmt"/>
      <line num="1429" count="0" type="stmt"/>
      <line num="1432" count="0" type="stmt"/>
      <line num="1433" count="0" type="stmt"/>
      <line num="1438" count="3" type="stmt"/>
      <line num="1439" count="3" type="stmt"/>
      <line num="1442" count="3" type="stmt"/>
      <line num="1443" count="0" type="stmt"/>
      <line num="1444" count="0" type="stmt"/>
      <line num="1447" count="3" type="cond" truecount="1" falsecount="1"/>
      <line num="1448" count="3" type="stmt"/>
      <line num="1449" count="3" type="stmt"/>
      <line num="1452" count="3" type="stmt"/>
      <line num="1453" count="0" type="stmt"/>
      <line num="1454" count="0" type="stmt"/>
    </file>
  </project>
</coverage>
