{
	"/Users/cmuir/P1Import-apps/oauth-playground/server.js": {
		"path": "/Users/cmuir/P1Import-apps/oauth-playground/server.js",
		"statementMap": {
			"0": { "start": { "line": 2, "column": 0 }, "end": { "line": 2, "column": 62 } },
			"1": { "start": { "line": 16, "column": 0 }, "end": { "line": 16, "column": 16 } },
			"2": { "start": { "line": 18, "column": 19 }, "end": { "line": 18, "column": 49 } },
			"3": { "start": { "line": 19, "column": 18 }, "end": { "line": 19, "column": 42 } },
			"4": { "start": { "line": 21, "column": 12 }, "end": { "line": 21, "column": 21 } },
			"5": { "start": { "line": 22, "column": 13 }, "end": { "line": 22, "column": 37 } },
			"6": { "start": { "line": 23, "column": 24 }, "end": { "line": 23, "column": 34 } },
			"7": { "start": { "line": 24, "column": 21 }, "end": { "line": 29, "column": 1 } },
			"8": { "start": { "line": 32, "column": 0 }, "end": { "line": 45, "column": 2 } },
			"9": { "start": { "line": 48, "column": 0 }, "end": { "line": 61, "column": 3 } },
			"10": { "start": { "line": 49, "column": 1 }, "end": { "line": 59, "column": 3 } },
			"11": { "start": { "line": 60, "column": 1 }, "end": { "line": 60, "column": 8 } },
			"12": { "start": { "line": 63, "column": 0 }, "end": { "line": 63, "column": 24 } },
			"13": { "start": { "line": 64, "column": 0 }, "end": { "line": 64, "column": 48 } },
			"14": { "start": { "line": 67, "column": 0 }, "end": { "line": 94, "column": 3 } },
			"15": { "start": { "line": 68, "column": 19 }, "end": { "line": 68, "column": 42 } },
			"16": { "start": { "line": 69, "column": 1 }, "end": { "line": 69, "column": 33 } },
			"17": { "start": { "line": 70, "column": 1 }, "end": { "line": 70, "column": 37 } },
			"18": { "start": { "line": 71, "column": 17 }, "end": { "line": 71, "column": 22 } },
			"19": { "start": { "line": 73, "column": 18 }, "end": { "line": 87, "column": 2 } },
			"20": { "start": { "line": 74, "column": 2 }, "end": { "line": 76, "column": 3 } },
			"21": { "start": { "line": 75, "column": 3 }, "end": { "line": 75, "column": 10 } },
			"22": { "start": { "line": 77, "column": 2 }, "end": { "line": 77, "column": 19 } },
			"23": { "start": { "line": 78, "column": 2 }, "end": { "line": 78, "column": 83 } },
			"24": { "start": { "line": 79, "column": 21 }, "end": { "line": 79, "column": 56 } },
			"25": { "start": { "line": 80, "column": 21 }, "end": { "line": 80, "column": 51 } },
			"26": { "start": { "line": 81, "column": 2 }, "end": { "line": 83, "column": 3 } },
			"27": { "start": { "line": 82, "column": 3 }, "end": { "line": 82, "column": 50 } },
			"28": { "start": { "line": 84, "column": 2 }, "end": { "line": 86, "column": 3 } },
			"29": { "start": { "line": 85, "column": 3 }, "end": { "line": 85, "column": 32 } },
			"30": { "start": { "line": 89, "column": 1 }, "end": { "line": 89, "column": 36 } },
			"31": { "start": { "line": 89, "column": 24 }, "end": { "line": 89, "column": 34 } },
			"32": { "start": { "line": 90, "column": 1 }, "end": { "line": 90, "column": 39 } },
			"33": { "start": { "line": 90, "column": 23 }, "end": { "line": 90, "column": 37 } },
			"34": { "start": { "line": 91, "column": 1 }, "end": { "line": 91, "column": 39 } },
			"35": { "start": { "line": 91, "column": 23 }, "end": { "line": 91, "column": 37 } },
			"36": { "start": { "line": 93, "column": 1 }, "end": { "line": 93, "column": 8 } },
			"37": { "start": { "line": 97, "column": 0 }, "end": { "line": 97, "column": 54 } },
			"38": { "start": { "line": 100, "column": 0 }, "end": { "line": 155, "column": 3 } },
			"39": { "start": { "line": 101, "column": 13 }, "end": { "line": 101, "column": 23 } },
			"40": { "start": { "line": 102, "column": 23 }, "end": { "line": 102, "column": 88 } },
			"41": { "start": { "line": 103, "column": 21 }, "end": { "line": 103, "column": 42 } },
			"42": { "start": { "line": 104, "column": 22 }, "end": { "line": 104, "column": 97 } },
			"43": { "start": { "line": 105, "column": 27 }, "end": { "line": 105, "column": 40 } },
			"44": { "start": { "line": 106, "column": 26 }, "end": { "line": 106, "column": 38 } },
			"45": { "start": { "line": 107, "column": 18 }, "end": { "line": 107, "column": 39 } },
			"46": { "start": { "line": 108, "column": 21 }, "end": { "line": 108, "column": 33 } },
			"47": { "start": { "line": 109, "column": 18 }, "end": { "line": 113, "column": 2 } },
			"48": { "start": { "line": 114, "column": 31 }, "end": { "line": 116, "column": 5 } },
			"49": { "start": { "line": 117, "column": 26 }, "end": { "line": 119, "column": 5 } },
			"50": { "start": { "line": 121, "column": 1 }, "end": { "line": 154, "column": 4 } },
			"51": { "start": { "line": 158, "column": 0 }, "end": { "line": 168, "column": 3 } },
			"52": { "start": { "line": 159, "column": 1 }, "end": { "line": 164, "column": 4 } },
			"53": { "start": { "line": 167, "column": 1 }, "end": { "line": 167, "column": 80 } },
			"54": { "start": { "line": 171, "column": 0 }, "end": { "line": 173, "column": 3 } },
			"55": { "start": { "line": 172, "column": 1 }, "end": { "line": 172, "column": 23 } },
			"56": { "start": { "line": 176, "column": 0 }, "end": { "line": 200, "column": 3 } },
			"57": { "start": { "line": 177, "column": 1 }, "end": { "line": 177, "column": 57 } },
			"58": { "start": { "line": 179, "column": 19 }, "end": { "line": 191, "column": 2 } },
			"59": { "start": { "line": 193, "column": 1 }, "end": { "line": 197, "column": 4 } },
			"60": { "start": { "line": 199, "column": 1 }, "end": { "line": 199, "column": 21 } },
			"61": { "start": { "line": 203, "column": 0 }, "end": { "line": 457, "column": 3 } },
			"62": { "start": { "line": 204, "column": 1 }, "end": { "line": 204, "column": 60 } },
			"63": { "start": { "line": 205, "column": 1 }, "end": { "line": 217, "column": 4 } },
			"64": { "start": { "line": 219, "column": 1 }, "end": { "line": 456, "column": 2 } },
			"65": { "start": { "line": 230, "column": 6 }, "end": { "line": 230, "column": 14 } },
			"66": { "start": { "line": 233, "column": 2 }, "end": { "line": 245, "column": 3 } },
			"67": { "start": { "line": 234, "column": 3 }, "end": { "line": 240, "column": 6 } },
			"68": { "start": { "line": 241, "column": 3 }, "end": { "line": 244, "column": 6 } },
			"69": { "start": { "line": 248, "column": 2 }, "end": { "line": 264, "column": 3 } },
			"70": { "start": { "line": 249, "column": 3 }, "end": { "line": 255, "column": 4 } },
			"71": { "start": { "line": 250, "column": 4 }, "end": { "line": 250, "column": 78 } },
			"72": { "start": { "line": 251, "column": 4 }, "end": { "line": 254, "column": 7 } },
			"73": { "start": { "line": 256, "column": 9 }, "end": { "line": 264, "column": 3 } },
			"74": { "start": { "line": 257, "column": 3 }, "end": { "line": 263, "column": 4 } },
			"75": { "start": { "line": 258, "column": 4 }, "end": { "line": 258, "column": 88 } },
			"76": { "start": { "line": 259, "column": 4 }, "end": { "line": 262, "column": 7 } },
			"77": { "start": { "line": 267, "column": 24 }, "end": { "line": 267, "column": 133 } },
			"78": { "start": { "line": 268, "column": 2 }, "end": { "line": 273, "column": 3 } },
			"79": { "start": { "line": 269, "column": 3 }, "end": { "line": 272, "column": 6 } },
			"80": { "start": { "line": 276, "column": 24 }, "end": { "line": 276, "column": 76 } },
			"81": { "start": { "line": 278, "column": 2 }, "end": { "line": 288, "column": 5 } },
			"82": { "start": { "line": 293, "column": 2 }, "end": { "line": 328, "column": 3 } },
			"83": { "start": { "line": 295, "column": 3 }, "end": { "line": 295, "column": 66 } },
			"84": { "start": { "line": 296, "column": 3 }, "end": { "line": 301, "column": 6 } },
			"85": { "start": { "line": 304, "column": 3 }, "end": { "line": 304, "column": 71 } },
			"86": { "start": { "line": 305, "column": 18 }, "end": { "line": 311, "column": 4 } },
			"87": { "start": { "line": 314, "column": 3 }, "end": { "line": 319, "column": 4 } },
			"88": { "start": { "line": 315, "column": 4 }, "end": { "line": 315, "column": 41 } },
			"89": { "start": { "line": 316, "column": 4 }, "end": { "line": 316, "column": 71 } },
			"90": { "start": { "line": 318, "column": 4 }, "end": { "line": 318, "column": 80 } },
			"91": { "start": { "line": 322, "column": 3 }, "end": { "line": 325, "column": 4 } },
			"92": { "start": { "line": 323, "column": 4 }, "end": { "line": 323, "column": 32 } },
			"93": { "start": { "line": 324, "column": 4 }, "end": { "line": 324, "column": 79 } },
			"94": { "start": { "line": 327, "column": 3 }, "end": { "line": 327, "column": 50 } },
			"95": { "start": { "line": 331, "column": 18 }, "end": { "line": 334, "column": 3 } },
			"96": { "start": { "line": 337, "column": 29 }, "end": { "line": 337, "column": 80 } },
			"97": { "start": { "line": 339, "column": 2 }, "end": { "line": 391, "column": 3 } },
			"98": { "start": { "line": 341, "column": 55 }, "end": { "line": 341, "column": 63 } },
			"99": { "start": { "line": 343, "column": 3 }, "end": { "line": 359, "column": 4 } },
			"100": { "start": { "line": 344, "column": 4 }, "end": { "line": 348, "column": 7 } },
			"101": { "start": { "line": 350, "column": 4 }, "end": { "line": 350, "column": 76 } },
			"102": { "start": { "line": 351, "column": 4 }, "end": { "line": 351, "column": 66 } },
			"103": { "start": { "line": 354, "column": 4 }, "end": { "line": 354, "column": 80 } },
			"104": { "start": { "line": 355, "column": 4 }, "end": { "line": 358, "column": 7 } },
			"105": { "start": { "line": 360, "column": 9 }, "end": { "line": 391, "column": 3 } },
			"106": { "start": { "line": 361, "column": 3 }, "end": { "line": 382, "column": 4 } },
			"107": { "start": { "line": 363, "column": 24 }, "end": { "line": 363, "column": 87 } },
			"108": { "start": { "line": 364, "column": 4 }, "end": { "line": 364, "column": 54 } },
			"109": { "start": { "line": 365, "column": 4 }, "end": { "line": 371, "column": 7 } },
			"110": { "start": { "line": 375, "column": 4 }, "end": { "line": 375, "column": 60 } },
			"111": { "start": { "line": 376, "column": 4 }, "end": { "line": 381, "column": 7 } },
			"112": { "start": { "line": 385, "column": 3 }, "end": { "line": 390, "column": 6 } },
			"113": { "start": { "line": 393, "column": 2 }, "end": { "line": 402, "column": 5 } },
			"114": { "start": { "line": 405, "column": 24 }, "end": { "line": 409, "column": 4 } },
			"115": { "start": { "line": 411, "column": 2 }, "end": { "line": 416, "column": 5 } },
			"116": { "start": { "line": 418, "column": 23 }, "end": { "line": 418, "column": 49 } },
			"117": { "start": { "line": 420, "column": 2 }, "end": { "line": 428, "column": 3 } },
			"118": { "start": { "line": 421, "column": 3 }, "end": { "line": 426, "column": 6 } },
			"119": { "start": { "line": 427, "column": 3 }, "end": { "line": 427, "column": 62 } },
			"120": { "start": { "line": 430, "column": 2 }, "end": { "line": 438, "column": 5 } },
			"121": { "start": { "line": 441, "column": 2 }, "end": { "line": 441, "column": 59 } },
			"122": { "start": { "line": 442, "column": 2 }, "end": { "line": 442, "column": 39 } },
			"123": { "start": { "line": 444, "column": 2 }, "end": { "line": 444, "column": 56 } },
			"124": { "start": { "line": 445, "column": 2 }, "end": { "line": 445, "column": 25 } },
			"125": { "start": { "line": 447, "column": 2 }, "end": { "line": 451, "column": 5 } },
			"126": { "start": { "line": 452, "column": 2 }, "end": { "line": 455, "column": 5 } },
			"127": { "start": { "line": 460, "column": 0 }, "end": { "line": 534, "column": 3 } },
			"128": { "start": { "line": 461, "column": 1 }, "end": { "line": 533, "column": 2 } },
			"129": { "start": { "line": 462, "column": 2 }, "end": { "line": 468, "column": 5 } },
			"130": { "start": { "line": 470, "column": 85 }, "end": { "line": 470, "column": 93 } },
			"131": { "start": { "line": 472, "column": 2 }, "end": { "line": 477, "column": 3 } },
			"132": { "start": { "line": 473, "column": 3 }, "end": { "line": 476, "column": 6 } },
			"133": { "start": { "line": 479, "column": 24 }, "end": { "line": 479, "column": 77 } },
			"134": { "start": { "line": 482, "column": 18 }, "end": { "line": 486, "column": 3 } },
			"135": { "start": { "line": 489, "column": 15 }, "end": { "line": 489, "column": 47 } },
			"136": { "start": { "line": 491, "column": 2 }, "end": { "line": 491, "column": 96 } },
			"137": { "start": { "line": 492, "column": 2 }, "end": { "line": 492, "column": 73 } },
			"138": { "start": { "line": 493, "column": 2 }, "end": { "line": 493, "column": 64 } },
			"139": { "start": { "line": 494, "column": 2 }, "end": { "line": 494, "column": 82 } },
			"140": { "start": { "line": 495, "column": 2 }, "end": { "line": 495, "column": 95 } },
			"141": { "start": { "line": 496, "column": 2 }, "end": { "line": 496, "column": 76 } },
			"142": { "start": { "line": 497, "column": 2 }, "end": { "line": 497, "column": 59 } },
			"143": { "start": { "line": 499, "column": 19 }, "end": { "line": 503, "column": 4 } },
			"144": { "start": { "line": 505, "column": 15 }, "end": { "line": 505, "column": 36 } },
			"145": { "start": { "line": 507, "column": 2 }, "end": { "line": 517, "column": 3 } },
			"146": { "start": { "line": 508, "column": 3 }, "end": { "line": 515, "column": 6 } },
			"147": { "start": { "line": 516, "column": 3 }, "end": { "line": 516, "column": 49 } },
			"148": { "start": { "line": 519, "column": 2 }, "end": { "line": 521, "column": 4 } },
			"149": { "start": { "line": 523, "column": 2 }, "end": { "line": 523, "column": 51 } },
			"150": { "start": { "line": 524, "column": 2 }, "end": { "line": 524, "column": 41 } },
			"151": { "start": { "line": 526, "column": 2 }, "end": { "line": 526, "column": 17 } },
			"152": { "start": { "line": 528, "column": 2 }, "end": { "line": 528, "column": 61 } },
			"153": { "start": { "line": 529, "column": 2 }, "end": { "line": 532, "column": 5 } },
			"154": { "start": { "line": 537, "column": 0 }, "end": { "line": 663, "column": 3 } },
			"155": { "start": { "line": 538, "column": 1 }, "end": { "line": 662, "column": 2 } },
			"156": { "start": { "line": 547, "column": 6 }, "end": { "line": 547, "column": 14 } },
			"157": { "start": { "line": 549, "column": 2 }, "end": { "line": 558, "column": 5 } },
			"158": { "start": { "line": 560, "column": 2 }, "end": { "line": 565, "column": 3 } },
			"159": { "start": { "line": 561, "column": 3 }, "end": { "line": 564, "column": 6 } },
			"160": { "start": { "line": 567, "column": 21 }, "end": { "line": 567, "column": 63 } },
			"161": { "start": { "line": 568, "column": 2 }, "end": { "line": 568, "column": 79 } },
			"162": { "start": { "line": 571, "column": 28 }, "end": { "line": 574, "column": 4 } },
			"163": { "start": { "line": 577, "column": 2 }, "end": { "line": 579, "column": 3 } },
			"164": { "start": { "line": 578, "column": 3 }, "end": { "line": 578, "column": 64 } },
			"165": { "start": { "line": 582, "column": 2 }, "end": { "line": 613, "column": 3 } },
			"166": { "start": { "line": 584, "column": 3 }, "end": { "line": 584, "column": 77 } },
			"167": { "start": { "line": 586, "column": 9 }, "end": { "line": 613, "column": 3 } },
			"168": { "start": { "line": 587, "column": 3 }, "end": { "line": 593, "column": 4 } },
			"169": { "start": { "line": 588, "column": 4 }, "end": { "line": 592, "column": 7 } },
			"170": { "start": { "line": 594, "column": 3 }, "end": { "line": 594, "column": 60 } },
			"171": { "start": { "line": 595, "column": 9 }, "end": { "line": 613, "column": 3 } },
			"172": { "start": { "line": 596, "column": 70 }, "end": { "line": 596, "column": 78 } },
			"173": { "start": { "line": 598, "column": 3 }, "end": { "line": 612, "column": 4 } },
			"174": { "start": { "line": 599, "column": 4 }, "end": { "line": 602, "column": 7 } },
			"175": { "start": { "line": 603, "column": 4 }, "end": { "line": 603, "column": 69 } },
			"176": { "start": { "line": 604, "column": 4 }, "end": { "line": 604, "column": 67 } },
			"177": { "start": { "line": 607, "column": 4 }, "end": { "line": 607, "column": 80 } },
			"178": { "start": { "line": 608, "column": 4 }, "end": { "line": 611, "column": 7 } },
			"179": { "start": { "line": 616, "column": 18 }, "end": { "line": 619, "column": 3 } },
			"180": { "start": { "line": 622, "column": 2 }, "end": { "line": 627, "column": 3 } },
			"181": { "start": { "line": 623, "column": 21 }, "end": { "line": 623, "column": 84 } },
			"182": { "start": { "line": 624, "column": 3 }, "end": { "line": 624, "column": 51 } },
			"183": { "start": { "line": 626, "column": 3 }, "end": { "line": 626, "column": 45 } },
			"184": { "start": { "line": 629, "column": 2 }, "end": { "line": 629, "column": 93 } },
			"185": { "start": { "line": 630, "column": 2 }, "end": { "line": 630, "column": 62 } },
			"186": { "start": { "line": 632, "column": 19 }, "end": { "line": 636, "column": 4 } },
			"187": { "start": { "line": 638, "column": 15 }, "end": { "line": 638, "column": 36 } },
			"188": { "start": { "line": 640, "column": 2 }, "end": { "line": 648, "column": 3 } },
			"189": { "start": { "line": 641, "column": 3 }, "end": { "line": 646, "column": 6 } },
			"190": { "start": { "line": 647, "column": 3 }, "end": { "line": 647, "column": 49 } },
			"191": { "start": { "line": 650, "column": 2 }, "end": { "line": 650, "column": 69 } },
			"192": { "start": { "line": 653, "column": 2 }, "end": { "line": 653, "column": 51 } },
			"193": { "start": { "line": 655, "column": 2 }, "end": { "line": 655, "column": 17 } },
			"194": { "start": { "line": 657, "column": 2 }, "end": { "line": 657, "column": 59 } },
			"195": { "start": { "line": 658, "column": 2 }, "end": { "line": 661, "column": 5 } },
			"196": { "start": { "line": 666, "column": 0 }, "end": { "line": 706, "column": 3 } },
			"197": { "start": { "line": 667, "column": 1 }, "end": { "line": 705, "column": 2 } },
			"198": { "start": { "line": 668, "column": 43 }, "end": { "line": 668, "column": 52 } },
			"199": { "start": { "line": 670, "column": 2 }, "end": { "line": 675, "column": 3 } },
			"200": { "start": { "line": 671, "column": 3 }, "end": { "line": 674, "column": 6 } },
			"201": { "start": { "line": 677, "column": 27 }, "end": { "line": 677, "column": 83 } },
			"202": { "start": { "line": 679, "column": 19 }, "end": { "line": 685, "column": 4 } },
			"203": { "start": { "line": 687, "column": 15 }, "end": { "line": 687, "column": 36 } },
			"204": { "start": { "line": 689, "column": 2 }, "end": { "line": 692, "column": 3 } },
			"205": { "start": { "line": 690, "column": 3 }, "end": { "line": 690, "column": 52 } },
			"206": { "start": { "line": 691, "column": 3 }, "end": { "line": 691, "column": 49 } },
			"207": { "start": { "line": 694, "column": 2 }, "end": { "line": 694, "column": 83 } },
			"208": { "start": { "line": 696, "column": 2 }, "end": { "line": 696, "column": 51 } },
			"209": { "start": { "line": 698, "column": 2 }, "end": { "line": 698, "column": 17 } },
			"210": { "start": { "line": 700, "column": 2 }, "end": { "line": 700, "column": 51 } },
			"211": { "start": { "line": 701, "column": 2 }, "end": { "line": 704, "column": 5 } },
			"212": { "start": { "line": 709, "column": 0 }, "end": { "line": 753, "column": 3 } },
			"213": { "start": { "line": 710, "column": 1 }, "end": { "line": 752, "column": 2 } },
			"214": { "start": { "line": 711, "column": 43 }, "end": { "line": 711, "column": 51 } },
			"215": { "start": { "line": 713, "column": 2 }, "end": { "line": 718, "column": 3 } },
			"216": { "start": { "line": 714, "column": 3 }, "end": { "line": 717, "column": 6 } },
			"217": { "start": { "line": 721, "column": 27 }, "end": { "line": 721, "column": 83 } },
			"218": { "start": { "line": 723, "column": 19 }, "end": { "line": 729, "column": 4 } },
			"219": { "start": { "line": 731, "column": 2 }, "end": { "line": 745, "column": 3 } },
			"220": { "start": { "line": 732, "column": 20 }, "end": { "line": 732, "column": 41 } },
			"221": { "start": { "line": 733, "column": 3 }, "end": { "line": 737, "column": 6 } },
			"222": { "start": { "line": 739, "column": 21 }, "end": { "line": 739, "column": 42 } },
			"223": { "start": { "line": 740, "column": 3 }, "end": { "line": 744, "column": 6 } },
			"224": { "start": { "line": 747, "column": 2 }, "end": { "line": 747, "column": 59 } },
			"225": { "start": { "line": 748, "column": 2 }, "end": { "line": 751, "column": 5 } },
			"226": { "start": { "line": 756, "column": 0 }, "end": { "line": 821, "column": 3 } },
			"227": { "start": { "line": 757, "column": 1 }, "end": { "line": 820, "column": 2 } },
			"228": { "start": { "line": 769, "column": 6 }, "end": { "line": 769, "column": 14 } },
			"229": { "start": { "line": 771, "column": 2 }, "end": { "line": 776, "column": 3 } },
			"230": { "start": { "line": 772, "column": 3 }, "end": { "line": 775, "column": 6 } },
			"231": { "start": { "line": 778, "column": 25 }, "end": { "line": 778, "column": 79 } },
			"232": { "start": { "line": 780, "column": 2 }, "end": { "line": 780, "column": 86 } },
			"233": { "start": { "line": 782, "column": 19 }, "end": { "line": 782, "column": 40 } },
			"234": { "start": { "line": 783, "column": 2 }, "end": { "line": 783, "column": 42 } },
			"235": { "start": { "line": 784, "column": 2 }, "end": { "line": 784, "column": 45 } },
			"236": { "start": { "line": 784, "column": 13 }, "end": { "line": 784, "column": 45 } },
			"237": { "start": { "line": 785, "column": 2 }, "end": { "line": 785, "column": 54 } },
			"238": { "start": { "line": 785, "column": 16 }, "end": { "line": 785, "column": 54 } },
			"239": { "start": { "line": 786, "column": 2 }, "end": { "line": 786, "column": 60 } },
			"240": { "start": { "line": 786, "column": 18 }, "end": { "line": 786, "column": 60 } },
			"241": { "start": { "line": 787, "column": 2 }, "end": { "line": 787, "column": 48 } },
			"242": { "start": { "line": 787, "column": 14 }, "end": { "line": 787, "column": 48 } },
			"243": { "start": { "line": 788, "column": 2 }, "end": { "line": 788, "column": 62 } },
			"244": { "start": { "line": 788, "column": 15 }, "end": { "line": 788, "column": 62 } },
			"245": { "start": { "line": 789, "column": 2 }, "end": { "line": 789, "column": 60 } },
			"246": { "start": { "line": 789, "column": 18 }, "end": { "line": 789, "column": 60 } },
			"247": { "start": { "line": 790, "column": 2 }, "end": { "line": 790, "column": 48 } },
			"248": { "start": { "line": 790, "column": 14 }, "end": { "line": 790, "column": 48 } },
			"249": { "start": { "line": 791, "column": 2 }, "end": { "line": 791, "column": 72 } },
			"250": { "start": { "line": 791, "column": 22 }, "end": { "line": 791, "column": 72 } },
			"251": { "start": { "line": 793, "column": 19 }, "end": { "line": 800, "column": 4 } },
			"252": { "start": { "line": 802, "column": 15 }, "end": { "line": 802, "column": 36 } },
			"253": { "start": { "line": 804, "column": 2 }, "end": { "line": 807, "column": 3 } },
			"254": { "start": { "line": 805, "column": 3 }, "end": { "line": 805, "column": 64 } },
			"255": { "start": { "line": 806, "column": 3 }, "end": { "line": 806, "column": 49 } },
			"256": { "start": { "line": 809, "column": 2 }, "end": { "line": 809, "column": 73 } },
			"257": { "start": { "line": 811, "column": 2 }, "end": { "line": 811, "column": 51 } },
			"258": { "start": { "line": 813, "column": 2 }, "end": { "line": 813, "column": 17 } },
			"259": { "start": { "line": 815, "column": 2 }, "end": { "line": 815, "column": 63 } },
			"260": { "start": { "line": 816, "column": 2 }, "end": { "line": 819, "column": 5 } },
			"261": { "start": { "line": 824, "column": 0 }, "end": { "line": 864, "column": 3 } },
			"262": { "start": { "line": 825, "column": 1 }, "end": { "line": 863, "column": 2 } },
			"263": { "start": { "line": 826, "column": 43 }, "end": { "line": 826, "column": 52 } },
			"264": { "start": { "line": 828, "column": 2 }, "end": { "line": 833, "column": 3 } },
			"265": { "start": { "line": 829, "column": 3 }, "end": { "line": 832, "column": 6 } },
			"266": { "start": { "line": 835, "column": 27 }, "end": { "line": 835, "column": 83 } },
			"267": { "start": { "line": 837, "column": 19 }, "end": { "line": 843, "column": 4 } },
			"268": { "start": { "line": 845, "column": 15 }, "end": { "line": 845, "column": 36 } },
			"269": { "start": { "line": 847, "column": 2 }, "end": { "line": 850, "column": 3 } },
			"270": { "start": { "line": 848, "column": 3 }, "end": { "line": 848, "column": 59 } },
			"271": { "start": { "line": 849, "column": 3 }, "end": { "line": 849, "column": 49 } },
			"272": { "start": { "line": 852, "column": 2 }, "end": { "line": 852, "column": 90 } },
			"273": { "start": { "line": 854, "column": 2 }, "end": { "line": 854, "column": 51 } },
			"274": { "start": { "line": 856, "column": 2 }, "end": { "line": 856, "column": 17 } },
			"275": { "start": { "line": 858, "column": 2 }, "end": { "line": 858, "column": 58 } },
			"276": { "start": { "line": 859, "column": 2 }, "end": { "line": 862, "column": 5 } },
			"277": { "start": { "line": 867, "column": 0 }, "end": { "line": 926, "column": 3 } },
			"278": { "start": { "line": 868, "column": 1 }, "end": { "line": 925, "column": 2 } },
			"279": { "start": { "line": 869, "column": 69 }, "end": { "line": 869, "column": 77 } },
			"280": { "start": { "line": 871, "column": 2 }, "end": { "line": 876, "column": 3 } },
			"281": { "start": { "line": 872, "column": 3 }, "end": { "line": 875, "column": 6 } },
			"282": { "start": { "line": 878, "column": 22 }, "end": { "line": 878, "column": 73 } },
			"283": { "start": { "line": 880, "column": 2 }, "end": { "line": 880, "column": 71 } },
			"284": { "start": { "line": 882, "column": 19 }, "end": { "line": 882, "column": 40 } },
			"285": { "start": { "line": 883, "column": 2 }, "end": { "line": 887, "column": 5 } },
			"286": { "start": { "line": 884, "column": 3 }, "end": { "line": 886, "column": 4 } },
			"287": { "start": { "line": 885, "column": 4 }, "end": { "line": 885, "column": 43 } },
			"288": { "start": { "line": 889, "column": 18 }, "end": { "line": 892, "column": 3 } },
			"289": { "start": { "line": 896, "column": 2 }, "end": { "line": 899, "column": 3 } },
			"290": { "start": { "line": 897, "column": 3 }, "end": { "line": 897, "column": 43 } },
			"291": { "start": { "line": 898, "column": 3 }, "end": { "line": 898, "column": 51 } },
			"292": { "start": { "line": 901, "column": 19 }, "end": { "line": 905, "column": 4 } },
			"293": { "start": { "line": 907, "column": 15 }, "end": { "line": 907, "column": 36 } },
			"294": { "start": { "line": 909, "column": 2 }, "end": { "line": 912, "column": 3 } },
			"295": { "start": { "line": 910, "column": 3 }, "end": { "line": 910, "column": 47 } },
			"296": { "start": { "line": 911, "column": 3 }, "end": { "line": 911, "column": 49 } },
			"297": { "start": { "line": 914, "column": 2 }, "end": { "line": 914, "column": 56 } },
			"298": { "start": { "line": 916, "column": 2 }, "end": { "line": 916, "column": 51 } },
			"299": { "start": { "line": 918, "column": 2 }, "end": { "line": 918, "column": 17 } },
			"300": { "start": { "line": 920, "column": 2 }, "end": { "line": 920, "column": 46 } },
			"301": { "start": { "line": 921, "column": 2 }, "end": { "line": 924, "column": 5 } },
			"302": { "start": { "line": 929, "column": 0 }, "end": { "line": 975, "column": 3 } },
			"303": { "start": { "line": 930, "column": 1 }, "end": { "line": 974, "column": 2 } },
			"304": { "start": { "line": 931, "column": 29 }, "end": { "line": 931, "column": 38 } },
			"305": { "start": { "line": 933, "column": 2 }, "end": { "line": 938, "column": 3 } },
			"306": { "start": { "line": 934, "column": 3 }, "end": { "line": 937, "column": 6 } },
			"307": { "start": { "line": 940, "column": 18 }, "end": { "line": 940, "column": 70 } },
			"308": { "start": { "line": 942, "column": 2 }, "end": { "line": 942, "column": 73 } },
			"309": { "start": { "line": 944, "column": 19 }, "end": { "line": 950, "column": 4 } },
			"310": { "start": { "line": 952, "column": 2 }, "end": { "line": 958, "column": 3 } },
			"311": { "start": { "line": 953, "column": 3 }, "end": { "line": 953, "column": 84 } },
			"312": { "start": { "line": 954, "column": 3 }, "end": { "line": 957, "column": 6 } },
			"313": { "start": { "line": 960, "column": 15 }, "end": { "line": 960, "column": 36 } },
			"314": { "start": { "line": 962, "column": 2 }, "end": { "line": 962, "column": 67 } },
			"315": { "start": { "line": 964, "column": 2 }, "end": { "line": 967, "column": 5 } },
			"316": { "start": { "line": 969, "column": 2 }, "end": { "line": 969, "column": 47 } },
			"317": { "start": { "line": 970, "column": 2 }, "end": { "line": 973, "column": 5 } },
			"318": { "start": { "line": 978, "column": 0 }, "end": { "line": 1031, "column": 3 } },
			"319": { "start": { "line": 979, "column": 1 }, "end": { "line": 1030, "column": 2 } },
			"320": { "start": { "line": 980, "column": 62 }, "end": { "line": 980, "column": 70 } },
			"321": { "start": { "line": 982, "column": 2 }, "end": { "line": 987, "column": 3 } },
			"322": { "start": { "line": 983, "column": 3 }, "end": { "line": 986, "column": 6 } },
			"323": { "start": { "line": 989, "column": 2 }, "end": { "line": 989, "column": 68 } },
			"324": { "start": { "line": 992, "column": 15 }, "end": { "line": 992, "column": 35 } },
			"325": { "start": { "line": 994, "column": 2 }, "end": { "line": 1023, "column": 3 } },
			"326": { "start": { "line": 996, "column": 25 }, "end": { "line": 996, "column": 68 } },
			"327": { "start": { "line": 999, "column": 15 }, "end": { "line": 999, "column": 50 } },
			"328": { "start": { "line": 1002, "column": 16 }, "end": { "line": 1013, "column": 4 } },
			"329": { "start": { "line": 1015, "column": 3 }, "end": { "line": 1015, "column": 76 } },
			"330": { "start": { "line": 1016, "column": 3 }, "end": { "line": 1016, "column": 18 } },
			"331": { "start": { "line": 1018, "column": 3 }, "end": { "line": 1018, "column": 67 } },
			"332": { "start": { "line": 1019, "column": 3 }, "end": { "line": 1022, "column": 6 } },
			"333": { "start": { "line": 1025, "column": 2 }, "end": { "line": 1025, "column": 51 } },
			"334": { "start": { "line": 1026, "column": 2 }, "end": { "line": 1029, "column": 5 } },
			"335": { "start": { "line": 1035, "column": 0 }, "end": { "line": 1068, "column": 3 } },
			"336": { "start": { "line": 1036, "column": 1 }, "end": { "line": 1067, "column": 2 } },
			"337": { "start": { "line": 1037, "column": 2 }, "end": { "line": 1037, "column": 66 } },
			"338": { "start": { "line": 1040, "column": 2 }, "end": { "line": 1044, "column": 5 } },
			"339": { "start": { "line": 1048, "column": 15 }, "end": { "line": 1053, "column": 3 } },
			"340": { "start": { "line": 1055, "column": 2 }, "end": { "line": 1055, "column": 71 } },
			"341": { "start": { "line": 1056, "column": 2 }, "end": { "line": 1058, "column": 4 } },
			"342": { "start": { "line": 1060, "column": 2 }, "end": { "line": 1060, "column": 17 } },
			"343": { "start": { "line": 1062, "column": 2 }, "end": { "line": 1062, "column": 51 } },
			"344": { "start": { "line": 1063, "column": 2 }, "end": { "line": 1066, "column": 5 } },
			"345": { "start": { "line": 1071, "column": 0 }, "end": { "line": 1129, "column": 3 } },
			"346": { "start": { "line": 1072, "column": 1 }, "end": { "line": 1128, "column": 2 } },
			"347": { "start": { "line": 1073, "column": 2 }, "end": { "line": 1073, "column": 73 } },
			"348": { "start": { "line": 1076, "column": 2 }, "end": { "line": 1082, "column": 5 } },
			"349": { "start": { "line": 1086, "column": 37 }, "end": { "line": 1103, "column": 3 } },
			"350": { "start": { "line": 1088, "column": 17 }, "end": { "line": 1088, "column": 36 } },
			"351": { "start": { "line": 1089, "column": 3 }, "end": { "line": 1091, "column": 4 } },
			"352": { "start": { "line": 1089, "column": 16 }, "end": { "line": 1089, "column": 17 } },
			"353": { "start": { "line": 1090, "column": 4 }, "end": { "line": 1090, "column": 47 } },
			"354": { "start": { "line": 1093, "column": 3 }, "end": { "line": 1093, "column": 20 } },
			"355": { "start": { "line": 1096, "column": 18 }, "end": { "line": 1096, "column": 55 } },
			"356": { "start": { "line": 1097, "column": 19 }, "end": { "line": 1097, "column": 83 } },
			"357": { "start": { "line": 1099, "column": 3 }, "end": { "line": 1102, "column": 5 } },
			"358": { "start": { "line": 1105, "column": 21 }, "end": { "line": 1105, "column": 49 } },
			"359": { "start": { "line": 1107, "column": 15 }, "end": { "line": 1118, "column": 3 } },
			"360": { "start": { "line": 1120, "column": 2 }, "end": { "line": 1120, "column": 82 } },
			"361": { "start": { "line": 1121, "column": 2 }, "end": { "line": 1121, "column": 17 } },
			"362": { "start": { "line": 1123, "column": 2 }, "end": { "line": 1123, "column": 62 } },
			"363": { "start": { "line": 1124, "column": 2 }, "end": { "line": 1127, "column": 5 } },
			"364": { "start": { "line": 1132, "column": 0 }, "end": { "line": 1186, "column": 3 } },
			"365": { "start": { "line": 1133, "column": 1 }, "end": { "line": 1185, "column": 2 } },
			"366": { "start": { "line": 1134, "column": 2 }, "end": { "line": 1134, "column": 85 } },
			"367": { "start": { "line": 1137, "column": 2 }, "end": { "line": 1143, "column": 5 } },
			"368": { "start": { "line": 1146, "column": 37 }, "end": { "line": 1160, "column": 3 } },
			"369": { "start": { "line": 1147, "column": 17 }, "end": { "line": 1147, "column": 36 } },
			"370": { "start": { "line": 1148, "column": 3 }, "end": { "line": 1150, "column": 4 } },
			"371": { "start": { "line": 1148, "column": 16 }, "end": { "line": 1148, "column": 17 } },
			"372": { "start": { "line": 1149, "column": 4 }, "end": { "line": 1149, "column": 47 } },
			"373": { "start": { "line": 1151, "column": 3 }, "end": { "line": 1151, "column": 20 } },
			"374": { "start": { "line": 1153, "column": 18 }, "end": { "line": 1153, "column": 55 } },
			"375": { "start": { "line": 1154, "column": 19 }, "end": { "line": 1154, "column": 83 } },
			"376": { "start": { "line": 1156, "column": 3 }, "end": { "line": 1159, "column": 5 } },
			"377": { "start": { "line": 1162, "column": 21 }, "end": { "line": 1162, "column": 49 } },
			"378": { "start": { "line": 1164, "column": 15 }, "end": { "line": 1175, "column": 3 } },
			"379": { "start": { "line": 1177, "column": 2 }, "end": { "line": 1177, "column": 77 } },
			"380": { "start": { "line": 1178, "column": 2 }, "end": { "line": 1178, "column": 17 } },
			"381": { "start": { "line": 1180, "column": 2 }, "end": { "line": 1180, "column": 57 } },
			"382": { "start": { "line": 1181, "column": 2 }, "end": { "line": 1184, "column": 5 } },
			"383": { "start": { "line": 1189, "column": 0 }, "end": { "line": 1338, "column": 3 } },
			"384": { "start": { "line": 1190, "column": 1 }, "end": { "line": 1337, "column": 2 } },
			"385": { "start": { "line": 1191, "column": 44 }, "end": { "line": 1191, "column": 53 } },
			"386": { "start": { "line": 1193, "column": 2 }, "end": { "line": 1197, "column": 5 } },
			"387": { "start": { "line": 1199, "column": 2 }, "end": { "line": 1204, "column": 3 } },
			"388": { "start": { "line": 1200, "column": 3 }, "end": { "line": 1203, "column": 6 } },
			"389": { "start": { "line": 1207, "column": 19 }, "end": { "line": 1214, "column": 2 } },
			"390": { "start": { "line": 1216, "column": 17 }, "end": { "line": 1216, "column": 67 } },
			"391": { "start": { "line": 1217, "column": 23 }, "end": { "line": 1217, "column": 86 } },
			"392": { "start": { "line": 1219, "column": 2 }, "end": { "line": 1219, "column": 74 } },
			"393": { "start": { "line": 1221, "column": 2 }, "end": { "line": 1221, "column": 54 } },
			"394": { "start": { "line": 1223, "column": 19 }, "end": { "line": 1230, "column": 4 } },
			"395": { "start": { "line": 1232, "column": 2 }, "end": { "line": 1232, "column": 89 } },
			"396": { "start": { "line": 1234, "column": 2 }, "end": { "line": 1305, "column": 3 } },
			"397": { "start": { "line": 1235, "column": 3 }, "end": { "line": 1235, "column": 89 } },
			"398": { "start": { "line": 1236, "column": 21 }, "end": { "line": 1236, "column": 78 } },
			"399": { "start": { "line": 1236, "column": 55 }, "end": { "line": 1236, "column": 77 } },
			"400": { "start": { "line": 1237, "column": 3 }, "end": { "line": 1237, "column": 55 } },
			"401": { "start": { "line": 1240, "column": 26 }, "end": { "line": 1294, "column": 4 } },
			"402": { "start": { "line": 1296, "column": 3 }, "end": { "line": 1296, "column": 94 } },
			"403": { "start": { "line": 1298, "column": 3 }, "end": { "line": 1304, "column": 6 } },
			"404": { "start": { "line": 1307, "column": 24 }, "end": { "line": 1307, "column": 45 } },
			"405": { "start": { "line": 1310, "column": 2 }, "end": { "line": 1316, "column": 3 } },
			"406": { "start": { "line": 1315, "column": 3 }, "end": { "line": 1315, "column": 76 } },
			"407": { "start": { "line": 1318, "column": 2 }, "end": { "line": 1318, "column": 72 } },
			"408": { "start": { "line": 1320, "column": 2 }, "end": { "line": 1325, "column": 5 } },
			"409": { "start": { "line": 1327, "column": 2 }, "end": { "line": 1331, "column": 5 } },
			"410": { "start": { "line": 1332, "column": 2 }, "end": { "line": 1336, "column": 5 } },
			"411": { "start": { "line": 1341, "column": 0 }, "end": { "line": 1347, "column": 3 } },
			"412": { "start": { "line": 1342, "column": 1 }, "end": { "line": 1346, "column": 4 } },
			"413": { "start": { "line": 1350, "column": 0 }, "end": { "line": 1356, "column": 3 } },
			"414": { "start": { "line": 1352, "column": 1 }, "end": { "line": 1354, "column": 2 } },
			"415": { "start": { "line": 1353, "column": 2 }, "end": { "line": 1353, "column": 43 } },
			"416": { "start": { "line": 1355, "column": 1 }, "end": { "line": 1355, "column": 8 } },
			"417": { "start": { "line": 1359, "column": 0 }, "end": { "line": 1365, "column": 3 } },
			"418": { "start": { "line": 1360, "column": 1 }, "end": { "line": 1360, "column": 51 } },
			"419": { "start": { "line": 1361, "column": 1 }, "end": { "line": 1364, "column": 4 } },
			"420": { "start": { "line": 1369, "column": 17 }, "end": { "line": 1369, "column": 46 } },
			"421": { "start": { "line": 1372, "column": 1 }, "end": { "line": 1374, "column": 2 } },
			"422": { "start": { "line": 1373, "column": 2 }, "end": { "line": 1373, "column": 45 } },
			"423": { "start": { "line": 1376, "column": 17 }, "end": { "line": 1376, "column": 49 } },
			"424": { "start": { "line": 1377, "column": 18 }, "end": { "line": 1377, "column": 50 } },
			"425": { "start": { "line": 1380, "column": 1 }, "end": { "line": 1383, "column": 2 } },
			"426": { "start": { "line": 1381, "column": 2 }, "end": { "line": 1381, "column": 60 } },
			"427": { "start": { "line": 1382, "column": 2 }, "end": { "line": 1382, "column": 31 } },
			"428": { "start": { "line": 1385, "column": 1 }, "end": { "line": 1397, "column": 2 } },
			"429": { "start": { "line": 1386, "column": 2 }, "end": { "line": 1386, "column": 69 } },
			"430": { "start": { "line": 1387, "column": 2 }, "end": { "line": 1390, "column": 4 } },
			"431": { "start": { "line": 1391, "column": 2 }, "end": { "line": 1391, "column": 67 } },
			"432": { "start": { "line": 1392, "column": 2 }, "end": { "line": 1392, "column": 31 } },
			"433": { "start": { "line": 1394, "column": 2 }, "end": { "line": 1394, "column": 69 } },
			"434": { "start": { "line": 1395, "column": 2 }, "end": { "line": 1395, "column": 51 } },
			"435": { "start": { "line": 1396, "column": 2 }, "end": { "line": 1396, "column": 14 } },
			"436": { "start": { "line": 1401, "column": 14 }, "end": { "line": 1401, "column": 38 } },
			"437": { "start": { "line": 1406, "column": 0 }, "end": { "line": 1413, "column": 3 } },
			"438": { "start": { "line": 1407, "column": 1 }, "end": { "line": 1407, "column": 82 } },
			"439": { "start": { "line": 1408, "column": 1 }, "end": { "line": 1408, "column": 69 } },
			"440": { "start": { "line": 1409, "column": 1 }, "end": { "line": 1409, "column": 79 } },
			"441": { "start": { "line": 1410, "column": 1 }, "end": { "line": 1410, "column": 67 } },
			"442": { "start": { "line": 1411, "column": 1 }, "end": { "line": 1411, "column": 81 } },
			"443": { "start": { "line": 1412, "column": 1 }, "end": { "line": 1412, "column": 80 } },
			"444": { "start": { "line": 1416, "column": 0 }, "end": { "line": 1435, "column": 1 } },
			"445": { "start": { "line": 1417, "column": 1 }, "end": { "line": 1434, "column": 2 } },
			"446": { "start": { "line": 1418, "column": 18 }, "end": { "line": 1421, "column": 3 } },
			"447": { "start": { "line": 1423, "column": 2 }, "end": { "line": 1430, "column": 5 } },
			"448": { "start": { "line": 1424, "column": 3 }, "end": { "line": 1424, "column": 89 } },
			"449": { "start": { "line": 1425, "column": 3 }, "end": { "line": 1425, "column": 76 } },
			"450": { "start": { "line": 1426, "column": 3 }, "end": { "line": 1426, "column": 86 } },
			"451": { "start": { "line": 1427, "column": 3 }, "end": { "line": 1427, "column": 74 } },
			"452": { "start": { "line": 1428, "column": 3 }, "end": { "line": 1428, "column": 88 } },
			"453": { "start": { "line": 1429, "column": 3 }, "end": { "line": 1429, "column": 87 } },
			"454": { "start": { "line": 1432, "column": 2 }, "end": { "line": 1432, "column": 66 } },
			"455": { "start": { "line": 1433, "column": 2 }, "end": { "line": 1433, "column": 56 } },
			"456": { "start": { "line": 1438, "column": 0 }, "end": { "line": 1440, "column": 3 } },
			"457": { "start": { "line": 1439, "column": 1 }, "end": { "line": 1439, "column": 44 } },
			"458": { "start": { "line": 1442, "column": 0 }, "end": { "line": 1445, "column": 3 } },
			"459": { "start": { "line": 1443, "column": 14 }, "end": { "line": 1443, "column": 34 } },
			"460": { "start": { "line": 1444, "column": 1 }, "end": { "line": 1444, "column": 51 } },
			"461": { "start": { "line": 1447, "column": 0 }, "end": { "line": 1456, "column": 1 } },
			"462": { "start": { "line": 1448, "column": 1 }, "end": { "line": 1450, "column": 4 } },
			"463": { "start": { "line": 1449, "column": 2 }, "end": { "line": 1449, "column": 46 } },
			"464": { "start": { "line": 1452, "column": 1 }, "end": { "line": 1455, "column": 4 } },
			"465": { "start": { "line": 1453, "column": 15 }, "end": { "line": 1453, "column": 36 } },
			"466": { "start": { "line": 1454, "column": 2 }, "end": { "line": 1454, "column": 53 } }
		},
		"fnMap": {
			"0": {
				"name": "(anonymous_0)",
				"decl": { "start": { "line": 48, "column": 8 }, "end": { "line": 48, "column": 9 } },
				"loc": { "start": { "line": 48, "column": 29 }, "end": { "line": 61, "column": 1 } },
				"line": 48
			},
			"1": {
				"name": "(anonymous_1)",
				"decl": { "start": { "line": 67, "column": 8 }, "end": { "line": 67, "column": 9 } },
				"loc": { "start": { "line": 67, "column": 28 }, "end": { "line": 94, "column": 1 } },
				"line": 67
			},
			"2": {
				"name": "(anonymous_2)",
				"decl": { "start": { "line": 73, "column": 18 }, "end": { "line": 73, "column": 19 } },
				"loc": { "start": { "line": 73, "column": 39 }, "end": { "line": 87, "column": 2 } },
				"line": 73
			},
			"3": {
				"name": "(anonymous_3)",
				"decl": { "start": { "line": 89, "column": 18 }, "end": { "line": 89, "column": 19 } },
				"loc": { "start": { "line": 89, "column": 24 }, "end": { "line": 89, "column": 34 } },
				"line": 89
			},
			"4": {
				"name": "(anonymous_4)",
				"decl": { "start": { "line": 90, "column": 17 }, "end": { "line": 90, "column": 18 } },
				"loc": { "start": { "line": 90, "column": 23 }, "end": { "line": 90, "column": 37 } },
				"line": 90
			},
			"5": {
				"name": "(anonymous_5)",
				"decl": { "start": { "line": 91, "column": 17 }, "end": { "line": 91, "column": 18 } },
				"loc": { "start": { "line": 91, "column": 23 }, "end": { "line": 91, "column": 37 } },
				"line": 91
			},
			"6": {
				"name": "(anonymous_6)",
				"decl": { "start": { "line": 100, "column": 23 }, "end": { "line": 100, "column": 24 } },
				"loc": { "start": { "line": 100, "column": 38 }, "end": { "line": 155, "column": 1 } },
				"line": 100
			},
			"7": {
				"name": "(anonymous_7)",
				"decl": { "start": { "line": 158, "column": 21 }, "end": { "line": 158, "column": 22 } },
				"loc": { "start": { "line": 158, "column": 35 }, "end": { "line": 168, "column": 1 } },
				"line": 158
			},
			"8": {
				"name": "(anonymous_8)",
				"decl": { "start": { "line": 171, "column": 24 }, "end": { "line": 171, "column": 25 } },
				"loc": { "start": { "line": 171, "column": 39 }, "end": { "line": 173, "column": 1 } },
				"line": 171
			},
			"9": {
				"name": "(anonymous_9)",
				"decl": { "start": { "line": 176, "column": 27 }, "end": { "line": 176, "column": 28 } },
				"loc": { "start": { "line": 176, "column": 42 }, "end": { "line": 200, "column": 1 } },
				"line": 176
			},
			"10": {
				"name": "(anonymous_10)",
				"decl": { "start": { "line": 203, "column": 32 }, "end": { "line": 203, "column": 33 } },
				"loc": { "start": { "line": 203, "column": 52 }, "end": { "line": 457, "column": 1 } },
				"line": 203
			},
			"11": {
				"name": "(anonymous_11)",
				"decl": { "start": { "line": 460, "column": 36 }, "end": { "line": 460, "column": 37 } },
				"loc": { "start": { "line": 460, "column": 56 }, "end": { "line": 534, "column": 1 } },
				"line": 460
			},
			"12": {
				"name": "(anonymous_12)",
				"decl": { "start": { "line": 537, "column": 34 }, "end": { "line": 537, "column": 35 } },
				"loc": { "start": { "line": 537, "column": 54 }, "end": { "line": 663, "column": 1 } },
				"line": 537
			},
			"13": {
				"name": "(anonymous_13)",
				"decl": { "start": { "line": 666, "column": 25 }, "end": { "line": 666, "column": 26 } },
				"loc": { "start": { "line": 666, "column": 45 }, "end": { "line": 706, "column": 1 } },
				"line": 666
			},
			"14": {
				"name": "(anonymous_14)",
				"decl": { "start": { "line": 709, "column": 32 }, "end": { "line": 709, "column": 33 } },
				"loc": { "start": { "line": 709, "column": 52 }, "end": { "line": 753, "column": 1 } },
				"line": 709
			},
			"15": {
				"name": "(anonymous_15)",
				"decl": { "start": { "line": 756, "column": 38 }, "end": { "line": 756, "column": 39 } },
				"loc": { "start": { "line": 756, "column": 58 }, "end": { "line": 821, "column": 1 } },
				"line": 756
			},
			"16": {
				"name": "(anonymous_16)",
				"decl": { "start": { "line": 824, "column": 32 }, "end": { "line": 824, "column": 33 } },
				"loc": { "start": { "line": 824, "column": 52 }, "end": { "line": 864, "column": 1 } },
				"line": 824
			},
			"17": {
				"name": "(anonymous_17)",
				"decl": { "start": { "line": 867, "column": 21 }, "end": { "line": 867, "column": 22 } },
				"loc": { "start": { "line": 867, "column": 41 }, "end": { "line": 926, "column": 1 } },
				"line": 867
			},
			"18": {
				"name": "(anonymous_18)",
				"decl": { "start": { "line": 883, "column": 36 }, "end": { "line": 883, "column": 37 } },
				"loc": { "start": { "line": 883, "column": 54 }, "end": { "line": 887, "column": 3 } },
				"line": 883
			},
			"19": {
				"name": "(anonymous_19)",
				"decl": { "start": { "line": 929, "column": 21 }, "end": { "line": 929, "column": 22 } },
				"loc": { "start": { "line": 929, "column": 41 }, "end": { "line": 975, "column": 1 } },
				"line": 929
			},
			"20": {
				"name": "(anonymous_20)",
				"decl": { "start": { "line": 978, "column": 27 }, "end": { "line": 978, "column": 28 } },
				"loc": { "start": { "line": 978, "column": 47 }, "end": { "line": 1031, "column": 1 } },
				"line": 978
			},
			"21": {
				"name": "(anonymous_21)",
				"decl": { "start": { "line": 1035, "column": 34 }, "end": { "line": 1035, "column": 35 } },
				"loc": { "start": { "line": 1035, "column": 55 }, "end": { "line": 1068, "column": 1 } },
				"line": 1035
			},
			"22": {
				"name": "(anonymous_22)",
				"decl": { "start": { "line": 1071, "column": 17 }, "end": { "line": 1071, "column": 18 } },
				"loc": { "start": { "line": 1071, "column": 38 }, "end": { "line": 1129, "column": 1 } },
				"line": 1071
			},
			"23": {
				"name": "(anonymous_23)",
				"decl": { "start": { "line": 1086, "column": 37 }, "end": { "line": 1086, "column": 38 } },
				"loc": { "start": { "line": 1086, "column": 43 }, "end": { "line": 1103, "column": 3 } },
				"line": 1086
			},
			"24": {
				"name": "(anonymous_24)",
				"decl": { "start": { "line": 1132, "column": 32 }, "end": { "line": 1132, "column": 33 } },
				"loc": { "start": { "line": 1132, "column": 53 }, "end": { "line": 1186, "column": 1 } },
				"line": 1132
			},
			"25": {
				"name": "(anonymous_25)",
				"decl": { "start": { "line": 1146, "column": 37 }, "end": { "line": 1146, "column": 38 } },
				"loc": { "start": { "line": 1146, "column": 43 }, "end": { "line": 1160, "column": 3 } },
				"line": 1146
			},
			"26": {
				"name": "(anonymous_26)",
				"decl": { "start": { "line": 1189, "column": 26 }, "end": { "line": 1189, "column": 27 } },
				"loc": { "start": { "line": 1189, "column": 46 }, "end": { "line": 1338, "column": 1 } },
				"line": 1189
			},
			"27": {
				"name": "(anonymous_27)",
				"decl": { "start": { "line": 1236, "column": 49 }, "end": { "line": 1236, "column": 50 } },
				"loc": { "start": { "line": 1236, "column": 55 }, "end": { "line": 1236, "column": 77 } },
				"line": 1236
			},
			"28": {
				"name": "(anonymous_28)",
				"decl": { "start": { "line": 1341, "column": 16 }, "end": { "line": 1341, "column": 17 } },
				"loc": { "start": { "line": 1341, "column": 30 }, "end": { "line": 1347, "column": 1 } },
				"line": 1341
			},
			"29": {
				"name": "(anonymous_29)",
				"decl": { "start": { "line": 1350, "column": 8 }, "end": { "line": 1350, "column": 9 } },
				"loc": { "start": { "line": 1350, "column": 28 }, "end": { "line": 1356, "column": 1 } },
				"line": 1350
			},
			"30": {
				"name": "(anonymous_30)",
				"decl": { "start": { "line": 1359, "column": 8 }, "end": { "line": 1359, "column": 9 } },
				"loc": { "start": { "line": 1359, "column": 37 }, "end": { "line": 1365, "column": 1 } },
				"line": 1359
			},
			"31": {
				"name": "generateSelfSignedCert",
				"decl": { "start": { "line": 1368, "column": 9 }, "end": { "line": 1368, "column": 31 } },
				"loc": { "start": { "line": 1368, "column": 34 }, "end": { "line": 1398, "column": 1 } },
				"line": 1368
			},
			"32": {
				"name": "(anonymous_32)",
				"decl": { "start": { "line": 1406, "column": 41 }, "end": { "line": 1406, "column": 42 } },
				"loc": { "start": { "line": 1406, "column": 47 }, "end": { "line": 1413, "column": 1 } },
				"line": 1406
			},
			"33": {
				"name": "(anonymous_33)",
				"decl": { "start": { "line": 1423, "column": 77 }, "end": { "line": 1423, "column": 78 } },
				"loc": { "start": { "line": 1423, "column": 83 }, "end": { "line": 1430, "column": 3 } },
				"line": 1423
			},
			"34": {
				"name": "(anonymous_34)",
				"decl": { "start": { "line": 1438, "column": 23 }, "end": { "line": 1438, "column": 24 } },
				"loc": { "start": { "line": 1438, "column": 32 }, "end": { "line": 1440, "column": 1 } },
				"line": 1438
			},
			"35": {
				"name": "(anonymous_35)",
				"decl": { "start": { "line": 1442, "column": 27 }, "end": { "line": 1442, "column": 28 } },
				"loc": { "start": { "line": 1442, "column": 33 }, "end": { "line": 1445, "column": 1 } },
				"line": 1442
			},
			"36": {
				"name": "(anonymous_36)",
				"decl": { "start": { "line": 1448, "column": 25 }, "end": { "line": 1448, "column": 26 } },
				"loc": { "start": { "line": 1448, "column": 34 }, "end": { "line": 1450, "column": 2 } },
				"line": 1448
			},
			"37": {
				"name": "(anonymous_37)",
				"decl": { "start": { "line": 1452, "column": 29 }, "end": { "line": 1452, "column": 30 } },
				"loc": { "start": { "line": 1452, "column": 35 }, "end": { "line": 1455, "column": 2 } },
				"line": 1452
			}
		},
		"branchMap": {
			"0": {
				"loc": { "start": { "line": 22, "column": 13 }, "end": { "line": 22, "column": 37 } },
				"type": "binary-expr",
				"locations": [
					{ "start": { "line": 22, "column": 13 }, "end": { "line": 22, "column": 29 } },
					{ "start": { "line": 22, "column": 33 }, "end": { "line": 22, "column": 37 } }
				],
				"line": 22
			},
			"1": {
				"loc": { "start": { "line": 34, "column": 10 }, "end": { "line": 39, "column": 3 } },
				"type": "binary-expr",
				"locations": [
					{ "start": { "line": 34, "column": 10 }, "end": { "line": 34, "column": 34 } },
					{ "start": { "line": 34, "column": 38 }, "end": { "line": 39, "column": 3 } }
				],
				"line": 34
			},
			"2": {
				"loc": { "start": { "line": 73, "column": 19 }, "end": { "line": 73, "column": 34 } },
				"type": "default-arg",
				"locations": [
					{ "start": { "line": 73, "column": 29 }, "end": { "line": 73, "column": 34 } }
				],
				"line": 73
			},
			"3": {
				"loc": { "start": { "line": 74, "column": 2 }, "end": { "line": 76, "column": 3 } },
				"type": "if",
				"locations": [
					{ "start": { "line": 74, "column": 2 }, "end": { "line": 76, "column": 3 } },
					{ "start": {}, "end": {} }
				],
				"line": 74
			},
			"4": {
				"loc": { "start": { "line": 81, "column": 2 }, "end": { "line": 83, "column": 3 } },
				"type": "if",
				"locations": [
					{ "start": { "line": 81, "column": 2 }, "end": { "line": 83, "column": 3 } },
					{ "start": {}, "end": {} }
				],
				"line": 81
			},
			"5": {
				"loc": { "start": { "line": 84, "column": 2 }, "end": { "line": 86, "column": 3 } },
				"type": "if",
				"locations": [
					{ "start": { "line": 84, "column": 2 }, "end": { "line": 86, "column": 3 } },
					{ "start": {}, "end": {} }
				],
				"line": 84
			},
			"6": {
				"loc": { "start": { "line": 84, "column": 6 }, "end": { "line": 84, "column": 38 } },
				"type": "binary-expr",
				"locations": [
					{ "start": { "line": 84, "column": 6 }, "end": { "line": 84, "column": 13 } },
					{ "start": { "line": 84, "column": 17 }, "end": { "line": 84, "column": 38 } }
				],
				"line": 84
			},
			"7": {
				"loc": { "start": { "line": 104, "column": 22 }, "end": { "line": 104, "column": 97 } },
				"type": "cond-expr",
				"locations": [
					{ "start": { "line": 104, "column": 69 }, "end": { "line": 104, "column": 93 } },
					{ "start": { "line": 104, "column": 96 }, "end": { "line": 104, "column": 97 } }
				],
				"line": 104
			},
			"8": {
				"loc": { "start": { "line": 107, "column": 18 }, "end": { "line": 107, "column": 39 } },
				"type": "binary-expr",
				"locations": [
					{ "start": { "line": 107, "column": 18 }, "end": { "line": 107, "column": 34 } },
					{ "start": { "line": 107, "column": 38 }, "end": { "line": 107, "column": 39 } }
				],
				"line": 107
			},
			"9": {
				"loc": { "start": { "line": 114, "column": 31 }, "end": { "line": 116, "column": 5 } },
				"type": "cond-expr",
				"locations": [
					{ "start": { "line": 115, "column": 4 }, "end": { "line": 115, "column": 65 } },
					{ "start": { "line": 116, "column": 4 }, "end": { "line": 116, "column": 5 } }
				],
				"line": 114
			},
			"10": {
				"loc": { "start": { "line": 117, "column": 26 }, "end": { "line": 119, "column": 5 } },
				"type": "cond-expr",
				"locations": [
					{ "start": { "line": 118, "column": 4 }, "end": { "line": 118, "column": 64 } },
					{ "start": { "line": 119, "column": 4 }, "end": { "line": 119, "column": 5 } }
				],
				"line": 117
			},
			"11": {
				"loc": { "start": { "line": 128, "column": 15 }, "end": { "line": 128, "column": 52 } },
				"type": "binary-expr",
				"locations": [
					{ "start": { "line": 128, "column": 15 }, "end": { "line": 128, "column": 35 } },
					{ "start": { "line": 128, "column": 39 }, "end": { "line": 128, "column": 52 } }
				],
				"line": 128
			},
			"12": {
				"loc": { "start": { "line": 160, "column": 8 }, "end": { "line": 160, "column": 73 } },
				"type": "cond-expr",
				"locations": [
					{ "start": { "line": 160, "column": 25 }, "end": { "line": 160, "column": 64 } },
					{ "start": { "line": 160, "column": 67 }, "end": { "line": 160, "column": 73 } }
				],
				"line": 160
			},
			"13": {
				"loc": { "start": { "line": 167, "column": 49 }, "end": { "line": 167, "column": 76 } },
				"type": "binary-expr",
				"locations": [
					{ "start": { "line": 167, "column": 49 }, "end": { "line": 167, "column": 70 } },
					{ "start": { "line": 167, "column": 74 }, "end": { "line": 167, "column": 76 } }
				],
				"line": 167
			},
			"14": {
				"loc": { "start": { "line": 181, "column": 3 }, "end": { "line": 181, "column": 86 } },
				"type": "binary-expr",
				"locations": [
					{ "start": { "line": 181, "column": 3 }, "end": { "line": 181, "column": 37 } },
					{ "start": { "line": 181, "column": 41 }, "end": { "line": 181, "column": 80 } },
					{ "start": { "line": 181, "column": 84 }, "end": { "line": 181, "column": 86 } }
				],
				"line": 181
			},
			"15": {
				"loc": { "start": { "line": 182, "column": 12 }, "end": { "line": 182, "column": 85 } },
				"type": "binary-expr",
				"locations": [
					{ "start": { "line": 182, "column": 12 }, "end": { "line": 182, "column": 41 } },
					{ "start": { "line": 182, "column": 45 }, "end": { "line": 182, "column": 79 } },
					{ "start": { "line": 182, "column": 83 }, "end": { "line": 182, "column": 85 } }
				],
				"line": 182
			},
			"16": {
				"loc": { "start": { "line": 183, "column": 16 }, "end": { "line": 183, "column": 97 } },
				"type": "binary-expr",
				"locations": [
					{ "start": { "line": 183, "column": 16 }, "end": { "line": 183, "column": 49 } },
					{ "start": { "line": 183, "column": 53 }, "end": { "line": 183, "column": 91 } },
					{ "start": { "line": 183, "column": 95 }, "end": { "line": 183, "column": 97 } }
				],
				"line": 183
			},
			"17": {
				"loc": { "start": { "line": 185, "column": 3 }, "end": { "line": 187, "column": 42 } },
				"type": "binary-expr",
				"locations": [
					{ "start": { "line": 185, "column": 3 }, "end": { "line": 185, "column": 35 } },
					{ "start": { "line": 186, "column": 3 }, "end": { "line": 186, "column": 40 } },
					{ "start": { "line": 187, "column": 3 }, "end": { "line": 187, "column": 42 } }
				],
				"line": 185
			},
			"18": {
				"loc": { "start": { "line": 190, "column": 3 }, "end": { "line": 190, "column": 96 } },
				"type": "binary-expr",
				"locations": [
					{ "start": { "line": 190, "column": 3 }, "end": { "line": 190, "column": 30 } },
					{ "start": { "line": 190, "column": 34 }, "end": { "line": 190, "column": 66 } },
					{ "start": { "line": 190, "column": 70 }, "end": { "line": 190, "column": 96 } }
				],
				"line": 190
			},
			"19": {
				"loc": { "start": { "line": 233, "column": 2 }, "end": { "line": 245, "column": 3 } },
				"type": "if",
				"locations": [
					{ "start": { "line": 233, "column": 2 }, "end": { "line": 245, "column": 3 } },
					{ "start": {}, "end": {} }
				],
				"line": 233
			},
			"20": {
				"loc": { "start": { "line": 233, "column": 6 }, "end": { "line": 233, "column": 58 } },
				"type": "binary-expr",
				"locations": [
					{ "start": { "line": 233, "column": 6 }, "end": { "line": 233, "column": 17 } },
					{ "start": { "line": 233, "column": 21 }, "end": { "line": 233, "column": 31 } },
					{ "start": { "line": 233, "column": 35 }, "end": { "line": 233, "column": 58 } }
				],
				"line": 233
			},
			"21": {
				"loc": { "start": { "line": 239, "column": 20 }, "end": { "line": 239, "column": 42 } },
				"type": "binary-expr",
				"locations": [
					{ "start": { "line": 239, "column": 20 }, "end": { "line": 239, "column": 37 } },
					{ "start": { "line": 239, "column": 41 }, "end": { "line": 239, "column": 42 } }
				],
				"line": 239
			},
			"22": {
				"loc": { "start": { "line": 248, "column": 2 }, "end": { "line": 264, "column": 3 } },
				"type": "if",
				"locations": [
					{ "start": { "line": 248, "column": 2 }, "end": { "line": 264, "column": 3 } },
					{ "start": { "line": 256, "column": 9 }, "end": { "line": 264, "column": 3 } }
				],
				"line": 248
			},
			"23": {
				"loc": { "start": { "line": 249, "column": 3 }, "end": { "line": 255, "column": 4 } },
				"type": "if",
				"locations": [
					{ "start": { "line": 249, "column": 3 }, "end": { "line": 255, "column": 4 } },
					{ "start": {}, "end": {} }
				],
				"line": 249
			},
			"24": {
				"loc": { "start": { "line": 249, "column": 7 }, "end": { "line": 249, "column": 52 } },
				"type": "binary-expr",
				"locations": [
					{ "start": { "line": 249, "column": 7 }, "end": { "line": 249, "column": 21 } },
					{ "start": { "line": 249, "column": 25 }, "end": { "line": 249, "column": 52 } }
				],
				"line": 249
			},
			"25": {
				"loc": { "start": { "line": 256, "column": 9 }, "end": { "line": 264, "column": 3 } },
				"type": "if",
				"locations": [
					{ "start": { "line": 256, "column": 9 }, "end": { "line": 264, "column": 3 } },
					{ "start": {}, "end": {} }
				],
				"line": 256
			},
			"26": {
				"loc": { "start": { "line": 257, "column": 3 }, "end": { "line": 263, "column": 4 } },
				"type": "if",
				"locations": [
					{ "start": { "line": 257, "column": 3 }, "end": { "line": 263, "column": 4 } },
					{ "start": {}, "end": {} }
				],
				"line": 257
			},
			"27": {
				"loc": { "start": { "line": 257, "column": 7 }, "end": { "line": 257, "column": 34 } },
				"type": "binary-expr",
				"locations": [
					{ "start": { "line": 257, "column": 7 }, "end": { "line": 257, "column": 12 } },
					{ "start": { "line": 257, "column": 16 }, "end": { "line": 257, "column": 34 } }
				],
				"line": 257
			},
			"28": {
				"loc": { "start": { "line": 267, "column": 24 }, "end": { "line": 267, "column": 133 } },
				"type": "binary-expr",
				"locations": [
					{ "start": { "line": 267, "column": 24 }, "end": { "line": 267, "column": 47 } },
					{ "start": { "line": 267, "column": 52 }, "end": { "line": 267, "column": 132 } }
				],
				"line": 267
			},
			"29": {
				"loc": { "start": { "line": 267, "column": 52 }, "end": { "line": 267, "column": 132 } },
				"type": "cond-expr",
				"locations": [
					{ "start": { "line": 267, "column": 86 }, "end": { "line": 267, "column": 120 } },
					{ "start": { "line": 267, "column": 123 }, "end": { "line": 267, "column": 132 } }
				],
				"line": 267
			},
			"30": {
				"loc": { "start": { "line": 268, "column": 2 }, "end": { "line": 273, "column": 3 } },
				"type": "if",
				"locations": [
					{ "start": { "line": 268, "column": 2 }, "end": { "line": 273, "column": 3 } },
					{ "start": {}, "end": {} }
				],
				"line": 268
			},
			"31": {
				"loc": { "start": { "line": 287, "column": 21 }, "end": { "line": 287, "column": 72 } },
				"type": "binary-expr",
				"locations": [
					{ "start": { "line": 287, "column": 21 }, "end": { "line": 287, "column": 48 } },
					{ "start": { "line": 287, "column": 52 }, "end": { "line": 287, "column": 72 } }
				],
				"line": 287
			},
			"32": {
				"loc": { "start": { "line": 293, "column": 2 }, "end": { "line": 328, "column": 3 } },
				"type": "if",
				"locations": [
					{ "start": { "line": 293, "column": 2 }, "end": { "line": 328, "column": 3 } },
					{ "start": { "line": 302, "column": 9 }, "end": { "line": 328, "column": 3 } }
				],
				"line": 293
			},
			"33": {
				"loc": { "start": { "line": 300, "column": 11 }, "end": { "line": 300, "column": 42 } },
				"type": "binary-expr",
				"locations": [
					{ "start": { "line": 300, "column": 11 }, "end": { "line": 300, "column": 16 } },
					{ "start": { "line": 300, "column": 20 }, "end": { "line": 300, "column": 42 } }
				],
				"line": 300
			},
			"34": {
				"loc": { "start": { "line": 308, "column": 18 }, "end": { "line": 308, "column": 36 } },
				"type": "binary-expr",
				"locations": [
					{ "start": { "line": 308, "column": 18 }, "end": { "line": 308, "column": 30 } },
					{ "start": { "line": 308, "column": 34 }, "end": { "line": 308, "column": 36 } }
				],
				"line": 308
			},
			"35": {
				"loc": { "start": { "line": 309, "column": 10 }, "end": { "line": 309, "column": 20 } },
				"type": "binary-expr",
				"locations": [
					{ "start": { "line": 309, "column": 10 }, "end": { "line": 309, "column": 14 } },
					{ "start": { "line": 309, "column": 18 }, "end": { "line": 309, "column": 20 } }
				],
				"line": 309
			},
			"36": {
				"loc": { "start": { "line": 310, "column": 11 }, "end": { "line": 310, "column": 42 } },
				"type": "binary-expr",
				"locations": [
					{ "start": { "line": 310, "column": 11 }, "end": { "line": 310, "column": 16 } },
					{ "start": { "line": 310, "column": 20 }, "end": { "line": 310, "column": 42 } }
				],
				"line": 310
			},
			"37": {
				"loc": { "start": { "line": 314, "column": 3 }, "end": { "line": 319, "column": 4 } },
				"type": "if",
				"locations": [
					{ "start": { "line": 314, "column": 3 }, "end": { "line": 319, "column": 4 } },
					{ "start": { "line": 317, "column": 10 }, "end": { "line": 319, "column": 4 } }
				],
				"line": 314
			},
			"38": {
				"loc": { "start": { "line": 314, "column": 7 }, "end": { "line": 314, "column": 51 } },
				"type": "binary-expr",
				"locations": [
					{ "start": { "line": 314, "column": 7 }, "end": { "line": 314, "column": 20 } },
					{ "start": { "line": 314, "column": 24 }, "end": { "line": 314, "column": 51 } }
				],
				"line": 314
			},
			"39": {
				"loc": { "start": { "line": 322, "column": 3 }, "end": { "line": 325, "column": 4 } },
				"type": "if",
				"locations": [
					{ "start": { "line": 322, "column": 3 }, "end": { "line": 325, "column": 4 } },
					{ "start": {}, "end": {} }
				],
				"line": 322
			},
			"40": {
				"loc": { "start": { "line": 322, "column": 7 }, "end": { "line": 322, "column": 87 } },
				"type": "binary-expr",
				"locations": [
					{ "start": { "line": 322, "column": 7 }, "end": { "line": 322, "column": 44 } },
					{ "start": { "line": 322, "column": 48 }, "end": { "line": 322, "column": 87 } }
				],
				"line": 322
			},
			"41": {
				"loc": { "start": { "line": 337, "column": 29 }, "end": { "line": 337, "column": 80 } },
				"type": "binary-expr",
				"locations": [
					{ "start": { "line": 337, "column": 29 }, "end": { "line": 337, "column": 56 } },
					{ "start": { "line": 337, "column": 60 }, "end": { "line": 337, "column": 80 } }
				],
				"line": 337
			},
			"42": {
				"loc": { "start": { "line": 339, "column": 2 }, "end": { "line": 391, "column": 3 } },
				"type": "if",
				"locations": [
					{ "start": { "line": 339, "column": 2 }, "end": { "line": 391, "column": 3 } },
					{ "start": { "line": 360, "column": 9 }, "end": { "line": 391, "column": 3 } }
				],
				"line": 339
			},
			"43": {
				"loc": { "start": { "line": 339, "column": 6 }, "end": { "line": 339, "column": 92 } },
				"type": "binary-expr",
				"locations": [
					{ "start": { "line": 339, "column": 6 }, "end": { "line": 339, "column": 48 } },
					{ "start": { "line": 339, "column": 52 }, "end": { "line": 339, "column": 92 } }
				],
				"line": 339
			},
			"44": {
				"loc": { "start": { "line": 343, "column": 3 }, "end": { "line": 359, "column": 4 } },
				"type": "if",
				"locations": [
					{ "start": { "line": 343, "column": 3 }, "end": { "line": 359, "column": 4 } },
					{ "start": { "line": 353, "column": 10 }, "end": { "line": 359, "column": 4 } }
				],
				"line": 343
			},
			"45": {
				"loc": { "start": { "line": 343, "column": 7 }, "end": { "line": 343, "column": 48 } },
				"type": "binary-expr",
				"locations": [
					{ "start": { "line": 343, "column": 7 }, "end": { "line": 343, "column": 28 } },
					{ "start": { "line": 343, "column": 32 }, "end": { "line": 343, "column": 48 } }
				],
				"line": 343
			},
			"46": {
				"loc": { "start": { "line": 347, "column": 22 }, "end": { "line": 347, "column": 51 } },
				"type": "binary-expr",
				"locations": [
					{ "start": { "line": 347, "column": 22 }, "end": { "line": 347, "column": 46 } },
					{ "start": { "line": 347, "column": 50 }, "end": { "line": 347, "column": 51 } }
				],
				"line": 347
			},
			"47": {
				"loc": { "start": { "line": 360, "column": 9 }, "end": { "line": 391, "column": 3 } },
				"type": "if",
				"locations": [
					{ "start": { "line": 360, "column": 9 }, "end": { "line": 391, "column": 3 } },
					{ "start": { "line": 383, "column": 9 }, "end": { "line": 391, "column": 3 } }
				],
				"line": 360
			},
			"48": {
				"loc": { "start": { "line": 360, "column": 13 }, "end": { "line": 360, "column": 57 } },
				"type": "binary-expr",
				"locations": [
					{ "start": { "line": 360, "column": 13 }, "end": { "line": 360, "column": 26 } },
					{ "start": { "line": 360, "column": 30 }, "end": { "line": 360, "column": 57 } }
				],
				"line": 360
			},
			"49": {
				"loc": { "start": { "line": 361, "column": 3 }, "end": { "line": 382, "column": 4 } },
				"type": "if",
				"locations": [
					{ "start": { "line": 361, "column": 3 }, "end": { "line": 382, "column": 4 } },
					{ "start": { "line": 373, "column": 10 }, "end": { "line": 382, "column": 4 } }
				],
				"line": 361
			},
			"50": {
				"loc": { "start": { "line": 367, "column": 25 }, "end": { "line": 367, "column": 51 } },
				"type": "binary-expr",
				"locations": [
					{ "start": { "line": 367, "column": 25 }, "end": { "line": 367, "column": 46 } },
					{ "start": { "line": 367, "column": 50 }, "end": { "line": 367, "column": 51 } }
				],
				"line": 367
			},
			"51": {
				"loc": { "start": { "line": 378, "column": 25 }, "end": { "line": 378, "column": 51 } },
				"type": "binary-expr",
				"locations": [
					{ "start": { "line": 378, "column": 25 }, "end": { "line": 378, "column": 46 } },
					{ "start": { "line": 378, "column": 50 }, "end": { "line": 378, "column": 51 } }
				],
				"line": 378
			},
			"52": {
				"loc": { "start": { "line": 388, "column": 24 }, "end": { "line": 388, "column": 50 } },
				"type": "binary-expr",
				"locations": [
					{ "start": { "line": 388, "column": 24 }, "end": { "line": 388, "column": 45 } },
					{ "start": { "line": 388, "column": 49 }, "end": { "line": 388, "column": 50 } }
				],
				"line": 388
			},
			"53": {
				"loc": { "start": { "line": 399, "column": 19 }, "end": { "line": 399, "column": 73 } },
				"type": "cond-expr",
				"locations": [
					{ "start": { "line": 399, "column": 46 }, "end": { "line": 399, "column": 64 } },
					{ "start": { "line": 399, "column": 67 }, "end": { "line": 399, "column": 73 } }
				],
				"line": 399
			},
			"54": {
				"loc": { "start": { "line": 420, "column": 2 }, "end": { "line": 428, "column": 3 } },
				"type": "if",
				"locations": [
					{ "start": { "line": 420, "column": 2 }, "end": { "line": 428, "column": 3 } },
					{ "start": {}, "end": {} }
				],
				"line": 420
			},
			"55": {
				"loc": { "start": { "line": 467, "column": 20 }, "end": { "line": 467, "column": 71 } },
				"type": "cond-expr",
				"locations": [
					{ "start": { "line": 467, "column": 36 }, "end": { "line": 467, "column": 62 } },
					{ "start": { "line": 467, "column": 65 }, "end": { "line": 467, "column": 71 } }
				],
				"line": 467
			},
			"56": {
				"loc": { "start": { "line": 472, "column": 2 }, "end": { "line": 477, "column": 3 } },
				"type": "if",
				"locations": [
					{ "start": { "line": 472, "column": 2 }, "end": { "line": 477, "column": 3 } },
					{ "start": {}, "end": {} }
				],
				"line": 472
			},
			"57": {
				"loc": { "start": { "line": 491, "column": 57 }, "end": { "line": 491, "column": 92 } },
				"type": "binary-expr",
				"locations": [
					{ "start": { "line": 491, "column": 57 }, "end": { "line": 491, "column": 68 } },
					{ "start": { "line": 491, "column": 72 }, "end": { "line": 491, "column": 92 } }
				],
				"line": 491
			},
			"58": {
				"loc": { "start": { "line": 507, "column": 2 }, "end": { "line": 517, "column": 3 } },
				"type": "if",
				"locations": [
					{ "start": { "line": 507, "column": 2 }, "end": { "line": 517, "column": 3 } },
					{ "start": {}, "end": {} }
				],
				"line": 507
			},
			"59": {
				"loc": { "start": { "line": 520, "column": 47 }, "end": { "line": 520, "column": 105 } },
				"type": "binary-expr",
				"locations": [
					{ "start": { "line": 520, "column": 47 }, "end": { "line": 520, "column": 67 } },
					{ "start": { "line": 520, "column": 71 }, "end": { "line": 520, "column": 92 } },
					{ "start": { "line": 520, "column": 96 }, "end": { "line": 520, "column": 105 } }
				],
				"line": 520
			},
			"60": {
				"loc": { "start": { "line": 557, "column": 17 }, "end": { "line": 557, "column": 64 } },
				"type": "cond-expr",
				"locations": [
					{ "start": { "line": 557, "column": 25 }, "end": { "line": 557, "column": 55 } },
					{ "start": { "line": 557, "column": 58 }, "end": { "line": 557, "column": 64 } }
				],
				"line": 557
			},
			"61": {
				"loc": { "start": { "line": 560, "column": 2 }, "end": { "line": 565, "column": 3 } },
				"type": "if",
				"locations": [
					{ "start": { "line": 560, "column": 2 }, "end": { "line": 565, "column": 3 } },
					{ "start": {}, "end": {} }
				],
				"line": 560
			},
			"62": {
				"loc": { "start": { "line": 560, "column": 6 }, "end": { "line": 560, "column": 53 } },
				"type": "binary-expr",
				"locations": [
					{ "start": { "line": 560, "column": 6 }, "end": { "line": 560, "column": 12 } },
					{ "start": { "line": 560, "column": 16 }, "end": { "line": 560, "column": 26 } },
					{ "start": { "line": 560, "column": 30 }, "end": { "line": 560, "column": 53 } }
				],
				"line": 560
			},
			"63": {
				"loc": { "start": { "line": 567, "column": 21 }, "end": { "line": 567, "column": 63 } },
				"type": "binary-expr",
				"locations": [
					{ "start": { "line": 567, "column": 21 }, "end": { "line": 567, "column": 38 } },
					{ "start": { "line": 567, "column": 42 }, "end": { "line": 567, "column": 63 } }
				],
				"line": 567
			},
			"64": {
				"loc": { "start": { "line": 577, "column": 2 }, "end": { "line": 579, "column": 3 } },
				"type": "if",
				"locations": [
					{ "start": { "line": 577, "column": 2 }, "end": { "line": 579, "column": 3 } },
					{ "start": {}, "end": {} }
				],
				"line": 577
			},
			"65": {
				"loc": { "start": { "line": 582, "column": 2 }, "end": { "line": 613, "column": 3 } },
				"type": "if",
				"locations": [
					{ "start": { "line": 582, "column": 2 }, "end": { "line": 613, "column": 3 } },
					{ "start": { "line": 586, "column": 9 }, "end": { "line": 613, "column": 3 } }
				],
				"line": 582
			},
			"66": {
				"loc": { "start": { "line": 586, "column": 9 }, "end": { "line": 613, "column": 3 } },
				"type": "if",
				"locations": [
					{ "start": { "line": 586, "column": 9 }, "end": { "line": 613, "column": 3 } },
					{ "start": { "line": 595, "column": 9 }, "end": { "line": 613, "column": 3 } }
				],
				"line": 586
			},
			"67": {
				"loc": { "start": { "line": 586, "column": 13 }, "end": { "line": 586, "column": 88 } },
				"type": "binary-expr",
				"locations": [
					{ "start": { "line": 586, "column": 13 }, "end": { "line": 586, "column": 49 } },
					{ "start": { "line": 586, "column": 53 }, "end": { "line": 586, "column": 88 } }
				],
				"line": 586
			},
			"68": {
				"loc": { "start": { "line": 587, "column": 3 }, "end": { "line": 593, "column": 4 } },
				"type": "if",
				"locations": [
					{ "start": { "line": 587, "column": 3 }, "end": { "line": 593, "column": 4 } },
					{ "start": {}, "end": {} }
				],
				"line": 587
			},
			"69": {
				"loc": { "start": { "line": 595, "column": 9 }, "end": { "line": 613, "column": 3 } },
				"type": "if",
				"locations": [
					{ "start": { "line": 595, "column": 9 }, "end": { "line": 613, "column": 3 } },
					{ "start": {}, "end": {} }
				],
				"line": 595
			},
			"70": {
				"loc": { "start": { "line": 595, "column": 13 }, "end": { "line": 595, "column": 83 } },
				"type": "binary-expr",
				"locations": [
					{ "start": { "line": 595, "column": 13 }, "end": { "line": 595, "column": 47 } },
					{ "start": { "line": 595, "column": 51 }, "end": { "line": 595, "column": 83 } }
				],
				"line": 595
			},
			"71": {
				"loc": { "start": { "line": 598, "column": 3 }, "end": { "line": 612, "column": 4 } },
				"type": "if",
				"locations": [
					{ "start": { "line": 598, "column": 3 }, "end": { "line": 612, "column": 4 } },
					{ "start": { "line": 606, "column": 10 }, "end": { "line": 612, "column": 4 } }
				],
				"line": 598
			},
			"72": {
				"loc": { "start": { "line": 598, "column": 7 }, "end": { "line": 598, "column": 40 } },
				"type": "binary-expr",
				"locations": [
					{ "start": { "line": 598, "column": 7 }, "end": { "line": 598, "column": 20 } },
					{ "start": { "line": 598, "column": 24 }, "end": { "line": 598, "column": 40 } }
				],
				"line": 598
			},
			"73": {
				"loc": { "start": { "line": 622, "column": 2 }, "end": { "line": 627, "column": 3 } },
				"type": "if",
				"locations": [
					{ "start": { "line": 622, "column": 2 }, "end": { "line": 627, "column": 3 } },
					{ "start": {}, "end": {} }
				],
				"line": 622
			},
			"74": {
				"loc": { "start": { "line": 622, "column": 6 }, "end": { "line": 622, "column": 59 } },
				"type": "binary-expr",
				"locations": [
					{ "start": { "line": 622, "column": 6 }, "end": { "line": 622, "column": 42 } },
					{ "start": { "line": 622, "column": 46 }, "end": { "line": 622, "column": 59 } }
				],
				"line": 622
			},
			"75": {
				"loc": { "start": { "line": 640, "column": 2 }, "end": { "line": 648, "column": 3 } },
				"type": "if",
				"locations": [
					{ "start": { "line": 640, "column": 2 }, "end": { "line": 648, "column": 3 } },
					{ "start": {}, "end": {} }
				],
				"line": 640
			},
			"76": {
				"loc": { "start": { "line": 670, "column": 2 }, "end": { "line": 675, "column": 3 } },
				"type": "if",
				"locations": [
					{ "start": { "line": 670, "column": 2 }, "end": { "line": 675, "column": 3 } },
					{ "start": {}, "end": {} }
				],
				"line": 670
			},
			"77": {
				"loc": { "start": { "line": 670, "column": 6 }, "end": { "line": 670, "column": 38 } },
				"type": "binary-expr",
				"locations": [
					{ "start": { "line": 670, "column": 6 }, "end": { "line": 670, "column": 19 } },
					{ "start": { "line": 670, "column": 23 }, "end": { "line": 670, "column": 38 } }
				],
				"line": 670
			},
			"78": {
				"loc": { "start": { "line": 689, "column": 2 }, "end": { "line": 692, "column": 3 } },
				"type": "if",
				"locations": [
					{ "start": { "line": 689, "column": 2 }, "end": { "line": 692, "column": 3 } },
					{ "start": {}, "end": {} }
				],
				"line": 689
			},
			"79": {
				"loc": { "start": { "line": 713, "column": 2 }, "end": { "line": 718, "column": 3 } },
				"type": "if",
				"locations": [
					{ "start": { "line": 713, "column": 2 }, "end": { "line": 718, "column": 3 } },
					{ "start": {}, "end": {} }
				],
				"line": 713
			},
			"80": {
				"loc": { "start": { "line": 713, "column": 6 }, "end": { "line": 713, "column": 38 } },
				"type": "binary-expr",
				"locations": [
					{ "start": { "line": 713, "column": 6 }, "end": { "line": 713, "column": 19 } },
					{ "start": { "line": 713, "column": 23 }, "end": { "line": 713, "column": 38 } }
				],
				"line": 713
			},
			"81": {
				"loc": { "start": { "line": 731, "column": 2 }, "end": { "line": 745, "column": 3 } },
				"type": "if",
				"locations": [
					{ "start": { "line": 731, "column": 2 }, "end": { "line": 745, "column": 3 } },
					{ "start": { "line": 738, "column": 9 }, "end": { "line": 745, "column": 3 } }
				],
				"line": 731
			},
			"82": {
				"loc": { "start": { "line": 771, "column": 2 }, "end": { "line": 776, "column": 3 } },
				"type": "if",
				"locations": [
					{ "start": { "line": 771, "column": 2 }, "end": { "line": 776, "column": 3 } },
					{ "start": {}, "end": {} }
				],
				"line": 771
			},
			"83": {
				"loc": { "start": { "line": 771, "column": 6 }, "end": { "line": 771, "column": 35 } },
				"type": "binary-expr",
				"locations": [
					{ "start": { "line": 771, "column": 6 }, "end": { "line": 771, "column": 21 } },
					{ "start": { "line": 771, "column": 25 }, "end": { "line": 771, "column": 35 } }
				],
				"line": 771
			},
			"84": {
				"loc": { "start": { "line": 784, "column": 2 }, "end": { "line": 784, "column": 45 } },
				"type": "if",
				"locations": [
					{ "start": { "line": 784, "column": 2 }, "end": { "line": 784, "column": 45 } },
					{ "start": {}, "end": {} }
				],
				"line": 784
			},
			"85": {
				"loc": { "start": { "line": 785, "column": 2 }, "end": { "line": 785, "column": 54 } },
				"type": "if",
				"locations": [
					{ "start": { "line": 785, "column": 2 }, "end": { "line": 785, "column": 54 } },
					{ "start": {}, "end": {} }
				],
				"line": 785
			},
			"86": {
				"loc": { "start": { "line": 786, "column": 2 }, "end": { "line": 786, "column": 60 } },
				"type": "if",
				"locations": [
					{ "start": { "line": 786, "column": 2 }, "end": { "line": 786, "column": 60 } },
					{ "start": {}, "end": {} }
				],
				"line": 786
			},
			"87": {
				"loc": { "start": { "line": 787, "column": 2 }, "end": { "line": 787, "column": 48 } },
				"type": "if",
				"locations": [
					{ "start": { "line": 787, "column": 2 }, "end": { "line": 787, "column": 48 } },
					{ "start": {}, "end": {} }
				],
				"line": 787
			},
			"88": {
				"loc": { "start": { "line": 788, "column": 2 }, "end": { "line": 788, "column": 62 } },
				"type": "if",
				"locations": [
					{ "start": { "line": 788, "column": 2 }, "end": { "line": 788, "column": 62 } },
					{ "start": {}, "end": {} }
				],
				"line": 788
			},
			"89": {
				"loc": { "start": { "line": 789, "column": 2 }, "end": { "line": 789, "column": 60 } },
				"type": "if",
				"locations": [
					{ "start": { "line": 789, "column": 2 }, "end": { "line": 789, "column": 60 } },
					{ "start": {}, "end": {} }
				],
				"line": 789
			},
			"90": {
				"loc": { "start": { "line": 790, "column": 2 }, "end": { "line": 790, "column": 48 } },
				"type": "if",
				"locations": [
					{ "start": { "line": 790, "column": 2 }, "end": { "line": 790, "column": 48 } },
					{ "start": {}, "end": {} }
				],
				"line": 790
			},
			"91": {
				"loc": { "start": { "line": 791, "column": 2 }, "end": { "line": 791, "column": 72 } },
				"type": "if",
				"locations": [
					{ "start": { "line": 791, "column": 2 }, "end": { "line": 791, "column": 72 } },
					{ "start": {}, "end": {} }
				],
				"line": 791
			},
			"92": {
				"loc": { "start": { "line": 804, "column": 2 }, "end": { "line": 807, "column": 3 } },
				"type": "if",
				"locations": [
					{ "start": { "line": 804, "column": 2 }, "end": { "line": 807, "column": 3 } },
					{ "start": {}, "end": {} }
				],
				"line": 804
			},
			"93": {
				"loc": { "start": { "line": 828, "column": 2 }, "end": { "line": 833, "column": 3 } },
				"type": "if",
				"locations": [
					{ "start": { "line": 828, "column": 2 }, "end": { "line": 833, "column": 3 } },
					{ "start": {}, "end": {} }
				],
				"line": 828
			},
			"94": {
				"loc": { "start": { "line": 828, "column": 6 }, "end": { "line": 828, "column": 38 } },
				"type": "binary-expr",
				"locations": [
					{ "start": { "line": 828, "column": 6 }, "end": { "line": 828, "column": 19 } },
					{ "start": { "line": 828, "column": 23 }, "end": { "line": 828, "column": 38 } }
				],
				"line": 828
			},
			"95": {
				"loc": { "start": { "line": 847, "column": 2 }, "end": { "line": 850, "column": 3 } },
				"type": "if",
				"locations": [
					{ "start": { "line": 847, "column": 2 }, "end": { "line": 850, "column": 3 } },
					{ "start": {}, "end": {} }
				],
				"line": 847
			},
			"96": {
				"loc": { "start": { "line": 871, "column": 2 }, "end": { "line": 876, "column": 3 } },
				"type": "if",
				"locations": [
					{ "start": { "line": 871, "column": 2 }, "end": { "line": 876, "column": 3 } },
					{ "start": {}, "end": {} }
				],
				"line": 871
			},
			"97": {
				"loc": { "start": { "line": 871, "column": 6 }, "end": { "line": 871, "column": 35 } },
				"type": "binary-expr",
				"locations": [
					{ "start": { "line": 871, "column": 6 }, "end": { "line": 871, "column": 21 } },
					{ "start": { "line": 871, "column": 25 }, "end": { "line": 871, "column": 35 } }
				],
				"line": 871
			},
			"98": {
				"loc": { "start": { "line": 884, "column": 3 }, "end": { "line": 886, "column": 4 } },
				"type": "if",
				"locations": [
					{ "start": { "line": 884, "column": 3 }, "end": { "line": 886, "column": 4 } },
					{ "start": {}, "end": {} }
				],
				"line": 884
			},
			"99": {
				"loc": { "start": { "line": 884, "column": 7 }, "end": { "line": 884, "column": 44 } },
				"type": "binary-expr",
				"locations": [
					{ "start": { "line": 884, "column": 7 }, "end": { "line": 884, "column": 26 } },
					{ "start": { "line": 884, "column": 30 }, "end": { "line": 884, "column": 44 } }
				],
				"line": 884
			},
			"100": {
				"loc": { "start": { "line": 896, "column": 2 }, "end": { "line": 899, "column": 3 } },
				"type": "if",
				"locations": [
					{ "start": { "line": 896, "column": 2 }, "end": { "line": 899, "column": 3 } },
					{ "start": {}, "end": {} }
				],
				"line": 896
			},
			"101": {
				"loc": { "start": { "line": 909, "column": 2 }, "end": { "line": 912, "column": 3 } },
				"type": "if",
				"locations": [
					{ "start": { "line": 909, "column": 2 }, "end": { "line": 912, "column": 3 } },
					{ "start": {}, "end": {} }
				],
				"line": 909
			},
			"102": {
				"loc": { "start": { "line": 933, "column": 2 }, "end": { "line": 938, "column": 3 } },
				"type": "if",
				"locations": [
					{ "start": { "line": 933, "column": 2 }, "end": { "line": 938, "column": 3 } },
					{ "start": {}, "end": {} }
				],
				"line": 933
			},
			"103": {
				"loc": { "start": { "line": 952, "column": 2 }, "end": { "line": 958, "column": 3 } },
				"type": "if",
				"locations": [
					{ "start": { "line": 952, "column": 2 }, "end": { "line": 958, "column": 3 } },
					{ "start": {}, "end": {} }
				],
				"line": 952
			},
			"104": {
				"loc": { "start": { "line": 980, "column": 22 }, "end": { "line": 980, "column": 57 } },
				"type": "default-arg",
				"locations": [
					{ "start": { "line": 980, "column": 30 }, "end": { "line": 980, "column": 57 } }
				],
				"line": 980
			},
			"105": {
				"loc": { "start": { "line": 982, "column": 2 }, "end": { "line": 987, "column": 3 } },
				"type": "if",
				"locations": [
					{ "start": { "line": 982, "column": 2 }, "end": { "line": 987, "column": 3 } },
					{ "start": {}, "end": {} }
				],
				"line": 982
			},
			"106": {
				"loc": { "start": { "line": 1191, "column": 26 }, "end": { "line": 1191, "column": 39 } },
				"type": "default-arg",
				"locations": [
					{ "start": { "line": 1191, "column": 35 }, "end": { "line": 1191, "column": 39 } }
				],
				"line": 1191
			},
			"107": {
				"loc": { "start": { "line": 1199, "column": 2 }, "end": { "line": 1204, "column": 3 } },
				"type": "if",
				"locations": [
					{ "start": { "line": 1199, "column": 2 }, "end": { "line": 1204, "column": 3 } },
					{ "start": {}, "end": {} }
				],
				"line": 1199
			},
			"108": {
				"loc": { "start": { "line": 1216, "column": 17 }, "end": { "line": 1216, "column": 67 } },
				"type": "binary-expr",
				"locations": [
					{ "start": { "line": 1216, "column": 17 }, "end": { "line": 1216, "column": 48 } },
					{ "start": { "line": 1216, "column": 52 }, "end": { "line": 1216, "column": 67 } }
				],
				"line": 1216
			},
			"109": {
				"loc": { "start": { "line": 1234, "column": 2 }, "end": { "line": 1305, "column": 3 } },
				"type": "if",
				"locations": [
					{ "start": { "line": 1234, "column": 2 }, "end": { "line": 1305, "column": 3 } },
					{ "start": {}, "end": {} }
				],
				"line": 1234
			},
			"110": {
				"loc": { "start": { "line": 1310, "column": 2 }, "end": { "line": 1316, "column": 3 } },
				"type": "if",
				"locations": [
					{ "start": { "line": 1310, "column": 2 }, "end": { "line": 1316, "column": 3 } },
					{ "start": {}, "end": {} }
				],
				"line": 1310
			},
			"111": {
				"loc": { "start": { "line": 1311, "column": 3 }, "end": { "line": 1313, "column": 32 } },
				"type": "binary-expr",
				"locations": [
					{ "start": { "line": 1311, "column": 3 }, "end": { "line": 1311, "column": 24 } },
					{ "start": { "line": 1312, "column": 3 }, "end": { "line": 1312, "column": 40 } },
					{ "start": { "line": 1313, "column": 3 }, "end": { "line": 1313, "column": 32 } }
				],
				"line": 1311
			},
			"112": {
				"loc": { "start": { "line": 1352, "column": 1 }, "end": { "line": 1354, "column": 2 } },
				"type": "if",
				"locations": [
					{ "start": { "line": 1352, "column": 1 }, "end": { "line": 1354, "column": 2 } },
					{ "start": {}, "end": {} }
				],
				"line": 1352
			},
			"113": {
				"loc": { "start": { "line": 1372, "column": 1 }, "end": { "line": 1374, "column": 2 } },
				"type": "if",
				"locations": [
					{ "start": { "line": 1372, "column": 1 }, "end": { "line": 1374, "column": 2 } },
					{ "start": {}, "end": {} }
				],
				"line": 1372
			},
			"114": {
				"loc": { "start": { "line": 1380, "column": 1 }, "end": { "line": 1383, "column": 2 } },
				"type": "if",
				"locations": [
					{ "start": { "line": 1380, "column": 1 }, "end": { "line": 1383, "column": 2 } },
					{ "start": {}, "end": {} }
				],
				"line": 1380
			},
			"115": {
				"loc": { "start": { "line": 1380, "column": 5 }, "end": { "line": 1380, "column": 54 } },
				"type": "binary-expr",
				"locations": [
					{ "start": { "line": 1380, "column": 5 }, "end": { "line": 1380, "column": 27 } },
					{ "start": { "line": 1380, "column": 31 }, "end": { "line": 1380, "column": 54 } }
				],
				"line": 1380
			},
			"116": {
				"loc": { "start": { "line": 1416, "column": 0 }, "end": { "line": 1435, "column": 1 } },
				"type": "if",
				"locations": [
					{ "start": { "line": 1416, "column": 0 }, "end": { "line": 1435, "column": 1 } },
					{ "start": {}, "end": {} }
				],
				"line": 1416
			},
			"117": {
				"loc": { "start": { "line": 1447, "column": 0 }, "end": { "line": 1456, "column": 1 } },
				"type": "if",
				"locations": [
					{ "start": { "line": 1447, "column": 0 }, "end": { "line": 1456, "column": 1 } },
					{ "start": {}, "end": {} }
				],
				"line": 1447
			}
		},
		"s": {
			"0": 3,
			"1": 3,
			"2": 3,
			"3": 3,
			"4": 3,
			"5": 3,
			"6": 3,
			"7": 3,
			"8": 3,
			"9": 3,
			"10": 19,
			"11": 19,
			"12": 3,
			"13": 3,
			"14": 3,
			"15": 19,
			"16": 19,
			"17": 19,
			"18": 19,
			"19": 19,
			"20": 38,
			"21": 19,
			"22": 19,
			"23": 19,
			"24": 19,
			"25": 19,
			"26": 19,
			"27": 19,
			"28": 19,
			"29": 15,
			"30": 19,
			"31": 19,
			"32": 19,
			"33": 19,
			"34": 19,
			"35": 0,
			"36": 19,
			"37": 3,
			"38": 3,
			"39": 3,
			"40": 3,
			"41": 3,
			"42": 3,
			"43": 3,
			"44": 3,
			"45": 3,
			"46": 3,
			"47": 3,
			"48": 3,
			"49": 3,
			"50": 3,
			"51": 3,
			"52": 0,
			"53": 0,
			"54": 3,
			"55": 0,
			"56": 3,
			"57": 0,
			"58": 0,
			"59": 0,
			"60": 0,
			"61": 3,
			"62": 13,
			"63": 13,
			"64": 13,
			"65": 13,
			"66": 13,
			"67": 2,
			"68": 2,
			"69": 11,
			"70": 2,
			"71": 1,
			"72": 1,
			"73": 9,
			"74": 9,
			"75": 1,
			"76": 1,
			"77": 9,
			"78": 9,
			"79": 1,
			"80": 8,
			"81": 8,
			"82": 8,
			"83": 1,
			"84": 1,
			"85": 7,
			"86": 7,
			"87": 7,
			"88": 1,
			"89": 1,
			"90": 6,
			"91": 7,
			"92": 0,
			"93": 0,
			"94": 7,
			"95": 8,
			"96": 8,
			"97": 8,
			"98": 1,
			"99": 1,
			"100": 1,
			"101": 1,
			"102": 1,
			"103": 0,
			"104": 0,
			"105": 7,
			"106": 3,
			"107": 1,
			"108": 1,
			"109": 1,
			"110": 2,
			"111": 2,
			"112": 4,
			"113": 8,
			"114": 8,
			"115": 8,
			"116": 8,
			"117": 8,
			"118": 8,
			"119": 8,
			"120": 0,
			"121": 0,
			"122": 0,
			"123": 0,
			"124": 0,
			"125": 0,
			"126": 0,
			"127": 3,
			"128": 3,
			"129": 3,
			"130": 3,
			"131": 3,
			"132": 1,
			"133": 2,
			"134": 2,
			"135": 2,
			"136": 2,
			"137": 2,
			"138": 2,
			"139": 2,
			"140": 2,
			"141": 2,
			"142": 2,
			"143": 2,
			"144": 2,
			"145": 2,
			"146": 1,
			"147": 1,
			"148": 1,
			"149": 1,
			"150": 1,
			"151": 1,
			"152": 0,
			"153": 0,
			"154": 3,
			"155": 0,
			"156": 0,
			"157": 0,
			"158": 0,
			"159": 0,
			"160": 0,
			"161": 0,
			"162": 0,
			"163": 0,
			"164": 0,
			"165": 0,
			"166": 0,
			"167": 0,
			"168": 0,
			"169": 0,
			"170": 0,
			"171": 0,
			"172": 0,
			"173": 0,
			"174": 0,
			"175": 0,
			"176": 0,
			"177": 0,
			"178": 0,
			"179": 0,
			"180": 0,
			"181": 0,
			"182": 0,
			"183": 0,
			"184": 0,
			"185": 0,
			"186": 0,
			"187": 0,
			"188": 0,
			"189": 0,
			"190": 0,
			"191": 0,
			"192": 0,
			"193": 0,
			"194": 0,
			"195": 0,
			"196": 3,
			"197": 0,
			"198": 0,
			"199": 0,
			"200": 0,
			"201": 0,
			"202": 0,
			"203": 0,
			"204": 0,
			"205": 0,
			"206": 0,
			"207": 0,
			"208": 0,
			"209": 0,
			"210": 0,
			"211": 0,
			"212": 3,
			"213": 0,
			"214": 0,
			"215": 0,
			"216": 0,
			"217": 0,
			"218": 0,
			"219": 0,
			"220": 0,
			"221": 0,
			"222": 0,
			"223": 0,
			"224": 0,
			"225": 0,
			"226": 3,
			"227": 0,
			"228": 0,
			"229": 0,
			"230": 0,
			"231": 0,
			"232": 0,
			"233": 0,
			"234": 0,
			"235": 0,
			"236": 0,
			"237": 0,
			"238": 0,
			"239": 0,
			"240": 0,
			"241": 0,
			"242": 0,
			"243": 0,
			"244": 0,
			"245": 0,
			"246": 0,
			"247": 0,
			"248": 0,
			"249": 0,
			"250": 0,
			"251": 0,
			"252": 0,
			"253": 0,
			"254": 0,
			"255": 0,
			"256": 0,
			"257": 0,
			"258": 0,
			"259": 0,
			"260": 0,
			"261": 3,
			"262": 0,
			"263": 0,
			"264": 0,
			"265": 0,
			"266": 0,
			"267": 0,
			"268": 0,
			"269": 0,
			"270": 0,
			"271": 0,
			"272": 0,
			"273": 0,
			"274": 0,
			"275": 0,
			"276": 0,
			"277": 3,
			"278": 0,
			"279": 0,
			"280": 0,
			"281": 0,
			"282": 0,
			"283": 0,
			"284": 0,
			"285": 0,
			"286": 0,
			"287": 0,
			"288": 0,
			"289": 0,
			"290": 0,
			"291": 0,
			"292": 0,
			"293": 0,
			"294": 0,
			"295": 0,
			"296": 0,
			"297": 0,
			"298": 0,
			"299": 0,
			"300": 0,
			"301": 0,
			"302": 3,
			"303": 0,
			"304": 0,
			"305": 0,
			"306": 0,
			"307": 0,
			"308": 0,
			"309": 0,
			"310": 0,
			"311": 0,
			"312": 0,
			"313": 0,
			"314": 0,
			"315": 0,
			"316": 0,
			"317": 0,
			"318": 3,
			"319": 0,
			"320": 0,
			"321": 0,
			"322": 0,
			"323": 0,
			"324": 0,
			"325": 0,
			"326": 0,
			"327": 0,
			"328": 0,
			"329": 0,
			"330": 0,
			"331": 0,
			"332": 0,
			"333": 0,
			"334": 0,
			"335": 3,
			"336": 0,
			"337": 0,
			"338": 0,
			"339": 0,
			"340": 0,
			"341": 0,
			"342": 0,
			"343": 0,
			"344": 0,
			"345": 3,
			"346": 0,
			"347": 0,
			"348": 0,
			"349": 0,
			"350": 0,
			"351": 0,
			"352": 0,
			"353": 0,
			"354": 0,
			"355": 0,
			"356": 0,
			"357": 0,
			"358": 0,
			"359": 0,
			"360": 0,
			"361": 0,
			"362": 0,
			"363": 0,
			"364": 3,
			"365": 0,
			"366": 0,
			"367": 0,
			"368": 0,
			"369": 0,
			"370": 0,
			"371": 0,
			"372": 0,
			"373": 0,
			"374": 0,
			"375": 0,
			"376": 0,
			"377": 0,
			"378": 0,
			"379": 0,
			"380": 0,
			"381": 0,
			"382": 0,
			"383": 3,
			"384": 0,
			"385": 0,
			"386": 0,
			"387": 0,
			"388": 0,
			"389": 0,
			"390": 0,
			"391": 0,
			"392": 0,
			"393": 0,
			"394": 0,
			"395": 0,
			"396": 0,
			"397": 0,
			"398": 0,
			"399": 0,
			"400": 0,
			"401": 0,
			"402": 0,
			"403": 0,
			"404": 0,
			"405": 0,
			"406": 0,
			"407": 0,
			"408": 0,
			"409": 0,
			"410": 0,
			"411": 3,
			"412": 0,
			"413": 3,
			"414": 0,
			"415": 0,
			"416": 0,
			"417": 3,
			"418": 0,
			"419": 0,
			"420": 3,
			"421": 3,
			"422": 0,
			"423": 3,
			"424": 3,
			"425": 3,
			"426": 3,
			"427": 3,
			"428": 0,
			"429": 0,
			"430": 0,
			"431": 0,
			"432": 0,
			"433": 0,
			"434": 0,
			"435": 0,
			"436": 3,
			"437": 3,
			"438": 3,
			"439": 3,
			"440": 3,
			"441": 3,
			"442": 3,
			"443": 3,
			"444": 3,
			"445": 3,
			"446": 3,
			"447": 3,
			"448": 0,
			"449": 0,
			"450": 0,
			"451": 0,
			"452": 0,
			"453": 0,
			"454": 0,
			"455": 0,
			"456": 3,
			"457": 3,
			"458": 3,
			"459": 0,
			"460": 0,
			"461": 3,
			"462": 3,
			"463": 3,
			"464": 3,
			"465": 0,
			"466": 0
		},
		"f": {
			"0": 19,
			"1": 19,
			"2": 38,
			"3": 19,
			"4": 19,
			"5": 0,
			"6": 3,
			"7": 0,
			"8": 0,
			"9": 0,
			"10": 13,
			"11": 3,
			"12": 0,
			"13": 0,
			"14": 0,
			"15": 0,
			"16": 0,
			"17": 0,
			"18": 0,
			"19": 0,
			"20": 0,
			"21": 0,
			"22": 0,
			"23": 0,
			"24": 0,
			"25": 0,
			"26": 0,
			"27": 0,
			"28": 0,
			"29": 0,
			"30": 0,
			"31": 3,
			"32": 3,
			"33": 0,
			"34": 3,
			"35": 0,
			"36": 3,
			"37": 0
		},
		"b": {
			"0": [3, 0],
			"1": [3, 3],
			"2": [19],
			"3": [19, 19],
			"4": [19, 0],
			"5": [15, 4],
			"6": [19, 19],
			"7": [3, 0],
			"8": [3, 0],
			"9": [3, 0],
			"10": [3, 0],
			"11": [3, 0],
			"12": [0, 0],
			"13": [0, 0],
			"14": [0, 0, 0],
			"15": [0, 0, 0],
			"16": [0, 0, 0],
			"17": [0, 0, 0],
			"18": [0, 0, 0],
			"19": [2, 11],
			"20": [13, 12, 11],
			"21": [2, 1],
			"22": [2, 9],
			"23": [1, 1],
			"24": [2, 1],
			"25": [9, 0],
			"26": [1, 8],
			"27": [9, 8],
			"28": [9, 1],
			"29": [0, 1],
			"30": [1, 8],
			"31": [8, 6],
			"32": [1, 7],
			"33": [1, 1],
			"34": [7, 0],
			"35": [7, 0],
			"36": [7, 7],
			"37": [1, 6],
			"38": [7, 1],
			"39": [0, 7],
			"40": [7, 7],
			"41": [8, 6],
			"42": [1, 7],
			"43": [8, 7],
			"44": [1, 0],
			"45": [1, 1],
			"46": [1, 0],
			"47": [3, 4],
			"48": [7, 3],
			"49": [1, 2],
			"50": [1, 0],
			"51": [2, 0],
			"52": [4, 4],
			"53": [1, 7],
			"54": [8, 0],
			"55": [3, 0],
			"56": [1, 2],
			"57": [2, 0],
			"58": [1, 1],
			"59": [1, 1, 0],
			"60": [0, 0],
			"61": [0, 0],
			"62": [0, 0, 0],
			"63": [0, 0],
			"64": [0, 0],
			"65": [0, 0],
			"66": [0, 0],
			"67": [0, 0],
			"68": [0, 0],
			"69": [0, 0],
			"70": [0, 0],
			"71": [0, 0],
			"72": [0, 0],
			"73": [0, 0],
			"74": [0, 0],
			"75": [0, 0],
			"76": [0, 0],
			"77": [0, 0],
			"78": [0, 0],
			"79": [0, 0],
			"80": [0, 0],
			"81": [0, 0],
			"82": [0, 0],
			"83": [0, 0],
			"84": [0, 0],
			"85": [0, 0],
			"86": [0, 0],
			"87": [0, 0],
			"88": [0, 0],
			"89": [0, 0],
			"90": [0, 0],
			"91": [0, 0],
			"92": [0, 0],
			"93": [0, 0],
			"94": [0, 0],
			"95": [0, 0],
			"96": [0, 0],
			"97": [0, 0],
			"98": [0, 0],
			"99": [0, 0],
			"100": [0, 0],
			"101": [0, 0],
			"102": [0, 0],
			"103": [0, 0],
			"104": [0],
			"105": [0, 0],
			"106": [0],
			"107": [0, 0],
			"108": [0, 0],
			"109": [0, 0],
			"110": [0, 0],
			"111": [0, 0, 0],
			"112": [0, 0],
			"113": [0, 3],
			"114": [3, 0],
			"115": [3, 3],
			"116": [3, 0],
			"117": [3, 0]
		},
		"inputSourceMap": null,
		"_coverageSchema": "1a1c01bbd47fc00a2c39e90264f33305004495a9",
		"hash": "013688946ae4acf010ec4098ff617ff38ff7d4a1"
	}
}
