{"/Users/cmuir/P1Import-apps/oauth-playground/server.js": {"path":"/Users/cmuir/P1Import-apps/oauth-playground/server.js","statementMap":{"0":{"start":{"line":2,"column":0},"end":{"line":2,"column":62}},"1":{"start":{"line":16,"column":0},"end":{"line":16,"column":16}},"2":{"start":{"line":18,"column":19},"end":{"line":18,"column":49}},"3":{"start":{"line":19,"column":18},"end":{"line":19,"column":42}},"4":{"start":{"line":21,"column":12},"end":{"line":21,"column":21}},"5":{"start":{"line":22,"column":13},"end":{"line":22,"column":37}},"6":{"start":{"line":23,"column":24},"end":{"line":23,"column":34}},"7":{"start":{"line":24,"column":21},"end":{"line":29,"column":1}},"8":{"start":{"line":32,"column":0},"end":{"line":45,"column":2}},"9":{"start":{"line":48,"column":0},"end":{"line":61,"column":3}},"10":{"start":{"line":49,"column":1},"end":{"line":59,"column":3}},"11":{"start":{"line":60,"column":1},"end":{"line":60,"column":8}},"12":{"start":{"line":63,"column":0},"end":{"line":63,"column":24}},"13":{"start":{"line":64,"column":0},"end":{"line":64,"column":48}},"14":{"start":{"line":67,"column":0},"end":{"line":94,"column":3}},"15":{"start":{"line":68,"column":19},"end":{"line":68,"column":42}},"16":{"start":{"line":69,"column":1},"end":{"line":69,"column":33}},"17":{"start":{"line":70,"column":1},"end":{"line":70,"column":37}},"18":{"start":{"line":71,"column":17},"end":{"line":71,"column":22}},"19":{"start":{"line":73,"column":18},"end":{"line":87,"column":2}},"20":{"start":{"line":74,"column":2},"end":{"line":76,"column":3}},"21":{"start":{"line":75,"column":3},"end":{"line":75,"column":10}},"22":{"start":{"line":77,"column":2},"end":{"line":77,"column":19}},"23":{"start":{"line":78,"column":2},"end":{"line":78,"column":83}},"24":{"start":{"line":79,"column":21},"end":{"line":79,"column":56}},"25":{"start":{"line":80,"column":21},"end":{"line":80,"column":51}},"26":{"start":{"line":81,"column":2},"end":{"line":83,"column":3}},"27":{"start":{"line":82,"column":3},"end":{"line":82,"column":50}},"28":{"start":{"line":84,"column":2},"end":{"line":86,"column":3}},"29":{"start":{"line":85,"column":3},"end":{"line":85,"column":32}},"30":{"start":{"line":89,"column":1},"end":{"line":89,"column":36}},"31":{"start":{"line":89,"column":24},"end":{"line":89,"column":34}},"32":{"start":{"line":90,"column":1},"end":{"line":90,"column":39}},"33":{"start":{"line":90,"column":23},"end":{"line":90,"column":37}},"34":{"start":{"line":91,"column":1},"end":{"line":91,"column":39}},"35":{"start":{"line":91,"column":23},"end":{"line":91,"column":37}},"36":{"start":{"line":93,"column":1},"end":{"line":93,"column":8}},"37":{"start":{"line":97,"column":0},"end":{"line":97,"column":54}},"38":{"start":{"line":100,"column":0},"end":{"line":155,"column":3}},"39":{"start":{"line":101,"column":13},"end":{"line":101,"column":23}},"40":{"start":{"line":102,"column":23},"end":{"line":102,"column":88}},"41":{"start":{"line":103,"column":21},"end":{"line":103,"column":42}},"42":{"start":{"line":104,"column":22},"end":{"line":104,"column":97}},"43":{"start":{"line":105,"column":27},"end":{"line":105,"column":40}},"44":{"start":{"line":106,"column":26},"end":{"line":106,"column":38}},"45":{"start":{"line":107,"column":18},"end":{"line":107,"column":39}},"46":{"start":{"line":108,"column":21},"end":{"line":108,"column":33}},"47":{"start":{"line":109,"column":18},"end":{"line":113,"column":2}},"48":{"start":{"line":114,"column":31},"end":{"line":116,"column":5}},"49":{"start":{"line":117,"column":26},"end":{"line":119,"column":5}},"50":{"start":{"line":121,"column":1},"end":{"line":154,"column":4}},"51":{"start":{"line":158,"column":0},"end":{"line":168,"column":3}},"52":{"start":{"line":159,"column":1},"end":{"line":164,"column":4}},"53":{"start":{"line":167,"column":1},"end":{"line":167,"column":80}},"54":{"start":{"line":171,"column":0},"end":{"line":173,"column":3}},"55":{"start":{"line":172,"column":1},"end":{"line":172,"column":23}},"56":{"start":{"line":176,"column":0},"end":{"line":200,"column":3}},"57":{"start":{"line":177,"column":1},"end":{"line":177,"column":57}},"58":{"start":{"line":179,"column":19},"end":{"line":191,"column":2}},"59":{"start":{"line":193,"column":1},"end":{"line":197,"column":4}},"60":{"start":{"line":199,"column":1},"end":{"line":199,"column":21}},"61":{"start":{"line":203,"column":0},"end":{"line":462,"column":3}},"62":{"start":{"line":204,"column":1},"end":{"line":204,"column":60}},"63":{"start":{"line":205,"column":1},"end":{"line":217,"column":4}},"64":{"start":{"line":219,"column":1},"end":{"line":461,"column":2}},"65":{"start":{"line":230,"column":6},"end":{"line":230,"column":14}},"66":{"start":{"line":233,"column":2},"end":{"line":245,"column":3}},"67":{"start":{"line":234,"column":3},"end":{"line":240,"column":6}},"68":{"start":{"line":241,"column":3},"end":{"line":244,"column":6}},"69":{"start":{"line":248,"column":2},"end":{"line":264,"column":3}},"70":{"start":{"line":249,"column":3},"end":{"line":255,"column":4}},"71":{"start":{"line":250,"column":4},"end":{"line":250,"column":78}},"72":{"start":{"line":251,"column":4},"end":{"line":254,"column":7}},"73":{"start":{"line":256,"column":9},"end":{"line":264,"column":3}},"74":{"start":{"line":257,"column":3},"end":{"line":263,"column":4}},"75":{"start":{"line":258,"column":4},"end":{"line":258,"column":88}},"76":{"start":{"line":259,"column":4},"end":{"line":262,"column":7}},"77":{"start":{"line":267,"column":24},"end":{"line":267,"column":85}},"78":{"start":{"line":268,"column":2},"end":{"line":278,"column":3}},"79":{"start":{"line":269,"column":3},"end":{"line":273,"column":6}},"80":{"start":{"line":274,"column":3},"end":{"line":277,"column":6}},"81":{"start":{"line":281,"column":24},"end":{"line":281,"column":76}},"82":{"start":{"line":283,"column":2},"end":{"line":293,"column":5}},"83":{"start":{"line":298,"column":2},"end":{"line":333,"column":3}},"84":{"start":{"line":300,"column":3},"end":{"line":300,"column":66}},"85":{"start":{"line":301,"column":3},"end":{"line":306,"column":6}},"86":{"start":{"line":309,"column":3},"end":{"line":309,"column":71}},"87":{"start":{"line":310,"column":18},"end":{"line":316,"column":4}},"88":{"start":{"line":319,"column":3},"end":{"line":324,"column":4}},"89":{"start":{"line":320,"column":4},"end":{"line":320,"column":41}},"90":{"start":{"line":321,"column":4},"end":{"line":321,"column":71}},"91":{"start":{"line":323,"column":4},"end":{"line":323,"column":80}},"92":{"start":{"line":327,"column":3},"end":{"line":330,"column":4}},"93":{"start":{"line":328,"column":4},"end":{"line":328,"column":32}},"94":{"start":{"line":329,"column":4},"end":{"line":329,"column":79}},"95":{"start":{"line":332,"column":3},"end":{"line":332,"column":50}},"96":{"start":{"line":336,"column":18},"end":{"line":339,"column":3}},"97":{"start":{"line":342,"column":29},"end":{"line":342,"column":80}},"98":{"start":{"line":344,"column":2},"end":{"line":396,"column":3}},"99":{"start":{"line":346,"column":55},"end":{"line":346,"column":63}},"100":{"start":{"line":348,"column":3},"end":{"line":364,"column":4}},"101":{"start":{"line":349,"column":4},"end":{"line":353,"column":7}},"102":{"start":{"line":355,"column":4},"end":{"line":355,"column":76}},"103":{"start":{"line":356,"column":4},"end":{"line":356,"column":66}},"104":{"start":{"line":359,"column":4},"end":{"line":359,"column":80}},"105":{"start":{"line":360,"column":4},"end":{"line":363,"column":7}},"106":{"start":{"line":365,"column":9},"end":{"line":396,"column":3}},"107":{"start":{"line":366,"column":3},"end":{"line":387,"column":4}},"108":{"start":{"line":368,"column":24},"end":{"line":368,"column":87}},"109":{"start":{"line":369,"column":4},"end":{"line":369,"column":54}},"110":{"start":{"line":370,"column":4},"end":{"line":376,"column":7}},"111":{"start":{"line":380,"column":4},"end":{"line":380,"column":60}},"112":{"start":{"line":381,"column":4},"end":{"line":386,"column":7}},"113":{"start":{"line":390,"column":3},"end":{"line":395,"column":6}},"114":{"start":{"line":398,"column":2},"end":{"line":407,"column":5}},"115":{"start":{"line":410,"column":24},"end":{"line":414,"column":4}},"116":{"start":{"line":416,"column":2},"end":{"line":421,"column":5}},"117":{"start":{"line":423,"column":23},"end":{"line":423,"column":49}},"118":{"start":{"line":425,"column":2},"end":{"line":433,"column":3}},"119":{"start":{"line":426,"column":3},"end":{"line":431,"column":6}},"120":{"start":{"line":432,"column":3},"end":{"line":432,"column":62}},"121":{"start":{"line":435,"column":2},"end":{"line":443,"column":5}},"122":{"start":{"line":446,"column":2},"end":{"line":446,"column":59}},"123":{"start":{"line":447,"column":2},"end":{"line":447,"column":39}},"124":{"start":{"line":449,"column":2},"end":{"line":449,"column":56}},"125":{"start":{"line":450,"column":2},"end":{"line":450,"column":25}},"126":{"start":{"line":452,"column":2},"end":{"line":456,"column":5}},"127":{"start":{"line":457,"column":2},"end":{"line":460,"column":5}},"128":{"start":{"line":465,"column":0},"end":{"line":539,"column":3}},"129":{"start":{"line":466,"column":1},"end":{"line":538,"column":2}},"130":{"start":{"line":467,"column":2},"end":{"line":473,"column":5}},"131":{"start":{"line":475,"column":85},"end":{"line":475,"column":93}},"132":{"start":{"line":477,"column":2},"end":{"line":482,"column":3}},"133":{"start":{"line":478,"column":3},"end":{"line":481,"column":6}},"134":{"start":{"line":484,"column":24},"end":{"line":484,"column":77}},"135":{"start":{"line":487,"column":18},"end":{"line":491,"column":3}},"136":{"start":{"line":494,"column":15},"end":{"line":494,"column":47}},"137":{"start":{"line":496,"column":2},"end":{"line":496,"column":96}},"138":{"start":{"line":497,"column":2},"end":{"line":497,"column":73}},"139":{"start":{"line":498,"column":2},"end":{"line":498,"column":64}},"140":{"start":{"line":499,"column":2},"end":{"line":499,"column":82}},"141":{"start":{"line":500,"column":2},"end":{"line":500,"column":95}},"142":{"start":{"line":501,"column":2},"end":{"line":501,"column":76}},"143":{"start":{"line":502,"column":2},"end":{"line":502,"column":59}},"144":{"start":{"line":504,"column":19},"end":{"line":508,"column":4}},"145":{"start":{"line":510,"column":15},"end":{"line":510,"column":36}},"146":{"start":{"line":512,"column":2},"end":{"line":522,"column":3}},"147":{"start":{"line":513,"column":3},"end":{"line":520,"column":6}},"148":{"start":{"line":521,"column":3},"end":{"line":521,"column":49}},"149":{"start":{"line":524,"column":2},"end":{"line":526,"column":4}},"150":{"start":{"line":528,"column":2},"end":{"line":528,"column":51}},"151":{"start":{"line":529,"column":2},"end":{"line":529,"column":41}},"152":{"start":{"line":531,"column":2},"end":{"line":531,"column":17}},"153":{"start":{"line":533,"column":2},"end":{"line":533,"column":61}},"154":{"start":{"line":534,"column":2},"end":{"line":537,"column":5}},"155":{"start":{"line":542,"column":0},"end":{"line":661,"column":3}},"156":{"start":{"line":543,"column":1},"end":{"line":660,"column":2}},"157":{"start":{"line":551,"column":6},"end":{"line":551,"column":14}},"158":{"start":{"line":553,"column":2},"end":{"line":561,"column":5}},"159":{"start":{"line":563,"column":2},"end":{"line":568,"column":3}},"160":{"start":{"line":564,"column":3},"end":{"line":567,"column":6}},"161":{"start":{"line":570,"column":21},"end":{"line":570,"column":63}},"162":{"start":{"line":571,"column":2},"end":{"line":571,"column":79}},"163":{"start":{"line":574,"column":28},"end":{"line":577,"column":4}},"164":{"start":{"line":580,"column":2},"end":{"line":611,"column":3}},"165":{"start":{"line":582,"column":3},"end":{"line":582,"column":77}},"166":{"start":{"line":584,"column":9},"end":{"line":611,"column":3}},"167":{"start":{"line":585,"column":3},"end":{"line":591,"column":4}},"168":{"start":{"line":586,"column":4},"end":{"line":590,"column":7}},"169":{"start":{"line":592,"column":3},"end":{"line":592,"column":60}},"170":{"start":{"line":593,"column":9},"end":{"line":611,"column":3}},"171":{"start":{"line":594,"column":70},"end":{"line":594,"column":78}},"172":{"start":{"line":596,"column":3},"end":{"line":610,"column":4}},"173":{"start":{"line":597,"column":4},"end":{"line":600,"column":7}},"174":{"start":{"line":601,"column":4},"end":{"line":601,"column":69}},"175":{"start":{"line":602,"column":4},"end":{"line":602,"column":67}},"176":{"start":{"line":605,"column":4},"end":{"line":605,"column":80}},"177":{"start":{"line":606,"column":4},"end":{"line":609,"column":7}},"178":{"start":{"line":614,"column":18},"end":{"line":617,"column":3}},"179":{"start":{"line":620,"column":2},"end":{"line":625,"column":3}},"180":{"start":{"line":621,"column":21},"end":{"line":621,"column":84}},"181":{"start":{"line":622,"column":3},"end":{"line":622,"column":51}},"182":{"start":{"line":624,"column":3},"end":{"line":624,"column":45}},"183":{"start":{"line":627,"column":2},"end":{"line":627,"column":93}},"184":{"start":{"line":628,"column":2},"end":{"line":628,"column":62}},"185":{"start":{"line":630,"column":19},"end":{"line":634,"column":4}},"186":{"start":{"line":636,"column":15},"end":{"line":636,"column":36}},"187":{"start":{"line":638,"column":2},"end":{"line":646,"column":3}},"188":{"start":{"line":639,"column":3},"end":{"line":644,"column":6}},"189":{"start":{"line":645,"column":3},"end":{"line":645,"column":49}},"190":{"start":{"line":648,"column":2},"end":{"line":648,"column":69}},"191":{"start":{"line":651,"column":2},"end":{"line":651,"column":51}},"192":{"start":{"line":653,"column":2},"end":{"line":653,"column":17}},"193":{"start":{"line":655,"column":2},"end":{"line":655,"column":59}},"194":{"start":{"line":656,"column":2},"end":{"line":659,"column":5}},"195":{"start":{"line":664,"column":0},"end":{"line":704,"column":3}},"196":{"start":{"line":665,"column":1},"end":{"line":703,"column":2}},"197":{"start":{"line":666,"column":43},"end":{"line":666,"column":52}},"198":{"start":{"line":668,"column":2},"end":{"line":673,"column":3}},"199":{"start":{"line":669,"column":3},"end":{"line":672,"column":6}},"200":{"start":{"line":675,"column":27},"end":{"line":675,"column":83}},"201":{"start":{"line":677,"column":19},"end":{"line":683,"column":4}},"202":{"start":{"line":685,"column":15},"end":{"line":685,"column":36}},"203":{"start":{"line":687,"column":2},"end":{"line":690,"column":3}},"204":{"start":{"line":688,"column":3},"end":{"line":688,"column":52}},"205":{"start":{"line":689,"column":3},"end":{"line":689,"column":49}},"206":{"start":{"line":692,"column":2},"end":{"line":692,"column":83}},"207":{"start":{"line":694,"column":2},"end":{"line":694,"column":51}},"208":{"start":{"line":696,"column":2},"end":{"line":696,"column":17}},"209":{"start":{"line":698,"column":2},"end":{"line":698,"column":51}},"210":{"start":{"line":699,"column":2},"end":{"line":702,"column":5}},"211":{"start":{"line":707,"column":0},"end":{"line":751,"column":3}},"212":{"start":{"line":708,"column":1},"end":{"line":750,"column":2}},"213":{"start":{"line":709,"column":43},"end":{"line":709,"column":51}},"214":{"start":{"line":711,"column":2},"end":{"line":716,"column":3}},"215":{"start":{"line":712,"column":3},"end":{"line":715,"column":6}},"216":{"start":{"line":719,"column":27},"end":{"line":719,"column":83}},"217":{"start":{"line":721,"column":19},"end":{"line":727,"column":4}},"218":{"start":{"line":729,"column":2},"end":{"line":743,"column":3}},"219":{"start":{"line":730,"column":20},"end":{"line":730,"column":41}},"220":{"start":{"line":731,"column":3},"end":{"line":735,"column":6}},"221":{"start":{"line":737,"column":21},"end":{"line":737,"column":42}},"222":{"start":{"line":738,"column":3},"end":{"line":742,"column":6}},"223":{"start":{"line":745,"column":2},"end":{"line":745,"column":59}},"224":{"start":{"line":746,"column":2},"end":{"line":749,"column":5}},"225":{"start":{"line":754,"column":0},"end":{"line":819,"column":3}},"226":{"start":{"line":755,"column":1},"end":{"line":818,"column":2}},"227":{"start":{"line":767,"column":6},"end":{"line":767,"column":14}},"228":{"start":{"line":769,"column":2},"end":{"line":774,"column":3}},"229":{"start":{"line":770,"column":3},"end":{"line":773,"column":6}},"230":{"start":{"line":776,"column":25},"end":{"line":776,"column":79}},"231":{"start":{"line":778,"column":2},"end":{"line":778,"column":86}},"232":{"start":{"line":780,"column":19},"end":{"line":780,"column":40}},"233":{"start":{"line":781,"column":2},"end":{"line":781,"column":42}},"234":{"start":{"line":782,"column":2},"end":{"line":782,"column":45}},"235":{"start":{"line":782,"column":13},"end":{"line":782,"column":45}},"236":{"start":{"line":783,"column":2},"end":{"line":783,"column":54}},"237":{"start":{"line":783,"column":16},"end":{"line":783,"column":54}},"238":{"start":{"line":784,"column":2},"end":{"line":784,"column":60}},"239":{"start":{"line":784,"column":18},"end":{"line":784,"column":60}},"240":{"start":{"line":785,"column":2},"end":{"line":785,"column":48}},"241":{"start":{"line":785,"column":14},"end":{"line":785,"column":48}},"242":{"start":{"line":786,"column":2},"end":{"line":786,"column":62}},"243":{"start":{"line":786,"column":15},"end":{"line":786,"column":62}},"244":{"start":{"line":787,"column":2},"end":{"line":787,"column":60}},"245":{"start":{"line":787,"column":18},"end":{"line":787,"column":60}},"246":{"start":{"line":788,"column":2},"end":{"line":788,"column":48}},"247":{"start":{"line":788,"column":14},"end":{"line":788,"column":48}},"248":{"start":{"line":789,"column":2},"end":{"line":789,"column":72}},"249":{"start":{"line":789,"column":22},"end":{"line":789,"column":72}},"250":{"start":{"line":791,"column":19},"end":{"line":798,"column":4}},"251":{"start":{"line":800,"column":15},"end":{"line":800,"column":36}},"252":{"start":{"line":802,"column":2},"end":{"line":805,"column":3}},"253":{"start":{"line":803,"column":3},"end":{"line":803,"column":64}},"254":{"start":{"line":804,"column":3},"end":{"line":804,"column":49}},"255":{"start":{"line":807,"column":2},"end":{"line":807,"column":73}},"256":{"start":{"line":809,"column":2},"end":{"line":809,"column":51}},"257":{"start":{"line":811,"column":2},"end":{"line":811,"column":17}},"258":{"start":{"line":813,"column":2},"end":{"line":813,"column":63}},"259":{"start":{"line":814,"column":2},"end":{"line":817,"column":5}},"260":{"start":{"line":822,"column":0},"end":{"line":881,"column":3}},"261":{"start":{"line":823,"column":1},"end":{"line":880,"column":2}},"262":{"start":{"line":824,"column":69},"end":{"line":824,"column":77}},"263":{"start":{"line":826,"column":2},"end":{"line":831,"column":3}},"264":{"start":{"line":827,"column":3},"end":{"line":830,"column":6}},"265":{"start":{"line":833,"column":22},"end":{"line":833,"column":73}},"266":{"start":{"line":835,"column":2},"end":{"line":835,"column":71}},"267":{"start":{"line":837,"column":19},"end":{"line":837,"column":40}},"268":{"start":{"line":838,"column":2},"end":{"line":842,"column":5}},"269":{"start":{"line":839,"column":3},"end":{"line":841,"column":4}},"270":{"start":{"line":840,"column":4},"end":{"line":840,"column":43}},"271":{"start":{"line":844,"column":18},"end":{"line":847,"column":3}},"272":{"start":{"line":851,"column":2},"end":{"line":854,"column":3}},"273":{"start":{"line":852,"column":3},"end":{"line":852,"column":43}},"274":{"start":{"line":853,"column":3},"end":{"line":853,"column":51}},"275":{"start":{"line":856,"column":19},"end":{"line":860,"column":4}},"276":{"start":{"line":862,"column":15},"end":{"line":862,"column":36}},"277":{"start":{"line":864,"column":2},"end":{"line":867,"column":3}},"278":{"start":{"line":865,"column":3},"end":{"line":865,"column":47}},"279":{"start":{"line":866,"column":3},"end":{"line":866,"column":49}},"280":{"start":{"line":869,"column":2},"end":{"line":869,"column":56}},"281":{"start":{"line":871,"column":2},"end":{"line":871,"column":51}},"282":{"start":{"line":873,"column":2},"end":{"line":873,"column":17}},"283":{"start":{"line":875,"column":2},"end":{"line":875,"column":46}},"284":{"start":{"line":876,"column":2},"end":{"line":879,"column":5}},"285":{"start":{"line":884,"column":0},"end":{"line":930,"column":3}},"286":{"start":{"line":885,"column":1},"end":{"line":929,"column":2}},"287":{"start":{"line":886,"column":29},"end":{"line":886,"column":38}},"288":{"start":{"line":888,"column":2},"end":{"line":893,"column":3}},"289":{"start":{"line":889,"column":3},"end":{"line":892,"column":6}},"290":{"start":{"line":895,"column":18},"end":{"line":895,"column":70}},"291":{"start":{"line":897,"column":2},"end":{"line":897,"column":73}},"292":{"start":{"line":899,"column":19},"end":{"line":905,"column":4}},"293":{"start":{"line":907,"column":2},"end":{"line":913,"column":3}},"294":{"start":{"line":908,"column":3},"end":{"line":908,"column":84}},"295":{"start":{"line":909,"column":3},"end":{"line":912,"column":6}},"296":{"start":{"line":915,"column":15},"end":{"line":915,"column":36}},"297":{"start":{"line":917,"column":2},"end":{"line":917,"column":67}},"298":{"start":{"line":919,"column":2},"end":{"line":922,"column":5}},"299":{"start":{"line":924,"column":2},"end":{"line":924,"column":47}},"300":{"start":{"line":925,"column":2},"end":{"line":928,"column":5}},"301":{"start":{"line":933,"column":0},"end":{"line":986,"column":3}},"302":{"start":{"line":934,"column":1},"end":{"line":985,"column":2}},"303":{"start":{"line":935,"column":62},"end":{"line":935,"column":70}},"304":{"start":{"line":937,"column":2},"end":{"line":942,"column":3}},"305":{"start":{"line":938,"column":3},"end":{"line":941,"column":6}},"306":{"start":{"line":944,"column":2},"end":{"line":944,"column":68}},"307":{"start":{"line":947,"column":15},"end":{"line":947,"column":35}},"308":{"start":{"line":949,"column":2},"end":{"line":978,"column":3}},"309":{"start":{"line":951,"column":25},"end":{"line":951,"column":68}},"310":{"start":{"line":954,"column":15},"end":{"line":954,"column":50}},"311":{"start":{"line":957,"column":16},"end":{"line":968,"column":4}},"312":{"start":{"line":970,"column":3},"end":{"line":970,"column":76}},"313":{"start":{"line":971,"column":3},"end":{"line":971,"column":18}},"314":{"start":{"line":973,"column":3},"end":{"line":973,"column":67}},"315":{"start":{"line":974,"column":3},"end":{"line":977,"column":6}},"316":{"start":{"line":980,"column":2},"end":{"line":980,"column":51}},"317":{"start":{"line":981,"column":2},"end":{"line":984,"column":5}},"318":{"start":{"line":990,"column":0},"end":{"line":1023,"column":3}},"319":{"start":{"line":991,"column":1},"end":{"line":1022,"column":2}},"320":{"start":{"line":992,"column":2},"end":{"line":992,"column":66}},"321":{"start":{"line":995,"column":2},"end":{"line":999,"column":5}},"322":{"start":{"line":1003,"column":15},"end":{"line":1008,"column":3}},"323":{"start":{"line":1010,"column":2},"end":{"line":1010,"column":71}},"324":{"start":{"line":1011,"column":2},"end":{"line":1013,"column":4}},"325":{"start":{"line":1015,"column":2},"end":{"line":1015,"column":17}},"326":{"start":{"line":1017,"column":2},"end":{"line":1017,"column":51}},"327":{"start":{"line":1018,"column":2},"end":{"line":1021,"column":5}},"328":{"start":{"line":1026,"column":0},"end":{"line":1084,"column":3}},"329":{"start":{"line":1027,"column":1},"end":{"line":1083,"column":2}},"330":{"start":{"line":1028,"column":2},"end":{"line":1028,"column":73}},"331":{"start":{"line":1031,"column":2},"end":{"line":1037,"column":5}},"332":{"start":{"line":1041,"column":37},"end":{"line":1058,"column":3}},"333":{"start":{"line":1043,"column":17},"end":{"line":1043,"column":36}},"334":{"start":{"line":1044,"column":3},"end":{"line":1046,"column":4}},"335":{"start":{"line":1044,"column":16},"end":{"line":1044,"column":17}},"336":{"start":{"line":1045,"column":4},"end":{"line":1045,"column":47}},"337":{"start":{"line":1048,"column":3},"end":{"line":1048,"column":20}},"338":{"start":{"line":1051,"column":18},"end":{"line":1051,"column":55}},"339":{"start":{"line":1052,"column":19},"end":{"line":1052,"column":83}},"340":{"start":{"line":1054,"column":3},"end":{"line":1057,"column":5}},"341":{"start":{"line":1060,"column":21},"end":{"line":1060,"column":49}},"342":{"start":{"line":1062,"column":15},"end":{"line":1073,"column":3}},"343":{"start":{"line":1075,"column":2},"end":{"line":1075,"column":82}},"344":{"start":{"line":1076,"column":2},"end":{"line":1076,"column":17}},"345":{"start":{"line":1078,"column":2},"end":{"line":1078,"column":62}},"346":{"start":{"line":1079,"column":2},"end":{"line":1082,"column":5}},"347":{"start":{"line":1087,"column":0},"end":{"line":1141,"column":3}},"348":{"start":{"line":1088,"column":1},"end":{"line":1140,"column":2}},"349":{"start":{"line":1089,"column":2},"end":{"line":1089,"column":85}},"350":{"start":{"line":1092,"column":2},"end":{"line":1098,"column":5}},"351":{"start":{"line":1101,"column":37},"end":{"line":1115,"column":3}},"352":{"start":{"line":1102,"column":17},"end":{"line":1102,"column":36}},"353":{"start":{"line":1103,"column":3},"end":{"line":1105,"column":4}},"354":{"start":{"line":1103,"column":16},"end":{"line":1103,"column":17}},"355":{"start":{"line":1104,"column":4},"end":{"line":1104,"column":47}},"356":{"start":{"line":1106,"column":3},"end":{"line":1106,"column":20}},"357":{"start":{"line":1108,"column":18},"end":{"line":1108,"column":55}},"358":{"start":{"line":1109,"column":19},"end":{"line":1109,"column":83}},"359":{"start":{"line":1111,"column":3},"end":{"line":1114,"column":5}},"360":{"start":{"line":1117,"column":21},"end":{"line":1117,"column":49}},"361":{"start":{"line":1119,"column":15},"end":{"line":1130,"column":3}},"362":{"start":{"line":1132,"column":2},"end":{"line":1132,"column":77}},"363":{"start":{"line":1133,"column":2},"end":{"line":1133,"column":17}},"364":{"start":{"line":1135,"column":2},"end":{"line":1135,"column":57}},"365":{"start":{"line":1136,"column":2},"end":{"line":1139,"column":5}},"366":{"start":{"line":1144,"column":0},"end":{"line":1293,"column":3}},"367":{"start":{"line":1145,"column":1},"end":{"line":1292,"column":2}},"368":{"start":{"line":1146,"column":44},"end":{"line":1146,"column":53}},"369":{"start":{"line":1148,"column":2},"end":{"line":1152,"column":5}},"370":{"start":{"line":1154,"column":2},"end":{"line":1159,"column":3}},"371":{"start":{"line":1155,"column":3},"end":{"line":1158,"column":6}},"372":{"start":{"line":1162,"column":19},"end":{"line":1169,"column":2}},"373":{"start":{"line":1171,"column":17},"end":{"line":1171,"column":67}},"374":{"start":{"line":1172,"column":23},"end":{"line":1172,"column":86}},"375":{"start":{"line":1174,"column":2},"end":{"line":1174,"column":74}},"376":{"start":{"line":1176,"column":2},"end":{"line":1176,"column":54}},"377":{"start":{"line":1178,"column":19},"end":{"line":1185,"column":4}},"378":{"start":{"line":1187,"column":2},"end":{"line":1187,"column":89}},"379":{"start":{"line":1189,"column":2},"end":{"line":1260,"column":3}},"380":{"start":{"line":1190,"column":3},"end":{"line":1190,"column":89}},"381":{"start":{"line":1191,"column":21},"end":{"line":1191,"column":78}},"382":{"start":{"line":1191,"column":55},"end":{"line":1191,"column":77}},"383":{"start":{"line":1192,"column":3},"end":{"line":1192,"column":55}},"384":{"start":{"line":1195,"column":26},"end":{"line":1249,"column":4}},"385":{"start":{"line":1251,"column":3},"end":{"line":1251,"column":94}},"386":{"start":{"line":1253,"column":3},"end":{"line":1259,"column":6}},"387":{"start":{"line":1262,"column":24},"end":{"line":1262,"column":45}},"388":{"start":{"line":1265,"column":2},"end":{"line":1271,"column":3}},"389":{"start":{"line":1270,"column":3},"end":{"line":1270,"column":76}},"390":{"start":{"line":1273,"column":2},"end":{"line":1273,"column":72}},"391":{"start":{"line":1275,"column":2},"end":{"line":1280,"column":5}},"392":{"start":{"line":1282,"column":2},"end":{"line":1286,"column":5}},"393":{"start":{"line":1287,"column":2},"end":{"line":1291,"column":5}},"394":{"start":{"line":1296,"column":0},"end":{"line":1302,"column":3}},"395":{"start":{"line":1297,"column":1},"end":{"line":1301,"column":4}},"396":{"start":{"line":1305,"column":0},"end":{"line":1311,"column":3}},"397":{"start":{"line":1307,"column":1},"end":{"line":1309,"column":2}},"398":{"start":{"line":1308,"column":2},"end":{"line":1308,"column":43}},"399":{"start":{"line":1310,"column":1},"end":{"line":1310,"column":8}},"400":{"start":{"line":1314,"column":0},"end":{"line":1320,"column":3}},"401":{"start":{"line":1315,"column":1},"end":{"line":1315,"column":51}},"402":{"start":{"line":1316,"column":1},"end":{"line":1319,"column":4}},"403":{"start":{"line":1324,"column":17},"end":{"line":1324,"column":46}},"404":{"start":{"line":1327,"column":1},"end":{"line":1329,"column":2}},"405":{"start":{"line":1328,"column":2},"end":{"line":1328,"column":45}},"406":{"start":{"line":1331,"column":17},"end":{"line":1331,"column":49}},"407":{"start":{"line":1332,"column":18},"end":{"line":1332,"column":50}},"408":{"start":{"line":1335,"column":1},"end":{"line":1338,"column":2}},"409":{"start":{"line":1336,"column":2},"end":{"line":1336,"column":60}},"410":{"start":{"line":1337,"column":2},"end":{"line":1337,"column":31}},"411":{"start":{"line":1340,"column":1},"end":{"line":1352,"column":2}},"412":{"start":{"line":1341,"column":2},"end":{"line":1341,"column":69}},"413":{"start":{"line":1342,"column":2},"end":{"line":1345,"column":4}},"414":{"start":{"line":1346,"column":2},"end":{"line":1346,"column":67}},"415":{"start":{"line":1347,"column":2},"end":{"line":1347,"column":31}},"416":{"start":{"line":1349,"column":2},"end":{"line":1349,"column":69}},"417":{"start":{"line":1350,"column":2},"end":{"line":1350,"column":51}},"418":{"start":{"line":1351,"column":2},"end":{"line":1351,"column":14}},"419":{"start":{"line":1356,"column":14},"end":{"line":1356,"column":38}},"420":{"start":{"line":1361,"column":0},"end":{"line":1367,"column":3}},"421":{"start":{"line":1362,"column":1},"end":{"line":1362,"column":82}},"422":{"start":{"line":1363,"column":1},"end":{"line":1363,"column":69}},"423":{"start":{"line":1364,"column":1},"end":{"line":1364,"column":79}},"424":{"start":{"line":1365,"column":1},"end":{"line":1365,"column":67}},"425":{"start":{"line":1366,"column":1},"end":{"line":1366,"column":80}},"426":{"start":{"line":1370,"column":0},"end":{"line":1388,"column":1}},"427":{"start":{"line":1371,"column":1},"end":{"line":1387,"column":2}},"428":{"start":{"line":1372,"column":18},"end":{"line":1375,"column":3}},"429":{"start":{"line":1377,"column":2},"end":{"line":1383,"column":5}},"430":{"start":{"line":1378,"column":3},"end":{"line":1378,"column":89}},"431":{"start":{"line":1379,"column":3},"end":{"line":1379,"column":76}},"432":{"start":{"line":1380,"column":3},"end":{"line":1380,"column":86}},"433":{"start":{"line":1381,"column":3},"end":{"line":1381,"column":74}},"434":{"start":{"line":1382,"column":3},"end":{"line":1382,"column":87}},"435":{"start":{"line":1385,"column":2},"end":{"line":1385,"column":66}},"436":{"start":{"line":1386,"column":2},"end":{"line":1386,"column":56}},"437":{"start":{"line":1391,"column":0},"end":{"line":1393,"column":3}},"438":{"start":{"line":1392,"column":1},"end":{"line":1392,"column":44}},"439":{"start":{"line":1395,"column":0},"end":{"line":1398,"column":3}},"440":{"start":{"line":1396,"column":14},"end":{"line":1396,"column":34}},"441":{"start":{"line":1397,"column":1},"end":{"line":1397,"column":51}},"442":{"start":{"line":1400,"column":0},"end":{"line":1409,"column":1}},"443":{"start":{"line":1401,"column":1},"end":{"line":1403,"column":4}},"444":{"start":{"line":1402,"column":2},"end":{"line":1402,"column":46}},"445":{"start":{"line":1405,"column":1},"end":{"line":1408,"column":4}},"446":{"start":{"line":1406,"column":15},"end":{"line":1406,"column":36}},"447":{"start":{"line":1407,"column":2},"end":{"line":1407,"column":53}}},"fnMap":{"0":{"name":"(anonymous_0)","decl":{"start":{"line":48,"column":8},"end":{"line":48,"column":9}},"loc":{"start":{"line":48,"column":29},"end":{"line":61,"column":1}},"line":48},"1":{"name":"(anonymous_1)","decl":{"start":{"line":67,"column":8},"end":{"line":67,"column":9}},"loc":{"start":{"line":67,"column":28},"end":{"line":94,"column":1}},"line":67},"2":{"name":"(anonymous_2)","decl":{"start":{"line":73,"column":18},"end":{"line":73,"column":19}},"loc":{"start":{"line":73,"column":39},"end":{"line":87,"column":2}},"line":73},"3":{"name":"(anonymous_3)","decl":{"start":{"line":89,"column":18},"end":{"line":89,"column":19}},"loc":{"start":{"line":89,"column":24},"end":{"line":89,"column":34}},"line":89},"4":{"name":"(anonymous_4)","decl":{"start":{"line":90,"column":17},"end":{"line":90,"column":18}},"loc":{"start":{"line":90,"column":23},"end":{"line":90,"column":37}},"line":90},"5":{"name":"(anonymous_5)","decl":{"start":{"line":91,"column":17},"end":{"line":91,"column":18}},"loc":{"start":{"line":91,"column":23},"end":{"line":91,"column":37}},"line":91},"6":{"name":"(anonymous_6)","decl":{"start":{"line":100,"column":23},"end":{"line":100,"column":24}},"loc":{"start":{"line":100,"column":38},"end":{"line":155,"column":1}},"line":100},"7":{"name":"(anonymous_7)","decl":{"start":{"line":158,"column":21},"end":{"line":158,"column":22}},"loc":{"start":{"line":158,"column":35},"end":{"line":168,"column":1}},"line":158},"8":{"name":"(anonymous_8)","decl":{"start":{"line":171,"column":24},"end":{"line":171,"column":25}},"loc":{"start":{"line":171,"column":39},"end":{"line":173,"column":1}},"line":171},"9":{"name":"(anonymous_9)","decl":{"start":{"line":176,"column":27},"end":{"line":176,"column":28}},"loc":{"start":{"line":176,"column":42},"end":{"line":200,"column":1}},"line":176},"10":{"name":"(anonymous_10)","decl":{"start":{"line":203,"column":32},"end":{"line":203,"column":33}},"loc":{"start":{"line":203,"column":52},"end":{"line":462,"column":1}},"line":203},"11":{"name":"(anonymous_11)","decl":{"start":{"line":465,"column":36},"end":{"line":465,"column":37}},"loc":{"start":{"line":465,"column":56},"end":{"line":539,"column":1}},"line":465},"12":{"name":"(anonymous_12)","decl":{"start":{"line":542,"column":34},"end":{"line":542,"column":35}},"loc":{"start":{"line":542,"column":54},"end":{"line":661,"column":1}},"line":542},"13":{"name":"(anonymous_13)","decl":{"start":{"line":664,"column":25},"end":{"line":664,"column":26}},"loc":{"start":{"line":664,"column":45},"end":{"line":704,"column":1}},"line":664},"14":{"name":"(anonymous_14)","decl":{"start":{"line":707,"column":32},"end":{"line":707,"column":33}},"loc":{"start":{"line":707,"column":52},"end":{"line":751,"column":1}},"line":707},"15":{"name":"(anonymous_15)","decl":{"start":{"line":754,"column":38},"end":{"line":754,"column":39}},"loc":{"start":{"line":754,"column":58},"end":{"line":819,"column":1}},"line":754},"16":{"name":"(anonymous_16)","decl":{"start":{"line":822,"column":21},"end":{"line":822,"column":22}},"loc":{"start":{"line":822,"column":41},"end":{"line":881,"column":1}},"line":822},"17":{"name":"(anonymous_17)","decl":{"start":{"line":838,"column":36},"end":{"line":838,"column":37}},"loc":{"start":{"line":838,"column":54},"end":{"line":842,"column":3}},"line":838},"18":{"name":"(anonymous_18)","decl":{"start":{"line":884,"column":21},"end":{"line":884,"column":22}},"loc":{"start":{"line":884,"column":41},"end":{"line":930,"column":1}},"line":884},"19":{"name":"(anonymous_19)","decl":{"start":{"line":933,"column":27},"end":{"line":933,"column":28}},"loc":{"start":{"line":933,"column":47},"end":{"line":986,"column":1}},"line":933},"20":{"name":"(anonymous_20)","decl":{"start":{"line":990,"column":34},"end":{"line":990,"column":35}},"loc":{"start":{"line":990,"column":55},"end":{"line":1023,"column":1}},"line":990},"21":{"name":"(anonymous_21)","decl":{"start":{"line":1026,"column":17},"end":{"line":1026,"column":18}},"loc":{"start":{"line":1026,"column":38},"end":{"line":1084,"column":1}},"line":1026},"22":{"name":"(anonymous_22)","decl":{"start":{"line":1041,"column":37},"end":{"line":1041,"column":38}},"loc":{"start":{"line":1041,"column":43},"end":{"line":1058,"column":3}},"line":1041},"23":{"name":"(anonymous_23)","decl":{"start":{"line":1087,"column":32},"end":{"line":1087,"column":33}},"loc":{"start":{"line":1087,"column":53},"end":{"line":1141,"column":1}},"line":1087},"24":{"name":"(anonymous_24)","decl":{"start":{"line":1101,"column":37},"end":{"line":1101,"column":38}},"loc":{"start":{"line":1101,"column":43},"end":{"line":1115,"column":3}},"line":1101},"25":{"name":"(anonymous_25)","decl":{"start":{"line":1144,"column":26},"end":{"line":1144,"column":27}},"loc":{"start":{"line":1144,"column":46},"end":{"line":1293,"column":1}},"line":1144},"26":{"name":"(anonymous_26)","decl":{"start":{"line":1191,"column":49},"end":{"line":1191,"column":50}},"loc":{"start":{"line":1191,"column":55},"end":{"line":1191,"column":77}},"line":1191},"27":{"name":"(anonymous_27)","decl":{"start":{"line":1296,"column":16},"end":{"line":1296,"column":17}},"loc":{"start":{"line":1296,"column":30},"end":{"line":1302,"column":1}},"line":1296},"28":{"name":"(anonymous_28)","decl":{"start":{"line":1305,"column":8},"end":{"line":1305,"column":9}},"loc":{"start":{"line":1305,"column":28},"end":{"line":1311,"column":1}},"line":1305},"29":{"name":"(anonymous_29)","decl":{"start":{"line":1314,"column":8},"end":{"line":1314,"column":9}},"loc":{"start":{"line":1314,"column":37},"end":{"line":1320,"column":1}},"line":1314},"30":{"name":"generateSelfSignedCert","decl":{"start":{"line":1323,"column":9},"end":{"line":1323,"column":31}},"loc":{"start":{"line":1323,"column":34},"end":{"line":1353,"column":1}},"line":1323},"31":{"name":"(anonymous_31)","decl":{"start":{"line":1361,"column":41},"end":{"line":1361,"column":42}},"loc":{"start":{"line":1361,"column":47},"end":{"line":1367,"column":1}},"line":1361},"32":{"name":"(anonymous_32)","decl":{"start":{"line":1377,"column":77},"end":{"line":1377,"column":78}},"loc":{"start":{"line":1377,"column":83},"end":{"line":1383,"column":3}},"line":1377},"33":{"name":"(anonymous_33)","decl":{"start":{"line":1391,"column":23},"end":{"line":1391,"column":24}},"loc":{"start":{"line":1391,"column":32},"end":{"line":1393,"column":1}},"line":1391},"34":{"name":"(anonymous_34)","decl":{"start":{"line":1395,"column":27},"end":{"line":1395,"column":28}},"loc":{"start":{"line":1395,"column":33},"end":{"line":1398,"column":1}},"line":1395},"35":{"name":"(anonymous_35)","decl":{"start":{"line":1401,"column":25},"end":{"line":1401,"column":26}},"loc":{"start":{"line":1401,"column":34},"end":{"line":1403,"column":2}},"line":1401},"36":{"name":"(anonymous_36)","decl":{"start":{"line":1405,"column":29},"end":{"line":1405,"column":30}},"loc":{"start":{"line":1405,"column":35},"end":{"line":1408,"column":2}},"line":1405}},"branchMap":{"0":{"loc":{"start":{"line":22,"column":13},"end":{"line":22,"column":37}},"type":"binary-expr","locations":[{"start":{"line":22,"column":13},"end":{"line":22,"column":29}},{"start":{"line":22,"column":33},"end":{"line":22,"column":37}}],"line":22},"1":{"loc":{"start":{"line":34,"column":10},"end":{"line":39,"column":3}},"type":"binary-expr","locations":[{"start":{"line":34,"column":10},"end":{"line":34,"column":34}},{"start":{"line":34,"column":38},"end":{"line":39,"column":3}}],"line":34},"2":{"loc":{"start":{"line":73,"column":19},"end":{"line":73,"column":34}},"type":"default-arg","locations":[{"start":{"line":73,"column":29},"end":{"line":73,"column":34}}],"line":73},"3":{"loc":{"start":{"line":74,"column":2},"end":{"line":76,"column":3}},"type":"if","locations":[{"start":{"line":74,"column":2},"end":{"line":76,"column":3}},{"start":{},"end":{}}],"line":74},"4":{"loc":{"start":{"line":81,"column":2},"end":{"line":83,"column":3}},"type":"if","locations":[{"start":{"line":81,"column":2},"end":{"line":83,"column":3}},{"start":{},"end":{}}],"line":81},"5":{"loc":{"start":{"line":84,"column":2},"end":{"line":86,"column":3}},"type":"if","locations":[{"start":{"line":84,"column":2},"end":{"line":86,"column":3}},{"start":{},"end":{}}],"line":84},"6":{"loc":{"start":{"line":84,"column":6},"end":{"line":84,"column":38}},"type":"binary-expr","locations":[{"start":{"line":84,"column":6},"end":{"line":84,"column":13}},{"start":{"line":84,"column":17},"end":{"line":84,"column":38}}],"line":84},"7":{"loc":{"start":{"line":104,"column":22},"end":{"line":104,"column":97}},"type":"cond-expr","locations":[{"start":{"line":104,"column":69},"end":{"line":104,"column":93}},{"start":{"line":104,"column":96},"end":{"line":104,"column":97}}],"line":104},"8":{"loc":{"start":{"line":107,"column":18},"end":{"line":107,"column":39}},"type":"binary-expr","locations":[{"start":{"line":107,"column":18},"end":{"line":107,"column":34}},{"start":{"line":107,"column":38},"end":{"line":107,"column":39}}],"line":107},"9":{"loc":{"start":{"line":114,"column":31},"end":{"line":116,"column":5}},"type":"cond-expr","locations":[{"start":{"line":115,"column":4},"end":{"line":115,"column":65}},{"start":{"line":116,"column":4},"end":{"line":116,"column":5}}],"line":114},"10":{"loc":{"start":{"line":117,"column":26},"end":{"line":119,"column":5}},"type":"cond-expr","locations":[{"start":{"line":118,"column":4},"end":{"line":118,"column":64}},{"start":{"line":119,"column":4},"end":{"line":119,"column":5}}],"line":117},"11":{"loc":{"start":{"line":128,"column":15},"end":{"line":128,"column":52}},"type":"binary-expr","locations":[{"start":{"line":128,"column":15},"end":{"line":128,"column":35}},{"start":{"line":128,"column":39},"end":{"line":128,"column":52}}],"line":128},"12":{"loc":{"start":{"line":160,"column":8},"end":{"line":160,"column":73}},"type":"cond-expr","locations":[{"start":{"line":160,"column":25},"end":{"line":160,"column":64}},{"start":{"line":160,"column":67},"end":{"line":160,"column":73}}],"line":160},"13":{"loc":{"start":{"line":167,"column":49},"end":{"line":167,"column":76}},"type":"binary-expr","locations":[{"start":{"line":167,"column":49},"end":{"line":167,"column":70}},{"start":{"line":167,"column":74},"end":{"line":167,"column":76}}],"line":167},"14":{"loc":{"start":{"line":181,"column":3},"end":{"line":181,"column":86}},"type":"binary-expr","locations":[{"start":{"line":181,"column":3},"end":{"line":181,"column":37}},{"start":{"line":181,"column":41},"end":{"line":181,"column":80}},{"start":{"line":181,"column":84},"end":{"line":181,"column":86}}],"line":181},"15":{"loc":{"start":{"line":182,"column":12},"end":{"line":182,"column":85}},"type":"binary-expr","locations":[{"start":{"line":182,"column":12},"end":{"line":182,"column":41}},{"start":{"line":182,"column":45},"end":{"line":182,"column":79}},{"start":{"line":182,"column":83},"end":{"line":182,"column":85}}],"line":182},"16":{"loc":{"start":{"line":183,"column":16},"end":{"line":183,"column":97}},"type":"binary-expr","locations":[{"start":{"line":183,"column":16},"end":{"line":183,"column":49}},{"start":{"line":183,"column":53},"end":{"line":183,"column":91}},{"start":{"line":183,"column":95},"end":{"line":183,"column":97}}],"line":183},"17":{"loc":{"start":{"line":185,"column":3},"end":{"line":187,"column":42}},"type":"binary-expr","locations":[{"start":{"line":185,"column":3},"end":{"line":185,"column":35}},{"start":{"line":186,"column":3},"end":{"line":186,"column":40}},{"start":{"line":187,"column":3},"end":{"line":187,"column":42}}],"line":185},"18":{"loc":{"start":{"line":190,"column":3},"end":{"line":190,"column":96}},"type":"binary-expr","locations":[{"start":{"line":190,"column":3},"end":{"line":190,"column":30}},{"start":{"line":190,"column":34},"end":{"line":190,"column":66}},{"start":{"line":190,"column":70},"end":{"line":190,"column":96}}],"line":190},"19":{"loc":{"start":{"line":233,"column":2},"end":{"line":245,"column":3}},"type":"if","locations":[{"start":{"line":233,"column":2},"end":{"line":245,"column":3}},{"start":{},"end":{}}],"line":233},"20":{"loc":{"start":{"line":233,"column":6},"end":{"line":233,"column":58}},"type":"binary-expr","locations":[{"start":{"line":233,"column":6},"end":{"line":233,"column":17}},{"start":{"line":233,"column":21},"end":{"line":233,"column":31}},{"start":{"line":233,"column":35},"end":{"line":233,"column":58}}],"line":233},"21":{"loc":{"start":{"line":239,"column":20},"end":{"line":239,"column":42}},"type":"binary-expr","locations":[{"start":{"line":239,"column":20},"end":{"line":239,"column":37}},{"start":{"line":239,"column":41},"end":{"line":239,"column":42}}],"line":239},"22":{"loc":{"start":{"line":248,"column":2},"end":{"line":264,"column":3}},"type":"if","locations":[{"start":{"line":248,"column":2},"end":{"line":264,"column":3}},{"start":{"line":256,"column":9},"end":{"line":264,"column":3}}],"line":248},"23":{"loc":{"start":{"line":249,"column":3},"end":{"line":255,"column":4}},"type":"if","locations":[{"start":{"line":249,"column":3},"end":{"line":255,"column":4}},{"start":{},"end":{}}],"line":249},"24":{"loc":{"start":{"line":249,"column":7},"end":{"line":249,"column":52}},"type":"binary-expr","locations":[{"start":{"line":249,"column":7},"end":{"line":249,"column":21}},{"start":{"line":249,"column":25},"end":{"line":249,"column":52}}],"line":249},"25":{"loc":{"start":{"line":256,"column":9},"end":{"line":264,"column":3}},"type":"if","locations":[{"start":{"line":256,"column":9},"end":{"line":264,"column":3}},{"start":{},"end":{}}],"line":256},"26":{"loc":{"start":{"line":257,"column":3},"end":{"line":263,"column":4}},"type":"if","locations":[{"start":{"line":257,"column":3},"end":{"line":263,"column":4}},{"start":{},"end":{}}],"line":257},"27":{"loc":{"start":{"line":257,"column":7},"end":{"line":257,"column":34}},"type":"binary-expr","locations":[{"start":{"line":257,"column":7},"end":{"line":257,"column":12}},{"start":{"line":257,"column":16},"end":{"line":257,"column":34}}],"line":257},"28":{"loc":{"start":{"line":267,"column":24},"end":{"line":267,"column":85}},"type":"binary-expr","locations":[{"start":{"line":267,"column":24},"end":{"line":267,"column":47}},{"start":{"line":267,"column":51},"end":{"line":267,"column":85}}],"line":267},"29":{"loc":{"start":{"line":268,"column":2},"end":{"line":278,"column":3}},"type":"if","locations":[{"start":{"line":268,"column":2},"end":{"line":278,"column":3}},{"start":{},"end":{}}],"line":268},"30":{"loc":{"start":{"line":292,"column":21},"end":{"line":292,"column":72}},"type":"binary-expr","locations":[{"start":{"line":292,"column":21},"end":{"line":292,"column":48}},{"start":{"line":292,"column":52},"end":{"line":292,"column":72}}],"line":292},"31":{"loc":{"start":{"line":298,"column":2},"end":{"line":333,"column":3}},"type":"if","locations":[{"start":{"line":298,"column":2},"end":{"line":333,"column":3}},{"start":{"line":307,"column":9},"end":{"line":333,"column":3}}],"line":298},"32":{"loc":{"start":{"line":305,"column":11},"end":{"line":305,"column":42}},"type":"binary-expr","locations":[{"start":{"line":305,"column":11},"end":{"line":305,"column":16}},{"start":{"line":305,"column":20},"end":{"line":305,"column":42}}],"line":305},"33":{"loc":{"start":{"line":313,"column":18},"end":{"line":313,"column":36}},"type":"binary-expr","locations":[{"start":{"line":313,"column":18},"end":{"line":313,"column":30}},{"start":{"line":313,"column":34},"end":{"line":313,"column":36}}],"line":313},"34":{"loc":{"start":{"line":314,"column":10},"end":{"line":314,"column":20}},"type":"binary-expr","locations":[{"start":{"line":314,"column":10},"end":{"line":314,"column":14}},{"start":{"line":314,"column":18},"end":{"line":314,"column":20}}],"line":314},"35":{"loc":{"start":{"line":315,"column":11},"end":{"line":315,"column":42}},"type":"binary-expr","locations":[{"start":{"line":315,"column":11},"end":{"line":315,"column":16}},{"start":{"line":315,"column":20},"end":{"line":315,"column":42}}],"line":315},"36":{"loc":{"start":{"line":319,"column":3},"end":{"line":324,"column":4}},"type":"if","locations":[{"start":{"line":319,"column":3},"end":{"line":324,"column":4}},{"start":{"line":322,"column":10},"end":{"line":324,"column":4}}],"line":319},"37":{"loc":{"start":{"line":319,"column":7},"end":{"line":319,"column":51}},"type":"binary-expr","locations":[{"start":{"line":319,"column":7},"end":{"line":319,"column":20}},{"start":{"line":319,"column":24},"end":{"line":319,"column":51}}],"line":319},"38":{"loc":{"start":{"line":327,"column":3},"end":{"line":330,"column":4}},"type":"if","locations":[{"start":{"line":327,"column":3},"end":{"line":330,"column":4}},{"start":{},"end":{}}],"line":327},"39":{"loc":{"start":{"line":327,"column":7},"end":{"line":327,"column":87}},"type":"binary-expr","locations":[{"start":{"line":327,"column":7},"end":{"line":327,"column":44}},{"start":{"line":327,"column":48},"end":{"line":327,"column":87}}],"line":327},"40":{"loc":{"start":{"line":342,"column":29},"end":{"line":342,"column":80}},"type":"binary-expr","locations":[{"start":{"line":342,"column":29},"end":{"line":342,"column":56}},{"start":{"line":342,"column":60},"end":{"line":342,"column":80}}],"line":342},"41":{"loc":{"start":{"line":344,"column":2},"end":{"line":396,"column":3}},"type":"if","locations":[{"start":{"line":344,"column":2},"end":{"line":396,"column":3}},{"start":{"line":365,"column":9},"end":{"line":396,"column":3}}],"line":344},"42":{"loc":{"start":{"line":344,"column":6},"end":{"line":344,"column":92}},"type":"binary-expr","locations":[{"start":{"line":344,"column":6},"end":{"line":344,"column":48}},{"start":{"line":344,"column":52},"end":{"line":344,"column":92}}],"line":344},"43":{"loc":{"start":{"line":348,"column":3},"end":{"line":364,"column":4}},"type":"if","locations":[{"start":{"line":348,"column":3},"end":{"line":364,"column":4}},{"start":{"line":358,"column":10},"end":{"line":364,"column":4}}],"line":348},"44":{"loc":{"start":{"line":348,"column":7},"end":{"line":348,"column":48}},"type":"binary-expr","locations":[{"start":{"line":348,"column":7},"end":{"line":348,"column":28}},{"start":{"line":348,"column":32},"end":{"line":348,"column":48}}],"line":348},"45":{"loc":{"start":{"line":352,"column":22},"end":{"line":352,"column":51}},"type":"binary-expr","locations":[{"start":{"line":352,"column":22},"end":{"line":352,"column":46}},{"start":{"line":352,"column":50},"end":{"line":352,"column":51}}],"line":352},"46":{"loc":{"start":{"line":365,"column":9},"end":{"line":396,"column":3}},"type":"if","locations":[{"start":{"line":365,"column":9},"end":{"line":396,"column":3}},{"start":{"line":388,"column":9},"end":{"line":396,"column":3}}],"line":365},"47":{"loc":{"start":{"line":365,"column":13},"end":{"line":365,"column":57}},"type":"binary-expr","locations":[{"start":{"line":365,"column":13},"end":{"line":365,"column":26}},{"start":{"line":365,"column":30},"end":{"line":365,"column":57}}],"line":365},"48":{"loc":{"start":{"line":366,"column":3},"end":{"line":387,"column":4}},"type":"if","locations":[{"start":{"line":366,"column":3},"end":{"line":387,"column":4}},{"start":{"line":378,"column":10},"end":{"line":387,"column":4}}],"line":366},"49":{"loc":{"start":{"line":372,"column":25},"end":{"line":372,"column":51}},"type":"binary-expr","locations":[{"start":{"line":372,"column":25},"end":{"line":372,"column":46}},{"start":{"line":372,"column":50},"end":{"line":372,"column":51}}],"line":372},"50":{"loc":{"start":{"line":383,"column":25},"end":{"line":383,"column":51}},"type":"binary-expr","locations":[{"start":{"line":383,"column":25},"end":{"line":383,"column":46}},{"start":{"line":383,"column":50},"end":{"line":383,"column":51}}],"line":383},"51":{"loc":{"start":{"line":393,"column":24},"end":{"line":393,"column":50}},"type":"binary-expr","locations":[{"start":{"line":393,"column":24},"end":{"line":393,"column":45}},{"start":{"line":393,"column":49},"end":{"line":393,"column":50}}],"line":393},"52":{"loc":{"start":{"line":404,"column":19},"end":{"line":404,"column":73}},"type":"cond-expr","locations":[{"start":{"line":404,"column":46},"end":{"line":404,"column":64}},{"start":{"line":404,"column":67},"end":{"line":404,"column":73}}],"line":404},"53":{"loc":{"start":{"line":425,"column":2},"end":{"line":433,"column":3}},"type":"if","locations":[{"start":{"line":425,"column":2},"end":{"line":433,"column":3}},{"start":{},"end":{}}],"line":425},"54":{"loc":{"start":{"line":472,"column":20},"end":{"line":472,"column":71}},"type":"cond-expr","locations":[{"start":{"line":472,"column":36},"end":{"line":472,"column":62}},{"start":{"line":472,"column":65},"end":{"line":472,"column":71}}],"line":472},"55":{"loc":{"start":{"line":477,"column":2},"end":{"line":482,"column":3}},"type":"if","locations":[{"start":{"line":477,"column":2},"end":{"line":482,"column":3}},{"start":{},"end":{}}],"line":477},"56":{"loc":{"start":{"line":496,"column":57},"end":{"line":496,"column":92}},"type":"binary-expr","locations":[{"start":{"line":496,"column":57},"end":{"line":496,"column":68}},{"start":{"line":496,"column":72},"end":{"line":496,"column":92}}],"line":496},"57":{"loc":{"start":{"line":512,"column":2},"end":{"line":522,"column":3}},"type":"if","locations":[{"start":{"line":512,"column":2},"end":{"line":522,"column":3}},{"start":{},"end":{}}],"line":512},"58":{"loc":{"start":{"line":525,"column":47},"end":{"line":525,"column":105}},"type":"binary-expr","locations":[{"start":{"line":525,"column":47},"end":{"line":525,"column":67}},{"start":{"line":525,"column":71},"end":{"line":525,"column":92}},{"start":{"line":525,"column":96},"end":{"line":525,"column":105}}],"line":525},"59":{"loc":{"start":{"line":560,"column":17},"end":{"line":560,"column":64}},"type":"cond-expr","locations":[{"start":{"line":560,"column":25},"end":{"line":560,"column":55}},{"start":{"line":560,"column":58},"end":{"line":560,"column":64}}],"line":560},"60":{"loc":{"start":{"line":563,"column":2},"end":{"line":568,"column":3}},"type":"if","locations":[{"start":{"line":563,"column":2},"end":{"line":568,"column":3}},{"start":{},"end":{}}],"line":563},"61":{"loc":{"start":{"line":563,"column":6},"end":{"line":563,"column":53}},"type":"binary-expr","locations":[{"start":{"line":563,"column":6},"end":{"line":563,"column":12}},{"start":{"line":563,"column":16},"end":{"line":563,"column":26}},{"start":{"line":563,"column":30},"end":{"line":563,"column":53}}],"line":563},"62":{"loc":{"start":{"line":570,"column":21},"end":{"line":570,"column":63}},"type":"binary-expr","locations":[{"start":{"line":570,"column":21},"end":{"line":570,"column":38}},{"start":{"line":570,"column":42},"end":{"line":570,"column":63}}],"line":570},"63":{"loc":{"start":{"line":580,"column":2},"end":{"line":611,"column":3}},"type":"if","locations":[{"start":{"line":580,"column":2},"end":{"line":611,"column":3}},{"start":{"line":584,"column":9},"end":{"line":611,"column":3}}],"line":580},"64":{"loc":{"start":{"line":584,"column":9},"end":{"line":611,"column":3}},"type":"if","locations":[{"start":{"line":584,"column":9},"end":{"line":611,"column":3}},{"start":{"line":593,"column":9},"end":{"line":611,"column":3}}],"line":584},"65":{"loc":{"start":{"line":584,"column":13},"end":{"line":584,"column":88}},"type":"binary-expr","locations":[{"start":{"line":584,"column":13},"end":{"line":584,"column":49}},{"start":{"line":584,"column":53},"end":{"line":584,"column":88}}],"line":584},"66":{"loc":{"start":{"line":585,"column":3},"end":{"line":591,"column":4}},"type":"if","locations":[{"start":{"line":585,"column":3},"end":{"line":591,"column":4}},{"start":{},"end":{}}],"line":585},"67":{"loc":{"start":{"line":593,"column":9},"end":{"line":611,"column":3}},"type":"if","locations":[{"start":{"line":593,"column":9},"end":{"line":611,"column":3}},{"start":{},"end":{}}],"line":593},"68":{"loc":{"start":{"line":593,"column":13},"end":{"line":593,"column":83}},"type":"binary-expr","locations":[{"start":{"line":593,"column":13},"end":{"line":593,"column":47}},{"start":{"line":593,"column":51},"end":{"line":593,"column":83}}],"line":593},"69":{"loc":{"start":{"line":596,"column":3},"end":{"line":610,"column":4}},"type":"if","locations":[{"start":{"line":596,"column":3},"end":{"line":610,"column":4}},{"start":{"line":604,"column":10},"end":{"line":610,"column":4}}],"line":596},"70":{"loc":{"start":{"line":596,"column":7},"end":{"line":596,"column":40}},"type":"binary-expr","locations":[{"start":{"line":596,"column":7},"end":{"line":596,"column":20}},{"start":{"line":596,"column":24},"end":{"line":596,"column":40}}],"line":596},"71":{"loc":{"start":{"line":620,"column":2},"end":{"line":625,"column":3}},"type":"if","locations":[{"start":{"line":620,"column":2},"end":{"line":625,"column":3}},{"start":{},"end":{}}],"line":620},"72":{"loc":{"start":{"line":620,"column":6},"end":{"line":620,"column":59}},"type":"binary-expr","locations":[{"start":{"line":620,"column":6},"end":{"line":620,"column":42}},{"start":{"line":620,"column":46},"end":{"line":620,"column":59}}],"line":620},"73":{"loc":{"start":{"line":638,"column":2},"end":{"line":646,"column":3}},"type":"if","locations":[{"start":{"line":638,"column":2},"end":{"line":646,"column":3}},{"start":{},"end":{}}],"line":638},"74":{"loc":{"start":{"line":668,"column":2},"end":{"line":673,"column":3}},"type":"if","locations":[{"start":{"line":668,"column":2},"end":{"line":673,"column":3}},{"start":{},"end":{}}],"line":668},"75":{"loc":{"start":{"line":668,"column":6},"end":{"line":668,"column":38}},"type":"binary-expr","locations":[{"start":{"line":668,"column":6},"end":{"line":668,"column":19}},{"start":{"line":668,"column":23},"end":{"line":668,"column":38}}],"line":668},"76":{"loc":{"start":{"line":687,"column":2},"end":{"line":690,"column":3}},"type":"if","locations":[{"start":{"line":687,"column":2},"end":{"line":690,"column":3}},{"start":{},"end":{}}],"line":687},"77":{"loc":{"start":{"line":711,"column":2},"end":{"line":716,"column":3}},"type":"if","locations":[{"start":{"line":711,"column":2},"end":{"line":716,"column":3}},{"start":{},"end":{}}],"line":711},"78":{"loc":{"start":{"line":711,"column":6},"end":{"line":711,"column":38}},"type":"binary-expr","locations":[{"start":{"line":711,"column":6},"end":{"line":711,"column":19}},{"start":{"line":711,"column":23},"end":{"line":711,"column":38}}],"line":711},"79":{"loc":{"start":{"line":729,"column":2},"end":{"line":743,"column":3}},"type":"if","locations":[{"start":{"line":729,"column":2},"end":{"line":743,"column":3}},{"start":{"line":736,"column":9},"end":{"line":743,"column":3}}],"line":729},"80":{"loc":{"start":{"line":769,"column":2},"end":{"line":774,"column":3}},"type":"if","locations":[{"start":{"line":769,"column":2},"end":{"line":774,"column":3}},{"start":{},"end":{}}],"line":769},"81":{"loc":{"start":{"line":769,"column":6},"end":{"line":769,"column":35}},"type":"binary-expr","locations":[{"start":{"line":769,"column":6},"end":{"line":769,"column":21}},{"start":{"line":769,"column":25},"end":{"line":769,"column":35}}],"line":769},"82":{"loc":{"start":{"line":782,"column":2},"end":{"line":782,"column":45}},"type":"if","locations":[{"start":{"line":782,"column":2},"end":{"line":782,"column":45}},{"start":{},"end":{}}],"line":782},"83":{"loc":{"start":{"line":783,"column":2},"end":{"line":783,"column":54}},"type":"if","locations":[{"start":{"line":783,"column":2},"end":{"line":783,"column":54}},{"start":{},"end":{}}],"line":783},"84":{"loc":{"start":{"line":784,"column":2},"end":{"line":784,"column":60}},"type":"if","locations":[{"start":{"line":784,"column":2},"end":{"line":784,"column":60}},{"start":{},"end":{}}],"line":784},"85":{"loc":{"start":{"line":785,"column":2},"end":{"line":785,"column":48}},"type":"if","locations":[{"start":{"line":785,"column":2},"end":{"line":785,"column":48}},{"start":{},"end":{}}],"line":785},"86":{"loc":{"start":{"line":786,"column":2},"end":{"line":786,"column":62}},"type":"if","locations":[{"start":{"line":786,"column":2},"end":{"line":786,"column":62}},{"start":{},"end":{}}],"line":786},"87":{"loc":{"start":{"line":787,"column":2},"end":{"line":787,"column":60}},"type":"if","locations":[{"start":{"line":787,"column":2},"end":{"line":787,"column":60}},{"start":{},"end":{}}],"line":787},"88":{"loc":{"start":{"line":788,"column":2},"end":{"line":788,"column":48}},"type":"if","locations":[{"start":{"line":788,"column":2},"end":{"line":788,"column":48}},{"start":{},"end":{}}],"line":788},"89":{"loc":{"start":{"line":789,"column":2},"end":{"line":789,"column":72}},"type":"if","locations":[{"start":{"line":789,"column":2},"end":{"line":789,"column":72}},{"start":{},"end":{}}],"line":789},"90":{"loc":{"start":{"line":802,"column":2},"end":{"line":805,"column":3}},"type":"if","locations":[{"start":{"line":802,"column":2},"end":{"line":805,"column":3}},{"start":{},"end":{}}],"line":802},"91":{"loc":{"start":{"line":826,"column":2},"end":{"line":831,"column":3}},"type":"if","locations":[{"start":{"line":826,"column":2},"end":{"line":831,"column":3}},{"start":{},"end":{}}],"line":826},"92":{"loc":{"start":{"line":826,"column":6},"end":{"line":826,"column":35}},"type":"binary-expr","locations":[{"start":{"line":826,"column":6},"end":{"line":826,"column":21}},{"start":{"line":826,"column":25},"end":{"line":826,"column":35}}],"line":826},"93":{"loc":{"start":{"line":839,"column":3},"end":{"line":841,"column":4}},"type":"if","locations":[{"start":{"line":839,"column":3},"end":{"line":841,"column":4}},{"start":{},"end":{}}],"line":839},"94":{"loc":{"start":{"line":839,"column":7},"end":{"line":839,"column":44}},"type":"binary-expr","locations":[{"start":{"line":839,"column":7},"end":{"line":839,"column":26}},{"start":{"line":839,"column":30},"end":{"line":839,"column":44}}],"line":839},"95":{"loc":{"start":{"line":851,"column":2},"end":{"line":854,"column":3}},"type":"if","locations":[{"start":{"line":851,"column":2},"end":{"line":854,"column":3}},{"start":{},"end":{}}],"line":851},"96":{"loc":{"start":{"line":864,"column":2},"end":{"line":867,"column":3}},"type":"if","locations":[{"start":{"line":864,"column":2},"end":{"line":867,"column":3}},{"start":{},"end":{}}],"line":864},"97":{"loc":{"start":{"line":888,"column":2},"end":{"line":893,"column":3}},"type":"if","locations":[{"start":{"line":888,"column":2},"end":{"line":893,"column":3}},{"start":{},"end":{}}],"line":888},"98":{"loc":{"start":{"line":907,"column":2},"end":{"line":913,"column":3}},"type":"if","locations":[{"start":{"line":907,"column":2},"end":{"line":913,"column":3}},{"start":{},"end":{}}],"line":907},"99":{"loc":{"start":{"line":935,"column":22},"end":{"line":935,"column":57}},"type":"default-arg","locations":[{"start":{"line":935,"column":30},"end":{"line":935,"column":57}}],"line":935},"100":{"loc":{"start":{"line":937,"column":2},"end":{"line":942,"column":3}},"type":"if","locations":[{"start":{"line":937,"column":2},"end":{"line":942,"column":3}},{"start":{},"end":{}}],"line":937},"101":{"loc":{"start":{"line":1146,"column":26},"end":{"line":1146,"column":39}},"type":"default-arg","locations":[{"start":{"line":1146,"column":35},"end":{"line":1146,"column":39}}],"line":1146},"102":{"loc":{"start":{"line":1154,"column":2},"end":{"line":1159,"column":3}},"type":"if","locations":[{"start":{"line":1154,"column":2},"end":{"line":1159,"column":3}},{"start":{},"end":{}}],"line":1154},"103":{"loc":{"start":{"line":1171,"column":17},"end":{"line":1171,"column":67}},"type":"binary-expr","locations":[{"start":{"line":1171,"column":17},"end":{"line":1171,"column":48}},{"start":{"line":1171,"column":52},"end":{"line":1171,"column":67}}],"line":1171},"104":{"loc":{"start":{"line":1189,"column":2},"end":{"line":1260,"column":3}},"type":"if","locations":[{"start":{"line":1189,"column":2},"end":{"line":1260,"column":3}},{"start":{},"end":{}}],"line":1189},"105":{"loc":{"start":{"line":1265,"column":2},"end":{"line":1271,"column":3}},"type":"if","locations":[{"start":{"line":1265,"column":2},"end":{"line":1271,"column":3}},{"start":{},"end":{}}],"line":1265},"106":{"loc":{"start":{"line":1266,"column":3},"end":{"line":1268,"column":32}},"type":"binary-expr","locations":[{"start":{"line":1266,"column":3},"end":{"line":1266,"column":24}},{"start":{"line":1267,"column":3},"end":{"line":1267,"column":40}},{"start":{"line":1268,"column":3},"end":{"line":1268,"column":32}}],"line":1266},"107":{"loc":{"start":{"line":1307,"column":1},"end":{"line":1309,"column":2}},"type":"if","locations":[{"start":{"line":1307,"column":1},"end":{"line":1309,"column":2}},{"start":{},"end":{}}],"line":1307},"108":{"loc":{"start":{"line":1327,"column":1},"end":{"line":1329,"column":2}},"type":"if","locations":[{"start":{"line":1327,"column":1},"end":{"line":1329,"column":2}},{"start":{},"end":{}}],"line":1327},"109":{"loc":{"start":{"line":1335,"column":1},"end":{"line":1338,"column":2}},"type":"if","locations":[{"start":{"line":1335,"column":1},"end":{"line":1338,"column":2}},{"start":{},"end":{}}],"line":1335},"110":{"loc":{"start":{"line":1335,"column":5},"end":{"line":1335,"column":54}},"type":"binary-expr","locations":[{"start":{"line":1335,"column":5},"end":{"line":1335,"column":27}},{"start":{"line":1335,"column":31},"end":{"line":1335,"column":54}}],"line":1335},"111":{"loc":{"start":{"line":1370,"column":0},"end":{"line":1388,"column":1}},"type":"if","locations":[{"start":{"line":1370,"column":0},"end":{"line":1388,"column":1}},{"start":{},"end":{}}],"line":1370},"112":{"loc":{"start":{"line":1400,"column":0},"end":{"line":1409,"column":1}},"type":"if","locations":[{"start":{"line":1400,"column":0},"end":{"line":1409,"column":1}},{"start":{},"end":{}}],"line":1400}},"s":{"0":0,"1":0,"2":0,"3":0,"4":0,"5":0,"6":0,"7":0,"8":0,"9":0,"10":0,"11":0,"12":0,"13":0,"14":0,"15":0,"16":0,"17":0,"18":0,"19":0,"20":0,"21":0,"22":0,"23":0,"24":0,"25":0,"26":0,"27":0,"28":0,"29":0,"30":0,"31":0,"32":0,"33":0,"34":0,"35":0,"36":0,"37":0,"38":0,"39":0,"40":0,"41":0,"42":0,"43":0,"44":0,"45":0,"46":0,"47":0,"48":0,"49":0,"50":0,"51":0,"52":0,"53":0,"54":0,"55":0,"56":0,"57":0,"58":0,"59":0,"60":0,"61":0,"62":0,"63":0,"64":0,"65":0,"66":0,"67":0,"68":0,"69":0,"70":0,"71":0,"72":0,"73":0,"74":0,"75":0,"76":0,"77":0,"78":0,"79":0,"80":0,"81":0,"82":0,"83":0,"84":0,"85":0,"86":0,"87":0,"88":0,"89":0,"90":0,"91":0,"92":0,"93":0,"94":0,"95":0,"96":0,"97":0,"98":0,"99":0,"100":0,"101":0,"102":0,"103":0,"104":0,"105":0,"106":0,"107":0,"108":0,"109":0,"110":0,"111":0,"112":0,"113":0,"114":0,"115":0,"116":0,"117":0,"118":0,"119":0,"120":0,"121":0,"122":0,"123":0,"124":0,"125":0,"126":0,"127":0,"128":0,"129":0,"130":0,"131":0,"132":0,"133":0,"134":0,"135":0,"136":0,"137":0,"138":0,"139":0,"140":0,"141":0,"142":0,"143":0,"144":0,"145":0,"146":0,"147":0,"148":0,"149":0,"150":0,"151":0,"152":0,"153":0,"154":0,"155":0,"156":0,"157":0,"158":0,"159":0,"160":0,"161":0,"162":0,"163":0,"164":0,"165":0,"166":0,"167":0,"168":0,"169":0,"170":0,"171":0,"172":0,"173":0,"174":0,"175":0,"176":0,"177":0,"178":0,"179":0,"180":0,"181":0,"182":0,"183":0,"184":0,"185":0,"186":0,"187":0,"188":0,"189":0,"190":0,"191":0,"192":0,"193":0,"194":0,"195":0,"196":0,"197":0,"198":0,"199":0,"200":0,"201":0,"202":0,"203":0,"204":0,"205":0,"206":0,"207":0,"208":0,"209":0,"210":0,"211":0,"212":0,"213":0,"214":0,"215":0,"216":0,"217":0,"218":0,"219":0,"220":0,"221":0,"222":0,"223":0,"224":0,"225":0,"226":0,"227":0,"228":0,"229":0,"230":0,"231":0,"232":0,"233":0,"234":0,"235":0,"236":0,"237":0,"238":0,"239":0,"240":0,"241":0,"242":0,"243":0,"244":0,"245":0,"246":0,"247":0,"248":0,"249":0,"250":0,"251":0,"252":0,"253":0,"254":0,"255":0,"256":0,"257":0,"258":0,"259":0,"260":0,"261":0,"262":0,"263":0,"264":0,"265":0,"266":0,"267":0,"268":0,"269":0,"270":0,"271":0,"272":0,"273":0,"274":0,"275":0,"276":0,"277":0,"278":0,"279":0,"280":0,"281":0,"282":0,"283":0,"284":0,"285":0,"286":0,"287":0,"288":0,"289":0,"290":0,"291":0,"292":0,"293":0,"294":0,"295":0,"296":0,"297":0,"298":0,"299":0,"300":0,"301":0,"302":0,"303":0,"304":0,"305":0,"306":0,"307":0,"308":0,"309":0,"310":0,"311":0,"312":0,"313":0,"314":0,"315":0,"316":0,"317":0,"318":0,"319":0,"320":0,"321":0,"322":0,"323":0,"324":0,"325":0,"326":0,"327":0,"328":0,"329":0,"330":0,"331":0,"332":0,"333":0,"334":0,"335":0,"336":0,"337":0,"338":0,"339":0,"340":0,"341":0,"342":0,"343":0,"344":0,"345":0,"346":0,"347":0,"348":0,"349":0,"350":0,"351":0,"352":0,"353":0,"354":0,"355":0,"356":0,"357":0,"358":0,"359":0,"360":0,"361":0,"362":0,"363":0,"364":0,"365":0,"366":0,"367":0,"368":0,"369":0,"370":0,"371":0,"372":0,"373":0,"374":0,"375":0,"376":0,"377":0,"378":0,"379":0,"380":0,"381":0,"382":0,"383":0,"384":0,"385":0,"386":0,"387":0,"388":0,"389":0,"390":0,"391":0,"392":0,"393":0,"394":0,"395":0,"396":0,"397":0,"398":0,"399":0,"400":0,"401":0,"402":0,"403":0,"404":0,"405":0,"406":0,"407":0,"408":0,"409":0,"410":0,"411":0,"412":0,"413":0,"414":0,"415":0,"416":0,"417":0,"418":0,"419":0,"420":0,"421":0,"422":0,"423":0,"424":0,"425":0,"426":0,"427":0,"428":0,"429":0,"430":0,"431":0,"432":0,"433":0,"434":0,"435":0,"436":0,"437":0,"438":0,"439":0,"440":0,"441":0,"442":0,"443":0,"444":0,"445":0,"446":0,"447":0},"f":{"0":0,"1":0,"2":0,"3":0,"4":0,"5":0,"6":0,"7":0,"8":0,"9":0,"10":0,"11":0,"12":0,"13":0,"14":0,"15":0,"16":0,"17":0,"18":0,"19":0,"20":0,"21":0,"22":0,"23":0,"24":0,"25":0,"26":0,"27":0,"28":0,"29":0,"30":0,"31":0,"32":0,"33":0,"34":0,"35":0,"36":0},"b":{"0":[0,0],"1":[0,0],"2":[0],"3":[0,0],"4":[0,0],"5":[0,0],"6":[0,0],"7":[0,0],"8":[0,0],"9":[0,0],"10":[0,0],"11":[0,0],"12":[0,0],"13":[0,0],"14":[0,0,0],"15":[0,0,0],"16":[0,0,0],"17":[0,0,0],"18":[0,0,0],"19":[0,0],"20":[0,0,0],"21":[0,0],"22":[0,0],"23":[0,0],"24":[0,0],"25":[0,0],"26":[0,0],"27":[0,0],"28":[0,0],"29":[0,0],"30":[0,0],"31":[0,0],"32":[0,0],"33":[0,0],"34":[0,0],"35":[0,0],"36":[0,0],"37":[0,0],"38":[0,0],"39":[0,0],"40":[0,0],"41":[0,0],"42":[0,0],"43":[0,0],"44":[0,0],"45":[0,0],"46":[0,0],"47":[0,0],"48":[0,0],"49":[0,0],"50":[0,0],"51":[0,0],"52":[0,0],"53":[0,0],"54":[0,0],"55":[0,0],"56":[0,0],"57":[0,0],"58":[0,0,0],"59":[0,0],"60":[0,0],"61":[0,0,0],"62":[0,0],"63":[0,0],"64":[0,0],"65":[0,0],"66":[0,0],"67":[0,0],"68":[0,0],"69":[0,0],"70":[0,0],"71":[0,0],"72":[0,0],"73":[0,0],"74":[0,0],"75":[0,0],"76":[0,0],"77":[0,0],"78":[0,0],"79":[0,0],"80":[0,0],"81":[0,0],"82":[0,0],"83":[0,0],"84":[0,0],"85":[0,0],"86":[0,0],"87":[0,0],"88":[0,0],"89":[0,0],"90":[0,0],"91":[0,0],"92":[0,0],"93":[0,0],"94":[0,0],"95":[0,0],"96":[0,0],"97":[0,0],"98":[0,0],"99":[0],"100":[0,0],"101":[0],"102":[0,0],"103":[0,0],"104":[0,0],"105":[0,0],"106":[0,0,0],"107":[0,0],"108":[0,0],"109":[0,0],"110":[0,0],"111":[0,0],"112":[0,0]}}
}
