TN:
SF:server.js
FN:48,(anonymous_0)
FN:67,(anonymous_1)
FN:73,(anonymous_2)
FN:89,(anonymous_3)
FN:90,(anonymous_4)
FN:91,(anonymous_5)
FN:100,(anonymous_6)
FN:158,(anonymous_7)
FN:171,(anonymous_8)
FN:176,(anonymous_9)
FN:203,(anonymous_10)
FN:465,(anonymous_11)
FN:542,(anonymous_12)
FN:664,(anonymous_13)
FN:707,(anonymous_14)
FN:754,(anonymous_15)
FN:822,(anonymous_16)
FN:838,(anonymous_17)
FN:884,(anonymous_18)
FN:933,(anonymous_19)
FN:990,(anonymous_20)
FN:1026,(anonymous_21)
FN:1041,(anonymous_22)
FN:1087,(anonymous_23)
FN:1101,(anonymous_24)
FN:1144,(anonymous_25)
FN:1191,(anonymous_26)
FN:1296,(anonymous_27)
FN:1305,(anonymous_28)
FN:1314,(anonymous_29)
FN:1323,generateSelfSignedCert
FN:1361,(anonymous_31)
FN:1377,(anonymous_32)
FN:1391,(anonymous_33)
FN:1395,(anonymous_34)
FN:1401,(anonymous_35)
FN:1405,(anonymous_36)
FNF:37
FNH:0
FNDA:0,(anonymous_0)
FNDA:0,(anonymous_1)
FNDA:0,(anonymous_2)
FNDA:0,(anonymous_3)
FNDA:0,(anonymous_4)
FNDA:0,(anonymous_5)
FNDA:0,(anonymous_6)
FNDA:0,(anonymous_7)
FNDA:0,(anonymous_8)
FNDA:0,(anonymous_9)
FNDA:0,(anonymous_10)
FNDA:0,(anonymous_11)
FNDA:0,(anonymous_12)
FNDA:0,(anonymous_13)
FNDA:0,(anonymous_14)
FNDA:0,(anonymous_15)
FNDA:0,(anonymous_16)
FNDA:0,(anonymous_17)
FNDA:0,(anonymous_18)
FNDA:0,(anonymous_19)
FNDA:0,(anonymous_20)
FNDA:0,(anonymous_21)
FNDA:0,(anonymous_22)
FNDA:0,(anonymous_23)
FNDA:0,(anonymous_24)
FNDA:0,(anonymous_25)
FNDA:0,(anonymous_26)
FNDA:0,(anonymous_27)
FNDA:0,(anonymous_28)
FNDA:0,(anonymous_29)
FNDA:0,generateSelfSignedCert
FNDA:0,(anonymous_31)
FNDA:0,(anonymous_32)
FNDA:0,(anonymous_33)
FNDA:0,(anonymous_34)
FNDA:0,(anonymous_35)
FNDA:0,(anonymous_36)
DA:2,0
DA:16,0
DA:18,0
DA:19,0
DA:21,0
DA:22,0
DA:23,0
DA:24,0
DA:32,0
DA:48,0
DA:49,0
DA:60,0
DA:63,0
DA:64,0
DA:67,0
DA:68,0
DA:69,0
DA:70,0
DA:71,0
DA:73,0
DA:74,0
DA:75,0
DA:77,0
DA:78,0
DA:79,0
DA:80,0
DA:81,0
DA:82,0
DA:84,0
DA:85,0
DA:89,0
DA:90,0
DA:91,0
DA:93,0
DA:97,0
DA:100,0
DA:101,0
DA:102,0
DA:103,0
DA:104,0
DA:105,0
DA:106,0
DA:107,0
DA:108,0
DA:109,0
DA:114,0
DA:117,0
DA:121,0
DA:158,0
DA:159,0
DA:167,0
DA:171,0
DA:172,0
DA:176,0
DA:177,0
DA:179,0
DA:193,0
DA:199,0
DA:203,0
DA:204,0
DA:205,0
DA:219,0
DA:230,0
DA:233,0
DA:234,0
DA:241,0
DA:248,0
DA:249,0
DA:250,0
DA:251,0
DA:256,0
DA:257,0
DA:258,0
DA:259,0
DA:267,0
DA:268,0
DA:269,0
DA:274,0
DA:281,0
DA:283,0
DA:298,0
DA:300,0
DA:301,0
DA:309,0
DA:310,0
DA:319,0
DA:320,0
DA:321,0
DA:323,0
DA:327,0
DA:328,0
DA:329,0
DA:332,0
DA:336,0
DA:342,0
DA:344,0
DA:346,0
DA:348,0
DA:349,0
DA:355,0
DA:356,0
DA:359,0
DA:360,0
DA:365,0
DA:366,0
DA:368,0
DA:369,0
DA:370,0
DA:380,0
DA:381,0
DA:390,0
DA:398,0
DA:410,0
DA:416,0
DA:423,0
DA:425,0
DA:426,0
DA:432,0
DA:435,0
DA:446,0
DA:447,0
DA:449,0
DA:450,0
DA:452,0
DA:457,0
DA:465,0
DA:466,0
DA:467,0
DA:475,0
DA:477,0
DA:478,0
DA:484,0
DA:487,0
DA:494,0
DA:496,0
DA:497,0
DA:498,0
DA:499,0
DA:500,0
DA:501,0
DA:502,0
DA:504,0
DA:510,0
DA:512,0
DA:513,0
DA:521,0
DA:524,0
DA:528,0
DA:529,0
DA:531,0
DA:533,0
DA:534,0
DA:542,0
DA:543,0
DA:551,0
DA:553,0
DA:563,0
DA:564,0
DA:570,0
DA:571,0
DA:574,0
DA:580,0
DA:582,0
DA:584,0
DA:585,0
DA:586,0
DA:592,0
DA:593,0
DA:594,0
DA:596,0
DA:597,0
DA:601,0
DA:602,0
DA:605,0
DA:606,0
DA:614,0
DA:620,0
DA:621,0
DA:622,0
DA:624,0
DA:627,0
DA:628,0
DA:630,0
DA:636,0
DA:638,0
DA:639,0
DA:645,0
DA:648,0
DA:651,0
DA:653,0
DA:655,0
DA:656,0
DA:664,0
DA:665,0
DA:666,0
DA:668,0
DA:669,0
DA:675,0
DA:677,0
DA:685,0
DA:687,0
DA:688,0
DA:689,0
DA:692,0
DA:694,0
DA:696,0
DA:698,0
DA:699,0
DA:707,0
DA:708,0
DA:709,0
DA:711,0
DA:712,0
DA:719,0
DA:721,0
DA:729,0
DA:730,0
DA:731,0
DA:737,0
DA:738,0
DA:745,0
DA:746,0
DA:754,0
DA:755,0
DA:767,0
DA:769,0
DA:770,0
DA:776,0
DA:778,0
DA:780,0
DA:781,0
DA:782,0
DA:783,0
DA:784,0
DA:785,0
DA:786,0
DA:787,0
DA:788,0
DA:789,0
DA:791,0
DA:800,0
DA:802,0
DA:803,0
DA:804,0
DA:807,0
DA:809,0
DA:811,0
DA:813,0
DA:814,0
DA:822,0
DA:823,0
DA:824,0
DA:826,0
DA:827,0
DA:833,0
DA:835,0
DA:837,0
DA:838,0
DA:839,0
DA:840,0
DA:844,0
DA:851,0
DA:852,0
DA:853,0
DA:856,0
DA:862,0
DA:864,0
DA:865,0
DA:866,0
DA:869,0
DA:871,0
DA:873,0
DA:875,0
DA:876,0
DA:884,0
DA:885,0
DA:886,0
DA:888,0
DA:889,0
DA:895,0
DA:897,0
DA:899,0
DA:907,0
DA:908,0
DA:909,0
DA:915,0
DA:917,0
DA:919,0
DA:924,0
DA:925,0
DA:933,0
DA:934,0
DA:935,0
DA:937,0
DA:938,0
DA:944,0
DA:947,0
DA:949,0
DA:951,0
DA:954,0
DA:957,0
DA:970,0
DA:971,0
DA:973,0
DA:974,0
DA:980,0
DA:981,0
DA:990,0
DA:991,0
DA:992,0
DA:995,0
DA:1003,0
DA:1010,0
DA:1011,0
DA:1015,0
DA:1017,0
DA:1018,0
DA:1026,0
DA:1027,0
DA:1028,0
DA:1031,0
DA:1041,0
DA:1043,0
DA:1044,0
DA:1045,0
DA:1048,0
DA:1051,0
DA:1052,0
DA:1054,0
DA:1060,0
DA:1062,0
DA:1075,0
DA:1076,0
DA:1078,0
DA:1079,0
DA:1087,0
DA:1088,0
DA:1089,0
DA:1092,0
DA:1101,0
DA:1102,0
DA:1103,0
DA:1104,0
DA:1106,0
DA:1108,0
DA:1109,0
DA:1111,0
DA:1117,0
DA:1119,0
DA:1132,0
DA:1133,0
DA:1135,0
DA:1136,0
DA:1144,0
DA:1145,0
DA:1146,0
DA:1148,0
DA:1154,0
DA:1155,0
DA:1162,0
DA:1171,0
DA:1172,0
DA:1174,0
DA:1176,0
DA:1178,0
DA:1187,0
DA:1189,0
DA:1190,0
DA:1191,0
DA:1192,0
DA:1195,0
DA:1251,0
DA:1253,0
DA:1262,0
DA:1265,0
DA:1270,0
DA:1273,0
DA:1275,0
DA:1282,0
DA:1287,0
DA:1296,0
DA:1297,0
DA:1305,0
DA:1307,0
DA:1308,0
DA:1310,0
DA:1314,0
DA:1315,0
DA:1316,0
DA:1324,0
DA:1327,0
DA:1328,0
DA:1331,0
DA:1332,0
DA:1335,0
DA:1336,0
DA:1337,0
DA:1340,0
DA:1341,0
DA:1342,0
DA:1346,0
DA:1347,0
DA:1349,0
DA:1350,0
DA:1351,0
DA:1356,0
DA:1361,0
DA:1362,0
DA:1363,0
DA:1364,0
DA:1365,0
DA:1366,0
DA:1370,0
DA:1371,0
DA:1372,0
DA:1377,0
DA:1378,0
DA:1379,0
DA:1380,0
DA:1381,0
DA:1382,0
DA:1385,0
DA:1386,0
DA:1391,0
DA:1392,0
DA:1395,0
DA:1396,0
DA:1397,0
DA:1400,0
DA:1401,0
DA:1402,0
DA:1405,0
DA:1406,0
DA:1407,0
LF:434
LH:0
BRDA:22,0,0,0
BRDA:22,0,1,0
BRDA:34,1,0,0
BRDA:34,1,1,0
BRDA:73,2,0,0
BRDA:74,3,0,0
BRDA:74,3,1,0
BRDA:81,4,0,0
BRDA:81,4,1,0
BRDA:84,5,0,0
BRDA:84,5,1,0
BRDA:84,6,0,0
BRDA:84,6,1,0
BRDA:104,7,0,0
BRDA:104,7,1,0
BRDA:107,8,0,0
BRDA:107,8,1,0
BRDA:114,9,0,0
BRDA:114,9,1,0
BRDA:117,10,0,0
BRDA:117,10,1,0
BRDA:128,11,0,0
BRDA:128,11,1,0
BRDA:160,12,0,0
BRDA:160,12,1,0
BRDA:167,13,0,0
BRDA:167,13,1,0
BRDA:181,14,0,0
BRDA:181,14,1,0
BRDA:181,14,2,0
BRDA:182,15,0,0
BRDA:182,15,1,0
BRDA:182,15,2,0
BRDA:183,16,0,0
BRDA:183,16,1,0
BRDA:183,16,2,0
BRDA:185,17,0,0
BRDA:185,17,1,0
BRDA:185,17,2,0
BRDA:190,18,0,0
BRDA:190,18,1,0
BRDA:190,18,2,0
BRDA:233,19,0,0
BRDA:233,19,1,0
BRDA:233,20,0,0
BRDA:233,20,1,0
BRDA:233,20,2,0
BRDA:239,21,0,0
BRDA:239,21,1,0
BRDA:248,22,0,0
BRDA:248,22,1,0
BRDA:249,23,0,0
BRDA:249,23,1,0
BRDA:249,24,0,0
BRDA:249,24,1,0
BRDA:256,25,0,0
BRDA:256,25,1,0
BRDA:257,26,0,0
BRDA:257,26,1,0
BRDA:257,27,0,0
BRDA:257,27,1,0
BRDA:267,28,0,0
BRDA:267,28,1,0
BRDA:268,29,0,0
BRDA:268,29,1,0
BRDA:292,30,0,0
BRDA:292,30,1,0
BRDA:298,31,0,0
BRDA:298,31,1,0
BRDA:305,32,0,0
BRDA:305,32,1,0
BRDA:313,33,0,0
BRDA:313,33,1,0
BRDA:314,34,0,0
BRDA:314,34,1,0
BRDA:315,35,0,0
BRDA:315,35,1,0
BRDA:319,36,0,0
BRDA:319,36,1,0
BRDA:319,37,0,0
BRDA:319,37,1,0
BRDA:327,38,0,0
BRDA:327,38,1,0
BRDA:327,39,0,0
BRDA:327,39,1,0
BRDA:342,40,0,0
BRDA:342,40,1,0
BRDA:344,41,0,0
BRDA:344,41,1,0
BRDA:344,42,0,0
BRDA:344,42,1,0
BRDA:348,43,0,0
BRDA:348,43,1,0
BRDA:348,44,0,0
BRDA:348,44,1,0
BRDA:352,45,0,0
BRDA:352,45,1,0
BRDA:365,46,0,0
BRDA:365,46,1,0
BRDA:365,47,0,0
BRDA:365,47,1,0
BRDA:366,48,0,0
BRDA:366,48,1,0
BRDA:372,49,0,0
BRDA:372,49,1,0
BRDA:383,50,0,0
BRDA:383,50,1,0
BRDA:393,51,0,0
BRDA:393,51,1,0
BRDA:404,52,0,0
BRDA:404,52,1,0
BRDA:425,53,0,0
BRDA:425,53,1,0
BRDA:472,54,0,0
BRDA:472,54,1,0
BRDA:477,55,0,0
BRDA:477,55,1,0
BRDA:496,56,0,0
BRDA:496,56,1,0
BRDA:512,57,0,0
BRDA:512,57,1,0
BRDA:525,58,0,0
BRDA:525,58,1,0
BRDA:525,58,2,0
BRDA:560,59,0,0
BRDA:560,59,1,0
BRDA:563,60,0,0
BRDA:563,60,1,0
BRDA:563,61,0,0
BRDA:563,61,1,0
BRDA:563,61,2,0
BRDA:570,62,0,0
BRDA:570,62,1,0
BRDA:580,63,0,0
BRDA:580,63,1,0
BRDA:584,64,0,0
BRDA:584,64,1,0
BRDA:584,65,0,0
BRDA:584,65,1,0
BRDA:585,66,0,0
BRDA:585,66,1,0
BRDA:593,67,0,0
BRDA:593,67,1,0
BRDA:593,68,0,0
BRDA:593,68,1,0
BRDA:596,69,0,0
BRDA:596,69,1,0
BRDA:596,70,0,0
BRDA:596,70,1,0
BRDA:620,71,0,0
BRDA:620,71,1,0
BRDA:620,72,0,0
BRDA:620,72,1,0
BRDA:638,73,0,0
BRDA:638,73,1,0
BRDA:668,74,0,0
BRDA:668,74,1,0
BRDA:668,75,0,0
BRDA:668,75,1,0
BRDA:687,76,0,0
BRDA:687,76,1,0
BRDA:711,77,0,0
BRDA:711,77,1,0
BRDA:711,78,0,0
BRDA:711,78,1,0
BRDA:729,79,0,0
BRDA:729,79,1,0
BRDA:769,80,0,0
BRDA:769,80,1,0
BRDA:769,81,0,0
BRDA:769,81,1,0
BRDA:782,82,0,0
BRDA:782,82,1,0
BRDA:783,83,0,0
BRDA:783,83,1,0
BRDA:784,84,0,0
BRDA:784,84,1,0
BRDA:785,85,0,0
BRDA:785,85,1,0
BRDA:786,86,0,0
BRDA:786,86,1,0
BRDA:787,87,0,0
BRDA:787,87,1,0
BRDA:788,88,0,0
BRDA:788,88,1,0
BRDA:789,89,0,0
BRDA:789,89,1,0
BRDA:802,90,0,0
BRDA:802,90,1,0
BRDA:826,91,0,0
BRDA:826,91,1,0
BRDA:826,92,0,0
BRDA:826,92,1,0
BRDA:839,93,0,0
BRDA:839,93,1,0
BRDA:839,94,0,0
BRDA:839,94,1,0
BRDA:851,95,0,0
BRDA:851,95,1,0
BRDA:864,96,0,0
BRDA:864,96,1,0
BRDA:888,97,0,0
BRDA:888,97,1,0
BRDA:907,98,0,0
BRDA:907,98,1,0
BRDA:935,99,0,0
BRDA:937,100,0,0
BRDA:937,100,1,0
BRDA:1146,101,0,0
BRDA:1154,102,0,0
BRDA:1154,102,1,0
BRDA:1171,103,0,0
BRDA:1171,103,1,0
BRDA:1189,104,0,0
BRDA:1189,104,1,0
BRDA:1265,105,0,0
BRDA:1265,105,1,0
BRDA:1266,106,0,0
BRDA:1266,106,1,0
BRDA:1266,106,2,0
BRDA:1307,107,0,0
BRDA:1307,107,1,0
BRDA:1327,108,0,0
BRDA:1327,108,1,0
BRDA:1335,109,0,0
BRDA:1335,109,1,0
BRDA:1335,110,0,0
BRDA:1335,110,1,0
BRDA:1370,111,0,0
BRDA:1370,111,1,0
BRDA:1400,112,0,0
BRDA:1400,112,1,0
BRF:232
BRH:0
end_of_record
