TN:
SF:server.js
FN:48,(anonymous_0)
FN:67,(anonymous_1)
FN:73,(anonymous_2)
FN:89,(anonymous_3)
FN:90,(anonymous_4)
FN:91,(anonymous_5)
FN:100,(anonymous_6)
FN:158,(anonymous_7)
FN:171,(anonymous_8)
FN:176,(anonymous_9)
FN:203,(anonymous_10)
FN:460,(anonymous_11)
FN:537,(anonymous_12)
FN:666,(anonymous_13)
FN:709,(anonymous_14)
FN:756,(anonymous_15)
FN:824,(anonymous_16)
FN:867,(anonymous_17)
FN:883,(anonymous_18)
FN:929,(anonymous_19)
FN:978,(anonymous_20)
FN:1035,(anonymous_21)
FN:1071,(anonymous_22)
FN:1086,(anonymous_23)
FN:1132,(anonymous_24)
FN:1146,(anonymous_25)
FN:1189,(anonymous_26)
FN:1236,(anonymous_27)
FN:1341,(anonymous_28)
FN:1350,(anonymous_29)
FN:1359,(anonymous_30)
FN:1368,generateSelfSignedCert
FN:1406,(anonymous_32)
FN:1423,(anonymous_33)
FN:1438,(anonymous_34)
FN:1442,(anonymous_35)
FN:1448,(anonymous_36)
FN:1452,(anonymous_37)
FNF:38
FNH:12
FNDA:19,(anonymous_0)
FNDA:19,(anonymous_1)
FNDA:38,(anonymous_2)
FNDA:19,(anonymous_3)
FNDA:19,(anonymous_4)
FNDA:0,(anonymous_5)
FNDA:3,(anonymous_6)
FNDA:0,(anonymous_7)
FNDA:0,(anonymous_8)
FNDA:0,(anonymous_9)
FNDA:13,(anonymous_10)
FNDA:3,(anonymous_11)
FNDA:0,(anonymous_12)
FNDA:0,(anonymous_13)
FNDA:0,(anonymous_14)
FNDA:0,(anonymous_15)
FNDA:0,(anonymous_16)
FNDA:0,(anonymous_17)
FNDA:0,(anonymous_18)
FNDA:0,(anonymous_19)
FNDA:0,(anonymous_20)
FNDA:0,(anonymous_21)
FNDA:0,(anonymous_22)
FNDA:0,(anonymous_23)
FNDA:0,(anonymous_24)
FNDA:0,(anonymous_25)
FNDA:0,(anonymous_26)
FNDA:0,(anonymous_27)
FNDA:0,(anonymous_28)
FNDA:0,(anonymous_29)
FNDA:0,(anonymous_30)
FNDA:3,generateSelfSignedCert
FNDA:3,(anonymous_32)
FNDA:0,(anonymous_33)
FNDA:3,(anonymous_34)
FNDA:0,(anonymous_35)
FNDA:3,(anonymous_36)
FNDA:0,(anonymous_37)
DA:2,3
DA:16,3
DA:18,3
DA:19,3
DA:21,3
DA:22,3
DA:23,3
DA:24,3
DA:32,3
DA:48,3
DA:49,19
DA:60,19
DA:63,3
DA:64,3
DA:67,3
DA:68,19
DA:69,19
DA:70,19
DA:71,19
DA:73,19
DA:74,38
DA:75,19
DA:77,19
DA:78,19
DA:79,19
DA:80,19
DA:81,19
DA:82,19
DA:84,19
DA:85,15
DA:89,19
DA:90,19
DA:91,19
DA:93,19
DA:97,3
DA:100,3
DA:101,3
DA:102,3
DA:103,3
DA:104,3
DA:105,3
DA:106,3
DA:107,3
DA:108,3
DA:109,3
DA:114,3
DA:117,3
DA:121,3
DA:158,3
DA:159,0
DA:167,0
DA:171,3
DA:172,0
DA:176,3
DA:177,0
DA:179,0
DA:193,0
DA:199,0
DA:203,3
DA:204,13
DA:205,13
DA:219,13
DA:230,13
DA:233,13
DA:234,2
DA:241,2
DA:248,11
DA:249,2
DA:250,1
DA:251,1
DA:256,9
DA:257,9
DA:258,1
DA:259,1
DA:267,9
DA:268,9
DA:269,1
DA:276,8
DA:278,8
DA:293,8
DA:295,1
DA:296,1
DA:304,7
DA:305,7
DA:314,7
DA:315,1
DA:316,1
DA:318,6
DA:322,7
DA:323,0
DA:324,0
DA:327,7
DA:331,8
DA:337,8
DA:339,8
DA:341,1
DA:343,1
DA:344,1
DA:350,1
DA:351,1
DA:354,0
DA:355,0
DA:360,7
DA:361,3
DA:363,1
DA:364,1
DA:365,1
DA:375,2
DA:376,2
DA:385,4
DA:393,8
DA:405,8
DA:411,8
DA:418,8
DA:420,8
DA:421,8
DA:427,8
DA:430,0
DA:441,0
DA:442,0
DA:444,0
DA:445,0
DA:447,0
DA:452,0
DA:460,3
DA:461,3
DA:462,3
DA:470,3
DA:472,3
DA:473,1
DA:479,2
DA:482,2
DA:489,2
DA:491,2
DA:492,2
DA:493,2
DA:494,2
DA:495,2
DA:496,2
DA:497,2
DA:499,2
DA:505,2
DA:507,2
DA:508,1
DA:516,1
DA:519,1
DA:523,1
DA:524,1
DA:526,1
DA:528,0
DA:529,0
DA:537,3
DA:538,0
DA:547,0
DA:549,0
DA:560,0
DA:561,0
DA:567,0
DA:568,0
DA:571,0
DA:577,0
DA:578,0
DA:582,0
DA:584,0
DA:586,0
DA:587,0
DA:588,0
DA:594,0
DA:595,0
DA:596,0
DA:598,0
DA:599,0
DA:603,0
DA:604,0
DA:607,0
DA:608,0
DA:616,0
DA:622,0
DA:623,0
DA:624,0
DA:626,0
DA:629,0
DA:630,0
DA:632,0
DA:638,0
DA:640,0
DA:641,0
DA:647,0
DA:650,0
DA:653,0
DA:655,0
DA:657,0
DA:658,0
DA:666,3
DA:667,0
DA:668,0
DA:670,0
DA:671,0
DA:677,0
DA:679,0
DA:687,0
DA:689,0
DA:690,0
DA:691,0
DA:694,0
DA:696,0
DA:698,0
DA:700,0
DA:701,0
DA:709,3
DA:710,0
DA:711,0
DA:713,0
DA:714,0
DA:721,0
DA:723,0
DA:731,0
DA:732,0
DA:733,0
DA:739,0
DA:740,0
DA:747,0
DA:748,0
DA:756,3
DA:757,0
DA:769,0
DA:771,0
DA:772,0
DA:778,0
DA:780,0
DA:782,0
DA:783,0
DA:784,0
DA:785,0
DA:786,0
DA:787,0
DA:788,0
DA:789,0
DA:790,0
DA:791,0
DA:793,0
DA:802,0
DA:804,0
DA:805,0
DA:806,0
DA:809,0
DA:811,0
DA:813,0
DA:815,0
DA:816,0
DA:824,3
DA:825,0
DA:826,0
DA:828,0
DA:829,0
DA:835,0
DA:837,0
DA:845,0
DA:847,0
DA:848,0
DA:849,0
DA:852,0
DA:854,0
DA:856,0
DA:858,0
DA:859,0
DA:867,3
DA:868,0
DA:869,0
DA:871,0
DA:872,0
DA:878,0
DA:880,0
DA:882,0
DA:883,0
DA:884,0
DA:885,0
DA:889,0
DA:896,0
DA:897,0
DA:898,0
DA:901,0
DA:907,0
DA:909,0
DA:910,0
DA:911,0
DA:914,0
DA:916,0
DA:918,0
DA:920,0
DA:921,0
DA:929,3
DA:930,0
DA:931,0
DA:933,0
DA:934,0
DA:940,0
DA:942,0
DA:944,0
DA:952,0
DA:953,0
DA:954,0
DA:960,0
DA:962,0
DA:964,0
DA:969,0
DA:970,0
DA:978,3
DA:979,0
DA:980,0
DA:982,0
DA:983,0
DA:989,0
DA:992,0
DA:994,0
DA:996,0
DA:999,0
DA:1002,0
DA:1015,0
DA:1016,0
DA:1018,0
DA:1019,0
DA:1025,0
DA:1026,0
DA:1035,3
DA:1036,0
DA:1037,0
DA:1040,0
DA:1048,0
DA:1055,0
DA:1056,0
DA:1060,0
DA:1062,0
DA:1063,0
DA:1071,3
DA:1072,0
DA:1073,0
DA:1076,0
DA:1086,0
DA:1088,0
DA:1089,0
DA:1090,0
DA:1093,0
DA:1096,0
DA:1097,0
DA:1099,0
DA:1105,0
DA:1107,0
DA:1120,0
DA:1121,0
DA:1123,0
DA:1124,0
DA:1132,3
DA:1133,0
DA:1134,0
DA:1137,0
DA:1146,0
DA:1147,0
DA:1148,0
DA:1149,0
DA:1151,0
DA:1153,0
DA:1154,0
DA:1156,0
DA:1162,0
DA:1164,0
DA:1177,0
DA:1178,0
DA:1180,0
DA:1181,0
DA:1189,3
DA:1190,0
DA:1191,0
DA:1193,0
DA:1199,0
DA:1200,0
DA:1207,0
DA:1216,0
DA:1217,0
DA:1219,0
DA:1221,0
DA:1223,0
DA:1232,0
DA:1234,0
DA:1235,0
DA:1236,0
DA:1237,0
DA:1240,0
DA:1296,0
DA:1298,0
DA:1307,0
DA:1310,0
DA:1315,0
DA:1318,0
DA:1320,0
DA:1327,0
DA:1332,0
DA:1341,3
DA:1342,0
DA:1350,3
DA:1352,0
DA:1353,0
DA:1355,0
DA:1359,3
DA:1360,0
DA:1361,0
DA:1369,3
DA:1372,3
DA:1373,0
DA:1376,3
DA:1377,3
DA:1380,3
DA:1381,3
DA:1382,3
DA:1385,0
DA:1386,0
DA:1387,0
DA:1391,0
DA:1392,0
DA:1394,0
DA:1395,0
DA:1396,0
DA:1401,3
DA:1406,3
DA:1407,3
DA:1408,3
DA:1409,3
DA:1410,3
DA:1411,3
DA:1412,3
DA:1416,3
DA:1417,3
DA:1418,3
DA:1423,3
DA:1424,0
DA:1425,0
DA:1426,0
DA:1427,0
DA:1428,0
DA:1429,0
DA:1432,0
DA:1433,0
DA:1438,3
DA:1439,3
DA:1442,3
DA:1443,0
DA:1444,0
DA:1447,3
DA:1448,3
DA:1449,3
DA:1452,3
DA:1453,0
DA:1454,0
LF:453
LH:172
BRDA:22,0,0,3
BRDA:22,0,1,0
BRDA:34,1,0,3
BRDA:34,1,1,3
BRDA:73,2,0,19
BRDA:74,3,0,19
BRDA:74,3,1,19
BRDA:81,4,0,19
BRDA:81,4,1,0
BRDA:84,5,0,15
BRDA:84,5,1,4
BRDA:84,6,0,19
BRDA:84,6,1,19
BRDA:104,7,0,3
BRDA:104,7,1,0
BRDA:107,8,0,3
BRDA:107,8,1,0
BRDA:114,9,0,3
BRDA:114,9,1,0
BRDA:117,10,0,3
BRDA:117,10,1,0
BRDA:128,11,0,3
BRDA:128,11,1,0
BRDA:160,12,0,0
BRDA:160,12,1,0
BRDA:167,13,0,0
BRDA:167,13,1,0
BRDA:181,14,0,0
BRDA:181,14,1,0
BRDA:181,14,2,0
BRDA:182,15,0,0
BRDA:182,15,1,0
BRDA:182,15,2,0
BRDA:183,16,0,0
BRDA:183,16,1,0
BRDA:183,16,2,0
BRDA:185,17,0,0
BRDA:185,17,1,0
BRDA:185,17,2,0
BRDA:190,18,0,0
BRDA:190,18,1,0
BRDA:190,18,2,0
BRDA:233,19,0,2
BRDA:233,19,1,11
BRDA:233,20,0,13
BRDA:233,20,1,12
BRDA:233,20,2,11
BRDA:239,21,0,2
BRDA:239,21,1,1
BRDA:248,22,0,2
BRDA:248,22,1,9
BRDA:249,23,0,1
BRDA:249,23,1,1
BRDA:249,24,0,2
BRDA:249,24,1,1
BRDA:256,25,0,9
BRDA:256,25,1,0
BRDA:257,26,0,1
BRDA:257,26,1,8
BRDA:257,27,0,9
BRDA:257,27,1,8
BRDA:267,28,0,9
BRDA:267,28,1,1
BRDA:267,29,0,0
BRDA:267,29,1,1
BRDA:268,30,0,1
BRDA:268,30,1,8
BRDA:287,31,0,8
BRDA:287,31,1,6
BRDA:293,32,0,1
BRDA:293,32,1,7
BRDA:300,33,0,1
BRDA:300,33,1,1
BRDA:308,34,0,7
BRDA:308,34,1,0
BRDA:309,35,0,7
BRDA:309,35,1,0
BRDA:310,36,0,7
BRDA:310,36,1,7
BRDA:314,37,0,1
BRDA:314,37,1,6
BRDA:314,38,0,7
BRDA:314,38,1,1
BRDA:322,39,0,0
BRDA:322,39,1,7
BRDA:322,40,0,7
BRDA:322,40,1,7
BRDA:337,41,0,8
BRDA:337,41,1,6
BRDA:339,42,0,1
BRDA:339,42,1,7
BRDA:339,43,0,8
BRDA:339,43,1,7
BRDA:343,44,0,1
BRDA:343,44,1,0
BRDA:343,45,0,1
BRDA:343,45,1,1
BRDA:347,46,0,1
BRDA:347,46,1,0
BRDA:360,47,0,3
BRDA:360,47,1,4
BRDA:360,48,0,7
BRDA:360,48,1,3
BRDA:361,49,0,1
BRDA:361,49,1,2
BRDA:367,50,0,1
BRDA:367,50,1,0
BRDA:378,51,0,2
BRDA:378,51,1,0
BRDA:388,52,0,4
BRDA:388,52,1,4
BRDA:399,53,0,1
BRDA:399,53,1,7
BRDA:420,54,0,8
BRDA:420,54,1,0
BRDA:467,55,0,3
BRDA:467,55,1,0
BRDA:472,56,0,1
BRDA:472,56,1,2
BRDA:491,57,0,2
BRDA:491,57,1,0
BRDA:507,58,0,1
BRDA:507,58,1,1
BRDA:520,59,0,1
BRDA:520,59,1,1
BRDA:520,59,2,0
BRDA:557,60,0,0
BRDA:557,60,1,0
BRDA:560,61,0,0
BRDA:560,61,1,0
BRDA:560,62,0,0
BRDA:560,62,1,0
BRDA:560,62,2,0
BRDA:567,63,0,0
BRDA:567,63,1,0
BRDA:577,64,0,0
BRDA:577,64,1,0
BRDA:582,65,0,0
BRDA:582,65,1,0
BRDA:586,66,0,0
BRDA:586,66,1,0
BRDA:586,67,0,0
BRDA:586,67,1,0
BRDA:587,68,0,0
BRDA:587,68,1,0
BRDA:595,69,0,0
BRDA:595,69,1,0
BRDA:595,70,0,0
BRDA:595,70,1,0
BRDA:598,71,0,0
BRDA:598,71,1,0
BRDA:598,72,0,0
BRDA:598,72,1,0
BRDA:622,73,0,0
BRDA:622,73,1,0
BRDA:622,74,0,0
BRDA:622,74,1,0
BRDA:640,75,0,0
BRDA:640,75,1,0
BRDA:670,76,0,0
BRDA:670,76,1,0
BRDA:670,77,0,0
BRDA:670,77,1,0
BRDA:689,78,0,0
BRDA:689,78,1,0
BRDA:713,79,0,0
BRDA:713,79,1,0
BRDA:713,80,0,0
BRDA:713,80,1,0
BRDA:731,81,0,0
BRDA:731,81,1,0
BRDA:771,82,0,0
BRDA:771,82,1,0
BRDA:771,83,0,0
BRDA:771,83,1,0
BRDA:784,84,0,0
BRDA:784,84,1,0
BRDA:785,85,0,0
BRDA:785,85,1,0
BRDA:786,86,0,0
BRDA:786,86,1,0
BRDA:787,87,0,0
BRDA:787,87,1,0
BRDA:788,88,0,0
BRDA:788,88,1,0
BRDA:789,89,0,0
BRDA:789,89,1,0
BRDA:790,90,0,0
BRDA:790,90,1,0
BRDA:791,91,0,0
BRDA:791,91,1,0
BRDA:804,92,0,0
BRDA:804,92,1,0
BRDA:828,93,0,0
BRDA:828,93,1,0
BRDA:828,94,0,0
BRDA:828,94,1,0
BRDA:847,95,0,0
BRDA:847,95,1,0
BRDA:871,96,0,0
BRDA:871,96,1,0
BRDA:871,97,0,0
BRDA:871,97,1,0
BRDA:884,98,0,0
BRDA:884,98,1,0
BRDA:884,99,0,0
BRDA:884,99,1,0
BRDA:896,100,0,0
BRDA:896,100,1,0
BRDA:909,101,0,0
BRDA:909,101,1,0
BRDA:933,102,0,0
BRDA:933,102,1,0
BRDA:952,103,0,0
BRDA:952,103,1,0
BRDA:980,104,0,0
BRDA:982,105,0,0
BRDA:982,105,1,0
BRDA:1191,106,0,0
BRDA:1199,107,0,0
BRDA:1199,107,1,0
BRDA:1216,108,0,0
BRDA:1216,108,1,0
BRDA:1234,109,0,0
BRDA:1234,109,1,0
BRDA:1310,110,0,0
BRDA:1310,110,1,0
BRDA:1311,111,0,0
BRDA:1311,111,1,0
BRDA:1311,111,2,0
BRDA:1352,112,0,0
BRDA:1352,112,1,0
BRDA:1372,113,0,0
BRDA:1372,113,1,3
BRDA:1380,114,0,3
BRDA:1380,114,1,0
BRDA:1380,115,0,3
BRDA:1380,115,1,3
BRDA:1416,116,0,3
BRDA:1416,116,1,0
BRDA:1447,117,0,3
BRDA:1447,117,1,0
BRF:242
BRH:93
end_of_record
