TN:
SF:server.js
FN:71,createRateLimiter
FN:82,(anonymous_1)
FN:106,(anonymous_2)
FN:118,updateRateLimiter
FN:121,(anonymous_4)
FN:146,(anonymous_5)
FN:179,(anonymous_6)
FN:206,(anonymous_7)
FN:244,(anonymous_8)
FN:267,(anonymous_9)
FN:347,(anonymous_10)
FN:366,(anonymous_11)
FN:399,(anonymous_12)
FN:462,(anonymous_13)
FN:465,(anonymous_14)
FN:472,(anonymous_15)
FN:528,(anonymous_16)
FN:580,(anonymous_17)
FN:617,(anonymous_18)
FN:662,listRoutes
FN:671,(anonymous_20)
FN:675,(anonymous_21)
FN:687,(anonymous_22)
FN:693,(anonymous_23)
FN:707,(anonymous_24)
FN:709,(anonymous_25)
FN:710,(anonymous_26)
FN:740,(anonymous_27)
FN:744,(anonymous_28)
FN:763,(anonymous_29)
FN:784,(anonymous_30)
FN:823,(anonymous_31)
FN:840,(anonymous_32)
FN:868,(anonymous_33)
FN:886,(anonymous_34)
FN:899,(anonymous_35)
FN:937,(anonymous_36)
FN:1003,(anonymous_37)
FN:1018,(anonymous_38)
FN:1032,(anonymous_39)
FN:1093,(anonymous_40)
FN:1121,(anonymous_41)
FN:1200,(anonymous_42)
FN:1201,(anonymous_43)
FN:1242,(anonymous_44)
FN:1253,(anonymous_45)
FN:1258,(anonymous_46)
FN:1277,(anonymous_47)
FN:1305,(anonymous_48)
FN:1315,(anonymous_49)
FN:1347,(anonymous_50)
FN:1353,(anonymous_51)
FN:1408,(anonymous_52)
FN:1425,(anonymous_53)
FN:1484,(anonymous_54)
FN:1505,(anonymous_55)
FN:1544,(anonymous_56)
FN:1583,(anonymous_57)
FN:1591,(anonymous_58)
FN:1601,(anonymous_59)
FN:1623,(anonymous_60)
FN:1638,(anonymous_61)
FN:1639,(anonymous_62)
FN:1642,(anonymous_63)
FN:1659,(anonymous_64)
FN:1670,(anonymous_65)
FN:1676,(anonymous_66)
FN:1706,(anonymous_67)
FN:1819,(anonymous_68)
FN:1824,(anonymous_69)
FN:1873,(anonymous_70)
FN:1880,(anonymous_71)
FN:1893,(anonymous_72)
FN:1922,(anonymous_73)
FN:1968,(anonymous_74)
FN:2007,(anonymous_75)
FN:2027,(anonymous_76)
FN:2050,(anonymous_77)
FN:2084,(anonymous_78)
FN:2103,(anonymous_79)
FN:2108,(anonymous_80)
FN:2114,(anonymous_81)
FN:2130,(anonymous_82)
FN:2147,(anonymous_83)
FN:2171,(anonymous_84)
FN:2171,(anonymous_85)
FN:2221,(anonymous_86)
FN:2267,(anonymous_87)
FN:2276,(anonymous_88)
FN:2359,(anonymous_89)
FN:2384,(anonymous_90)
FN:2414,(anonymous_91)
FN:2430,(anonymous_92)
FN:2437,(anonymous_93)
FN:2460,(anonymous_94)
FN:2484,(anonymous_95)
FN:2492,(anonymous_96)
FN:2493,(anonymous_97)
FN:2524,(anonymous_98)
FN:2548,(anonymous_99)
FN:2570,(anonymous_100)
FN:2580,(anonymous_101)
FNF:102
FNH:0
FNDA:0,createRateLimiter
FNDA:0,(anonymous_1)
FNDA:0,(anonymous_2)
FNDA:0,updateRateLimiter
FNDA:0,(anonymous_4)
FNDA:0,(anonymous_5)
FNDA:0,(anonymous_6)
FNDA:0,(anonymous_7)
FNDA:0,(anonymous_8)
FNDA:0,(anonymous_9)
FNDA:0,(anonymous_10)
FNDA:0,(anonymous_11)
FNDA:0,(anonymous_12)
FNDA:0,(anonymous_13)
FNDA:0,(anonymous_14)
FNDA:0,(anonymous_15)
FNDA:0,(anonymous_16)
FNDA:0,(anonymous_17)
FNDA:0,(anonymous_18)
FNDA:0,listRoutes
FNDA:0,(anonymous_20)
FNDA:0,(anonymous_21)
FNDA:0,(anonymous_22)
FNDA:0,(anonymous_23)
FNDA:0,(anonymous_24)
FNDA:0,(anonymous_25)
FNDA:0,(anonymous_26)
FNDA:0,(anonymous_27)
FNDA:0,(anonymous_28)
FNDA:0,(anonymous_29)
FNDA:0,(anonymous_30)
FNDA:0,(anonymous_31)
FNDA:0,(anonymous_32)
FNDA:0,(anonymous_33)
FNDA:0,(anonymous_34)
FNDA:0,(anonymous_35)
FNDA:0,(anonymous_36)
FNDA:0,(anonymous_37)
FNDA:0,(anonymous_38)
FNDA:0,(anonymous_39)
FNDA:0,(anonymous_40)
FNDA:0,(anonymous_41)
FNDA:0,(anonymous_42)
FNDA:0,(anonymous_43)
FNDA:0,(anonymous_44)
FNDA:0,(anonymous_45)
FNDA:0,(anonymous_46)
FNDA:0,(anonymous_47)
FNDA:0,(anonymous_48)
FNDA:0,(anonymous_49)
FNDA:0,(anonymous_50)
FNDA:0,(anonymous_51)
FNDA:0,(anonymous_52)
FNDA:0,(anonymous_53)
FNDA:0,(anonymous_54)
FNDA:0,(anonymous_55)
FNDA:0,(anonymous_56)
FNDA:0,(anonymous_57)
FNDA:0,(anonymous_58)
FNDA:0,(anonymous_59)
FNDA:0,(anonymous_60)
FNDA:0,(anonymous_61)
FNDA:0,(anonymous_62)
FNDA:0,(anonymous_63)
FNDA:0,(anonymous_64)
FNDA:0,(anonymous_65)
FNDA:0,(anonymous_66)
FNDA:0,(anonymous_67)
FNDA:0,(anonymous_68)
FNDA:0,(anonymous_69)
FNDA:0,(anonymous_70)
FNDA:0,(anonymous_71)
FNDA:0,(anonymous_72)
FNDA:0,(anonymous_73)
FNDA:0,(anonymous_74)
FNDA:0,(anonymous_75)
FNDA:0,(anonymous_76)
FNDA:0,(anonymous_77)
FNDA:0,(anonymous_78)
FNDA:0,(anonymous_79)
FNDA:0,(anonymous_80)
FNDA:0,(anonymous_81)
FNDA:0,(anonymous_82)
FNDA:0,(anonymous_83)
FNDA:0,(anonymous_84)
FNDA:0,(anonymous_85)
FNDA:0,(anonymous_86)
FNDA:0,(anonymous_87)
FNDA:0,(anonymous_88)
FNDA:0,(anonymous_89)
FNDA:0,(anonymous_90)
FNDA:0,(anonymous_91)
FNDA:0,(anonymous_92)
FNDA:0,(anonymous_93)
FNDA:0,(anonymous_94)
FNDA:0,(anonymous_95)
FNDA:0,(anonymous_96)
FNDA:0,(anonymous_97)
FNDA:0,(anonymous_98)
FNDA:0,(anonymous_99)
FNDA:0,(anonymous_100)
FNDA:0,(anonymous_101)
DA:32,0
DA:33,0
DA:34,0
DA:37,0
DA:38,0
DA:41,0
DA:44,0
DA:45,0
DA:48,0
DA:49,0
DA:50,0
DA:54,0
DA:72,0
DA:83,0
DA:106,0
DA:107,0
DA:108,0
DA:109,0
DA:111,0
DA:115,0
DA:119,0
DA:121,0
DA:122,0
DA:126,0
DA:129,0
DA:131,0
DA:136,0
DA:147,0
DA:169,0
DA:180,0
DA:202,0
DA:206,0
DA:208,0
DA:209,0
DA:210,0
DA:211,0
DA:215,0
DA:232,0
DA:233,0
DA:234,0
DA:235,0
DA:236,0
DA:237,0
DA:238,0
DA:241,0
DA:242,0
DA:244,0
DA:245,0
DA:258,0
DA:259,0
DA:260,0
DA:261,0
DA:262,0
DA:263,0
DA:264,0
DA:267,0
DA:268,0
DA:281,0
DA:282,0
DA:283,0
DA:284,0
DA:285,0
DA:286,0
DA:287,0
DA:290,0
DA:294,0
DA:297,0
DA:298,0
DA:305,0
DA:308,0
DA:347,0
DA:348,0
DA:349,0
DA:366,0
DA:368,0
DA:369,0
DA:370,0
DA:377,0
DA:383,0
DA:384,0
DA:392,0
DA:393,0
DA:396,0
DA:399,0
DA:401,0
DA:403,0
DA:404,0
DA:410,0
DA:412,0
DA:413,0
DA:414,0
DA:418,0
DA:425,0
DA:427,0
DA:428,0
DA:435,0
DA:442,0
DA:443,0
DA:444,0
DA:445,0
DA:450,0
DA:452,0
DA:460,0
DA:461,0
DA:462,0
DA:464,0
DA:465,0
DA:466,0
DA:472,0
DA:473,0
DA:480,0
DA:488,0
DA:491,0
DA:492,0
DA:493,0
DA:494,0
DA:495,0
DA:496,0
DA:497,0
DA:499,0
DA:502,0
DA:511,0
DA:519,0
DA:520,0
DA:528,0
DA:529,0
DA:530,0
DA:531,0
DA:532,0
DA:533,0
DA:534,0
DA:540,0
DA:541,0
DA:542,0
DA:543,0
DA:545,0
DA:546,0
DA:547,0
DA:553,0
DA:554,0
DA:555,0
DA:556,0
DA:563,0
DA:569,0
DA:570,0
DA:571,0
DA:580,0
DA:581,0
DA:582,0
DA:583,0
DA:584,0
DA:592,0
DA:594,0
DA:596,0
DA:607,0
DA:608,0
DA:617,0
DA:618,0
DA:619,0
DA:620,0
DA:621,0
DA:626,0
DA:629,0
DA:630,0
DA:632,0
DA:649,0
DA:656,0
DA:663,0
DA:664,0
DA:665,0
DA:668,0
DA:669,0
DA:671,0
DA:672,0
DA:673,0
DA:674,0
DA:675,0
DA:676,0
DA:677,0
DA:687,0
DA:690,0
DA:691,0
DA:693,0
DA:694,0
DA:695,0
DA:696,0
DA:700,0
DA:705,0
DA:707,0
DA:708,0
DA:709,0
DA:710,0
DA:713,0
DA:720,0
DA:721,0
DA:725,0
DA:728,0
DA:729,0
DA:731,0
DA:742,0
DA:743,0
DA:744,0
DA:745,0
DA:747,0
DA:749,0
DA:765,0
DA:768,0
DA:771,0
DA:772,0
DA:774,0
DA:775,0
DA:776,0
DA:777,0
DA:778,0
DA:780,0
DA:782,0
DA:783,0
DA:784,0
DA:785,0
DA:786,0
DA:790,0
DA:791,0
DA:796,0
DA:808,0
DA:810,0
DA:825,0
DA:826,0
DA:829,0
DA:830,0
DA:831,0
DA:832,0
DA:833,0
DA:834,0
DA:835,0
DA:837,0
DA:838,0
DA:839,0
DA:840,0
DA:841,0
DA:842,0
DA:846,0
DA:847,0
DA:852,0
DA:857,0
DA:869,0
DA:870,0
DA:875,0
DA:887,0
DA:888,0
DA:893,0
DA:900,0
DA:901,0
DA:918,0
DA:922,0
DA:923,0
DA:926,0
DA:927,0
DA:933,0
DA:934,0
DA:937,0
DA:938,0
DA:940,0
DA:942,0
DA:943,0
DA:944,0
DA:945,0
DA:947,0
DA:949,0
DA:950,0
DA:956,0
DA:957,0
DA:964,0
DA:965,0
DA:967,0
DA:968,0
DA:969,0
DA:970,0
DA:971,0
DA:978,0
DA:981,0
DA:986,0
DA:990,0
DA:998,0
DA:1003,0
DA:1004,0
DA:1005,0
DA:1018,0
DA:1019,0
DA:1020,0
DA:1021,0
DA:1022,0
DA:1025,0
DA:1032,0
DA:1033,0
DA:1034,0
DA:1035,0
DA:1038,0
DA:1039,0
DA:1040,0
DA:1042,0
DA:1044,0
DA:1045,0
DA:1046,0
DA:1048,0
DA:1053,0
DA:1054,0
DA:1055,0
DA:1061,0
DA:1065,0
DA:1075,0
DA:1076,0
DA:1079,0
DA:1085,0
DA:1090,0
DA:1093,0
DA:1094,0
DA:1095,0
DA:1096,0
DA:1098,0
DA:1099,0
DA:1101,0
DA:1103,0
DA:1105,0
DA:1109,0
DA:1110,0
DA:1121,0
DA:1122,0
DA:1124,0
DA:1127,0
DA:1132,0
DA:1133,0
DA:1134,0
DA:1137,0
DA:1191,0
DA:1196,0
DA:1197,0
DA:1200,0
DA:1201,0
DA:1204,0
DA:1205,0
DA:1206,0
DA:1207,0
DA:1208,0
DA:1209,0
DA:1210,0
DA:1211,0
DA:1212,0
DA:1214,0
DA:1215,0
DA:1218,0
DA:1220,0
DA:1221,0
DA:1223,0
DA:1242,0
DA:1244,0
DA:1247,0
DA:1250,0
DA:1253,0
DA:1254,0
DA:1258,0
DA:1259,0
DA:1261,0
DA:1262,0
DA:1263,0
DA:1264,0
DA:1266,0
DA:1267,0
DA:1268,0
DA:1277,0
DA:1278,0
DA:1279,0
DA:1280,0
DA:1288,0
DA:1294,0
DA:1297,0
DA:1302,0
DA:1305,0
DA:1306,0
DA:1315,0
DA:1316,0
DA:1317,0
DA:1318,0
DA:1321,0
DA:1325,0
DA:1347,0
DA:1348,0
DA:1349,0
DA:1353,0
DA:1354,0
DA:1355,0
DA:1358,0
DA:1359,0
DA:1361,0
DA:1362,0
DA:1363,0
DA:1364,0
DA:1366,0
DA:1370,0
DA:1371,0
DA:1372,0
DA:1374,0
DA:1375,0
DA:1376,0
DA:1377,0
DA:1379,0
DA:1383,0
DA:1398,0
DA:1399,0
DA:1408,0
DA:1410,0
DA:1411,0
DA:1421,0
DA:1425,0
DA:1427,0
DA:1439,0
DA:1440,0
DA:1458,0
DA:1459,0
DA:1462,0
DA:1466,0
DA:1469,0
DA:1480,0
DA:1484,0
DA:1485,0
DA:1486,0
DA:1488,0
DA:1495,0
DA:1505,0
DA:1506,0
DA:1513,0
DA:1514,0
DA:1530,0
DA:1531,0
DA:1534,0
DA:1538,0
DA:1539,0
DA:1544,0
DA:1545,0
DA:1552,0
DA:1553,0
DA:1569,0
DA:1570,0
DA:1573,0
DA:1577,0
DA:1578,0
DA:1582,0
DA:1583,0
DA:1588,0
DA:1591,0
DA:1592,0
DA:1595,0
DA:1598,0
DA:1599,0
DA:1601,0
DA:1602,0
DA:1603,0
DA:1604,0
DA:1609,0
DA:1612,0
DA:1613,0
DA:1619,0
DA:1623,0
DA:1624,0
DA:1625,0
DA:1626,0
DA:1630,0
DA:1633,0
DA:1638,0
DA:1639,0
DA:1642,0
DA:1643,0
DA:1644,0
DA:1645,0
DA:1647,0
DA:1652,0
DA:1660,0
DA:1671,0
DA:1676,0
DA:1677,0
DA:1678,0
DA:1679,0
DA:1680,0
DA:1682,0
DA:1684,0
DA:1685,0
DA:1686,0
DA:1687,0
DA:1690,0
DA:1691,0
DA:1692,0
DA:1693,0
DA:1696,0
DA:1697,0
DA:1699,0
DA:1706,0
DA:1707,0
DA:1708,0
DA:1712,0
DA:1713,0
DA:1714,0
DA:1715,0
DA:1718,0
DA:1719,0
DA:1720,0
DA:1721,0
DA:1722,0
DA:1724,0
DA:1725,0
DA:1726,0
DA:1727,0
DA:1730,0
DA:1731,0
DA:1733,0
DA:1734,0
DA:1735,0
DA:1737,0
DA:1738,0
DA:1741,0
DA:1748,0
DA:1752,0
DA:1753,0
DA:1754,0
DA:1755,0
DA:1758,0
DA:1759,0
DA:1761,0
DA:1762,0
DA:1764,0
DA:1765,0
DA:1769,0
DA:1770,0
DA:1773,0
DA:1776,0
DA:1778,0
DA:1779,0
DA:1782,0
DA:1784,0
DA:1789,0
DA:1798,0
DA:1801,0
DA:1802,0
DA:1805,0
DA:1809,0
DA:1816,0
DA:1818,0
DA:1820,0
DA:1821,0
DA:1822,0
DA:1825,0
DA:1826,0
DA:1828,0
DA:1831,0
DA:1832,0
DA:1838,0
DA:1839,0
DA:1845,0
DA:1852,0
DA:1853,0
DA:1854,0
DA:1855,0
DA:1857,0
DA:1858,0
DA:1861,0
DA:1864,0
DA:1865,0
DA:1866,0
DA:1867,0
DA:1871,0
DA:1873,0
DA:1874,0
DA:1877,0
DA:1880,0
DA:1881,0
DA:1882,0
DA:1891,0
DA:1893,0
DA:1894,0
DA:1895,0
DA:1902,0
DA:1905,0
DA:1906,0
DA:1907,0
DA:1909,0
DA:1910,0
DA:1919,0
DA:1920,0
DA:1922,0
DA:1923,0
DA:1924,0
DA:1925,0
DA:1928,0
DA:1938,0
DA:1946,0
DA:1947,0
DA:1951,0
DA:1952,0
DA:1963,0
DA:1967,0
DA:1968,0
DA:1969,0
DA:1970,0
DA:1971,0
DA:1973,0
DA:1974,0
DA:1975,0
DA:1976,0
DA:1977,0
DA:1978,0
DA:1979,0
DA:1981,0
DA:1982,0
DA:1984,0
DA:1985,0
DA:1986,0
DA:1988,0
DA:1989,0
DA:1990,0
DA:1991,0
DA:1993,0
DA:1995,0
DA:1996,0
DA:1997,0
DA:2001,0
DA:2002,0
DA:2003,0
DA:2007,0
DA:2008,0
DA:2009,0
DA:2010,0
DA:2012,0
DA:2013,0
DA:2014,0
DA:2016,0
DA:2017,0
DA:2022,0
DA:2024,0
DA:2027,0
DA:2028,0
DA:2031,0
DA:2032,0
DA:2033,0
DA:2037,0
DA:2038,0
DA:2039,0
DA:2043,0
DA:2044,0
DA:2046,0
DA:2050,0
DA:2051,0
DA:2053,0
DA:2054,0
DA:2055,0
DA:2066,0
DA:2073,0
DA:2081,0
DA:2082,0
DA:2083,0
DA:2084,0
DA:2085,0
DA:2092,0
DA:2093,0
DA:2098,0
DA:2099,0
DA:2103,0
DA:2104,0
DA:2105,0
DA:2108,0
DA:2109,0
DA:2110,0
DA:2114,0
DA:2115,0
DA:2116,0
DA:2119,0
DA:2122,0
DA:2129,0
DA:2130,0
DA:2131,0
DA:2132,0
DA:2133,0
DA:2136,0
DA:2137,0
DA:2138,0
DA:2142,0
DA:2146,0
DA:2147,0
DA:2149,0
DA:2152,0
DA:2153,0
DA:2155,0
DA:2156,0
DA:2157,0
DA:2158,0
DA:2159,0
DA:2160,0
DA:2161,0
DA:2163,0
DA:2164,0
DA:2165,0
DA:2168,0
DA:2169,0
DA:2171,0
DA:2173,0
DA:2175,0
DA:2180,0
DA:2192,0
DA:2195,0
DA:2196,0
DA:2197,0
DA:2198,0
DA:2199,0
DA:2200,0
DA:2201,0
DA:2202,0
DA:2203,0
DA:2206,0
DA:2207,0
DA:2211,0
DA:2212,0
DA:2214,0
DA:2215,0
DA:2216,0
DA:2221,0
DA:2222,0
DA:2223,0
DA:2225,0
DA:2235,0
DA:2243,0
DA:2244,0
DA:2249,0
DA:2252,0
DA:2253,0
DA:2256,0
DA:2262,0
DA:2263,0
DA:2266,0
DA:2267,0
DA:2268,0
DA:2271,0
DA:2276,0
DA:2277,0
DA:2280,0
DA:2288,0
DA:2289,0
DA:2292,0
DA:2293,0
DA:2296,0
DA:2297,0
DA:2300,0
DA:2301,0
DA:2303,0
DA:2305,0
DA:2306,0
DA:2308,0
DA:2310,0
DA:2312,0
DA:2313,0
DA:2315,0
DA:2316,0
DA:2318,0
DA:2319,0
DA:2320,0
DA:2324,0
DA:2334,0
DA:2341,0
DA:2342,0
DA:2343,0
DA:2346,0
DA:2347,0
DA:2351,0
DA:2355,0
DA:2359,0
DA:2360,0
DA:2361,0
DA:2364,0
DA:2371,0
DA:2377,0
DA:2379,0
DA:2384,0
DA:2385,0
DA:2386,0
DA:2393,0
DA:2400,0
DA:2406,0
DA:2408,0
DA:2409,0
DA:2414,0
DA:2415,0
DA:2417,0
DA:2418,0
DA:2421,0
DA:2426,0
DA:2430,0
DA:2431,0
DA:2437,0
DA:2438,0
DA:2439,0
DA:2451,0
DA:2452,0
DA:2455,0
DA:2460,0
DA:2461,0
DA:2462,0
DA:2474,0
DA:2475,0
DA:2478,0
DA:2485,0
DA:2486,0
DA:2487,0
DA:2488,0
DA:2489,0
DA:2493,0
DA:2494,0
DA:2495,0
DA:2496,0
DA:2499,0
DA:2508,0
DA:2509,0
DA:2510,0
DA:2511,0
DA:2512,0
DA:2513,0
DA:2516,0
DA:2517,0
DA:2520,0
DA:2525,0
DA:2526,0
DA:2529,0
DA:2531,0
DA:2532,0
DA:2533,0
DA:2535,0
DA:2536,0
DA:2537,0
DA:2539,0
DA:2541,0
DA:2545,0
DA:2549,0
DA:2559,0
DA:2560,0
DA:2561,0
DA:2565,0
DA:2566,0
DA:2570,0
DA:2571,0
DA:2572,0
DA:2578,0
DA:2579,0
DA:2581,0
DA:2582,0
DA:2590,0
LF:850
LH:0
BRDA:45,0,0,0
BRDA:45,0,1,0
BRDA:48,1,0,0
BRDA:48,1,1,0
BRDA:48,2,0,0
BRDA:48,2,1,0
BRDA:58,3,0,0
BRDA:58,3,1,0
BRDA:71,4,0,0
BRDA:108,5,0,0
BRDA:108,5,1,0
BRDA:108,6,0,0
BRDA:108,6,1,0
BRDA:108,6,2,0
BRDA:119,7,0,0
BRDA:119,7,1,0
BRDA:119,8,0,0
BRDA:119,8,1,0
BRDA:119,8,2,0
BRDA:122,9,0,0
BRDA:122,9,1,0
BRDA:122,9,2,0
BRDA:221,10,0,0
BRDA:221,10,1,0
BRDA:223,11,0,0
BRDA:223,11,1,0
BRDA:232,12,0,0
BRDA:232,12,1,0
BRDA:258,13,0,0
BRDA:258,13,1,0
BRDA:275,14,0,0
BRDA:275,14,1,0
BRDA:281,15,0,0
BRDA:281,15,1,0
BRDA:368,16,0,0
BRDA:368,16,1,0
BRDA:401,17,0,0
BRDA:403,18,0,0
BRDA:403,18,1,0
BRDA:403,19,0,0
BRDA:403,19,1,0
BRDA:403,19,2,0
BRDA:413,20,0,0
BRDA:413,20,1,0
BRDA:427,21,0,0
BRDA:427,21,1,0
BRDA:442,22,0,0
BRDA:442,22,1,0
BRDA:442,23,0,0
BRDA:442,23,1,0
BRDA:442,23,2,0
BRDA:445,24,0,0
BRDA:445,24,1,0
BRDA:446,25,0,0
BRDA:446,25,1,0
BRDA:460,26,0,0
BRDA:460,26,1,0
BRDA:460,27,0,0
BRDA:460,27,1,0
BRDA:460,27,2,0
BRDA:464,28,0,0
BRDA:464,28,1,0
BRDA:492,29,0,0
BRDA:492,29,1,0
BRDA:492,30,0,0
BRDA:492,30,1,0
BRDA:494,31,0,0
BRDA:494,31,1,0
BRDA:494,32,0,0
BRDA:494,32,1,0
BRDA:496,33,0,0
BRDA:496,33,1,0
BRDA:496,34,0,0
BRDA:496,34,1,0
BRDA:522,35,0,0
BRDA:522,35,1,0
BRDA:532,36,0,0
BRDA:532,36,1,0
BRDA:543,37,0,0
BRDA:543,37,1,0
BRDA:545,38,0,0
BRDA:545,38,1,0
BRDA:555,39,0,0
BRDA:555,39,1,0
BRDA:557,40,0,0
BRDA:557,40,1,0
BRDA:558,41,0,0
BRDA:558,41,1,0
BRDA:569,42,0,0
BRDA:569,42,1,0
BRDA:583,43,0,0
BRDA:583,43,1,0
BRDA:620,44,0,0
BRDA:620,44,1,0
BRDA:644,45,0,0
BRDA:644,45,1,0
BRDA:645,46,0,0
BRDA:645,46,1,0
BRDA:663,47,0,0
BRDA:663,47,1,0
BRDA:663,48,0,0
BRDA:663,48,1,0
BRDA:663,48,2,0
BRDA:672,49,0,0
BRDA:672,49,1,0
BRDA:674,50,0,0
BRDA:674,50,1,0
BRDA:676,51,0,0
BRDA:676,51,1,0
BRDA:716,52,0,0
BRDA:716,52,1,0
BRDA:742,53,0,0
BRDA:742,53,1,0
BRDA:755,54,0,0
BRDA:755,54,1,0
BRDA:772,55,0,0
BRDA:772,55,1,0
BRDA:780,56,0,0
BRDA:780,56,1,0
BRDA:785,57,0,0
BRDA:785,57,1,0
BRDA:790,58,0,0
BRDA:790,58,1,0
BRDA:808,59,0,0
BRDA:808,59,1,0
BRDA:830,60,0,0
BRDA:830,60,1,0
BRDA:837,61,0,0
BRDA:837,61,1,0
BRDA:841,62,0,0
BRDA:841,62,1,0
BRDA:846,63,0,0
BRDA:846,63,1,0
BRDA:869,64,0,0
BRDA:869,64,1,0
BRDA:887,65,0,0
BRDA:887,65,1,0
BRDA:900,66,0,0
BRDA:900,66,1,0
BRDA:906,67,0,0
BRDA:906,67,1,0
BRDA:926,68,0,0
BRDA:926,68,1,0
BRDA:947,69,0,0
BRDA:947,69,1,0
BRDA:965,70,0,0
BRDA:965,70,1,0
BRDA:970,71,0,0
BRDA:970,71,1,0
BRDA:970,71,2,0
BRDA:1011,72,0,0
BRDA:1011,72,1,0
BRDA:1021,73,0,0
BRDA:1021,73,1,0
BRDA:1042,74,0,0
BRDA:1042,74,1,0
BRDA:1098,75,0,0
BRDA:1098,75,1,0
BRDA:1127,76,0,0
BRDA:1127,76,1,0
BRDA:1127,76,2,0
BRDA:1146,77,0,0
BRDA:1146,77,1,0
BRDA:1147,78,0,0
BRDA:1147,78,1,0
BRDA:1148,79,0,0
BRDA:1148,79,1,0
BRDA:1156,80,0,0
BRDA:1156,80,1,0
BRDA:1157,81,0,0
BRDA:1157,81,1,0
BRDA:1163,82,0,0
BRDA:1163,82,1,0
BRDA:1164,83,0,0
BRDA:1164,83,1,0
BRDA:1167,84,0,0
BRDA:1167,84,1,0
BRDA:1183,85,0,0
BRDA:1183,85,1,0
BRDA:1184,86,0,0
BRDA:1184,86,1,0
BRDA:1196,87,0,0
BRDA:1196,87,1,0
BRDA:1204,88,0,0
BRDA:1204,88,1,0
BRDA:1209,89,0,0
BRDA:1209,89,1,0
BRDA:1244,90,0,0
BRDA:1244,90,1,0
BRDA:1244,91,0,0
BRDA:1244,91,1,0
BRDA:1267,92,0,0
BRDA:1267,92,1,0
BRDA:1279,93,0,0
BRDA:1279,93,1,0
BRDA:1321,94,0,0
BRDA:1321,94,1,0
BRDA:1321,94,2,0
BRDA:1326,95,0,0
BRDA:1326,95,1,0
BRDA:1327,96,0,0
BRDA:1327,96,1,0
BRDA:1331,97,0,0
BRDA:1331,97,1,0
BRDA:1335,98,0,0
BRDA:1335,98,1,0
BRDA:1339,99,0,0
BRDA:1339,99,1,0
BRDA:1374,100,0,0
BRDA:1374,100,1,0
BRDA:1387,101,0,0
BRDA:1387,101,1,0
BRDA:1388,102,0,0
BRDA:1388,102,1,0
BRDA:1389,103,0,0
BRDA:1389,103,1,0
BRDA:1390,104,0,0
BRDA:1390,104,1,0
BRDA:1391,105,0,0
BRDA:1391,105,1,0
BRDA:1394,106,0,0
BRDA:1394,106,1,0
BRDA:1410,107,0,0
BRDA:1410,107,1,0
BRDA:1452,108,0,0
BRDA:1452,108,1,0
BRDA:1458,109,0,0
BRDA:1458,109,1,0
BRDA:1466,110,0,0
BRDA:1466,110,1,0
BRDA:1466,110,2,0
BRDA:1471,111,0,0
BRDA:1471,111,1,0
BRDA:1472,112,0,0
BRDA:1472,112,1,0
BRDA:1473,113,0,0
BRDA:1473,113,1,0
BRDA:1508,114,0,0
BRDA:1508,114,1,0
BRDA:1509,115,0,0
BRDA:1509,115,1,0
BRDA:1520,116,0,0
BRDA:1520,116,1,0
BRDA:1522,117,0,0
BRDA:1522,117,1,0
BRDA:1523,118,0,0
BRDA:1523,118,1,0
BRDA:1530,119,0,0
BRDA:1530,119,1,0
BRDA:1538,120,0,0
BRDA:1538,120,1,0
BRDA:1569,121,0,0
BRDA:1569,121,1,0
BRDA:1577,122,0,0
BRDA:1577,122,1,0
BRDA:1582,123,0,0
BRDA:1582,123,1,0
BRDA:1598,124,0,0
BRDA:1598,124,1,0
BRDA:1602,125,0,0
BRDA:1602,125,1,0
BRDA:1644,126,0,0
BRDA:1644,126,1,0
BRDA:1664,127,0,0
BRDA:1664,127,1,0
BRDA:1680,128,0,0
BRDA:1680,128,1,0
BRDA:1684,129,0,0
BRDA:1684,129,1,0
BRDA:1690,130,0,0
BRDA:1690,130,1,0
BRDA:1735,131,0,0
BRDA:1735,131,1,0
BRDA:1744,132,0,0
BRDA:1744,132,1,0
BRDA:1758,133,0,0
BRDA:1758,133,1,0
BRDA:1761,134,0,0
BRDA:1761,134,1,0
BRDA:1764,135,0,0
BRDA:1764,135,1,0
BRDA:1769,136,0,0
BRDA:1769,136,1,0
BRDA:1769,137,0,0
BRDA:1769,137,1,0
BRDA:1770,138,0,0
BRDA:1770,138,1,0
BRDA:1778,139,0,0
BRDA:1778,139,1,0
BRDA:1792,140,0,0
BRDA:1792,140,1,0
BRDA:1793,141,0,0
BRDA:1793,141,1,0
BRDA:1794,142,0,0
BRDA:1794,142,1,0
BRDA:1805,143,0,0
BRDA:1805,143,1,0
BRDA:1805,143,2,0
BRDA:1816,144,0,0
BRDA:1816,144,1,0
BRDA:1831,145,0,0
BRDA:1831,145,1,0
BRDA:1838,146,0,0
BRDA:1838,146,1,0
BRDA:1842,147,0,0
BRDA:1842,147,1,0
BRDA:1848,148,0,0
BRDA:1848,148,1,0
BRDA:1857,149,0,0
BRDA:1857,149,1,0
BRDA:1857,150,0,0
BRDA:1857,150,1,0
BRDA:1857,150,2,0
BRDA:1909,151,0,0
BRDA:1909,151,1,0
BRDA:1923,152,0,0
BRDA:1923,152,1,0
BRDA:1946,153,0,0
BRDA:1946,153,1,0
BRDA:1951,154,0,0
BRDA:1951,154,1,0
BRDA:1969,155,0,0
BRDA:1969,155,1,0
BRDA:1975,156,0,0
BRDA:1975,156,1,0
BRDA:1981,157,0,0
BRDA:1981,157,1,0
BRDA:1989,158,0,0
BRDA:1989,158,1,0
BRDA:1991,159,0,0
BRDA:1991,159,1,0
BRDA:2008,160,0,0
BRDA:2008,160,1,0
BRDA:2028,161,0,0
BRDA:2028,161,1,0
BRDA:2031,162,0,0
BRDA:2031,162,1,0
BRDA:2037,163,0,0
BRDA:2037,163,1,0
BRDA:2051,164,0,0
BRDA:2051,164,1,0
BRDA:2060,165,0,0
BRDA:2060,165,1,0
BRDA:2081,166,0,0
BRDA:2081,166,1,0
BRDA:2092,167,0,0
BRDA:2092,167,1,0
BRDA:2129,168,0,0
BRDA:2129,168,1,0
BRDA:2157,169,0,0
BRDA:2157,169,1,0
BRDA:2164,170,0,0
BRDA:2164,170,1,0
BRDA:2185,171,0,0
BRDA:2185,171,1,0
BRDA:2201,172,0,0
BRDA:2201,172,1,0
BRDA:2202,173,0,0
BRDA:2202,173,1,0
BRDA:2206,174,0,0
BRDA:2206,174,1,0
BRDA:2223,175,0,0
BRDA:2223,175,1,0
BRDA:2228,176,0,0
BRDA:2228,176,1,0
BRDA:2243,177,0,0
BRDA:2243,177,1,0
BRDA:2258,178,0,0
BRDA:2258,178,1,0
BRDA:2266,179,0,0
BRDA:2266,179,1,0
BRDA:2296,180,0,0
BRDA:2296,180,1,0
BRDA:2297,181,0,0
BRDA:2297,181,1,0
BRDA:2303,182,0,0
BRDA:2303,182,1,0
BRDA:2303,182,2,0
BRDA:2303,182,3,0
BRDA:2303,182,4,0
BRDA:2330,183,0,0
BRDA:2330,183,1,0
BRDA:2346,184,0,0
BRDA:2346,184,1,0
BRDA:2365,185,0,0
BRDA:2365,185,1,0
BRDA:2367,186,0,0
BRDA:2367,186,1,0
BRDA:2377,187,0,0
BRDA:2377,187,1,0
BRDA:2406,188,0,0
BRDA:2406,188,1,0
BRDA:2415,189,0,0
BRDA:2415,189,1,0
BRDA:2437,190,0,0
BRDA:2437,191,0,0
BRDA:2451,192,0,0
BRDA:2451,192,1,0
BRDA:2460,193,0,0
BRDA:2460,194,0,0
BRDA:2474,195,0,0
BRDA:2474,195,1,0
BRDA:2484,196,0,0
BRDA:2484,197,0,0
BRDA:2492,198,0,0
BRDA:2494,199,0,0
BRDA:2494,199,1,0
BRDA:2510,200,0,0
BRDA:2510,200,1,0
BRDA:2516,201,0,0
BRDA:2516,201,1,0
BRDA:2525,202,0,0
BRDA:2525,202,1,0
BRDA:2525,203,0,0
BRDA:2525,203,1,0
BRDA:2531,204,0,0
BRDA:2531,204,1,0
BRDA:2565,205,0,0
BRDA:2565,205,1,0
BRDA:2578,206,0,0
BRDA:2578,206,1,0
BRF:421
BRH:0
end_of_record
TN:
SF:public/js/modules/api-factory.js
FN:18,(anonymous_0)
FN:28,(anonymous_1)
FN:40,(anonymous_2)
FN:52,(anonymous_3)
FN:68,(anonymous_4)
FN:83,(anonymous_5)
FN:124,(anonymous_6)
FN:130,(anonymous_7)
FN:139,(anonymous_8)
FNF:9
FNH:0
FNDA:0,(anonymous_0)
FNDA:0,(anonymous_1)
FNDA:0,(anonymous_2)
FNDA:0,(anonymous_3)
FNDA:0,(anonymous_4)
FNDA:0,(anonymous_5)
FNDA:0,(anonymous_6)
FNDA:0,(anonymous_7)
FNDA:0,(anonymous_8)
DA:19,0
DA:20,0
DA:21,0
DA:29,0
DA:30,0
DA:32,0
DA:41,0
DA:42,0
DA:43,0
DA:45,0
DA:53,0
DA:58,0
DA:59,0
DA:60,0
DA:68,0
DA:70,0
DA:71,0
DA:75,0
DA:76,0
DA:77,0
DA:82,0
DA:83,0
DA:84,0
DA:86,0
DA:89,0
DA:90,0
DA:93,0
DA:94,0
DA:96,0
DA:99,0
DA:101,0
DA:102,0
DA:103,0
DA:105,0
DA:107,0
DA:109,0
DA:110,0
DA:114,0
DA:121,0
DA:123,0
DA:125,0
DA:126,0
DA:128,0
DA:131,0
DA:132,0
DA:134,0
DA:139,0
LF:47
LH:0
BRDA:19,0,0,0
BRDA:19,0,1,0
BRDA:29,1,0,0
BRDA:29,1,1,0
BRDA:40,2,0,0
BRDA:42,3,0,0
BRDA:42,3,1,0
BRDA:70,4,0,0
BRDA:70,4,1,0
BRDA:75,5,0,0
BRDA:75,5,1,0
BRDA:76,6,0,0
BRDA:76,6,1,0
BRDA:93,7,0,0
BRDA:93,7,1,0
BRDA:93,8,0,0
BRDA:93,8,1,0
BRDA:102,9,0,0
BRDA:102,9,1,0
BRDA:102,10,0,0
BRDA:102,10,1,0
BRDA:125,11,0,0
BRDA:125,11,1,0
BRDA:130,12,0,0
BRDA:131,13,0,0
BRDA:131,13,1,0
BRF:26
BRH:0
end_of_record
TN:
SF:public/js/modules/circular-progress.js
FN:11,createCircularProgress
FNF:1
FNH:0
FNDA:0,createCircularProgress
DA:13,0
DA:14,0
DA:15,0
DA:16,0
DA:19,0
DA:22,0
DA:25,0
DA:28,0
DA:29,0
DA:30,0
DA:31,0
DA:32,0
DA:33,0
DA:34,0
DA:35,0
DA:38,0
DA:39,0
DA:40,0
DA:43,0
DA:76,0
DA:88,0
LF:21
LH:0
BRDA:11,0,0,0
BRDA:11,1,0,0
BRDA:11,2,0,0
BRDA:11,3,0,0
BRDA:11,4,0,0
BRDA:25,5,0,0
BRDA:25,5,1,0
BRDA:29,6,0,0
BRDA:29,6,1,0
BRDA:35,7,0,0
BRDA:35,7,1,0
BRDA:72,8,0,0
BRDA:72,8,1,0
BRF:13
BRH:0
end_of_record
TN:
SF:public/js/modules/crypto-utils.js
FN:31,(anonymous_0)
FN:68,(anonymous_1)
FN:99,(anonymous_2)
FN:102,(anonymous_3)
FNF:4
FNH:0
FNDA:0,(anonymous_0)
FNDA:0,(anonymous_1)
FNDA:0,(anonymous_2)
FNDA:0,(anonymous_3)
DA:33,0
DA:34,0
DA:43,0
DA:70,0
DA:71,0
DA:74,0
DA:77,0
DA:85,0
DA:86,0
DA:87,0
DA:90,0
DA:100,0
DA:102,0
DA:105,0
DA:106,0
DA:108,0
DA:114,0
DA:117,0
DA:124,0
LF:19
LH:0
BRF:0
BRH:0
end_of_record
TN:
SF:public/js/modules/feature-flags-example.js
FN:7,exampleFeatureA
FN:20,exampleFeatureB
FN:33,exampleFeatureC
FN:46,processUserData
FN:70,updateUIBasedOnFlags
FN:87,showAdvancedImportOptions
FN:92,showBasicImportOptions
FN:97,exportWithExperimentalFormat
FN:103,exportWithStandardFormat
FN:109,enableEnhancedLogging
FN:114,enableStandardLogging
FN:119,enhanceUserData
FN:124,logDetailedUserData
FNF:13
FNH:0
FNDA:0,exampleFeatureA
FNDA:0,exampleFeatureB
FNDA:0,exampleFeatureC
FNDA:0,processUserData
FNDA:0,updateUIBasedOnFlags
FNDA:0,showAdvancedImportOptions
FNDA:0,showBasicImportOptions
FNDA:0,exportWithExperimentalFormat
FNDA:0,exportWithStandardFormat
FNDA:0,enableEnhancedLogging
FNDA:0,enableStandardLogging
FNDA:0,enhanceUserData
FNDA:0,logDetailedUserData
DA:8,0
DA:9,0
DA:11,0
DA:13,0
DA:15,0
DA:21,0
DA:22,0
DA:24,0
DA:26,0
DA:28,0
DA:34,0
DA:35,0
DA:37,0
DA:39,0
DA:41,0
DA:47,0
DA:48,0
DA:49,0
DA:51,0
DA:58,0
DA:59,0
DA:62,0
DA:63,0
DA:66,0
DA:71,0
DA:72,0
DA:75,0
DA:76,0
DA:77,0
DA:80,0
DA:81,0
DA:82,0
DA:89,0
DA:94,0
DA:99,0
DA:100,0
DA:105,0
DA:106,0
DA:111,0
DA:116,0
DA:121,0
DA:126,0
LF:42
LH:0
BRDA:8,0,0,0
BRDA:8,0,1,0
BRDA:21,1,0,0
BRDA:21,1,1,0
BRDA:34,2,0,0
BRDA:34,2,1,0
BRDA:58,3,0,0
BRDA:58,3,1,0
BRDA:62,4,0,0
BRDA:62,4,1,0
BRDA:76,5,0,0
BRDA:76,5,1,0
BRDA:77,6,0,0
BRDA:77,6,1,0
BRDA:81,7,0,0
BRDA:81,7,1,0
BRDA:82,8,0,0
BRDA:82,8,1,0
BRF:18
BRH:0
end_of_record
TN:
SF:public/js/modules/feature-flags.js
FN:14,getStoredFlags
FN:25,saveFlags
FN:36,isFeatureEnabled
FN:40,setFeatureFlag
FN:50,getAllFeatureFlags
FN:54,resetFeatureFlags
FNF:6
FNH:0
FNDA:0,getStoredFlags
FNDA:0,saveFlags
FNDA:0,isFeatureEnabled
FNDA:0,setFeatureFlag
FNDA:0,getAllFeatureFlags
FNDA:0,resetFeatureFlags
DA:4,0
DA:7,0
DA:15,0
DA:16,0
DA:17,0
DA:19,0
DA:20,0
DA:26,0
DA:27,0
DA:29,0
DA:34,0
DA:37,0
DA:41,0
DA:42,0
DA:43,0
DA:44,0
DA:46,0
DA:51,0
DA:55,0
DA:56,0
DA:57,0
DA:61,0
LF:22
LH:0
BRDA:17,0,0,0
BRDA:17,0,1,0
BRDA:41,1,0,0
BRDA:41,1,1,0
BRF:4
BRH:0
end_of_record
TN:
SF:public/js/modules/file-handler.js
FN:25,(anonymous_0)
FN:64,(anonymous_1)
FN:82,(anonymous_2)
FN:95,(anonymous_3)
FN:121,(anonymous_4)
FN:133,(anonymous_5)
FN:148,(anonymous_6)
FN:149,(anonymous_7)
FN:151,(anonymous_8)
FN:152,(anonymous_9)
FN:162,(anonymous_10)
FN:205,(anonymous_11)
FN:227,(anonymous_12)
FN:273,(anonymous_13)
FN:302,(anonymous_14)
FN:317,(anonymous_15)
FN:332,(anonymous_16)
FN:346,(anonymous_17)
FN:355,(anonymous_18)
FN:365,(anonymous_19)
FN:373,(anonymous_20)
FN:392,(anonymous_21)
FN:502,(anonymous_22)
FN:540,(anonymous_23)
FN:543,(anonymous_24)
FN:555,(anonymous_25)
FN:561,(anonymous_26)
FN:563,(anonymous_27)
FN:599,(anonymous_28)
FN:621,(anonymous_29)
FN:623,(anonymous_30)
FN:641,(anonymous_31)
FN:642,(anonymous_32)
FN:653,(anonymous_33)
FN:654,(anonymous_34)
FN:715,(anonymous_35)
FN:740,(anonymous_36)
FN:773,(anonymous_37)
FN:798,(anonymous_38)
FN:808,(anonymous_39)
FN:855,(anonymous_40)
FN:900,(anonymous_41)
FN:920,(anonymous_42)
FN:944,(anonymous_43)
FN:975,(anonymous_44)
FN:1006,(anonymous_45)
FN:1016,(anonymous_46)
FN:1031,(anonymous_47)
FN:1127,(anonymous_48)
FN:1131,(anonymous_49)
FN:1152,(anonymous_50)
FN:1156,(anonymous_51)
FN:1158,(anonymous_52)
FN:1186,(anonymous_53)
FN:1200,(anonymous_54)
FN:1217,(anonymous_55)
FN:1225,(anonymous_56)
FN:1242,(anonymous_57)
FN:1249,(anonymous_58)
FN:1276,(anonymous_59)
FNF:60
FNH:22
FNDA:11,(anonymous_0)
FNDA:11,(anonymous_1)
FNDA:0,(anonymous_2)
FNDA:0,(anonymous_3)
FNDA:0,(anonymous_4)
FNDA:0,(anonymous_5)
FNDA:2,(anonymous_6)
FNDA:2,(anonymous_7)
FNDA:1,(anonymous_8)
FNDA:1,(anonymous_9)
FNDA:2,(anonymous_10)
FNDA:12,(anonymous_11)
FNDA:12,(anonymous_12)
FNDA:0,(anonymous_13)
FNDA:0,(anonymous_14)
FNDA:0,(anonymous_15)
FNDA:0,(anonymous_16)
FNDA:12,(anonymous_17)
FNDA:0,(anonymous_18)
FNDA:0,(anonymous_19)
FNDA:3,(anonymous_20)
FNDA:2,(anonymous_21)
FNDA:0,(anonymous_22)
FNDA:0,(anonymous_23)
FNDA:0,(anonymous_24)
FNDA:0,(anonymous_25)
FNDA:0,(anonymous_26)
FNDA:0,(anonymous_27)
FNDA:0,(anonymous_28)
FNDA:4,(anonymous_29)
FNDA:9,(anonymous_30)
FNDA:2,(anonymous_31)
FNDA:4,(anonymous_32)
FNDA:6,(anonymous_33)
FNDA:12,(anonymous_34)
FNDA:0,(anonymous_35)
FNDA:0,(anonymous_36)
FNDA:2,(anonymous_37)
FNDA:4,(anonymous_38)
FNDA:0,(anonymous_39)
FNDA:0,(anonymous_40)
FNDA:0,(anonymous_41)
FNDA:0,(anonymous_42)
FNDA:0,(anonymous_43)
FNDA:16,(anonymous_44)
FNDA:0,(anonymous_45)
FNDA:0,(anonymous_46)
FNDA:0,(anonymous_47)
FNDA:0,(anonymous_48)
FNDA:0,(anonymous_49)
FNDA:0,(anonymous_50)
FNDA:0,(anonymous_51)
FNDA:0,(anonymous_52)
FNDA:0,(anonymous_53)
FNDA:13,(anonymous_54)
FNDA:0,(anonymous_55)
FNDA:0,(anonymous_56)
FNDA:0,(anonymous_57)
FNDA:0,(anonymous_58)
FNDA:0,(anonymous_59)
DA:26,11
DA:27,11
DA:30,11
DA:33,11
DA:41,11
DA:42,11
DA:45,11
DA:46,11
DA:47,11
DA:50,11
DA:53,11
DA:65,11
DA:66,11
DA:67,11
DA:69,0
DA:70,0
DA:83,0
DA:96,0
DA:97,0
DA:100,0
DA:104,0
DA:106,0
DA:108,0
DA:109,0
DA:122,0
DA:134,0
DA:135,0
DA:136,0
DA:149,2
DA:150,2
DA:151,2
DA:152,2
DA:153,2
DA:163,2
DA:164,2
DA:167,2
DA:169,0
DA:170,0
DA:171,0
DA:173,2
DA:176,2
DA:177,2
DA:178,2
DA:179,0
DA:183,2
DA:185,0
DA:186,0
DA:187,0
DA:191,2
DA:192,0
DA:196,0
DA:206,12
DA:208,12
DA:209,12
DA:212,12
DA:213,12
DA:216,12
DA:218,0
DA:219,0
DA:228,12
DA:230,12
DA:231,12
DA:233,12
DA:235,12
DA:236,12
DA:237,12
DA:239,0
DA:240,0
DA:241,0
DA:243,0
DA:244,0
DA:245,0
DA:247,0
DA:248,0
DA:251,12
DA:252,12
DA:253,12
DA:255,0
DA:256,0
DA:257,0
DA:259,12
DA:260,12
DA:264,0
DA:274,0
DA:276,0
DA:277,0
DA:278,0
DA:282,0
DA:283,0
DA:284,0
DA:288,0
DA:289,0
DA:290,0
DA:292,0
DA:293,0
DA:294,0
DA:296,0
DA:299,0
DA:303,0
DA:304,0
DA:310,0
DA:311,0
DA:313,0
DA:318,0
DA:319,0
DA:320,0
DA:321,0
DA:322,0
DA:325,0
DA:333,0
DA:334,0
DA:335,0
DA:336,0
DA:338,0
DA:347,12
DA:350,12
DA:351,12
DA:352,12
DA:355,12
DA:358,12
DA:366,0
DA:374,3
DA:375,3
DA:376,1
DA:377,0
DA:381,2
DA:383,2
DA:393,2
DA:394,2
DA:395,2
DA:398,2
DA:399,2
DA:400,2
DA:401,2
DA:402,0
DA:403,0
DA:404,0
DA:409,2
DA:410,2
DA:411,0
DA:415,2
DA:417,1
DA:419,1
DA:420,1
DA:423,1
DA:424,1
DA:427,0
DA:435,0
DA:443,0
DA:444,0
DA:447,0
DA:450,0
DA:453,0
DA:454,0
DA:461,0
DA:462,0
DA:466,2
DA:470,2
DA:472,2
DA:473,2
DA:474,0
DA:475,2
DA:476,0
DA:477,2
DA:478,0
DA:480,2
DA:483,2
DA:486,0
DA:487,0
DA:504,0
DA:507,0
DA:508,0
DA:509,0
DA:512,0
DA:513,0
DA:514,0
DA:518,0
DA:519,0
DA:520,0
DA:521,0
DA:522,0
DA:523,0
DA:524,0
DA:528,0
DA:529,0
DA:530,0
DA:534,0
DA:535,0
DA:538,0
DA:540,0
DA:541,0
DA:543,0
DA:544,0
DA:545,0
DA:546,0
DA:547,0
DA:550,0
DA:551,0
DA:552,0
DA:555,0
DA:556,0
DA:557,0
DA:561,0
DA:562,0
DA:563,0
DA:564,0
DA:566,0
DA:570,0
DA:573,0
DA:581,0
DA:588,0
DA:595,0
DA:599,0
DA:600,0
DA:603,0
DA:623,9
DA:624,4
DA:625,2
DA:629,2
DA:632,2
DA:633,2
DA:636,2
DA:637,2
DA:638,2
DA:641,2
DA:642,2
DA:643,4
DA:644,4
DA:645,4
DA:646,4
DA:647,4
DA:649,2
DA:650,2
DA:653,2
DA:654,6
DA:655,12
DA:656,12
DA:657,12
DA:658,12
DA:659,12
DA:661,6
DA:662,6
DA:665,2
DA:666,2
DA:667,2
DA:672,2
DA:675,0
DA:676,0
DA:677,0
DA:683,0
DA:684,0
DA:688,0
DA:689,0
DA:690,0
DA:691,0
DA:693,0
DA:694,0
DA:695,0
DA:697,0
DA:699,0
DA:700,0
DA:703,0
DA:704,0
DA:705,0
DA:707,0
DA:715,0
DA:718,0
DA:727,0
DA:737,0
DA:739,0
DA:740,0
DA:746,0
DA:753,0
DA:755,0
DA:774,2
DA:775,2
DA:776,2
DA:778,2
DA:779,20
DA:780,20
DA:782,20
DA:783,0
DA:784,0
DA:785,0
DA:787,0
DA:789,20
DA:790,2
DA:791,2
DA:793,18
DA:797,2
DA:798,4
DA:809,0
DA:811,0
DA:812,0
DA:815,0
DA:817,0
DA:818,0
DA:819,0
DA:822,0
DA:823,0
DA:824,0
DA:825,0
DA:826,0
DA:827,0
DA:828,0
DA:829,0
DA:831,0
DA:836,0
DA:837,0
DA:838,0
DA:842,0
DA:843,0
DA:846,0
DA:856,0
DA:857,0
DA:860,0
DA:861,0
DA:865,0
DA:866,0
DA:869,0
DA:870,0
DA:873,0
DA:874,0
DA:878,0
DA:879,0
DA:883,0
DA:884,0
DA:887,0
DA:901,0
DA:902,0
DA:904,0
DA:905,0
DA:906,0
DA:907,0
DA:908,0
DA:909,0
DA:910,0
DA:912,0
DA:913,0
DA:916,0
DA:917,0
DA:919,0
DA:920,0
DA:921,0
DA:922,0
DA:923,0
DA:924,0
DA:927,0
DA:928,0
DA:931,0
DA:932,0
DA:933,0
DA:934,0
DA:935,0
DA:936,0
DA:938,0
DA:939,0
DA:943,0
DA:944,0
DA:945,0
DA:947,0
DA:948,0
DA:951,0
DA:952,0
DA:953,0
DA:954,0
DA:958,0
DA:959,0
DA:963,0
DA:976,16
DA:998,16
DA:1007,0
DA:1008,0
DA:1018,0
DA:1019,0
DA:1032,0
DA:1033,0
DA:1034,0
DA:1035,0
DA:1036,0
DA:1039,0
DA:1040,0
DA:1041,0
DA:1042,0
DA:1045,0
DA:1046,0
DA:1047,0
DA:1048,0
DA:1050,0
DA:1051,0
DA:1052,0
DA:1054,0
DA:1059,0
DA:1060,0
DA:1061,0
DA:1062,0
DA:1063,0
DA:1066,0
DA:1124,0
DA:1128,0
DA:1132,0
DA:1134,0
DA:1135,0
DA:1137,0
DA:1138,0
DA:1139,0
DA:1141,0
DA:1144,0
DA:1145,0
DA:1147,0
DA:1152,0
DA:1156,0
DA:1158,0
DA:1167,0
DA:1170,0
DA:1173,0
DA:1174,0
DA:1175,0
DA:1176,0
DA:1178,0
DA:1187,0
DA:1188,0
DA:1189,0
DA:1191,0
DA:1193,0
DA:1201,13
DA:1204,8
DA:1205,8
DA:1211,8
DA:1214,7
DA:1218,0
DA:1219,0
DA:1220,0
DA:1221,0
DA:1222,0
DA:1226,0
DA:1227,0
DA:1228,0
DA:1231,0
DA:1232,0
DA:1233,0
DA:1234,0
DA:1237,0
DA:1238,0
DA:1242,0
DA:1250,0
DA:1259,0
DA:1260,0
DA:1261,0
DA:1264,0
DA:1269,0
DA:1277,0
LF:452
LH:131
BRDA:67,0,0,0
BRDA:67,0,1,11
BRDA:122,1,0,0
BRDA:122,1,1,0
BRDA:134,2,0,0
BRDA:134,2,1,0
BRDA:162,3,0,0
BRDA:167,4,0,0
BRDA:167,4,1,2
BRDA:170,5,0,0
BRDA:170,5,1,0
BRDA:173,6,0,2
BRDA:173,6,1,0
BRDA:178,7,0,0
BRDA:178,7,1,2
BRDA:183,8,0,0
BRDA:183,8,1,2
BRDA:191,9,0,0
BRDA:191,9,1,2
BRDA:205,10,0,0
BRDA:212,11,0,12
BRDA:212,11,1,0
BRDA:227,12,0,12
BRDA:233,13,0,12
BRDA:233,13,1,0
BRDA:233,13,2,0
BRDA:233,13,3,0
BRDA:251,14,0,12
BRDA:251,14,1,0
BRDA:253,15,0,0
BRDA:253,15,1,12
BRDA:274,16,0,0
BRDA:274,16,1,0
BRDA:277,17,0,0
BRDA:277,17,1,0
BRDA:283,18,0,0
BRDA:283,18,1,0
BRDA:284,19,0,0
BRDA:284,19,1,0
BRDA:293,20,0,0
BRDA:293,20,1,0
BRDA:299,21,0,0
BRDA:299,21,1,0
BRDA:321,22,0,0
BRDA:321,22,1,0
BRDA:347,23,0,0
BRDA:347,23,1,12
BRDA:375,24,0,1
BRDA:375,24,1,2
BRDA:398,25,0,2
BRDA:398,25,1,0
BRDA:401,26,0,0
BRDA:401,26,1,2
BRDA:401,27,0,2
BRDA:401,27,1,2
BRDA:410,28,0,0
BRDA:410,28,1,2
BRDA:429,29,0,0
BRDA:429,29,1,0
BRDA:444,30,0,0
BRDA:444,30,1,0
BRDA:453,31,0,0
BRDA:453,31,1,0
BRDA:461,32,0,0
BRDA:461,32,1,0
BRDA:461,33,0,0
BRDA:461,33,1,0
BRDA:473,34,0,0
BRDA:473,34,1,2
BRDA:475,35,0,0
BRDA:475,35,1,2
BRDA:477,36,0,0
BRDA:477,36,1,2
BRDA:486,37,0,0
BRDA:486,37,1,0
BRDA:486,38,0,0
BRDA:486,38,1,0
BRDA:486,38,2,0
BRDA:507,39,0,0
BRDA:507,39,1,0
BRDA:512,40,0,0
BRDA:512,40,1,0
BRDA:518,41,0,0
BRDA:518,41,1,0
BRDA:521,42,0,0
BRDA:521,42,1,0
BRDA:521,43,0,0
BRDA:521,43,1,0
BRDA:529,44,0,0
BRDA:529,44,1,0
BRDA:546,45,0,0
BRDA:546,45,1,0
BRDA:546,46,0,0
BRDA:546,46,1,0
BRDA:556,47,0,0
BRDA:556,47,1,0
BRDA:564,48,0,0
BRDA:564,48,1,0
BRDA:624,49,0,2
BRDA:624,49,1,2
BRDA:645,50,0,4
BRDA:645,50,1,4
BRDA:657,51,0,12
BRDA:657,51,1,10
BRDA:665,52,0,2
BRDA:665,52,1,0
BRDA:675,53,0,0
BRDA:675,53,1,0
BRDA:683,54,0,0
BRDA:683,54,1,0
BRDA:683,55,0,0
BRDA:683,55,1,0
BRDA:697,56,0,0
BRDA:697,56,1,0
BRDA:704,57,0,0
BRDA:704,57,1,0
BRDA:739,58,0,0
BRDA:739,58,1,0
BRDA:742,59,0,0
BRDA:742,59,1,0
BRDA:743,60,0,0
BRDA:743,60,1,0
BRDA:773,61,0,2
BRDA:782,62,0,0
BRDA:782,62,1,20
BRDA:783,63,0,0
BRDA:783,63,1,0
BRDA:789,64,0,2
BRDA:789,64,1,18
BRDA:789,65,0,20
BRDA:789,65,1,2
BRDA:811,66,0,0
BRDA:811,66,1,0
BRDA:822,67,0,0
BRDA:822,67,1,0
BRDA:824,68,0,0
BRDA:824,68,1,0
BRDA:824,69,0,0
BRDA:824,69,1,0
BRDA:826,70,0,0
BRDA:826,70,1,0
BRDA:826,71,0,0
BRDA:826,71,1,0
BRDA:828,72,0,0
BRDA:828,72,1,0
BRDA:842,73,0,0
BRDA:842,73,1,0
BRDA:842,74,0,0
BRDA:842,74,1,0
BRDA:860,75,0,0
BRDA:860,75,1,0
BRDA:860,76,0,0
BRDA:860,76,1,0
BRDA:865,77,0,0
BRDA:865,77,1,0
BRDA:865,78,0,0
BRDA:865,78,1,0
BRDA:869,79,0,0
BRDA:869,79,1,0
BRDA:869,80,0,0
BRDA:869,80,1,0
BRDA:873,81,0,0
BRDA:873,81,1,0
BRDA:873,82,0,0
BRDA:873,82,1,0
BRDA:878,83,0,0
BRDA:878,83,1,0
BRDA:878,84,0,0
BRDA:878,84,1,0
BRDA:878,84,2,0
BRDA:883,85,0,0
BRDA:883,85,1,0
BRDA:883,86,0,0
BRDA:883,86,1,0
BRDA:904,87,0,0
BRDA:904,87,1,0
BRDA:912,88,0,0
BRDA:912,88,1,0
BRDA:916,89,0,0
BRDA:916,89,1,0
BRDA:921,90,0,0
BRDA:921,90,1,0
BRDA:923,91,0,0
BRDA:923,91,1,0
BRDA:927,92,0,0
BRDA:927,92,1,0
BRDA:931,93,0,0
BRDA:931,93,1,0
BRDA:938,94,0,0
BRDA:938,94,1,0
BRDA:945,95,0,0
BRDA:945,95,1,0
BRDA:947,96,0,0
BRDA:947,96,1,0
BRDA:958,97,0,0
BRDA:958,97,1,0
BRDA:958,98,0,0
BRDA:958,98,1,0
BRDA:998,99,0,16
BRDA:998,99,1,16
BRDA:1034,100,0,0
BRDA:1034,100,1,0
BRDA:1034,101,0,0
BRDA:1034,101,1,0
BRDA:1041,102,0,0
BRDA:1041,102,1,0
BRDA:1046,103,0,0
BRDA:1046,103,1,0
BRDA:1048,104,0,0
BRDA:1048,104,1,0
BRDA:1051,105,0,0
BRDA:1051,105,1,0
BRDA:1061,106,0,0
BRDA:1061,106,1,0
BRDA:1061,106,2,0
BRDA:1061,106,3,0
BRDA:1097,107,0,0
BRDA:1097,107,1,0
BRDA:1102,108,0,0
BRDA:1102,108,1,0
BRDA:1103,109,0,0
BRDA:1103,109,1,0
BRDA:1108,110,0,0
BRDA:1108,110,1,0
BRDA:1108,111,0,0
BRDA:1108,111,1,0
BRDA:1109,112,0,0
BRDA:1109,112,1,0
BRDA:1109,113,0,0
BRDA:1109,113,1,0
BRDA:1110,114,0,0
BRDA:1110,114,1,0
BRDA:1111,115,0,0
BRDA:1111,115,1,0
BRDA:1115,116,0,0
BRDA:1115,116,1,0
BRDA:1132,117,0,0
BRDA:1132,117,1,0
BRDA:1134,118,0,0
BRDA:1134,118,1,0
BRDA:1134,119,0,0
BRDA:1134,119,1,0
BRDA:1138,120,0,0
BRDA:1138,120,1,0
BRDA:1158,121,0,0
BRDA:1158,121,1,0
BRDA:1163,122,0,0
BRDA:1163,122,1,0
BRDA:1174,123,0,0
BRDA:1174,123,1,0
BRDA:1176,124,0,0
BRDA:1176,124,1,0
BRDA:1187,125,0,0
BRDA:1187,125,1,0
BRDA:1188,126,0,0
BRDA:1188,126,1,0
BRDA:1189,127,0,0
BRDA:1189,127,1,0
BRDA:1191,128,0,0
BRDA:1191,128,1,0
BRDA:1193,129,0,0
BRDA:1193,129,1,0
BRDA:1193,129,2,0
BRDA:1201,130,0,5
BRDA:1201,130,1,8
BRDA:1201,131,0,13
BRDA:1201,131,1,10
BRDA:1211,132,0,1
BRDA:1211,132,1,7
BRDA:1211,133,0,8
BRDA:1211,133,1,7
BRDA:1218,134,0,0
BRDA:1218,134,1,0
BRDA:1253,135,0,0
BRDA:1253,135,1,0
BRDA:1256,136,0,0
BRDA:1256,136,1,0
BRDA:1259,137,0,0
BRDA:1259,137,1,0
BRDA:1259,138,0,0
BRDA:1259,138,1,0
BRDA:1277,139,0,0
BRDA:1277,139,1,0
BRF:283
BRH:45
end_of_record
TN:
SF:public/js/modules/file-logger.js
FN:9,(anonymous_0)
FN:22,(anonymous_1)
FN:28,(anonymous_2)
FN:38,(anonymous_3)
FN:39,(anonymous_4)
FN:42,(anonymous_5)
FN:91,(anonymous_6)
FN:106,(anonymous_7)
FN:132,(anonymous_8)
FN:147,(anonymous_9)
FN:155,(anonymous_10)
FN:163,(anonymous_11)
FN:171,(anonymous_12)
FN:178,(anonymous_13)
FNF:14
FNH:0
FNDA:0,(anonymous_0)
FNDA:0,(anonymous_1)
FNDA:0,(anonymous_2)
FNDA:0,(anonymous_3)
FNDA:0,(anonymous_4)
FNDA:0,(anonymous_5)
FNDA:0,(anonymous_6)
FNDA:0,(anonymous_7)
FNDA:0,(anonymous_8)
FNDA:0,(anonymous_9)
FNDA:0,(anonymous_10)
FNDA:0,(anonymous_11)
FNDA:0,(anonymous_12)
FNDA:0,(anonymous_13)
DA:10,0
DA:11,0
DA:12,0
DA:13,0
DA:14,0
DA:15,0
DA:23,0
DA:24,0
DA:25,0
DA:28,0
DA:29,0
DA:31,0
DA:32,0
DA:36,0
DA:38,0
DA:39,0
DA:42,0
DA:43,0
DA:44,0
DA:45,0
DA:48,0
DA:49,0
DA:53,0
DA:54,0
DA:55,0
DA:58,0
DA:59,0
DA:68,0
DA:69,0
DA:70,0
DA:71,0
DA:73,0
DA:74,0
DA:75,0
DA:78,0
DA:79,0
DA:80,0
DA:84,0
DA:92,0
DA:94,0
DA:95,0
DA:97,0
DA:98,0
DA:107,0
DA:108,0
DA:111,0
DA:113,0
DA:114,0
DA:115,0
DA:117,0
DA:118,0
DA:119,0
DA:120,0
DA:123,0
DA:133,0
DA:135,0
DA:136,0
DA:137,0
DA:139,0
DA:148,0
DA:156,0
DA:164,0
DA:172,0
DA:179,0
DA:180,0
DA:181,0
DA:183,0
DA:185,0
DA:186,0
DA:187,0
LF:70
LH:0
BRDA:9,0,0,0
BRDA:23,1,0,0
BRDA:23,1,1,0
BRDA:24,2,0,0
BRDA:24,2,1,0
BRDA:31,3,0,0
BRDA:31,3,1,0
BRDA:31,4,0,0
BRDA:31,4,1,0
BRDA:36,5,0,0
BRDA:36,5,1,0
BRDA:48,6,0,0
BRDA:48,6,1,0
BRDA:48,7,0,0
BRDA:48,7,1,0
BRDA:48,7,2,0
BRDA:92,8,0,0
BRDA:92,8,1,0
BRDA:107,9,0,0
BRDA:107,9,1,0
BRDA:113,10,0,0
BRDA:113,10,1,0
BRDA:135,11,0,0
BRDA:135,11,1,0
BRDA:179,12,0,0
BRDA:179,12,1,0
BRF:26
BRH:0
end_of_record
TN:
SF:public/js/modules/local-api-client.js
FN:12,(anonymous_0)
FN:25,(anonymous_1)
FN:133,(anonymous_2)
FN:145,(anonymous_3)
FN:200,(anonymous_4)
FN:236,(anonymous_5)
FN:244,(anonymous_6)
FN:268,(anonymous_7)
FN:292,(anonymous_8)
FN:300,(anonymous_9)
FN:308,(anonymous_10)
FN:312,(anonymous_11)
FN:323,(anonymous_12)
FN:425,(anonymous_13)
FN:433,(anonymous_14)
FN:437,(anonymous_15)
FNF:16
FNH:0
FNDA:0,(anonymous_0)
FNDA:0,(anonymous_1)
FNDA:0,(anonymous_2)
FNDA:0,(anonymous_3)
FNDA:0,(anonymous_4)
FNDA:0,(anonymous_5)
FNDA:0,(anonymous_6)
FNDA:0,(anonymous_7)
FNDA:0,(anonymous_8)
FNDA:0,(anonymous_9)
FNDA:0,(anonymous_10)
FNDA:0,(anonymous_11)
FNDA:0,(anonymous_12)
FNDA:0,(anonymous_13)
FNDA:0,(anonymous_14)
FNDA:0,(anonymous_15)
DA:13,0
DA:14,0
DA:26,0
DA:27,0
DA:30,0
DA:37,0
DA:43,0
DA:44,0
DA:48,0
DA:49,0
DA:50,0
DA:54,0
DA:61,0
DA:64,0
DA:65,0
DA:66,0
DA:67,0
DA:73,0
DA:76,0
DA:84,0
DA:86,0
DA:88,0
DA:89,0
DA:92,0
DA:93,0
DA:96,0
DA:97,0
DA:100,0
DA:101,0
DA:102,0
DA:104,0
DA:111,0
DA:113,0
DA:115,0
DA:120,0
DA:121,0
DA:125,0
DA:126,0
DA:128,0
DA:132,0
DA:133,0
DA:138,0
DA:146,0
DA:149,0
DA:150,0
DA:152,0
DA:155,0
DA:159,0
DA:161,0
DA:162,0
DA:164,0
DA:165,0
DA:167,0
DA:168,0
DA:170,0
DA:171,0
DA:173,0
DA:174,0
DA:180,0
DA:181,0
DA:183,0
DA:186,0
DA:187,0
DA:188,0
DA:189,0
DA:190,0
DA:193,0
DA:202,0
DA:203,0
DA:205,0
DA:207,0
DA:208,0
DA:210,0
DA:214,0
DA:215,0
DA:219,0
DA:220,0
DA:224,0
DA:225,0
DA:229,0
DA:237,0
DA:246,0
DA:247,0
DA:251,0
DA:252,0
DA:256,0
DA:257,0
DA:261,0
DA:270,0
DA:271,0
DA:275,0
DA:276,0
DA:280,0
DA:281,0
DA:285,0
DA:293,0
DA:301,0
DA:302,0
DA:304,0
DA:309,0
DA:313,0
DA:324,0
DA:325,0
DA:328,0
DA:335,0
DA:340,0
DA:341,0
DA:345,0
DA:353,0
DA:356,0
DA:357,0
DA:358,0
DA:359,0
DA:365,0
DA:368,0
DA:376,0
DA:378,0
DA:380,0
DA:381,0
DA:384,0
DA:385,0
DA:388,0
DA:389,0
DA:392,0
DA:393,0
DA:394,0
DA:396,0
DA:403,0
DA:405,0
DA:407,0
DA:412,0
DA:413,0
DA:417,0
DA:418,0
DA:420,0
DA:424,0
DA:425,0
DA:430,0
DA:434,0
DA:438,0
DA:443,0
LF:141
LH:0
BRDA:12,0,0,0
BRDA:13,1,0,0
BRDA:13,1,1,0
BRDA:25,2,0,0
BRDA:25,3,0,0
BRDA:32,4,0,0
BRDA:32,4,1,0
BRDA:33,5,0,0
BRDA:33,5,1,0
BRDA:43,6,0,0
BRDA:43,6,1,0
BRDA:49,7,0,0
BRDA:49,7,1,0
BRDA:49,8,0,0
BRDA:49,8,1,0
BRDA:92,9,0,0
BRDA:92,9,1,0
BRDA:96,10,0,0
BRDA:96,10,1,0
BRDA:100,11,0,0
BRDA:100,11,1,0
BRDA:100,12,0,0
BRDA:100,12,1,0
BRDA:101,13,0,0
BRDA:101,13,1,0
BRDA:102,14,0,0
BRDA:102,14,1,0
BRDA:113,15,0,0
BRDA:113,15,1,0
BRDA:120,16,0,0
BRDA:120,16,1,0
BRDA:125,17,0,0
BRDA:125,17,1,0
BRDA:125,17,2,0
BRDA:126,18,0,0
BRDA:126,18,1,0
BRDA:149,19,0,0
BRDA:149,19,1,0
BRDA:149,20,0,0
BRDA:149,20,1,0
BRDA:155,21,0,0
BRDA:155,21,1,0
BRDA:159,22,0,0
BRDA:159,22,1,0
BRDA:159,22,2,0
BRDA:159,22,3,0
BRDA:159,22,4,0
BRDA:159,22,5,0
BRDA:159,22,6,0
BRDA:159,22,7,0
BRDA:159,22,8,0
BRDA:159,22,9,0
BRDA:159,22,10,0
BRDA:183,23,0,0
BRDA:183,23,1,0
BRDA:202,24,0,0
BRDA:202,24,1,0
BRDA:203,25,0,0
BRDA:203,25,1,0
BRDA:203,26,0,0
BRDA:203,26,1,0
BRDA:207,27,0,0
BRDA:207,27,1,0
BRDA:207,28,0,0
BRDA:207,28,1,0
BRDA:214,29,0,0
BRDA:214,29,1,0
BRDA:214,30,0,0
BRDA:214,30,1,0
BRDA:219,31,0,0
BRDA:219,31,1,0
BRDA:219,32,0,0
BRDA:219,32,1,0
BRDA:224,33,0,0
BRDA:224,33,1,0
BRDA:246,34,0,0
BRDA:246,34,1,0
BRDA:246,35,0,0
BRDA:246,35,1,0
BRDA:251,36,0,0
BRDA:251,36,1,0
BRDA:251,37,0,0
BRDA:251,37,1,0
BRDA:256,38,0,0
BRDA:256,38,1,0
BRDA:256,39,0,0
BRDA:256,39,1,0
BRDA:270,40,0,0
BRDA:270,40,1,0
BRDA:275,41,0,0
BRDA:275,41,1,0
BRDA:280,42,0,0
BRDA:280,42,1,0
BRDA:301,43,0,0
BRDA:301,43,1,0
BRDA:308,44,0,0
BRDA:312,45,0,0
BRDA:323,46,0,0
BRDA:330,47,0,0
BRDA:330,47,1,0
BRDA:331,48,0,0
BRDA:331,48,1,0
BRDA:340,49,0,0
BRDA:340,49,1,0
BRDA:384,50,0,0
BRDA:384,50,1,0
BRDA:388,51,0,0
BRDA:388,51,1,0
BRDA:392,52,0,0
BRDA:392,52,1,0
BRDA:392,53,0,0
BRDA:392,53,1,0
BRDA:393,54,0,0
BRDA:393,54,1,0
BRDA:394,55,0,0
BRDA:394,55,1,0
BRDA:405,56,0,0
BRDA:405,56,1,0
BRDA:412,57,0,0
BRDA:412,57,1,0
BRDA:417,58,0,0
BRDA:417,58,1,0
BRDA:417,58,2,0
BRDA:418,59,0,0
BRDA:418,59,1,0
BRDA:433,60,0,0
BRDA:437,61,0,0
BRF:127
BRH:0
end_of_record
TN:
SF:public/js/modules/local-api.js
FN:11,(anonymous_0)
FN:24,(anonymous_1)
FN:70,(anonymous_2)
FN:91,(anonymous_3)
FN:95,(anonymous_4)
FN:99,(anonymous_5)
FN:103,(anonymous_6)
FNF:7
FNH:0
FNDA:0,(anonymous_0)
FNDA:0,(anonymous_1)
FNDA:0,(anonymous_2)
FNDA:0,(anonymous_3)
FNDA:0,(anonymous_4)
FNDA:0,(anonymous_5)
FNDA:0,(anonymous_6)
DA:12,0
DA:13,0
DA:25,0
DA:28,0
DA:35,0
DA:42,0
DA:43,0
DA:50,0
DA:53,0
DA:59,0
DA:61,0
DA:62,0
DA:71,0
DA:74,0
DA:75,0
DA:77,0
DA:80,0
DA:81,0
DA:82,0
DA:83,0
DA:84,0
DA:87,0
DA:92,0
DA:96,0
DA:100,0
DA:104,0
DA:109,0
LF:27
LH:0
BRDA:12,0,0,0
BRDA:12,0,1,0
BRDA:24,1,0,0
BRDA:24,2,0,0
BRDA:38,3,0,0
BRDA:38,3,1,0
BRDA:47,4,0,0
BRDA:47,4,1,0
BRDA:74,5,0,0
BRDA:74,5,1,0
BRDA:74,6,0,0
BRDA:74,6,1,0
BRDA:80,7,0,0
BRDA:80,7,1,0
BRDA:81,8,0,0
BRDA:81,8,1,0
BRDA:91,9,0,0
BRDA:95,10,0,0
BRDA:99,11,0,0
BRDA:103,12,0,0
BRF:20
BRH:0
end_of_record
TN:
SF:public/js/modules/logger.js
FN:25,(anonymous_0)
FN:71,(anonymous_1)
FN:78,(anonymous_2)
FN:85,(anonymous_3)
FN:93,(anonymous_4)
FN:101,(anonymous_5)
FN:105,(anonymous_6)
FN:109,(anonymous_7)
FN:113,(anonymous_8)
FN:117,(anonymous_9)
FN:123,(anonymous_10)
FN:150,(anonymous_11)
FN:165,(anonymous_12)
FN:191,(anonymous_13)
FN:222,(anonymous_14)
FN:235,(anonymous_15)
FN:249,(anonymous_16)
FN:254,(anonymous_17)
FN:259,(anonymous_18)
FN:264,(anonymous_19)
FN:269,(anonymous_20)
FN:275,(anonymous_21)
FN:296,(anonymous_22)
FN:418,(anonymous_23)
FN:432,(anonymous_24)
FN:438,(anonymous_25)
FN:443,(anonymous_26)
FN:460,(anonymous_27)
FN:530,(anonymous_28)
FN:554,(anonymous_29)
FN:561,(anonymous_30)
FN:567,(anonymous_31)
FN:574,(anonymous_32)
FN:578,(anonymous_33)
FN:582,(anonymous_34)
FN:586,(anonymous_35)
FN:590,(anonymous_36)
FN:594,(anonymous_37)
FNF:38
FNH:0
FNDA:0,(anonymous_0)
FNDA:0,(anonymous_1)
FNDA:0,(anonymous_2)
FNDA:0,(anonymous_3)
FNDA:0,(anonymous_4)
FNDA:0,(anonymous_5)
FNDA:0,(anonymous_6)
FNDA:0,(anonymous_7)
FNDA:0,(anonymous_8)
FNDA:0,(anonymous_9)
FNDA:0,(anonymous_10)
FNDA:0,(anonymous_11)
FNDA:0,(anonymous_12)
FNDA:0,(anonymous_13)
FNDA:0,(anonymous_14)
FNDA:0,(anonymous_15)
FNDA:0,(anonymous_16)
FNDA:0,(anonymous_17)
FNDA:0,(anonymous_18)
FNDA:0,(anonymous_19)
FNDA:0,(anonymous_20)
FNDA:0,(anonymous_21)
FNDA:0,(anonymous_22)
FNDA:0,(anonymous_23)
FNDA:0,(anonymous_24)
FNDA:0,(anonymous_25)
FNDA:0,(anonymous_26)
FNDA:0,(anonymous_27)
FNDA:0,(anonymous_28)
FNDA:0,(anonymous_29)
FNDA:0,(anonymous_30)
FNDA:0,(anonymous_31)
FNDA:0,(anonymous_32)
FNDA:0,(anonymous_33)
FNDA:0,(anonymous_34)
FNDA:0,(anonymous_35)
FNDA:0,(anonymous_36)
FNDA:0,(anonymous_37)
DA:28,0
DA:29,0
DA:33,0
DA:36,0
DA:37,0
DA:40,0
DA:41,0
DA:44,0
DA:45,0
DA:46,0
DA:47,0
DA:48,0
DA:49,0
DA:50,0
DA:53,0
DA:54,0
DA:57,0
DA:60,0
DA:61,0
DA:65,0
DA:72,0
DA:79,0
DA:86,0
DA:94,0
DA:102,0
DA:103,0
DA:106,0
DA:107,0
DA:110,0
DA:111,0
DA:114,0
DA:115,0
DA:118,0
DA:119,0
DA:124,0
DA:125,0
DA:126,0
DA:128,0
DA:129,0
DA:130,0
DA:131,0
DA:132,0
DA:133,0
DA:134,0
DA:137,0
DA:138,0
DA:139,0
DA:140,0
DA:141,0
DA:146,0
DA:152,0
DA:153,0
DA:154,0
DA:156,0
DA:160,0
DA:161,0
DA:165,0
DA:167,0
DA:168,0
DA:170,0
DA:171,0
DA:173,0
DA:177,0
DA:178,0
DA:179,0
DA:181,0
DA:187,0
DA:192,0
DA:193,0
DA:195,0
DA:197,0
DA:198,0
DA:199,0
DA:202,0
DA:203,0
DA:205,0
DA:206,0
DA:207,0
DA:209,0
DA:214,0
DA:216,0
DA:217,0
DA:223,0
DA:224,0
DA:225,0
DA:228,0
DA:234,0
DA:235,0
DA:236,0
DA:237,0
DA:238,0
DA:241,0
DA:242,0
DA:245,0
DA:250,0
DA:251,0
DA:255,0
DA:256,0
DA:260,0
DA:261,0
DA:265,0
DA:266,0
DA:270,0
DA:271,0
DA:276,0
DA:277,0
DA:280,0
DA:283,0
DA:284,0
DA:288,0
DA:297,0
DA:298,0
DA:301,0
DA:302,0
DA:303,0
DA:305,0
DA:308,0
DA:309,0
DA:310,0
DA:312,0
DA:313,0
DA:314,0
DA:316,0
DA:317,0
DA:318,0
DA:321,0
DA:322,0
DA:323,0
DA:324,0
DA:325,0
DA:326,0
DA:327,0
DA:331,0
DA:332,0
DA:333,0
DA:334,0
DA:335,0
DA:336,0
DA:337,0
DA:338,0
DA:339,0
DA:340,0
DA:343,0
DA:346,0
DA:347,0
DA:348,0
DA:349,0
DA:352,0
DA:353,0
DA:354,0
DA:355,0
DA:356,0
DA:357,0
DA:358,0
DA:359,0
DA:360,0
DA:361,0
DA:362,0
DA:366,0
DA:367,0
DA:368,0
DA:369,0
DA:370,0
DA:371,0
DA:372,0
DA:373,0
DA:374,0
DA:375,0
DA:376,0
DA:380,0
DA:381,0
DA:382,0
DA:383,0
DA:384,0
DA:385,0
DA:386,0
DA:387,0
DA:388,0
DA:389,0
DA:390,0
DA:392,0
DA:399,0
DA:400,0
DA:402,0
DA:406,0
DA:409,0
DA:410,0
DA:411,0
DA:414,0
DA:419,0
DA:420,0
DA:421,0
DA:422,0
DA:423,0
DA:425,0
DA:428,0
DA:433,0
DA:434,0
DA:435,0
DA:439,0
DA:440,0
DA:444,0
DA:446,0
DA:448,0
DA:449,0
DA:450,0
DA:452,0
DA:456,0
DA:457,0
DA:461,0
DA:462,0
DA:465,0
DA:468,0
DA:469,0
DA:473,0
DA:474,0
DA:477,0
DA:478,0
DA:480,0
DA:481,0
DA:482,0
DA:484,0
DA:487,0
DA:492,0
DA:493,0
DA:495,0
DA:496,0
DA:500,0
DA:501,0
DA:502,0
DA:505,0
DA:511,0
DA:512,0
DA:516,0
DA:517,0
DA:519,0
DA:520,0
DA:525,0
DA:527,0
DA:531,0
DA:533,0
DA:534,0
DA:536,0
DA:537,0
DA:543,0
DA:544,0
DA:545,0
DA:546,0
DA:547,0
DA:550,0
DA:551,0
DA:555,0
DA:558,0
DA:561,0
DA:564,0
DA:568,0
DA:569,0
DA:570,0
DA:575,0
DA:579,0
DA:583,0
DA:587,0
DA:591,0
DA:595,0
LF:264
LH:0
BRDA:25,0,0,0
BRDA:33,1,0,0
BRDA:33,1,1,0
BRDA:33,2,0,0
BRDA:33,2,1,0
BRDA:33,2,2,0
BRDA:33,2,3,0
BRDA:37,3,0,0
BRDA:37,3,1,0
BRDA:45,4,0,0
BRDA:45,4,1,0
BRDA:47,5,0,0
BRDA:47,5,1,0
BRDA:49,6,0,0
BRDA:49,6,1,0
BRDA:60,7,0,0
BRDA:60,7,1,0
BRDA:128,8,0,0
BRDA:128,8,1,0
BRDA:129,9,0,0
BRDA:129,9,1,0
BRDA:131,10,0,0
BRDA:131,10,1,0
BRDA:131,11,0,0
BRDA:131,11,1,0
BRDA:133,12,0,0
BRDA:133,12,1,0
BRDA:133,13,0,0
BRDA:133,13,1,0
BRDA:137,14,0,0
BRDA:137,14,1,0
BRDA:140,15,0,0
BRDA:140,15,1,0
BRDA:140,16,0,0
BRDA:140,16,1,0
BRDA:152,17,0,0
BRDA:152,17,1,0
BRDA:153,18,0,0
BRDA:153,18,1,0
BRDA:154,19,0,0
BRDA:154,19,1,0
BRDA:154,20,0,0
BRDA:154,20,1,0
BRDA:156,21,0,0
BRDA:156,21,1,0
BRDA:156,22,0,0
BRDA:156,22,1,0
BRDA:160,23,0,0
BRDA:160,23,1,0
BRDA:167,24,0,0
BRDA:167,24,1,0
BRDA:170,25,0,0
BRDA:170,25,1,0
BRDA:177,26,0,0
BRDA:177,26,1,0
BRDA:192,27,0,0
BRDA:192,27,1,0
BRDA:192,28,0,0
BRDA:192,28,1,0
BRDA:197,29,0,0
BRDA:197,29,1,0
BRDA:197,30,0,0
BRDA:197,30,1,0
BRDA:224,31,0,0
BRDA:224,31,1,0
BRDA:224,32,0,0
BRDA:224,32,1,0
BRDA:234,33,0,0
BRDA:234,33,1,0
BRDA:283,34,0,0
BRDA:283,34,1,0
BRDA:297,35,0,0
BRDA:297,35,1,0
BRDA:297,36,0,0
BRDA:297,36,1,0
BRDA:321,37,0,0
BRDA:321,37,1,0
BRDA:323,38,0,0
BRDA:323,38,1,0
BRDA:339,39,0,0
BRDA:339,39,1,0
BRDA:346,40,0,0
BRDA:346,40,1,0
BRDA:352,41,0,0
BRDA:352,41,1,0
BRDA:366,42,0,0
BRDA:366,42,1,0
BRDA:380,43,0,0
BRDA:380,43,1,0
BRDA:399,44,0,0
BRDA:399,44,1,0
BRDA:420,45,0,0
BRDA:420,45,1,0
BRDA:420,46,0,0
BRDA:420,46,1,0
BRDA:422,47,0,0
BRDA:422,47,1,0
BRDA:425,48,0,0
BRDA:425,48,1,0
BRDA:444,49,0,0
BRDA:444,49,1,0
BRDA:460,50,0,0
BRDA:468,51,0,0
BRDA:468,51,1,0
BRDA:473,52,0,0
BRDA:473,52,1,0
BRDA:477,53,0,0
BRDA:477,53,1,0
BRDA:480,54,0,0
BRDA:480,54,1,0
BRDA:481,55,0,0
BRDA:481,55,1,0
BRDA:492,56,0,0
BRDA:492,56,1,0
BRDA:492,57,0,0
BRDA:492,57,1,0
BRDA:495,58,0,0
BRDA:495,58,1,0
BRDA:495,59,0,0
BRDA:495,59,1,0
BRDA:495,59,2,0
BRDA:501,60,0,0
BRDA:501,60,1,0
BRDA:501,61,0,0
BRDA:501,61,1,0
BRDA:501,61,2,0
BRDA:516,62,0,0
BRDA:516,62,1,0
BRDA:519,63,0,0
BRDA:519,63,1,0
BRDA:531,64,0,0
BRDA:531,64,1,0
BRDA:543,65,0,0
BRDA:543,65,1,0
BRDA:543,66,0,0
BRDA:543,66,1,0
BRDA:555,67,0,0
BRDA:555,67,1,0
BRDA:569,68,0,0
BRDA:569,68,1,0
BRDA:578,69,0,0
BRDA:582,70,0,0
BRDA:586,71,0,0
BRDA:590,72,0,0
BRDA:594,73,0,0
BRF:145
BRH:0
end_of_record
TN:
SF:public/js/modules/pingone-api.js
FN:4,(anonymous_0)
FN:15,(anonymous_1)
FN:30,(anonymous_2)
FN:43,(anonymous_3)
FN:57,(anonymous_4)
FN:65,(anonymous_5)
FN:79,(anonymous_6)
FN:84,(anonymous_7)
FN:107,(anonymous_8)
FN:109,(anonymous_9)
FN:129,(anonymous_10)
FN:266,(anonymous_11)
FN:276,(anonymous_12)
FN:286,(anonymous_13)
FN:295,(anonymous_14)
FN:304,(anonymous_15)
FN:313,(anonymous_16)
FN:322,(anonymous_17)
FN:335,(anonymous_18)
FN:338,(anonymous_19)
FN:339,(anonymous_20)
FN:363,(anonymous_21)
FN:459,(anonymous_22)
FN:460,(anonymous_23)
FN:466,(anonymous_24)
FN:476,(anonymous_25)
FNF:26
FNH:0
FNDA:0,(anonymous_0)
FNDA:0,(anonymous_1)
FNDA:0,(anonymous_2)
FNDA:0,(anonymous_3)
FNDA:0,(anonymous_4)
FNDA:0,(anonymous_5)
FNDA:0,(anonymous_6)
FNDA:0,(anonymous_7)
FNDA:0,(anonymous_8)
FNDA:0,(anonymous_9)
FNDA:0,(anonymous_10)
FNDA:0,(anonymous_11)
FNDA:0,(anonymous_12)
FNDA:0,(anonymous_13)
FNDA:0,(anonymous_14)
FNDA:0,(anonymous_15)
FNDA:0,(anonymous_16)
FNDA:0,(anonymous_17)
FNDA:0,(anonymous_18)
FNDA:0,(anonymous_19)
FNDA:0,(anonymous_20)
FNDA:0,(anonymous_21)
FNDA:0,(anonymous_22)
FNDA:0,(anonymous_23)
FNDA:0,(anonymous_24)
FNDA:0,(anonymous_25)
DA:1,0
DA:5,0
DA:6,0
DA:7,0
DA:16,0
DA:23,0
DA:31,0
DA:44,0
DA:46,0
DA:47,0
DA:49,0
DA:50,0
DA:58,0
DA:66,0
DA:67,0
DA:68,0
DA:70,0
DA:71,0
DA:80,0
DA:81,0
DA:84,0
DA:85,0
DA:87,0
DA:88,0
DA:92,0
DA:93,0
DA:96,0
DA:98,0
DA:99,0
DA:109,0
DA:110,0
DA:114,0
DA:117,0
DA:130,0
DA:133,0
DA:134,0
DA:137,0
DA:143,0
DA:144,0
DA:148,0
DA:149,0
DA:150,0
DA:151,0
DA:152,0
DA:157,0
DA:158,0
DA:159,0
DA:160,0
DA:162,0
DA:168,0
DA:170,0
DA:171,0
DA:174,0
DA:176,0
DA:179,0
DA:180,0
DA:181,0
DA:182,0
DA:183,0
DA:184,0
DA:185,0
DA:187,0
DA:188,0
DA:192,0
DA:201,0
DA:202,0
DA:203,0
DA:207,0
DA:208,0
DA:209,0
DA:212,0
DA:215,0
DA:218,0
DA:219,0
DA:220,0
DA:221,0
DA:222,0
DA:223,0
DA:225,0
DA:226,0
DA:227,0
DA:228,0
DA:231,0
DA:232,0
DA:233,0
DA:234,0
DA:238,0
DA:239,0
DA:243,0
DA:244,0
DA:245,0
DA:248,0
DA:249,0
DA:250,0
DA:251,0
DA:252,0
DA:254,0
DA:257,0
DA:267,0
DA:268,0
DA:277,0
DA:287,0
DA:296,0
DA:305,0
DA:314,0
DA:323,0
DA:324,0
DA:325,0
DA:327,0
DA:328,0
DA:336,0
DA:338,0
DA:339,0
DA:342,0
DA:364,0
DA:365,0
DA:368,0
DA:369,0
DA:371,0
DA:372,0
DA:375,0
DA:377,0
DA:378,0
DA:380,0
DA:395,0
DA:396,0
DA:397,0
DA:404,0
DA:405,0
DA:406,0
DA:407,0
DA:413,0
DA:418,0
DA:426,0
DA:434,0
DA:436,0
DA:437,0
DA:438,0
DA:439,0
DA:440,0
DA:442,0
DA:446,0
DA:453,0
DA:454,0
DA:459,0
DA:460,0
DA:462,0
DA:466,0
DA:477,0
DA:478,0
DA:479,0
DA:480,0
DA:482,0
DA:486,0
LF:154
LH:0
BRDA:23,0,0,0
BRDA:23,0,1,0
BRDA:68,1,0,0
BRDA:68,1,1,0
BRDA:85,2,0,0
BRDA:85,2,1,0
BRDA:87,3,0,0
BRDA:87,3,1,0
BRDA:92,4,0,0
BRDA:92,4,1,0
BRDA:129,5,0,0
BRDA:129,6,0,0
BRDA:134,7,0,0
BRDA:134,7,1,0
BRDA:143,8,0,0
BRDA:143,8,1,0
BRDA:148,9,0,0
BRDA:148,9,1,0
BRDA:148,10,0,0
BRDA:148,10,1,0
BRDA:149,11,0,0
BRDA:149,11,1,0
BRDA:149,12,0,0
BRDA:149,12,1,0
BRDA:151,13,0,0
BRDA:151,13,1,0
BRDA:171,14,0,0
BRDA:171,14,1,0
BRDA:179,15,0,0
BRDA:179,15,1,0
BRDA:183,16,0,0
BRDA:183,16,1,0
BRDA:201,17,0,0
BRDA:201,17,1,0
BRDA:218,18,0,0
BRDA:218,18,1,0
BRDA:223,19,0,0
BRDA:223,19,1,0
BRDA:223,19,2,0
BRDA:238,20,0,0
BRDA:238,20,1,0
BRDA:249,21,0,0
BRDA:249,21,1,0
BRDA:266,22,0,0
BRDA:268,23,0,0
BRDA:268,23,1,0
BRDA:335,24,0,0
BRDA:336,25,0,0
BRDA:336,25,1,0
BRDA:342,26,0,0
BRDA:342,26,1,0
BRDA:363,27,0,0
BRDA:363,28,0,0
BRDA:364,29,0,0
BRDA:364,29,1,0
BRDA:364,30,0,0
BRDA:364,30,1,0
BRDA:364,30,2,0
BRDA:369,31,0,0
BRDA:369,31,1,0
BRDA:371,32,0,0
BRDA:371,32,1,0
BRDA:382,33,0,0
BRDA:382,33,1,0
BRDA:383,34,0,0
BRDA:383,34,1,0
BRDA:386,35,0,0
BRDA:386,35,1,0
BRDA:389,36,0,0
BRDA:389,36,1,0
BRDA:396,37,0,0
BRDA:396,37,1,0
BRDA:404,38,0,0
BRDA:404,38,1,0
BRDA:406,39,0,0
BRDA:406,39,1,0
BRDA:437,40,0,0
BRDA:437,40,1,0
BRDA:440,41,0,0
BRDA:440,41,1,0
BRDA:440,41,2,0
BRDA:448,42,0,0
BRDA:448,42,1,0
BRDA:450,43,0,0
BRDA:450,43,1,0
BRDA:453,44,0,0
BRDA:453,44,1,0
BRF:87
BRH:0
end_of_record
TN:
SF:public/js/modules/pingone-client.js
FN:14,(anonymous_0)
FN:26,(anonymous_1)
FN:34,(anonymous_2)
FN:83,(anonymous_3)
FN:133,(anonymous_4)
FN:268,(anonymous_5)
FN:301,(anonymous_6)
FN:383,(anonymous_7)
FN:395,(anonymous_8)
FN:426,(anonymous_9)
FN:444,(anonymous_10)
FN:491,(anonymous_11)
FN:537,(anonymous_12)
FN:553,(anonymous_13)
FN:652,(anonymous_14)
FN:732,(anonymous_15)
FN:923,(anonymous_16)
FN:982,(anonymous_17)
FN:999,(anonymous_18)
FN:1051,(anonymous_19)
FN:1090,(anonymous_20)
FN:1101,(anonymous_21)
FN:1113,(anonymous_22)
FN:1124,(anonymous_23)
FN:1136,(anonymous_24)
FN:1161,(anonymous_25)
FN:1173,(anonymous_26)
FN:1182,(anonymous_27)
FN:1334,(anonymous_28)
FN:1340,(anonymous_29)
FN:1355,(anonymous_30)
FN:1382,(anonymous_31)
FN:1541,(anonymous_32)
FN:1937,(anonymous_33)
FN:2035,(anonymous_34)
FN:2144,(anonymous_35)
FN:2160,(anonymous_36)
FN:2183,(anonymous_37)
FN:2214,(anonymous_38)
FN:2242,(anonymous_39)
FN:2285,(anonymous_40)
FN:2298,(anonymous_41)
FN:2333,(anonymous_42)
FN:2390,(anonymous_43)
FN:2440,(anonymous_44)
FN:2453,(anonymous_45)
FN:2490,(anonymous_46)
FN:2527,(anonymous_47)
FN:2551,(anonymous_48)
FN:2553,(anonymous_49)
FN:2559,(anonymous_50)
FNF:51
FNH:0
FNDA:0,(anonymous_0)
FNDA:0,(anonymous_1)
FNDA:0,(anonymous_2)
FNDA:0,(anonymous_3)
FNDA:0,(anonymous_4)
FNDA:0,(anonymous_5)
FNDA:0,(anonymous_6)
FNDA:0,(anonymous_7)
FNDA:0,(anonymous_8)
FNDA:0,(anonymous_9)
FNDA:0,(anonymous_10)
FNDA:0,(anonymous_11)
FNDA:0,(anonymous_12)
FNDA:0,(anonymous_13)
FNDA:0,(anonymous_14)
FNDA:0,(anonymous_15)
FNDA:0,(anonymous_16)
FNDA:0,(anonymous_17)
FNDA:0,(anonymous_18)
FNDA:0,(anonymous_19)
FNDA:0,(anonymous_20)
FNDA:0,(anonymous_21)
FNDA:0,(anonymous_22)
FNDA:0,(anonymous_23)
FNDA:0,(anonymous_24)
FNDA:0,(anonymous_25)
FNDA:0,(anonymous_26)
FNDA:0,(anonymous_27)
FNDA:0,(anonymous_28)
FNDA:0,(anonymous_29)
FNDA:0,(anonymous_30)
FNDA:0,(anonymous_31)
FNDA:0,(anonymous_32)
FNDA:0,(anonymous_33)
FNDA:0,(anonymous_34)
FNDA:0,(anonymous_35)
FNDA:0,(anonymous_36)
FNDA:0,(anonymous_37)
FNDA:0,(anonymous_38)
FNDA:0,(anonymous_39)
FNDA:0,(anonymous_40)
FNDA:0,(anonymous_41)
FNDA:0,(anonymous_42)
FNDA:0,(anonymous_43)
FNDA:0,(anonymous_44)
FNDA:0,(anonymous_45)
FNDA:0,(anonymous_46)
FNDA:0,(anonymous_47)
FNDA:0,(anonymous_48)
FNDA:0,(anonymous_49)
FNDA:0,(anonymous_50)
DA:15,0
DA:16,0
DA:17,0
DA:18,0
DA:19,0
DA:27,0
DA:35,0
DA:36,0
DA:37,0
DA:38,0
DA:41,0
DA:42,0
DA:43,0
DA:46,0
DA:47,0
DA:48,0
DA:51,0
DA:52,0
DA:55,0
DA:56,0
DA:57,0
DA:59,0
DA:60,0
DA:61,0
DA:62,0
DA:63,0
DA:65,0
DA:68,0
DA:74,0
DA:75,0
DA:84,0
DA:86,0
DA:87,0
DA:91,0
DA:92,0
DA:93,0
DA:94,0
DA:96,0
DA:97,0
DA:100,0
DA:101,0
DA:103,0
DA:104,0
DA:107,0
DA:110,0
DA:111,0
DA:112,0
DA:115,0
DA:118,0
DA:119,0
DA:122,0
DA:124,0
DA:125,0
DA:134,0
DA:136,0
DA:137,0
DA:138,0
DA:139,0
DA:141,0
DA:142,0
DA:143,0
DA:150,0
DA:151,0
DA:152,0
DA:153,0
DA:154,0
DA:155,0
DA:159,0
DA:160,0
DA:161,0
DA:163,0
DA:165,0
DA:166,0
DA:167,0
DA:168,0
DA:169,0
DA:170,0
DA:172,0
DA:174,0
DA:175,0
DA:176,0
DA:177,0
DA:178,0
DA:179,0
DA:180,0
DA:181,0
DA:182,0
DA:187,0
DA:191,0
DA:192,0
DA:199,0
DA:200,0
DA:201,0
DA:203,0
DA:204,0
DA:209,0
DA:210,0
DA:211,0
DA:213,0
DA:214,0
DA:217,0
DA:218,0
DA:220,0
DA:221,0
DA:222,0
DA:223,0
DA:224,0
DA:226,0
DA:227,0
DA:228,0
DA:229,0
DA:231,0
DA:235,0
DA:237,0
DA:238,0
DA:239,0
DA:242,0
DA:243,0
DA:252,0
DA:254,0
DA:255,0
DA:256,0
DA:269,0
DA:270,0
DA:271,0
DA:274,0
DA:275,0
DA:279,0
DA:286,0
DA:293,0
DA:296,0
DA:297,0
DA:300,0
DA:301,0
DA:302,0
DA:306,0
DA:307,0
DA:308,0
DA:309,0
DA:311,0
DA:312,0
DA:315,0
DA:323,0
DA:325,0
DA:326,0
DA:328,0
DA:330,0
DA:331,0
DA:332,0
DA:334,0
DA:335,0
DA:338,0
DA:339,0
DA:340,0
DA:343,0
DA:344,0
DA:347,0
DA:348,0
DA:349,0
DA:351,0
DA:358,0
DA:360,0
DA:361,0
DA:362,0
DA:363,0
DA:368,0
DA:369,0
DA:370,0
DA:374,0
DA:375,0
DA:377,0
DA:378,0
DA:382,0
DA:383,0
DA:386,0
DA:387,0
DA:396,0
DA:397,0
DA:400,0
DA:401,0
DA:402,0
DA:404,0
DA:405,0
DA:407,0
DA:408,0
DA:409,0
DA:411,0
DA:412,0
DA:413,0
DA:414,0
DA:418,0
DA:419,0
DA:427,0
DA:428,0
DA:430,0
DA:431,0
DA:433,0
DA:434,0
DA:445,0
DA:446,0
DA:447,0
DA:448,0
DA:449,0
DA:450,0
DA:451,0
DA:452,0
DA:453,0
DA:454,0
DA:455,0
DA:457,0
DA:458,0
DA:461,0
DA:462,0
DA:463,0
DA:466,0
DA:467,0
DA:469,0
DA:472,0
DA:473,0
DA:476,0
DA:479,0
DA:480,0
DA:481,0
DA:484,0
DA:485,0
DA:486,0
DA:489,0
DA:491,0
DA:492,0
DA:493,0
DA:494,0
DA:496,0
DA:501,0
DA:502,0
DA:503,0
DA:505,0
DA:506,0
DA:510,0
DA:511,0
DA:513,0
DA:523,0
DA:525,0
DA:526,0
DA:527,0
DA:528,0
DA:529,0
DA:531,0
DA:532,0
DA:537,0
DA:547,0
DA:548,0
DA:553,0
DA:563,0
DA:573,0
DA:574,0
DA:583,0
DA:584,0
DA:585,0
DA:586,0
DA:587,0
DA:588,0
DA:589,0
DA:590,0
DA:591,0
DA:592,0
DA:593,0
DA:594,0
DA:603,0
DA:604,0
DA:605,0
DA:606,0
DA:607,0
DA:613,0
DA:617,0
DA:618,0
DA:619,0
DA:620,0
DA:626,0
DA:629,0
DA:630,0
DA:631,0
DA:632,0
DA:638,0
DA:642,0
DA:645,0
DA:647,0
DA:649,0
DA:651,0
DA:652,0
DA:654,0
DA:655,0
DA:656,0
DA:659,0
DA:660,0
DA:661,0
DA:664,0
DA:665,0
DA:673,0
DA:676,0
DA:677,0
DA:685,0
DA:690,0
DA:691,0
DA:692,0
DA:695,0
DA:696,0
DA:704,0
DA:707,0
DA:708,0
DA:716,0
DA:719,0
DA:720,0
DA:721,0
DA:723,0
DA:725,0
DA:727,0
DA:729,0
DA:731,0
DA:732,0
DA:734,0
DA:735,0
DA:736,0
DA:738,0
DA:739,0
DA:740,0
DA:746,0
DA:749,0
DA:750,0
DA:751,0
DA:757,0
DA:761,0
DA:762,0
DA:771,0
DA:774,0
DA:775,0
DA:783,0
DA:786,0
DA:787,0
DA:788,0
DA:789,0
DA:790,0
DA:792,0
DA:793,0
DA:794,0
DA:795,0
DA:799,0
DA:810,0
DA:811,0
DA:815,0
DA:816,0
DA:819,0
DA:833,0
DA:834,0
DA:835,0
DA:837,0
DA:847,0
DA:848,0
DA:849,0
DA:850,0
DA:853,0
DA:857,0
DA:859,0
DA:862,0
DA:863,0
DA:864,0
DA:871,0
DA:875,0
DA:876,0
DA:877,0
DA:878,0
DA:879,0
DA:880,0
DA:884,0
DA:885,0
DA:886,0
DA:887,0
DA:888,0
DA:889,0
DA:890,0
DA:896,0
DA:898,0
DA:899,0
DA:903,0
DA:905,0
DA:906,0
DA:907,0
DA:908,0
DA:909,0
DA:911,0
DA:916,0
DA:917,0
DA:920,0
DA:922,0
DA:923,0
DA:925,0
DA:927,0
DA:935,0
DA:936,0
DA:939,0
DA:940,0
DA:944,0
DA:945,0
DA:949,0
DA:950,0
DA:952,0
DA:954,0
DA:955,0
DA:958,0
DA:960,0
DA:961,0
DA:962,0
DA:963,0
DA:964,0
DA:965,0
DA:966,0
DA:967,0
DA:968,0
DA:969,0
DA:970,0
DA:971,0
DA:974,0
DA:977,0
DA:978,0
DA:979,0
DA:980,0
DA:981,0
DA:982,0
DA:983,0
DA:987,0
DA:992,0
DA:993,0
DA:994,0
DA:995,0
DA:996,0
DA:999,0
DA:1004,0
DA:1009,0
DA:1010,0
DA:1011,0
DA:1021,0
DA:1028,0
DA:1035,0
DA:1053,0
DA:1054,0
DA:1058,0
DA:1059,0
DA:1062,0
DA:1063,0
DA:1067,0
DA:1068,0
DA:1072,0
DA:1073,0
DA:1077,0
DA:1078,0
DA:1081,0
DA:1091,0
DA:1092,0
DA:1103,0
DA:1104,0
DA:1115,0
DA:1116,0
DA:1118,0
DA:1119,0
DA:1122,0
DA:1123,0
DA:1124,0
DA:1127,0
DA:1137,0
DA:1138,0
DA:1140,0
DA:1144,0
DA:1146,0
DA:1147,0
DA:1148,0
DA:1149,0
DA:1151,0
DA:1152,0
DA:1162,0
DA:1163,0
DA:1164,0
DA:1167,0
DA:1168,0
DA:1169,0
DA:1173,0
DA:1183,0
DA:1184,0
DA:1193,0
DA:1194,0
DA:1197,0
DA:1198,0
DA:1199,0
DA:1200,0
DA:1202,0
DA:1204,0
DA:1207,0
DA:1208,0
DA:1211,0
DA:1212,0
DA:1213,0
DA:1214,0
DA:1215,0
DA:1216,0
DA:1217,0
DA:1219,0
DA:1224,0
DA:1225,0
DA:1226,0
DA:1228,0
DA:1229,0
DA:1230,0
DA:1231,0
DA:1233,0
DA:1236,0
DA:1242,0
DA:1243,0
DA:1244,0
DA:1246,0
DA:1247,0
DA:1248,0
DA:1249,0
DA:1250,0
DA:1252,0
DA:1255,0
DA:1259,0
DA:1260,0
DA:1261,0
DA:1266,0
DA:1267,0
DA:1271,0
DA:1274,0
DA:1277,0
DA:1278,0
DA:1285,0
DA:1289,0
DA:1290,0
DA:1291,0
DA:1297,0
DA:1298,0
DA:1300,0
DA:1301,0
DA:1307,0
DA:1308,0
DA:1310,0
DA:1311,0
DA:1317,0
DA:1322,0
DA:1323,0
DA:1333,0
DA:1334,0
DA:1339,0
DA:1340,0
DA:1344,0
DA:1347,0
DA:1356,0
DA:1357,0
DA:1359,0
DA:1360,0
DA:1362,0
DA:1363,0
DA:1364,0
DA:1365,0
DA:1366,0
DA:1367,0
DA:1369,0
DA:1370,0
DA:1372,0
DA:1378,0
DA:1383,0
DA:1384,0
DA:1395,0
DA:1396,0
DA:1399,0
DA:1400,0
DA:1401,0
DA:1402,0
DA:1404,0
DA:1406,0
DA:1414,0
DA:1415,0
DA:1418,0
DA:1419,0
DA:1420,0
DA:1421,0
DA:1422,0
DA:1423,0
DA:1424,0
DA:1425,0
DA:1427,0
DA:1432,0
DA:1433,0
DA:1434,0
DA:1435,0
DA:1437,0
DA:1438,0
DA:1439,0
DA:1440,0
DA:1442,0
DA:1445,0
DA:1450,0
DA:1451,0
DA:1452,0
DA:1453,0
DA:1455,0
DA:1456,0
DA:1459,0
DA:1460,0
DA:1461,0
DA:1463,0
DA:1465,0
DA:1466,0
DA:1469,0
DA:1470,0
DA:1471,0
DA:1474,0
DA:1477,0
DA:1482,0
DA:1483,0
DA:1484,0
DA:1487,0
DA:1500,0
DA:1501,0
DA:1502,0
DA:1503,0
DA:1505,0
DA:1510,0
DA:1511,0
DA:1517,0
DA:1520,0
DA:1521,0
DA:1522,0
DA:1523,0
DA:1525,0
DA:1529,0
DA:1530,0
DA:1538,0
DA:1540,0
DA:1541,0
DA:1543,0
DA:1545,0
DA:1553,0
DA:1554,0
DA:1557,0
DA:1558,0
DA:1562,0
DA:1563,0
DA:1567,0
DA:1568,0
DA:1572,0
DA:1573,0
DA:1584,0
DA:1586,0
DA:1587,0
DA:1588,0
DA:1594,0
DA:1599,0
DA:1600,0
DA:1601,0
DA:1606,0
DA:1607,0
DA:1611,0
DA:1619,0
DA:1620,0
DA:1623,0
DA:1635,0
DA:1636,0
DA:1640,0
DA:1641,0
DA:1643,0
DA:1644,0
DA:1645,0
DA:1646,0
DA:1648,0
DA:1649,0
DA:1650,0
DA:1651,0
DA:1655,0
DA:1656,0
DA:1657,0
DA:1658,0
DA:1665,0
DA:1666,0
DA:1668,0
DA:1669,0
DA:1670,0
DA:1672,0
DA:1673,0
DA:1674,0
DA:1676,0
DA:1678,0
DA:1679,0
DA:1680,0
DA:1685,0
DA:1686,0
DA:1691,0
DA:1692,0
DA:1693,0
DA:1694,0
DA:1697,0
DA:1698,0
DA:1699,0
DA:1705,0
DA:1706,0
DA:1709,0
DA:1715,0
DA:1716,0
DA:1720,0
DA:1721,0
DA:1722,0
DA:1723,0
DA:1725,0
DA:1729,0
DA:1730,0
DA:1738,0
DA:1742,0
DA:1745,0
DA:1746,0
DA:1747,0
DA:1753,0
DA:1755,0
DA:1758,0
DA:1759,0
DA:1760,0
DA:1761,0
DA:1762,0
DA:1763,0
DA:1764,0
DA:1767,0
DA:1774,0
DA:1777,0
DA:1778,0
DA:1784,0
DA:1785,0
DA:1796,0
DA:1797,0
DA:1798,0
DA:1799,0
DA:1801,0
DA:1803,0
DA:1811,0
DA:1812,0
DA:1815,0
DA:1816,0
DA:1817,0
DA:1818,0
DA:1819,0
DA:1820,0
DA:1821,0
DA:1822,0
DA:1824,0
DA:1829,0
DA:1830,0
DA:1831,0
DA:1832,0
DA:1834,0
DA:1835,0
DA:1836,0
DA:1837,0
DA:1839,0
DA:1842,0
DA:1847,0
DA:1848,0
DA:1849,0
DA:1850,0
DA:1852,0
DA:1853,0
DA:1856,0
DA:1857,0
DA:1858,0
DA:1860,0
DA:1862,0
DA:1863,0
DA:1866,0
DA:1867,0
DA:1868,0
DA:1871,0
DA:1874,0
DA:1879,0
DA:1880,0
DA:1881,0
DA:1884,0
DA:1897,0
DA:1898,0
DA:1899,0
DA:1900,0
DA:1902,0
DA:1907,0
DA:1908,0
DA:1914,0
DA:1917,0
DA:1918,0
DA:1919,0
DA:1920,0
DA:1922,0
DA:1926,0
DA:1927,0
DA:1934,0
DA:1936,0
DA:1937,0
DA:1939,0
DA:1941,0
DA:1949,0
DA:1950,0
DA:1953,0
DA:1954,0
DA:1958,0
DA:1959,0
DA:1963,0
DA:1964,0
DA:1968,0
DA:1969,0
DA:1979,0
DA:1981,0
DA:1982,0
DA:1983,0
DA:1989,0
DA:1994,0
DA:1995,0
DA:1996,0
DA:2001,0
DA:2002,0
DA:2006,0
DA:2014,0
DA:2015,0
DA:2018,0
DA:2030,0
DA:2031,0
DA:2035,0
DA:2036,0
DA:2037,0
DA:2038,0
DA:2039,0
DA:2041,0
DA:2042,0
DA:2043,0
DA:2044,0
DA:2050,0
DA:2051,0
DA:2052,0
DA:2057,0
DA:2060,0
DA:2061,0
DA:2071,0
DA:2075,0
DA:2076,0
DA:2077,0
DA:2079,0
DA:2080,0
DA:2087,0
DA:2090,0
DA:2093,0
DA:2094,0
DA:2095,0
DA:2100,0
DA:2102,0
DA:2105,0
DA:2106,0
DA:2107,0
DA:2108,0
DA:2109,0
DA:2110,0
DA:2111,0
DA:2114,0
DA:2121,0
DA:2124,0
DA:2125,0
DA:2131,0
DA:2132,0
DA:2143,0
DA:2144,0
DA:2147,0
DA:2148,0
DA:2149,0
DA:2159,0
DA:2160,0
DA:2164,0
DA:2167,0
DA:2175,0
DA:2184,0
DA:2185,0
DA:2186,0
DA:2187,0
DA:2188,0
DA:2189,0
DA:2190,0
DA:2191,0
DA:2192,0
DA:2193,0
DA:2194,0
DA:2195,0
DA:2196,0
DA:2197,0
DA:2199,0
DA:2202,0
DA:2204,0
DA:2206,0
DA:2215,0
DA:2217,0
DA:2219,0
DA:2221,0
DA:2223,0
DA:2224,0
DA:2225,0
DA:2226,0
DA:2228,0
DA:2229,0
DA:2232,0
DA:2233,0
DA:2243,0
DA:2244,0
DA:2245,0
DA:2246,0
DA:2247,0
DA:2248,0
DA:2250,0
DA:2252,0
DA:2254,0
DA:2255,0
DA:2256,0
DA:2259,0
DA:2261,0
DA:2263,0
DA:2264,0
DA:2265,0
DA:2267,0
DA:2268,0
DA:2269,0
DA:2270,0
DA:2272,0
DA:2273,0
DA:2276,0
DA:2277,0
DA:2280,0
DA:2281,0
DA:2285,0
DA:2289,0
DA:2290,0
DA:2299,0
DA:2301,0
DA:2303,0
DA:2305,0
DA:2307,0
DA:2308,0
DA:2309,0
DA:2312,0
DA:2313,0
DA:2316,0
DA:2318,0
DA:2319,0
DA:2322,0
DA:2323,0
DA:2334,0
DA:2337,0
DA:2338,0
DA:2339,0
DA:2340,0
DA:2341,0
DA:2344,0
DA:2348,0
DA:2349,0
DA:2350,0
DA:2351,0
DA:2352,0
DA:2355,0
DA:2359,0
DA:2360,0
DA:2361,0
DA:2362,0
DA:2363,0
DA:2366,0
DA:2370,0
DA:2371,0
DA:2372,0
DA:2373,0
DA:2374,0
DA:2377,0
DA:2381,0
DA:2382,0
DA:2391,0
DA:2392,0
DA:2393,0
DA:2394,0
DA:2395,0
DA:2396,0
DA:2397,0
DA:2399,0
DA:2401,0
DA:2403,0
DA:2404,0
DA:2405,0
DA:2408,0
DA:2409,0
DA:2410,0
DA:2413,0
DA:2414,0
DA:2416,0
DA:2417,0
DA:2418,0
DA:2420,0
DA:2421,0
DA:2422,0
DA:2423,0
DA:2425,0
DA:2426,0
DA:2429,0
DA:2430,0
DA:2433,0
DA:2434,0
DA:2437,0
DA:2440,0
DA:2444,0
DA:2445,0
DA:2454,0
DA:2455,0
DA:2456,0
DA:2457,0
DA:2458,0
DA:2459,0
DA:2461,0
DA:2463,0
DA:2464,0
DA:2465,0
DA:2469,0
DA:2470,0
DA:2471,0
DA:2474,0
DA:2476,0
DA:2478,0
DA:2480,0
DA:2481,0
DA:2482,0
DA:2484,0
DA:2485,0
DA:2486,0
DA:2489,0
DA:2490,0
DA:2493,0
DA:2496,0
DA:2497,0
DA:2500,0
DA:2501,0
DA:2504,0
DA:2507,0
DA:2510,0
DA:2511,0
DA:2517,0
DA:2520,0
DA:2528,0
DA:2529,0
DA:2530,0
DA:2531,0
DA:2532,0
DA:2533,0
DA:2534,0
DA:2535,0
DA:2536,0
DA:2537,0
DA:2538,0
DA:2539,0
DA:2541,0
DA:2543,0
DA:2545,0
DA:2552,0
DA:2553,0
DA:2560,0
DA:2561,0
DA:2562,0
DA:2563,0
DA:2564,0
DA:2565,0
DA:2567,0
LF:1070
LH:0
BRDA:15,0,0,0
BRDA:15,0,1,0
BRDA:37,1,0,0
BRDA:37,1,1,0
BRDA:42,2,0,0
BRDA:42,2,1,0
BRDA:47,3,0,0
BRDA:47,3,1,0
BRDA:60,4,0,0
BRDA:60,4,1,0
BRDA:62,5,0,0
BRDA:62,5,1,0
BRDA:86,6,0,0
BRDA:86,6,1,0
BRDA:86,7,0,0
BRDA:86,7,1,0
BRDA:103,8,0,0
BRDA:103,8,1,0
BRDA:103,9,0,0
BRDA:103,9,1,0
BRDA:110,10,0,0
BRDA:110,10,1,0
BRDA:118,11,0,0
BRDA:118,11,1,0
BRDA:137,12,0,0
BRDA:137,12,1,0
BRDA:151,13,0,0
BRDA:151,13,1,0
BRDA:155,14,0,0
BRDA:155,14,1,0
BRDA:160,15,0,0
BRDA:160,15,1,0
BRDA:160,16,0,0
BRDA:160,16,1,0
BRDA:167,17,0,0
BRDA:167,17,1,0
BRDA:169,18,0,0
BRDA:169,18,1,0
BRDA:169,19,0,0
BRDA:169,19,1,0
BRDA:176,20,0,0
BRDA:176,20,1,0
BRDA:176,21,0,0
BRDA:176,21,1,0
BRDA:183,22,0,0
BRDA:183,22,1,0
BRDA:191,23,0,0
BRDA:191,23,1,0
BRDA:191,24,0,0
BRDA:191,24,1,0
BRDA:193,25,0,0
BRDA:193,25,1,0
BRDA:200,26,0,0
BRDA:200,26,1,0
BRDA:200,27,0,0
BRDA:200,27,1,0
BRDA:203,28,0,0
BRDA:203,28,1,0
BRDA:203,29,0,0
BRDA:203,29,1,0
BRDA:210,30,0,0
BRDA:210,30,1,0
BRDA:210,31,0,0
BRDA:210,31,1,0
BRDA:213,32,0,0
BRDA:213,32,1,0
BRDA:213,33,0,0
BRDA:213,33,1,0
BRDA:218,34,0,0
BRDA:218,34,1,0
BRDA:221,35,0,0
BRDA:221,35,1,0
BRDA:226,36,0,0
BRDA:226,36,1,0
BRDA:228,37,0,0
BRDA:228,37,1,0
BRDA:237,38,0,0
BRDA:237,38,1,0
BRDA:237,39,0,0
BRDA:237,39,1,0
BRDA:242,40,0,0
BRDA:242,40,1,0
BRDA:244,41,0,0
BRDA:244,41,1,0
BRDA:268,42,0,0
BRDA:268,43,0,0
BRDA:274,44,0,0
BRDA:274,44,1,0
BRDA:296,45,0,0
BRDA:296,45,1,0
BRDA:296,46,0,0
BRDA:296,46,1,0
BRDA:300,47,0,0
BRDA:300,47,1,0
BRDA:307,48,0,0
BRDA:307,48,1,0
BRDA:325,49,0,0
BRDA:325,49,1,0
BRDA:325,50,0,0
BRDA:325,50,1,0
BRDA:330,51,0,0
BRDA:330,51,1,0
BRDA:330,52,0,0
BRDA:330,52,1,0
BRDA:331,53,0,0
BRDA:331,53,1,0
BRDA:335,54,0,0
BRDA:335,54,1,0
BRDA:338,55,0,0
BRDA:338,55,1,0
BRDA:339,56,0,0
BRDA:339,56,1,0
BRDA:343,57,0,0
BRDA:343,57,1,0
BRDA:343,58,0,0
BRDA:343,58,1,0
BRDA:343,59,0,0
BRDA:343,59,1,0
BRDA:347,60,0,0
BRDA:347,60,1,0
BRDA:347,61,0,0
BRDA:347,61,1,0
BRDA:348,62,0,0
BRDA:348,62,1,0
BRDA:349,63,0,0
BRDA:349,63,1,0
BRDA:349,64,0,0
BRDA:349,64,1,0
BRDA:354,65,0,0
BRDA:354,65,1,0
BRDA:360,66,0,0
BRDA:360,66,1,0
BRDA:362,67,0,0
BRDA:362,67,1,0
BRDA:362,68,0,0
BRDA:362,68,1,0
BRDA:368,69,0,0
BRDA:368,69,1,0
BRDA:368,70,0,0
BRDA:368,70,1,0
BRDA:369,71,0,0
BRDA:369,71,1,0
BRDA:369,72,0,0
BRDA:369,72,1,0
BRDA:374,73,0,0
BRDA:374,73,1,0
BRDA:374,73,2,0
BRDA:375,74,0,0
BRDA:375,74,1,0
BRDA:377,75,0,0
BRDA:377,75,1,0
BRDA:377,76,0,0
BRDA:377,76,1,0
BRDA:382,77,0,0
BRDA:382,77,1,0
BRDA:386,78,0,0
BRDA:386,78,1,0
BRDA:386,79,0,0
BRDA:386,79,1,0
BRDA:400,80,0,0
BRDA:400,80,1,0
BRDA:407,81,0,0
BRDA:407,81,1,0
BRDA:409,82,0,0
BRDA:409,82,1,0
BRDA:409,83,0,0
BRDA:409,83,1,0
BRDA:411,84,0,0
BRDA:411,84,1,0
BRDA:413,85,0,0
BRDA:413,85,1,0
BRDA:444,86,0,0
BRDA:448,87,0,0
BRDA:448,88,0,0
BRDA:448,89,0,0
BRDA:462,90,0,0
BRDA:462,90,1,0
BRDA:462,91,0,0
BRDA:462,91,1,0
BRDA:462,91,2,0
BRDA:466,92,0,0
BRDA:466,92,1,0
BRDA:479,93,0,0
BRDA:479,93,1,0
BRDA:484,94,0,0
BRDA:484,94,1,0
BRDA:484,95,0,0
BRDA:484,95,1,0
BRDA:489,96,0,0
BRDA:489,96,1,0
BRDA:491,97,0,0
BRDA:491,97,1,0
BRDA:492,98,0,0
BRDA:492,98,1,0
BRDA:501,99,0,0
BRDA:501,99,1,0
BRDA:503,100,0,0
BRDA:503,100,1,0
BRDA:505,101,0,0
BRDA:505,101,1,0
BRDA:511,102,0,0
BRDA:511,102,1,0
BRDA:527,103,0,0
BRDA:527,103,1,0
BRDA:527,104,0,0
BRDA:527,104,1,0
BRDA:593,105,0,0
BRDA:593,105,1,0
BRDA:604,106,0,0
BRDA:604,106,1,0
BRDA:605,107,0,0
BRDA:605,107,1,0
BRDA:617,108,0,0
BRDA:617,108,1,0
BRDA:617,109,0,0
BRDA:617,109,1,0
BRDA:618,110,0,0
BRDA:618,110,1,0
BRDA:629,111,0,0
BRDA:629,111,1,0
BRDA:629,112,0,0
BRDA:629,112,1,0
BRDA:630,113,0,0
BRDA:630,113,1,0
BRDA:645,114,0,0
BRDA:645,114,1,0
BRDA:645,115,0,0
BRDA:645,115,1,0
BRDA:649,116,0,0
BRDA:649,116,1,0
BRDA:654,117,0,0
BRDA:654,117,1,0
BRDA:656,118,0,0
BRDA:656,118,1,0
BRDA:660,119,0,0
BRDA:660,119,1,0
BRDA:660,120,0,0
BRDA:660,120,1,0
BRDA:664,121,0,0
BRDA:664,121,1,0
BRDA:666,122,0,0
BRDA:666,122,1,0
BRDA:673,123,0,0
BRDA:673,123,1,0
BRDA:690,124,0,0
BRDA:690,124,1,0
BRDA:691,125,0,0
BRDA:691,125,1,0
BRDA:691,126,0,0
BRDA:691,126,1,0
BRDA:695,127,0,0
BRDA:695,127,1,0
BRDA:697,128,0,0
BRDA:697,128,1,0
BRDA:704,129,0,0
BRDA:704,129,1,0
BRDA:719,130,0,0
BRDA:719,130,1,0
BRDA:719,131,0,0
BRDA:719,131,1,0
BRDA:720,132,0,0
BRDA:720,132,1,0
BRDA:720,133,0,0
BRDA:720,133,1,0
BRDA:721,134,0,0
BRDA:721,134,1,0
BRDA:723,135,0,0
BRDA:723,135,1,0
BRDA:725,136,0,0
BRDA:725,136,1,0
BRDA:725,137,0,0
BRDA:725,137,1,0
BRDA:729,138,0,0
BRDA:729,138,1,0
BRDA:734,139,0,0
BRDA:734,139,1,0
BRDA:736,140,0,0
BRDA:736,140,1,0
BRDA:749,141,0,0
BRDA:749,141,1,0
BRDA:761,142,0,0
BRDA:761,142,1,0
BRDA:763,143,0,0
BRDA:763,143,1,0
BRDA:771,144,0,0
BRDA:771,144,1,0
BRDA:787,145,0,0
BRDA:787,145,1,0
BRDA:787,146,0,0
BRDA:787,146,1,0
BRDA:788,147,0,0
BRDA:788,147,1,0
BRDA:790,148,0,0
BRDA:790,148,1,0
BRDA:793,149,0,0
BRDA:793,149,1,0
BRDA:793,149,2,0
BRDA:794,150,0,0
BRDA:794,150,1,0
BRDA:801,151,0,0
BRDA:801,151,1,0
BRDA:802,152,0,0
BRDA:802,152,1,0
BRDA:805,153,0,0
BRDA:805,153,1,0
BRDA:810,154,0,0
BRDA:810,154,1,0
BRDA:815,155,0,0
BRDA:815,155,1,0
BRDA:847,156,0,0
BRDA:847,156,1,0
BRDA:848,157,0,0
BRDA:848,157,1,0
BRDA:849,158,0,0
BRDA:849,158,1,0
BRDA:850,159,0,0
BRDA:850,159,1,0
BRDA:857,160,0,0
BRDA:857,160,1,0
BRDA:857,161,0,0
BRDA:857,161,1,0
BRDA:859,162,0,0
BRDA:859,162,1,0
BRDA:859,163,0,0
BRDA:859,163,1,0
BRDA:859,163,2,0
BRDA:859,163,3,0
BRDA:862,164,0,0
BRDA:862,164,1,0
BRDA:875,165,0,0
BRDA:875,165,1,0
BRDA:877,166,0,0
BRDA:877,166,1,0
BRDA:879,167,0,0
BRDA:879,167,1,0
BRDA:884,168,0,0
BRDA:884,168,1,0
BRDA:885,169,0,0
BRDA:885,169,1,0
BRDA:885,170,0,0
BRDA:885,170,1,0
BRDA:887,171,0,0
BRDA:887,171,1,0
BRDA:887,172,0,0
BRDA:887,172,1,0
BRDA:889,173,0,0
BRDA:889,173,1,0
BRDA:889,174,0,0
BRDA:889,174,1,0
BRDA:896,175,0,0
BRDA:896,175,1,0
BRDA:896,176,0,0
BRDA:896,176,1,0
BRDA:896,176,2,0
BRDA:898,177,0,0
BRDA:898,177,1,0
BRDA:898,178,0,0
BRDA:898,178,1,0
BRDA:898,178,2,0
BRDA:903,179,0,0
BRDA:903,179,1,0
BRDA:905,180,0,0
BRDA:905,180,1,0
BRDA:925,181,0,0
BRDA:925,181,1,0
BRDA:929,182,0,0
BRDA:929,182,1,0
BRDA:939,183,0,0
BRDA:939,183,1,0
BRDA:939,184,0,0
BRDA:939,184,1,0
BRDA:940,185,0,0
BRDA:940,185,1,0
BRDA:960,186,0,0
BRDA:960,186,1,0
BRDA:960,187,0,0
BRDA:960,187,1,0
BRDA:962,188,0,0
BRDA:962,188,1,0
BRDA:962,189,0,0
BRDA:962,189,1,0
BRDA:962,189,2,0
BRDA:966,190,0,0
BRDA:966,190,1,0
BRDA:966,191,0,0
BRDA:966,191,1,0
BRDA:968,192,0,0
BRDA:968,192,1,0
BRDA:968,193,0,0
BRDA:968,193,1,0
BRDA:970,194,0,0
BRDA:970,194,1,0
BRDA:970,195,0,0
BRDA:970,195,1,0
BRDA:977,196,0,0
BRDA:977,196,1,0
BRDA:977,197,0,0
BRDA:977,197,1,0
BRDA:981,198,0,0
BRDA:981,198,1,0
BRDA:981,199,0,0
BRDA:981,199,1,0
BRDA:992,200,0,0
BRDA:992,200,1,0
BRDA:995,201,0,0
BRDA:995,201,1,0
BRDA:995,202,0,0
BRDA:995,202,1,0
BRDA:1005,203,0,0
BRDA:1005,203,1,0
BRDA:1009,204,0,0
BRDA:1009,204,1,0
BRDA:1053,205,0,0
BRDA:1053,205,1,0
BRDA:1058,206,0,0
BRDA:1058,206,1,0
BRDA:1058,207,0,0
BRDA:1058,207,1,0
BRDA:1062,208,0,0
BRDA:1062,208,1,0
BRDA:1062,209,0,0
BRDA:1062,209,1,0
BRDA:1067,210,0,0
BRDA:1067,210,1,0
BRDA:1067,211,0,0
BRDA:1067,211,1,0
BRDA:1072,212,0,0
BRDA:1072,212,1,0
BRDA:1072,213,0,0
BRDA:1072,213,1,0
BRDA:1077,214,0,0
BRDA:1077,214,1,0
BRDA:1077,215,0,0
BRDA:1077,215,1,0
BRDA:1118,216,0,0
BRDA:1118,216,1,0
BRDA:1118,217,0,0
BRDA:1118,217,1,0
BRDA:1122,218,0,0
BRDA:1122,218,1,0
BRDA:1182,219,0,0
BRDA:1183,220,0,0
BRDA:1183,221,0,0
BRDA:1204,222,0,0
BRDA:1204,222,1,0
BRDA:1204,222,2,0
BRDA:1211,223,0,0
BRDA:1211,223,1,0
BRDA:1211,224,0,0
BRDA:1211,224,1,0
BRDA:1212,225,0,0
BRDA:1212,225,1,0
BRDA:1224,226,0,0
BRDA:1224,226,1,0
BRDA:1224,227,0,0
BRDA:1224,227,1,0
BRDA:1228,228,0,0
BRDA:1228,228,1,0
BRDA:1228,229,0,0
BRDA:1228,229,1,0
BRDA:1228,229,2,0
BRDA:1242,230,0,0
BRDA:1242,230,1,0
BRDA:1242,231,0,0
BRDA:1242,231,1,0
BRDA:1246,232,0,0
BRDA:1246,232,1,0
BRDA:1246,233,0,0
BRDA:1246,233,1,0
BRDA:1246,233,2,0
BRDA:1259,234,0,0
BRDA:1259,234,1,0
BRDA:1266,235,0,0
BRDA:1266,235,1,0
BRDA:1266,235,2,0
BRDA:1271,236,0,0
BRDA:1271,236,1,0
BRDA:1285,237,0,0
BRDA:1285,237,1,0
BRDA:1289,238,0,0
BRDA:1289,238,1,0
BRDA:1289,239,0,0
BRDA:1289,239,1,0
BRDA:1289,239,2,0
BRDA:1297,240,0,0
BRDA:1297,240,1,0
BRDA:1298,241,0,0
BRDA:1298,241,1,0
BRDA:1307,242,0,0
BRDA:1307,242,1,0
BRDA:1317,243,0,0
BRDA:1317,243,1,0
BRDA:1322,244,0,0
BRDA:1322,244,1,0
BRDA:1333,245,0,0
BRDA:1333,245,1,0
BRDA:1339,246,0,0
BRDA:1339,246,1,0
BRDA:1339,247,0,0
BRDA:1339,247,1,0
BRDA:1355,248,0,0
BRDA:1356,249,0,0
BRDA:1356,249,1,0
BRDA:1359,250,0,0
BRDA:1359,250,1,0
BRDA:1359,251,0,0
BRDA:1359,251,1,0
BRDA:1369,252,0,0
BRDA:1369,252,1,0
BRDA:1369,253,0,0
BRDA:1369,253,1,0
BRDA:1382,254,0,0
BRDA:1383,255,0,0
BRDA:1383,256,0,0
BRDA:1383,257,0,0
BRDA:1383,258,0,0
BRDA:1383,259,0,0
BRDA:1383,260,0,0
BRDA:1383,261,0,0
BRDA:1407,262,0,0
BRDA:1407,262,1,0
BRDA:1407,262,2,0
BRDA:1408,263,0,0
BRDA:1408,263,1,0
BRDA:1409,264,0,0
BRDA:1409,264,1,0
BRDA:1418,265,0,0
BRDA:1418,265,1,0
BRDA:1418,266,0,0
BRDA:1418,266,1,0
BRDA:1419,267,0,0
BRDA:1419,267,1,0
BRDA:1432,268,0,0
BRDA:1432,268,1,0
BRDA:1432,269,0,0
BRDA:1432,269,1,0
BRDA:1437,270,0,0
BRDA:1437,270,1,0
BRDA:1437,271,0,0
BRDA:1437,271,1,0
BRDA:1437,271,2,0
BRDA:1450,272,0,0
BRDA:1450,272,1,0
BRDA:1450,273,0,0
BRDA:1450,273,1,0
BRDA:1455,274,0,0
BRDA:1455,274,1,0
BRDA:1455,275,0,0
BRDA:1455,275,1,0
BRDA:1455,275,2,0
BRDA:1459,276,0,0
BRDA:1459,276,1,0
BRDA:1460,277,0,0
BRDA:1460,277,1,0
BRDA:1482,278,0,0
BRDA:1482,278,1,0
BRDA:1482,279,0,0
BRDA:1482,279,1,0
BRDA:1484,280,0,0
BRDA:1484,280,1,0
BRDA:1489,281,0,0
BRDA:1489,281,1,0
BRDA:1489,281,2,0
BRDA:1490,282,0,0
BRDA:1490,282,1,0
BRDA:1490,282,2,0
BRDA:1493,283,0,0
BRDA:1493,283,1,0
BRDA:1495,284,0,0
BRDA:1495,284,1,0
BRDA:1495,284,2,0
BRDA:1501,285,0,0
BRDA:1501,285,1,0
BRDA:1502,286,0,0
BRDA:1502,286,1,0
BRDA:1503,287,0,0
BRDA:1503,287,1,0
BRDA:1510,288,0,0
BRDA:1510,288,1,0
BRDA:1520,289,0,0
BRDA:1520,289,1,0
BRDA:1523,290,0,0
BRDA:1523,290,1,0
BRDA:1525,291,0,0
BRDA:1525,291,1,0
BRDA:1543,292,0,0
BRDA:1543,292,1,0
BRDA:1547,293,0,0
BRDA:1547,293,1,0
BRDA:1557,294,0,0
BRDA:1557,294,1,0
BRDA:1557,295,0,0
BRDA:1557,295,1,0
BRDA:1558,296,0,0
BRDA:1558,296,1,0
BRDA:1562,297,0,0
BRDA:1562,297,1,0
BRDA:1563,298,0,0
BRDA:1563,298,1,0
BRDA:1567,299,0,0
BRDA:1567,299,1,0
BRDA:1568,300,0,0
BRDA:1568,300,1,0
BRDA:1572,301,0,0
BRDA:1572,301,1,0
BRDA:1586,302,0,0
BRDA:1586,302,1,0
BRDA:1599,303,0,0
BRDA:1599,303,1,0
BRDA:1606,304,0,0
BRDA:1606,304,1,0
BRDA:1635,305,0,0
BRDA:1635,305,1,0
BRDA:1641,306,0,0
BRDA:1641,306,1,0
BRDA:1643,307,0,0
BRDA:1643,307,1,0
BRDA:1645,308,0,0
BRDA:1645,308,1,0
BRDA:1648,309,0,0
BRDA:1648,309,1,0
BRDA:1655,310,0,0
BRDA:1655,310,1,0
BRDA:1666,311,0,0
BRDA:1666,311,1,0
BRDA:1666,312,0,0
BRDA:1666,312,1,0
BRDA:1666,312,2,0
BRDA:1669,313,0,0
BRDA:1669,313,1,0
BRDA:1670,314,0,0
BRDA:1670,314,1,0
BRDA:1672,315,0,0
BRDA:1672,315,1,0
BRDA:1676,316,0,0
BRDA:1676,316,1,0
BRDA:1676,317,0,0
BRDA:1676,317,1,0
BRDA:1676,317,2,0
BRDA:1679,318,0,0
BRDA:1679,318,1,0
BRDA:1679,319,0,0
BRDA:1679,319,1,0
BRDA:1685,320,0,0
BRDA:1685,320,1,0
BRDA:1691,321,0,0
BRDA:1691,321,1,0
BRDA:1697,322,0,0
BRDA:1697,322,1,0
BRDA:1697,323,0,0
BRDA:1697,323,1,0
BRDA:1705,324,0,0
BRDA:1705,324,1,0
BRDA:1715,325,0,0
BRDA:1715,325,1,0
BRDA:1720,326,0,0
BRDA:1720,326,1,0
BRDA:1723,327,0,0
BRDA:1723,327,1,0
BRDA:1725,328,0,0
BRDA:1725,328,1,0
BRDA:1738,329,0,0
BRDA:1738,329,1,0
BRDA:1742,330,0,0
BRDA:1742,330,1,0
BRDA:1745,331,0,0
BRDA:1745,331,1,0
BRDA:1745,332,0,0
BRDA:1745,332,1,0
BRDA:1745,332,2,0
BRDA:1753,333,0,0
BRDA:1753,333,1,0
BRDA:1759,334,0,0
BRDA:1759,334,1,0
BRDA:1761,335,0,0
BRDA:1761,335,1,0
BRDA:1763,336,0,0
BRDA:1763,336,1,0
BRDA:1774,337,0,0
BRDA:1774,337,1,0
BRDA:1777,338,0,0
BRDA:1777,338,1,0
BRDA:1777,339,0,0
BRDA:1777,339,1,0
BRDA:1777,339,2,0
BRDA:1777,339,3,0
BRDA:1778,340,0,0
BRDA:1778,340,1,0
BRDA:1784,341,0,0
BRDA:1784,341,1,0
BRDA:1804,342,0,0
BRDA:1804,342,1,0
BRDA:1804,342,2,0
BRDA:1805,343,0,0
BRDA:1805,343,1,0
BRDA:1806,344,0,0
BRDA:1806,344,1,0
BRDA:1815,345,0,0
BRDA:1815,345,1,0
BRDA:1815,346,0,0
BRDA:1815,346,1,0
BRDA:1816,347,0,0
BRDA:1816,347,1,0
BRDA:1829,348,0,0
BRDA:1829,348,1,0
BRDA:1829,349,0,0
BRDA:1829,349,1,0
BRDA:1834,350,0,0
BRDA:1834,350,1,0
BRDA:1834,351,0,0
BRDA:1834,351,1,0
BRDA:1834,351,2,0
BRDA:1847,352,0,0
BRDA:1847,352,1,0
BRDA:1847,353,0,0
BRDA:1847,353,1,0
BRDA:1852,354,0,0
BRDA:1852,354,1,0
BRDA:1852,355,0,0
BRDA:1852,355,1,0
BRDA:1852,355,2,0
BRDA:1856,356,0,0
BRDA:1856,356,1,0
BRDA:1857,357,0,0
BRDA:1857,357,1,0
BRDA:1879,358,0,0
BRDA:1879,358,1,0
BRDA:1879,359,0,0
BRDA:1879,359,1,0
BRDA:1881,360,0,0
BRDA:1881,360,1,0
BRDA:1886,361,0,0
BRDA:1886,361,1,0
BRDA:1886,361,2,0
BRDA:1887,362,0,0
BRDA:1887,362,1,0
BRDA:1887,362,2,0
BRDA:1890,363,0,0
BRDA:1890,363,1,0
BRDA:1892,364,0,0
BRDA:1892,364,1,0
BRDA:1892,364,2,0
BRDA:1898,365,0,0
BRDA:1898,365,1,0
BRDA:1899,366,0,0
BRDA:1899,366,1,0
BRDA:1900,367,0,0
BRDA:1900,367,1,0
BRDA:1907,368,0,0
BRDA:1907,368,1,0
BRDA:1917,369,0,0
BRDA:1917,369,1,0
BRDA:1920,370,0,0
BRDA:1920,370,1,0
BRDA:1922,371,0,0
BRDA:1922,371,1,0
BRDA:1939,372,0,0
BRDA:1939,372,1,0
BRDA:1943,373,0,0
BRDA:1943,373,1,0
BRDA:1953,374,0,0
BRDA:1953,374,1,0
BRDA:1953,375,0,0
BRDA:1953,375,1,0
BRDA:1954,376,0,0
BRDA:1954,376,1,0
BRDA:1958,377,0,0
BRDA:1958,377,1,0
BRDA:1959,378,0,0
BRDA:1959,378,1,0
BRDA:1963,379,0,0
BRDA:1963,379,1,0
BRDA:1964,380,0,0
BRDA:1964,380,1,0
BRDA:1968,381,0,0
BRDA:1968,381,1,0
BRDA:1981,382,0,0
BRDA:1981,382,1,0
BRDA:1994,383,0,0
BRDA:1994,383,1,0
BRDA:2001,384,0,0
BRDA:2001,384,1,0
BRDA:2030,385,0,0
BRDA:2030,385,1,0
BRDA:2036,386,0,0
BRDA:2036,386,1,0
BRDA:2036,387,0,0
BRDA:2036,387,1,0
BRDA:2036,387,2,0
BRDA:2041,388,0,0
BRDA:2041,388,1,0
BRDA:2050,389,0,0
BRDA:2050,389,1,0
BRDA:2057,390,0,0
BRDA:2057,390,1,0
BRDA:2060,391,0,0
BRDA:2060,391,1,0
BRDA:2087,392,0,0
BRDA:2087,392,1,0
BRDA:2090,393,0,0
BRDA:2090,393,1,0
BRDA:2093,394,0,0
BRDA:2093,394,1,0
BRDA:2093,395,0,0
BRDA:2093,395,1,0
BRDA:2093,395,2,0
BRDA:2100,396,0,0
BRDA:2100,396,1,0
BRDA:2106,397,0,0
BRDA:2106,397,1,0
BRDA:2108,398,0,0
BRDA:2108,398,1,0
BRDA:2110,399,0,0
BRDA:2110,399,1,0
BRDA:2121,400,0,0
BRDA:2121,400,1,0
BRDA:2124,401,0,0
BRDA:2124,401,1,0
BRDA:2124,402,0,0
BRDA:2124,402,1,0
BRDA:2124,402,2,0
BRDA:2124,402,3,0
BRDA:2125,403,0,0
BRDA:2125,403,1,0
BRDA:2131,404,0,0
BRDA:2131,404,1,0
BRDA:2143,405,0,0
BRDA:2143,405,1,0
BRDA:2147,406,0,0
BRDA:2147,406,1,0
BRDA:2159,407,0,0
BRDA:2159,407,1,0
BRDA:2159,408,0,0
BRDA:2159,408,1,0
BRDA:2191,409,0,0
BRDA:2191,409,1,0
BRDA:2194,410,0,0
BRDA:2194,410,1,0
BRDA:2194,411,0,0
BRDA:2194,411,1,0
BRDA:2194,411,2,0
BRDA:2194,411,3,0
BRDA:2197,412,0,0
BRDA:2197,412,1,0
BRDA:2205,413,0,0
BRDA:2205,413,1,0
BRDA:2223,414,0,0
BRDA:2223,414,1,0
BRDA:2223,415,0,0
BRDA:2223,415,1,0
BRDA:2223,415,2,0
BRDA:2223,415,3,0
BRDA:2254,416,0,0
BRDA:2254,416,1,0
BRDA:2263,417,0,0
BRDA:2263,417,1,0
BRDA:2263,418,0,0
BRDA:2263,418,1,0
BRDA:2263,418,2,0
BRDA:2263,418,3,0
BRDA:2267,419,0,0
[...]
BRDA:355,49,0,0
BRDA:355,49,1,0
BRDA:355,50,0,0
BRDA:355,50,1,0
BRDA:356,51,0,0
BRDA:356,51,1,0
BRDA:358,52,0,0
BRDA:358,52,1,0
BRDA:360,53,0,0
BRDA:360,53,1,0
BRDA:381,54,0,0
BRDA:381,54,1,0
BRDA:384,55,0,0
BRDA:384,55,1,0
BRDA:384,56,0,0
BRDA:384,56,1,0
BRDA:396,57,0,0
BRDA:396,57,1,0
BRDA:428,58,0,0
BRDA:428,58,1,0
BRDA:431,59,0,0
BRDA:431,59,1,0
BRDA:432,60,0,0
BRDA:432,60,1,0
BRDA:442,61,0,0
BRDA:442,61,1,0
BRDA:442,61,2,0
BRDA:442,61,3,0
BRDA:445,62,0,0
BRDA:445,62,1,0
BRDA:447,63,0,0
BRDA:447,63,1,0
BRDA:451,64,0,0
BRDA:451,64,1,0
BRDA:451,65,0,0
BRDA:451,65,1,0
BRDA:462,66,0,0
BRDA:462,66,1,0
BRDA:482,67,0,0
BRDA:482,67,1,0
BRDA:506,68,0,0
BRDA:506,68,1,0
BRDA:508,69,0,0
BRDA:508,69,1,0
BRDA:510,70,0,0
BRDA:510,70,1,0
BRDA:511,71,0,0
BRDA:511,71,1,0
BRDA:511,72,0,0
BRDA:511,72,1,0
BRDA:511,72,2,0
BRDA:511,72,3,0
BRDA:519,73,0,0
BRDA:519,73,1,0
BRDA:521,74,0,0
BRDA:521,74,1,0
BRDA:523,75,0,0
BRDA:523,75,1,0
BRDA:525,76,0,0
BRDA:525,76,1,0
BRDA:527,77,0,0
BRDA:527,77,1,0
BRDA:533,78,0,0
BRDA:533,78,1,0
BRDA:547,79,0,0
BRDA:547,79,1,0
BRDA:553,80,0,0
BRDA:553,80,1,0
BRDA:566,81,0,0
BRDA:566,81,1,0
BRDA:572,82,0,0
BRDA:572,82,1,0
BRDA:599,83,0,0
BRDA:599,83,1,0
BRDA:629,84,0,0
BRDA:629,84,1,0
BRDA:639,85,0,0
BRDA:639,85,1,0
BRDA:656,86,0,0
BRDA:656,86,1,0
BRDA:666,87,0,0
BRDA:666,87,1,0
BRDA:674,88,0,0
BRDA:674,88,1,0
BRDA:691,89,0,0
BRDA:691,89,1,0
BRDA:701,90,0,0
BRDA:701,90,1,0
BRDA:709,91,0,0
BRDA:709,91,1,0
BRDA:725,92,0,0
BRDA:725,92,1,0
BRDA:735,93,0,0
BRDA:735,93,1,0
BRF:200
BRH:0
end_of_record
TN:
SF:routes/settings.js
FN:16,(anonymous_0)
FN:29,(anonymous_1)
FN:53,updateEnvironmentVariables
FN:94,readSettings
FN:150,fetchDefaultPopulation
FN:162,(anonymous_5)
FN:168,(anonymous_6)
FN:170,(anonymous_7)
FN:171,(anonymous_8)
FN:189,(anonymous_9)
FN:198,(anonymous_10)
FN:200,(anonymous_11)
FN:201,(anonymous_12)
FN:233,(anonymous_13)
FN:259,(anonymous_14)
FN:374,(anonymous_15)
FNF:16
FNH:0
FNDA:0,(anonymous_0)
FNDA:0,(anonymous_1)
FNDA:0,updateEnvironmentVariables
FNDA:0,readSettings
FNDA:0,fetchDefaultPopulation
FNDA:0,(anonymous_5)
FNDA:0,(anonymous_6)
FNDA:0,(anonymous_7)
FNDA:0,(anonymous_8)
FNDA:0,(anonymous_9)
FNDA:0,(anonymous_10)
FNDA:0,(anonymous_11)
FNDA:0,(anonymous_12)
FNDA:0,(anonymous_13)
FNDA:0,(anonymous_14)
FNDA:0,(anonymous_15)
DA:7,0
DA:8,0
DA:11,0
DA:17,0
DA:18,0
DA:30,0
DA:31,0
DA:46,0
DA:49,0
DA:50,0
DA:54,0
DA:55,0
DA:57,0
DA:58,0
DA:60,0
DA:62,0
DA:65,0
DA:67,0
DA:71,0
DA:72,0
DA:74,0
DA:78,0
DA:79,0
DA:82,0
DA:83,0
DA:85,0
DA:86,0
DA:88,0
DA:89,0
DA:96,0
DA:105,0
DA:107,0
DA:108,0
DA:110,0
DA:114,0
DA:115,0
DA:121,0
DA:122,0
DA:125,0
DA:126,0
DA:127,0
DA:129,0
DA:133,0
DA:137,0
DA:139,0
DA:141,0
DA:142,0
DA:144,0
DA:145,0
DA:151,0
DA:152,0
DA:155,0
DA:156,0
DA:162,0
DA:163,0
DA:169,0
DA:170,0
DA:171,0
DA:172,0
DA:173,0
DA:174,0
DA:176,0
DA:181,0
DA:182,0
DA:183,0
DA:187,0
DA:189,0
DA:190,0
DA:198,0
DA:199,0
DA:200,0
DA:201,0
DA:202,0
DA:203,0
DA:204,0
DA:206,0
DA:211,0
DA:212,0
DA:215,0
DA:216,0
DA:217,0
DA:222,0
DA:225,0
DA:227,0
DA:228,0
DA:233,0
DA:234,0
DA:235,0
DA:238,0
DA:247,0
DA:249,0
DA:250,0
DA:259,0
DA:260,0
DA:261,0
DA:264,0
DA:274,0
DA:275,0
DA:279,0
DA:286,0
DA:287,0
DA:293,0
DA:294,0
DA:301,0
DA:302,0
DA:309,0
DA:310,0
DA:312,0
DA:317,0
DA:318,0
DA:320,0
DA:323,0
DA:327,0
DA:328,0
DA:331,0
DA:334,0
DA:343,0
DA:351,0
DA:364,0
DA:365,0
DA:374,0
DA:376,0
DA:377,0
DA:380,0
DA:381,0
DA:385,0
DA:392,0
DA:393,0
DA:399,0
DA:400,0
DA:407,0
DA:408,0
DA:415,0
DA:416,0
DA:420,0
DA:421,0
DA:423,0
DA:428,0
DA:429,0
DA:431,0
DA:434,0
DA:438,0
DA:439,0
DA:442,0
DA:445,0
DA:447,0
DA:455,0
DA:468,0
DA:469,0
LF:149
LH:0
BRDA:17,0,0,0
BRDA:17,0,1,0
BRDA:23,1,0,0
BRDA:23,1,1,0
BRDA:30,2,0,0
BRDA:30,2,1,0
BRDA:54,3,0,0
BRDA:54,3,1,0
BRDA:57,4,0,0
BRDA:57,4,1,0
BRDA:60,5,0,0
BRDA:60,5,1,0
BRDA:62,6,0,0
BRDA:62,6,1,0
BRDA:82,7,0,0
BRDA:82,7,1,0
BRDA:85,8,0,0
BRDA:85,8,1,0
BRDA:88,9,0,0
BRDA:88,9,1,0
BRDA:97,10,0,0
BRDA:97,10,1,0
BRDA:98,11,0,0
BRDA:98,11,1,0
BRDA:99,12,0,0
BRDA:99,12,1,0
BRDA:100,13,0,0
BRDA:100,13,1,0
BRDA:101,14,0,0
BRDA:101,14,1,0
BRDA:102,15,0,0
BRDA:102,15,1,0
BRDA:114,16,0,0
BRDA:114,16,1,0
BRDA:114,17,0,0
BRDA:114,17,1,0
BRDA:114,17,2,0
BRDA:114,17,3,0
BRDA:121,18,0,0
BRDA:121,18,1,0
BRDA:139,19,0,0
BRDA:139,19,1,0
BRDA:215,20,0,0
BRDA:215,20,1,0
BRDA:215,21,0,0
BRDA:215,21,1,0
BRDA:215,21,2,0
BRDA:220,22,0,0
BRDA:220,22,1,0
BRDA:239,23,0,0
BRDA:239,23,1,0
BRDA:239,23,2,0
BRDA:240,24,0,0
BRDA:240,24,1,0
BRDA:240,24,2,0
BRDA:241,25,0,0
BRDA:241,25,1,0
BRDA:241,25,2,0
BRDA:242,26,0,0
BRDA:242,26,1,0
BRDA:242,26,2,0
BRDA:243,27,0,0
BRDA:243,27,1,0
BRDA:244,28,0,0
BRDA:244,28,1,0
BRDA:244,28,2,0
BRDA:253,29,0,0
BRDA:253,29,1,0
BRDA:265,30,0,0
BRDA:265,30,1,0
BRDA:265,30,2,0
BRDA:266,31,0,0
BRDA:266,31,1,0
BRDA:266,31,2,0
BRDA:267,32,0,0
BRDA:267,32,1,0
BRDA:267,32,2,0
BRDA:268,33,0,0
BRDA:268,33,1,0
BRDA:268,33,2,0
BRDA:269,34,0,0
BRDA:269,34,1,0
BRDA:270,35,0,0
BRDA:270,35,1,0
BRDA:270,35,2,0
BRDA:274,36,0,0
BRDA:274,36,1,0
BRDA:280,37,0,0
BRDA:280,37,1,0
BRDA:286,38,0,0
BRDA:286,38,1,0
BRDA:286,39,0,0
BRDA:286,39,1,0
BRDA:293,40,0,0
BRDA:293,40,1,0
BRDA:293,41,0,0
BRDA:293,41,1,0
BRDA:301,42,0,0
BRDA:301,42,1,0
BRDA:312,43,0,0
BRDA:312,43,1,0
BRDA:313,44,0,0
BRDA:313,44,1,0
BRDA:313,44,2,0
BRDA:317,45,0,0
BRDA:317,45,1,0
BRDA:317,45,2,0
BRDA:355,46,0,0
BRDA:355,46,1,0
BRDA:356,47,0,0
BRDA:356,47,1,0
BRDA:357,48,0,0
BRDA:357,48,1,0
BRDA:358,49,0,0
BRDA:358,49,1,0
BRDA:368,50,0,0
BRDA:368,50,1,0
BRDA:380,51,0,0
BRDA:380,51,1,0
BRDA:386,52,0,0
BRDA:386,52,1,0
BRDA:392,53,0,0
BRDA:392,53,1,0
BRDA:392,54,0,0
BRDA:392,54,1,0
BRDA:399,55,0,0
BRDA:399,55,1,0
BRDA:399,56,0,0
BRDA:399,56,1,0
BRDA:407,57,0,0
BRDA:407,57,1,0
BRDA:415,58,0,0
BRDA:415,58,1,0
BRDA:423,59,0,0
BRDA:423,59,1,0
BRDA:424,60,0,0
BRDA:424,60,1,0
BRDA:424,60,2,0
BRDA:459,61,0,0
BRDA:459,61,1,0
BRDA:460,62,0,0
BRDA:460,62,1,0
BRDA:461,63,0,0
BRDA:461,63,1,0
BRDA:462,64,0,0
BRDA:462,64,1,0
BRDA:472,65,0,0
BRDA:472,65,1,0
BRF:148
BRH:0
end_of_record
TN:
SF:routes/api/index.js
FN:49,debugLog
FN:93,runImportProcess
FN:109,(anonymous_2)
FN:116,(anonymous_3)
FN:117,(anonymous_4)
FN:118,(anonymous_5)
FN:120,(anonymous_6)
FN:272,(anonymous_7)
FN:339,(anonymous_8)
FN:406,(anonymous_9)
FN:451,(anonymous_10)
FN:478,sendProgressEvent
FN:520,sendCompletionEvent
FN:558,sendErrorEvent
FN:649,(anonymous_14)
FN:705,(anonymous_15)
FN:770,(anonymous_16)
FN:788,(anonymous_17)
FN:799,(anonymous_18)
FN:849,(anonymous_19)
FN:890,(anonymous_20)
FN:911,(anonymous_21)
FN:930,(anonymous_22)
FN:950,(anonymous_23)
FN:961,(anonymous_24)
FN:964,(anonymous_25)
FN:1016,(anonymous_26)
FN:1019,(anonymous_27)
FN:1087,(anonymous_28)
FN:1088,(anonymous_29)
FN:1134,(anonymous_30)
FN:1149,(anonymous_31)
FN:1160,(anonymous_32)
FN:1165,(anonymous_33)
FN:1169,(anonymous_34)
FN:1193,(anonymous_35)
FN:1324,(anonymous_36)
FN:1443,(anonymous_37)
FN:1521,(anonymous_38)
FN:1584,(anonymous_39)
FN:1626,(anonymous_40)
FN:1740,(anonymous_41)
FNF:42
FNH:0
FNDA:0,debugLog
FNDA:0,runImportProcess
FNDA:0,(anonymous_2)
FNDA:0,(anonymous_3)
FNDA:0,(anonymous_4)
FNDA:0,(anonymous_5)
FNDA:0,(anonymous_6)
FNDA:0,(anonymous_7)
FNDA:0,(anonymous_8)
FNDA:0,(anonymous_9)
FNDA:0,(anonymous_10)
FNDA:0,sendProgressEvent
FNDA:0,sendCompletionEvent
FNDA:0,sendErrorEvent
FNDA:0,(anonymous_14)
FNDA:0,(anonymous_15)
FNDA:0,(anonymous_16)
FNDA:0,(anonymous_17)
FNDA:0,(anonymous_18)
FNDA:0,(anonymous_19)
FNDA:0,(anonymous_20)
FNDA:0,(anonymous_21)
FNDA:0,(anonymous_22)
FNDA:0,(anonymous_23)
FNDA:0,(anonymous_24)
FNDA:0,(anonymous_25)
FNDA:0,(anonymous_26)
FNDA:0,(anonymous_27)
FNDA:0,(anonymous_28)
FNDA:0,(anonymous_29)
FNDA:0,(anonymous_30)
FNDA:0,(anonymous_31)
FNDA:0,(anonymous_32)
FNDA:0,(anonymous_33)
FNDA:0,(anonymous_34)
FNDA:0,(anonymous_35)
FNDA:0,(anonymous_36)
FNDA:0,(anonymous_37)
FNDA:0,(anonymous_38)
FNDA:0,(anonymous_39)
FNDA:0,(anonymous_40)
FNDA:0,(anonymous_41)
DA:28,0
DA:35,0
DA:38,0
DA:50,0
DA:51,0
DA:52,0
DA:53,0
DA:54,0
DA:56,0
DA:69,0
DA:94,0
DA:95,0
DA:98,0
DA:99,0
DA:100,0
DA:101,0
DA:104,0
DA:107,0
DA:108,0
DA:109,0
DA:111,0
DA:112,0
DA:116,0
DA:117,0
DA:118,0
DA:119,0
DA:120,0
DA:121,0
DA:123,0
DA:124,0
DA:127,0
DA:133,0
DA:134,0
DA:135,0
DA:136,0
DA:137,0
DA:140,0
DA:141,0
DA:142,0
DA:146,0
DA:147,0
DA:148,0
DA:152,0
DA:153,0
DA:154,0
DA:156,0
DA:157,0
DA:158,0
DA:160,0
DA:161,0
DA:164,0
DA:167,0
DA:168,0
DA:170,0
DA:171,0
DA:173,0
DA:179,0
DA:180,0
DA:181,0
DA:184,0
DA:185,0
DA:186,0
DA:187,0
DA:188,0
DA:189,0
DA:190,0
DA:194,0
DA:195,0
DA:203,0
DA:204,0
DA:205,0
DA:207,0
DA:208,0
DA:209,0
DA:211,0
DA:216,0
DA:217,0
DA:228,0
DA:229,0
DA:231,0
DA:240,0
DA:241,0
DA:242,0
DA:247,0
DA:250,0
DA:251,0
DA:252,0
DA:253,0
DA:254,0
DA:255,0
DA:260,0
DA:261,0
DA:262,0
DA:263,0
DA:264,0
DA:270,0
DA:271,0
DA:272,0
DA:277,0
DA:286,0
DA:287,0
DA:290,0
DA:293,0
DA:298,0
DA:301,0
DA:302,0
DA:303,0
DA:339,0
DA:340,0
DA:341,0
DA:342,0
DA:344,0
DA:406,0
DA:407,0
DA:408,0
DA:409,0
DA:412,0
DA:413,0
DA:416,0
DA:417,0
DA:419,0
DA:451,0
DA:452,0
DA:453,0
DA:454,0
DA:456,0
DA:479,0
DA:480,0
DA:493,0
DA:494,0
DA:495,0
DA:496,0
DA:497,0
DA:501,0
DA:502,0
DA:504,0
DA:505,0
DA:521,0
DA:522,0
DA:532,0
DA:533,0
DA:534,0
DA:535,0
DA:536,0
DA:540,0
DA:541,0
DA:543,0
DA:544,0
DA:559,0
DA:560,0
DA:569,0
DA:570,0
DA:571,0
DA:572,0
DA:573,0
DA:577,0
DA:578,0
DA:580,0
DA:581,0
DA:649,0
DA:650,0
DA:651,0
DA:654,0
DA:655,0
DA:656,0
DA:664,0
DA:665,0
DA:666,0
DA:667,0
DA:674,0
DA:682,0
DA:685,0
DA:696,0
DA:697,0
DA:699,0
DA:701,0
DA:704,0
DA:706,0
DA:707,0
DA:711,0
DA:721,0
DA:722,0
DA:770,0
DA:771,0
DA:772,0
DA:773,0
DA:774,0
DA:775,0
DA:776,0
DA:777,0
DA:780,0
DA:786,0
DA:788,0
DA:789,0
DA:792,0
DA:793,0
DA:795,0
DA:796,0
DA:797,0
DA:799,0
DA:800,0
DA:801,0
DA:802,0
DA:803,0
DA:804,0
DA:849,0
DA:850,0
DA:851,0
DA:854,0
DA:857,0
DA:858,0
DA:866,0
DA:867,0
DA:870,0
DA:871,0
DA:875,0
DA:878,0
DA:879,0
DA:882,0
DA:889,0
DA:890,0
DA:891,0
DA:898,0
DA:902,0
DA:903,0
DA:904,0
DA:905,0
DA:910,0
DA:911,0
DA:916,0
DA:917,0
DA:918,0
DA:922,0
DA:923,0
DA:924,0
DA:925,0
DA:926,0
DA:927,0
DA:930,0
DA:945,0
DA:947,0
DA:950,0
DA:958,0
DA:961,0
DA:962,0
DA:964,0
DA:966,0
DA:967,0
DA:970,0
DA:974,0
DA:975,0
DA:977,0
DA:978,0
DA:979,0
DA:981,0
DA:982,0
DA:983,0
DA:984,0
DA:985,0
DA:986,0
DA:987,0
DA:988,0
DA:989,0
DA:990,0
DA:991,0
DA:993,0
DA:994,0
DA:995,0
DA:996,0
DA:997,0
DA:1003,0
DA:1006,0
DA:1016,0
DA:1017,0
DA:1019,0
DA:1021,0
DA:1022,0
DA:1025,0
DA:1028,0
DA:1029,0
DA:1031,0
DA:1032,0
DA:1033,0
DA:1035,0
DA:1036,0
DA:1037,0
DA:1038,0
DA:1039,0
DA:1040,0
DA:1041,0
DA:1043,0
DA:1044,0
DA:1045,0
DA:1046,0
DA:1047,0
DA:1048,0
DA:1049,0
DA:1050,0
DA:1051,0
DA:1052,0
DA:1058,0
DA:1062,0
DA:1072,0
DA:1074,0
DA:1075,0
DA:1076,0
DA:1079,0
DA:1080,0
DA:1083,0
DA:1084,0
DA:1087,0
DA:1088,0
DA:1089,0
DA:1092,0
DA:1093,0
DA:1095,0
DA:1097,0
DA:1100,0
DA:1102,0
DA:1103,0
DA:1106,0
DA:1107,0
DA:1108,0
DA:1110,0
DA:1134,0
DA:1135,0
DA:1136,0
DA:1139,0
DA:1140,0
DA:1148,0
DA:1149,0
DA:1152,0
DA:1153,0
DA:1160,0
DA:1161,0
DA:1164,0
DA:1165,0
DA:1166,0
DA:1169,0
DA:1170,0
DA:1172,0
DA:1173,0
DA:1175,0
DA:1179,0
DA:1180,0
DA:1184,0
DA:1185,0
DA:1193,0
DA:1194,0
DA:1195,0
DA:1197,0
DA:1198,0
DA:1206,0
DA:1218,0
DA:1219,0
DA:1221,0
DA:1222,0
DA:1224,0
DA:1225,0
DA:1228,0
DA:1229,0
DA:1232,0
DA:1233,0
DA:1235,0
DA:1236,0
DA:1237,0
DA:1238,0
DA:1239,0
DA:1245,0
DA:1246,0
DA:1248,0
DA:1249,0
DA:1250,0
DA:1251,0
DA:1252,0
DA:1258,0
DA:1259,0
DA:1260,0
DA:1274,0
DA:1275,0
DA:1280,0
DA:1286,0
DA:1289,0
DA:1300,0
DA:1302,0
DA:1303,0
DA:1311,0
DA:1319,0
DA:1320,0
DA:1321,0
DA:1324,0
DA:1325,0
DA:1334,0
DA:1344,0
DA:1345,0
DA:1346,0
DA:1349,0
DA:1350,0
DA:1357,0
DA:1361,0
DA:1362,0
DA:1363,0
DA:1368,0
DA:1372,0
DA:1373,0
DA:1376,0
DA:1388,0
DA:1389,0
DA:1390,0
DA:1391,0
DA:1392,0
DA:1393,0
DA:1395,0
DA:1396,0
DA:1397,0
DA:1400,0
DA:1401,0
DA:1402,0
DA:1409,0
DA:1410,0
DA:1411,0
DA:1414,0
DA:1415,0
DA:1416,0
DA:1422,0
DA:1426,0
DA:1432,0
DA:1433,0
DA:1434,0
DA:1442,0
DA:1443,0
DA:1444,0
DA:1453,0
DA:1457,0
DA:1458,0
DA:1459,0
DA:1462,0
DA:1467,0
DA:1468,0
DA:1477,0
DA:1499,0
DA:1510,0
DA:1511,0
DA:1513,0
DA:1519,0
DA:1520,0
DA:1521,0
DA:1525,0
DA:1537,0
DA:1538,0
DA:1546,0
DA:1554,0
DA:1555,0
DA:1557,0
DA:1561,0
DA:1568,0
DA:1575,0
DA:1576,0
DA:1578,0
DA:1584,0
DA:1585,0
DA:1586,0
DA:1588,0
DA:1589,0
DA:1592,0
DA:1593,0
DA:1597,0
DA:1598,0
DA:1601,0
DA:1605,0
DA:1608,0
DA:1626,0
DA:1627,0
DA:1628,0
DA:1631,0
DA:1632,0
DA:1633,0
DA:1634,0
DA:1640,0
DA:1644,0
DA:1646,0
DA:1647,0
DA:1648,0
DA:1653,0
DA:1655,0
DA:1656,0
DA:1657,0
DA:1663,0
DA:1666,0
DA:1667,0
DA:1668,0
DA:1669,0
DA:1676,0
DA:1677,0
DA:1678,0
DA:1679,0
DA:1686,0
DA:1687,0
DA:1689,0
DA:1697,0
DA:1698,0
DA:1699,0
DA:1700,0
DA:1707,0
DA:1708,0
DA:1710,0
DA:1714,0
DA:1717,0
DA:1718,0
DA:1740,0
DA:1741,0
DA:1742,0
DA:1746,0
DA:1747,0
DA:1748,0
DA:1749,0
DA:1756,0
DA:1760,0
DA:1761,0
DA:1762,0
DA:1763,0
DA:1770,0
DA:1773,0
DA:1775,0
DA:1784,0
DA:1792,0
DA:1793,0
DA:1796,0
DA:1797,0
LF:529
LH:0
BRDA:49,0,0,0
BRDA:50,1,0,0
BRDA:50,1,1,0
BRDA:53,2,0,0
BRDA:53,2,1,0
BRDA:100,3,0,0
BRDA:100,3,1,0
BRDA:111,4,0,0
BRDA:111,4,1,0
BRDA:121,5,0,0
BRDA:121,5,1,0
BRDA:141,6,0,0
BRDA:141,6,1,0
BRDA:147,7,0,0
BRDA:147,7,1,0
BRDA:153,8,0,0
BRDA:153,8,1,0
BRDA:157,9,0,0
BRDA:157,9,1,0
BRDA:157,10,0,0
BRDA:157,10,1,0
BRDA:160,11,0,0
BRDA:160,11,1,0
BRDA:184,12,0,0
BRDA:184,12,1,0
BRDA:185,13,0,0
BRDA:185,13,1,0
BRDA:203,14,0,0
BRDA:203,14,1,0
BRDA:205,15,0,0
BRDA:205,15,1,0
BRDA:205,16,0,0
BRDA:205,16,1,0
BRDA:205,16,2,0
BRDA:219,17,0,0
BRDA:219,17,1,0
BRDA:220,18,0,0
BRDA:220,18,1,0
BRDA:220,18,2,0
BRDA:220,18,3,0
BRDA:221,19,0,0
BRDA:221,19,1,0
BRDA:221,19,2,0
BRDA:221,19,3,0
BRDA:228,20,0,0
BRDA:228,20,1,0
BRDA:229,21,0,0
BRDA:229,21,1,0
BRDA:240,22,0,0
BRDA:240,22,1,0
BRDA:260,23,0,0
BRDA:260,23,1,0
BRDA:260,23,2,0
BRDA:264,24,0,0
BRDA:264,24,1,0
BRDA:264,24,2,0
BRDA:265,25,0,0
BRDA:265,25,1,0
BRDA:265,25,2,0
BRDA:270,26,0,0
BRDA:270,26,1,0
BRDA:302,27,0,0
BRDA:302,27,1,0
BRDA:412,28,0,0
BRDA:412,28,1,0
BRDA:493,29,0,0
BRDA:493,29,1,0
BRDA:493,30,0,0
BRDA:493,30,1,0
BRDA:495,31,0,0
BRDA:495,31,1,0
BRDA:495,32,0,0
BRDA:495,32,1,0
BRDA:532,33,0,0
BRDA:532,33,1,0
BRDA:532,34,0,0
BRDA:532,34,1,0
BRDA:534,35,0,0
BRDA:534,35,1,0
BRDA:534,36,0,0
BRDA:534,36,1,0
BRDA:558,37,0,0
BRDA:569,38,0,0
BRDA:569,38,1,0
BRDA:569,39,0,0
BRDA:569,39,1,0
BRDA:571,40,0,0
BRDA:571,40,1,0
BRDA:571,41,0,0
BRDA:571,41,1,0
BRDA:654,42,0,0
BRDA:654,42,1,0
BRDA:665,43,0,0
BRDA:665,43,1,0
BRDA:665,44,0,0
BRDA:665,44,1,0
BRDA:675,45,0,0
BRDA:675,45,1,0
BRDA:690,46,0,0
BRDA:690,46,1,0
BRDA:696,47,0,0
BRDA:696,47,1,0
BRDA:717,48,0,0
BRDA:717,48,1,0
BRDA:772,49,0,0
BRDA:772,49,1,0
BRDA:772,50,0,0
BRDA:772,50,1,0
BRDA:772,50,2,0
BRDA:774,51,0,0
BRDA:774,51,1,0
BRDA:792,52,0,0
BRDA:792,52,1,0
BRDA:795,53,0,0
BRDA:795,53,1,0
BRDA:854,54,0,0
BRDA:854,54,1,0
BRDA:857,55,0,0
BRDA:857,55,1,0
BRDA:857,56,0,0
BRDA:857,56,1,0
BRDA:870,57,0,0
BRDA:870,57,1,0
BRDA:870,58,0,0
BRDA:870,58,1,0
BRDA:878,59,0,0
BRDA:878,59,1,0
BRDA:889,60,0,0
BRDA:889,60,1,0
BRDA:893,61,0,0
BRDA:893,61,1,0
BRDA:902,62,0,0
BRDA:902,62,1,0
BRDA:902,63,0,0
BRDA:902,63,1,0
BRDA:904,64,0,0
BRDA:904,64,1,0
BRDA:910,65,0,0
BRDA:910,65,1,0
BRDA:917,66,0,0
BRDA:917,66,1,0
BRDA:917,67,0,0
BRDA:917,67,1,0
BRDA:922,68,0,0
BRDA:922,68,1,0
BRDA:922,69,0,0
BRDA:922,69,1,0
BRDA:922,69,2,0
BRDA:925,70,0,0
BRDA:925,70,1,0
BRDA:927,71,0,0
BRDA:927,71,1,0
BRDA:947,72,0,0
BRDA:947,72,1,0
BRDA:952,73,0,0
BRDA:952,73,1,0
BRDA:953,74,0,0
BRDA:953,74,1,0
BRDA:954,75,0,0
BRDA:954,75,1,0
BRDA:955,76,0,0
BRDA:955,76,1,0
BRDA:956,77,0,0
BRDA:956,77,1,0
BRDA:958,78,0,0
BRDA:958,78,1,0
BRDA:966,79,0,0
BRDA:966,79,1,0
BRDA:974,80,0,0
BRDA:974,80,1,0
BRDA:974,81,0,0
BRDA:974,81,1,0
BRDA:975,82,0,0
BRDA:975,82,1,0
BRDA:977,83,0,0
BRDA:977,83,1,0
BRDA:978,84,0,0
BRDA:978,84,1,0
BRDA:979,85,0,0
BRDA:979,85,1,0
BRDA:981,86,0,0
BRDA:981,86,1,0
BRDA:982,87,0,0
BRDA:982,87,1,0
BRDA:983,88,0,0
BRDA:983,88,1,0
BRDA:984,89,0,0
BRDA:984,89,1,0
BRDA:985,90,0,0
BRDA:985,90,1,0
BRDA:986,91,0,0
BRDA:986,91,1,0
BRDA:987,92,0,0
BRDA:987,92,1,0
BRDA:988,93,0,0
BRDA:988,93,1,0
BRDA:989,94,0,0
BRDA:989,94,1,0
BRDA:990,95,0,0
BRDA:990,95,1,0
BRDA:991,96,0,0
BRDA:991,96,1,0
BRDA:993,97,0,0
BRDA:993,97,1,0
BRDA:994,98,0,0
BRDA:994,98,1,0
BRDA:995,99,0,0
BRDA:995,99,1,0
BRDA:996,100,0,0
BRDA:996,100,1,0
BRDA:997,101,0,0
BRDA:997,101,1,0
BRDA:1008,102,0,0
BRDA:1008,102,1,0
BRDA:1009,103,0,0
BRDA:1009,103,1,0
BRDA:1021,104,0,0
BRDA:1021,104,1,0
BRDA:1028,105,0,0
BRDA:1028,105,1,0
BRDA:1028,106,0,0
BRDA:1028,106,1,0
BRDA:1029,107,0,0
BRDA:1029,107,1,0
BRDA:1031,108,0,0
BRDA:1031,108,1,0
BRDA:1032,109,0,0
BRDA:1032,109,1,0
BRDA:1033,110,0,0
BRDA:1033,110,1,0
BRDA:1035,111,0,0
BRDA:1035,111,1,0
BRDA:1036,112,0,0
BRDA:1036,112,1,0
BRDA:1037,113,0,0
BRDA:1037,113,1,0
BRDA:1038,114,0,0
BRDA:1038,114,1,0
BRDA:1039,115,0,0
BRDA:1039,115,1,0
BRDA:1040,116,0,0
BRDA:1040,116,1,0
BRDA:1041,117,0,0
BRDA:1041,117,1,0
BRDA:1043,118,0,0
BRDA:1043,118,1,0
BRDA:1044,119,0,0
BRDA:1044,119,1,0
BRDA:1045,120,0,0
BRDA:1045,120,1,0
BRDA:1046,121,0,0
BRDA:1046,121,1,0
BRDA:1047,122,0,0
BRDA:1047,122,1,0
BRDA:1048,123,0,0
BRDA:1048,123,1,0
BRDA:1049,124,0,0
BRDA:1049,124,1,0
BRDA:1050,125,0,0
BRDA:1050,125,1,0
BRDA:1051,126,0,0
BRDA:1051,126,1,0
BRDA:1052,127,0,0
BRDA:1052,127,1,0
BRDA:1072,128,0,0
BRDA:1072,128,1,0
BRDA:1079,129,0,0
BRDA:1079,129,1,0
BRDA:1092,130,0,0
BRDA:1092,130,1,0
BRDA:1092,131,0,0
BRDA:1092,131,1,0
BRDA:1092,131,2,0
BRDA:1095,132,0,0
BRDA:1095,132,1,0
BRDA:1139,133,0,0
BRDA:1139,133,1,0
BRDA:1152,134,0,0
BRDA:1152,134,1,0
BRDA:1170,135,0,0
BRDA:1170,135,1,0
BRDA:1172,136,0,0
BRDA:1172,136,1,0
BRDA:1172,137,0,0
BRDA:1172,137,1,0
BRDA:1179,138,0,0
BRDA:1179,138,1,0
BRDA:1179,139,0,0
BRDA:1179,139,1,0
BRDA:1184,140,0,0
BRDA:1184,140,1,0
BRDA:1197,141,0,0
BRDA:1197,141,1,0
BRDA:1232,142,0,0
BRDA:1232,142,1,0
BRDA:1235,143,0,0
BRDA:1235,143,1,0
BRDA:1237,144,0,0
BRDA:1237,144,1,0
BRDA:1245,145,0,0
BRDA:1245,145,1,0
BRDA:1245,146,0,0
BRDA:1245,146,1,0
BRDA:1248,147,0,0
BRDA:1248,147,1,0
BRDA:1250,148,0,0
BRDA:1250,148,1,0
BRDA:1258,149,0,0
BRDA:1258,149,1,0
BRDA:1258,150,0,0
BRDA:1258,150,1,0
BRDA:1262,151,0,0
BRDA:1262,151,1,0
BRDA:1262,151,2,0
BRDA:1263,152,0,0
BRDA:1263,152,1,0
BRDA:1263,152,2,0
BRDA:1266,153,0,0
BRDA:1266,153,1,0
BRDA:1268,154,0,0
BRDA:1268,154,1,0
BRDA:1268,154,2,0
BRDA:1270,155,0,0
BRDA:1270,155,1,0
BRDA:1274,156,0,0
BRDA:1274,156,1,0
BRDA:1294,157,0,0
BRDA:1294,157,1,0
BRDA:1300,158,0,0
BRDA:1300,158,1,0
BRDA:1307,159,0,0
BRDA:1307,159,1,0
BRDA:1329,160,0,0
BRDA:1329,160,1,0
BRDA:1340,161,0,0
BRDA:1340,161,1,0
BRDA:1346,162,0,0
BRDA:1346,162,1,0
BRDA:1361,163,0,0
BRDA:1361,163,1,0
BRDA:1389,164,0,0
BRDA:1389,164,1,0
BRDA:1389,165,0,0
BRDA:1389,165,1,0
BRDA:1390,166,0,0
BRDA:1390,166,1,0
BRDA:1392,167,0,0
BRDA:1392,167,1,0
BRDA:1395,168,0,0
BRDA:1395,168,1,0
BRDA:1400,169,0,0
BRDA:1400,169,1,0
BRDA:1409,170,0,0
BRDA:1409,170,1,0
BRDA:1414,171,0,0
BRDA:1414,171,1,0
BRDA:1432,172,0,0
BRDA:1432,172,1,0
BRDA:1447,173,0,0
BRDA:1447,173,1,0
BRDA:1453,174,0,0
BRDA:1453,174,1,0
BRDA:1487,175,0,0
BRDA:1487,175,1,0
BRDA:1489,176,0,0
BRDA:1489,176,1,0
BRDA:1493,177,0,0
BRDA:1493,177,1,0
BRDA:1510,178,0,0
BRDA:1510,178,1,0
BRDA:1519,179,0,0
BRDA:1519,179,1,0
BRDA:1519,180,0,0
BRDA:1519,180,1,0
BRDA:1554,181,0,0
BRDA:1554,181,1,0
BRDA:1575,182,0,0
BRDA:1575,182,1,0
BRDA:1588,183,0,0
BRDA:1588,183,1,0
BRDA:1592,184,0,0
BRDA:1592,184,1,0
BRDA:1597,185,0,0
BRDA:1597,185,1,0
BRDA:1632,186,0,0
BRDA:1632,186,1,0
BRDA:1644,187,0,0
BRDA:1644,187,1,0
BRDA:1644,188,0,0
BRDA:1644,188,1,0
BRDA:1646,189,0,0
BRDA:1646,189,1,0
BRDA:1646,190,0,0
BRDA:1646,190,1,0
BRDA:1655,191,0,0
BRDA:1655,191,1,0
BRDA:1667,192,0,0
BRDA:1667,192,1,0
BRDA:1677,193,0,0
BRDA:1677,193,1,0
BRDA:1697,194,0,0
BRDA:1697,194,1,0
BRDA:1710,195,0,0
BRDA:1710,195,1,0
BRDA:1710,196,0,0
BRDA:1710,196,1,0
BRDA:1747,197,0,0
BRDA:1747,197,1,0
BRDA:1761,198,0,0
BRDA:1761,198,1,0
BRDA:1777,199,0,0
BRDA:1777,199,1,0
BRDA:1778,200,0,0
BRDA:1778,200,1,0
BRDA:1779,201,0,0
BRDA:1779,201,1,0
BRDA:1787,202,0,0
BRDA:1787,202,1,0
BRF:418
BRH:0
end_of_record
